100-520/output_0.cnf: c total solving time: 1.1505286693572998 c number of splits: 449 s UNSATISFIABLE
100-520/output_1.cnf: c total solving time: 1.665471076965332 c number of splits: 691 s UNSATISFIABLE
100-520/output_10.cnf: c total solving time: 0.47377681732177734 c number of splits: 185 s UNSATISFIABLE
100-520/output_11.cnf: c total solving time: 0.5507392883300781 c number of splits: 217 s UNSATISFIABLE
100-520/output_12.cnf: c total solving time: 1.0570738315582275 c number of splits: 429 s UNSATISFIABLE
100-520/output_13.cnf: c total solving time: 0.5596239566802979 c number of splits: 217 s UNSATISFIABLE
100-520/output_14.cnf: c total solving time: 2.172297239303589 c number of splits: 903 s UNSATISFIABLE
100-520/output_15.cnf: c total solving time: 2.2046761512756348 c number of splits: 967 s UNSATISFIABLE
100-520/output_16.cnf: c total solving time: 1.9813852310180664 c number of splits: 827 s UNSATISFIABLE
100-520/output_17.cnf: c total solving time: 1.7379372119903564 c number of splits: 761 s UNSATISFIABLE
100-520/output_18.cnf: c total solving time: 0.9123146533966064 c number of splits: 375 s UNSATISFIABLE
100-520/output_19.cnf: c total solving time: 1.5319831371307373 c number of splits: 649 s UNSATISFIABLE
100-520/output_2.cnf: c total solving time: 0.518834114074707 c number of splits: 213 s UNSATISFIABLE
100-520/output_20.cnf: c total solving time: 1.205110788345337 c number of splits: 497 s UNSATISFIABLE
100-520/output_21.cnf: c total solving time: 0.8854715824127197 c number of splits: 357 s UNSATISFIABLE
100-520/output_22.cnf: c total solving time: 0.8979542255401611 c number of splits: 351 s UNSATISFIABLE
100-520/output_23.cnf: c total solving time: 1.0018436908721924 c number of splits: 423 s UNSATISFIABLE
100-520/output_24.cnf: c total solving time: 1.067110538482666 c number of splits: 469 s UNSATISFIABLE
100-520/output_25.cnf: c total solving time: 1.104717493057251 c number of splits: 461 s UNSATISFIABLE
100-520/output_26.cnf: c total solving time: 0.8045108318328857 c number of splits: 329 s UNSATISFIABLE
100-520/output_27.cnf: c total solving time: 1.3241949081420898 c number of splits: 553 s UNSATISFIABLE
100-520/output_28.cnf: c total solving time: 1.4082820415496826 c number of splits: 587 s UNSATISFIABLE
100-520/output_29.cnf: c total solving time: 1.0212502479553223 c number of splits: 415 s UNSATISFIABLE
100-520/output_3.cnf: c total solving time: 0.5754389762878418 c number of splits: 231 s UNSATISFIABLE
100-520/output_30.cnf: c total solving time: 1.5113253593444824 c number of splits: 653 s UNSATISFIABLE
100-520/output_31.cnf: c total solving time: 0.9331622123718262 c number of splits: 411 s UNSATISFIABLE
100-520/output_32.cnf: c total solving time: 0.5100996494293213 c number of splits: 197 s UNSATISFIABLE
100-520/output_33.cnf: c total solving time: 1.1445283889770508 c number of splits: 467 s UNSATISFIABLE
100-520/output_34.cnf: c total solving time: 1.5749626159667969 c number of splits: 641 s UNSATISFIABLE
100-520/output_35.cnf: c total solving time: 0.7204513549804688 c number of splits: 283 s UNSATISFIABLE
100-520/output_36.cnf: c total solving time: 1.6501901149749756 c number of splits: 693 s UNSATISFIABLE
100-520/output_37.cnf: c total solving time: 0.6775481700897217 c number of splits: 279 s UNSATISFIABLE
100-520/output_38.cnf: c total solving time: 1.3648011684417725 c number of splits: 579 s UNSATISFIABLE
100-520/output_39.cnf: c total solving time: 1.2277421951293945 c number of splits: 513 s UNSATISFIABLE
100-520/output_4.cnf: c total solving time: 0.796760082244873 c number of splits: 337 s UNSATISFIABLE
100-520/output_40.cnf: c total solving time: 0.7926321029663086 c number of splits: 327 s UNSATISFIABLE
100-520/output_41.cnf: c total solving time: 0.7229440212249756 c number of splits: 307 s UNSATISFIABLE
100-520/output_42.cnf: c total solving time: 0.6413922309875488 c number of splits: 249 s UNSATISFIABLE
100-520/output_43.cnf: c total solving time: 2.05354642868042 c number of splits: 905 s UNSATISFIABLE
100-520/output_44.cnf: c total solving time: 1.5966992378234863 c number of splits: 691 s UNSATISFIABLE
100-520/output_45.cnf: c total solving time: 1.0922167301177979 c number of splits: 459 s UNSATISFIABLE
100-520/output_46.cnf: c total solving time: 1.0171597003936768 c number of splits: 415 s UNSATISFIABLE
100-520/output_47.cnf: c total solving time: 1.2091965675354004 c number of splits: 553 s UNSATISFIABLE
100-520/output_48.cnf: c total solving time: 1.0559840202331543 c number of splits: 427 s UNSATISFIABLE
100-520/output_49.cnf: c total solving time: 1.0352504253387451 c number of splits: 439 s UNSATISFIABLE
100-520/output_5.cnf: c total solving time: 0.733654260635376 c number of splits: 321 s UNSATISFIABLE
100-520/output_50.cnf: c total solving time: 1.4362030029296875 c number of splits: 601 s UNSATISFIABLE
100-520/output_51.cnf: c total solving time: 0.49733829498291016 c number of splits: 195 s UNSATISFIABLE
100-520/output_52.cnf: c total solving time: 1.0446603298187256 c number of splits: 407 s UNSATISFIABLE
100-520/output_53.cnf: c total solving time: 1.3647308349609375 c number of splits: 575 s UNSATISFIABLE
100-520/output_54.cnf: c total solving time: 1.0602679252624512 c number of splits: 449 s UNSATISFIABLE
100-520/output_55.cnf: c total solving time: 1.2601408958435059 c number of splits: 511 s UNSATISFIABLE
100-520/output_56.cnf: c total solving time: 0.8646535873413086 c number of splits: 375 s UNSATISFIABLE
100-520/output_57.cnf: c total solving time: 1.2839303016662598 c number of splits: 539 s UNSATISFIABLE
100-520/output_58.cnf: c total solving time: 0.9092719554901123 c number of splits: 363 s UNSATISFIABLE
100-520/output_59.cnf: c total solving time: 1.3687443733215332 c number of splits: 577 s UNSATISFIABLE
100-520/output_6.cnf: c total solving time: 1.6496193408966064 c number of splits: 699 s UNSATISFIABLE
100-520/output_60.cnf: c total solving time: 1.0709917545318604 c number of splits: 441 s UNSATISFIABLE
100-520/output_61.cnf: c total solving time: 1.8650035858154297 c number of splits: 851 s UNSATISFIABLE
100-520/output_62.cnf: c total solving time: 1.2267279624938965 c number of splits: 521 s UNSATISFIABLE
100-520/output_63.cnf: c total solving time: 1.4087533950805664 c number of splits: 575 s UNSATISFIABLE
100-520/output_64.cnf: c total solving time: 0.7872006893157959 c number of splits: 343 s UNSATISFIABLE
100-520/output_65.cnf: c total solving time: 1.4852831363677979 c number of splits: 619 s UNSATISFIABLE
100-520/output_66.cnf: c total solving time: 0.6723170280456543 c number of splits: 279 s UNSATISFIABLE
100-520/output_67.cnf: c total solving time: 1.422666311264038 c number of splits: 629 s UNSATISFIABLE
100-520/output_68.cnf: c total solving time: 1.1269137859344482 c number of splits: 479 s UNSATISFIABLE
100-520/output_69.cnf: c total solving time: 1.0787105560302734 c number of splits: 469 s UNSATISFIABLE
100-520/output_7.cnf: c total solving time: 1.5664267539978027 c number of splits: 633 s UNSATISFIABLE
100-520/output_70.cnf: c total solving time: 0.6786384582519531 c number of splits: 289 s UNSATISFIABLE
100-520/output_71.cnf: c total solving time: 0.5817718505859375 c number of splits: 237 s UNSATISFIABLE
100-520/output_72.cnf: c total solving time: 1.2983016967773438 c number of splits: 553 s UNSATISFIABLE
100-520/output_73.cnf: c total solving time: 0.800506591796875 c number of splits: 335 s UNSATISFIABLE
100-520/output_74.cnf: c total solving time: 0.9662704467773438 c number of splits: 393 s UNSATISFIABLE
100-520/output_75.cnf: c total solving time: 1.7057445049285889 c number of splits: 739 s UNSATISFIABLE
100-520/output_76.cnf: c total solving time: 0.7685351371765137 c number of splits: 299 s UNSATISFIABLE
100-520/output_77.cnf: c total solving time: 0.9368212223052979 c number of splits: 415 s UNSATISFIABLE
100-520/output_78.cnf: c total solving time: 0.9468531608581543 c number of splits: 385 s UNSATISFIABLE
100-520/output_79.cnf: c total solving time: 0.7057681083679199 c number of splits: 279 s UNSATISFIABLE
100-520/output_8.cnf: c total solving time: 1.2955732345581055 c number of splits: 563 s UNSATISFIABLE
100-520/output_80.cnf: c total solving time: 1.1718008518218994 c number of splits: 503 s UNSATISFIABLE
100-520/output_81.cnf: c total solving time: 1.6054348945617676 c number of splits: 683 s UNSATISFIABLE
100-520/output_82.cnf: c total solving time: 1.2350232601165771 c number of splits: 491 s UNSATISFIABLE
100-520/output_83.cnf: c total solving time: 2.176818609237671 c number of splits: 919 s UNSATISFIABLE
100-520/output_84.cnf: c total solving time: 1.006744146347046 c number of splits: 421 s UNSATISFIABLE
100-520/output_85.cnf: c total solving time: 2.3832478523254395 c number of splits: 1003 s UNSATISFIABLE
100-520/output_86.cnf: c total solving time: 1.1220872402191162 c number of splits: 463 s UNSATISFIABLE
100-520/output_87.cnf: c total solving time: 1.125044584274292 c number of splits: 481 s UNSATISFIABLE
100-520/output_88.cnf: c total solving time: 0.6850967407226562 c number of splits: 277 s UNSATISFIABLE
100-520/output_89.cnf: c total solving time: 1.6158313751220703 c number of splits: 705 s UNSATISFIABLE
100-520/output_9.cnf: c total solving time: 0.9547207355499268 c number of splits: 393 s UNSATISFIABLE
100-520/output_90.cnf: c total solving time: 0.6490061283111572 c number of splits: 289 s UNSATISFIABLE
100-520/output_91.cnf: c total solving time: 2.1026625633239746 c number of splits: 893 s UNSATISFIABLE
100-520/output_92.cnf: c total solving time: 1.6181275844573975 c number of splits: 683 s UNSATISFIABLE
100-520/output_93.cnf: c total solving time: 1.0609793663024902 c number of splits: 449 s UNSATISFIABLE
100-520/output_94.cnf: c total solving time: 1.464052677154541 c number of splits: 603 s UNSATISFIABLE
100-520/output_95.cnf: c total solving time: 1.9550862312316895 c number of splits: 841 s UNSATISFIABLE
100-520/output_96.cnf: c total solving time: 1.6171023845672607 c number of splits: 675 s UNSATISFIABLE
100-520/output_97.cnf: c total solving time: 0.9776451587677002 c number of splits: 417 s UNSATISFIABLE
100-520/output_98.cnf: c total solving time: 1.0005288124084473 c number of splits: 411 s UNSATISFIABLE
100-520/output_99.cnf: c total solving time: 1.0982081890106201 c number of splits: 447 s UNSATISFIABLE
Total solving time: 117.63536334037780820
Median solving time: 1.09
Total number of splits: 49366
Median number of splits: 454.00
Number of satisfiable: 0
