c total solving time: 0.12164139747619629 c number of splits: 76 s SATISFIABLE v 1 2 -3 -4 -5 6 -7 -8 -9 -10 -11 -12 -13 14 -15 16 17 -18 19 20 21 22 -23 24 -25 26 27 28 -29 30 31 -32 33 34 -35 36 37 -38 39 40 41 -42 -43 44 45 -46 -47 48 49 50 51 -52 53 -54 -55 56 -57 58 59 -60 61 -62 63 -64 -65 -66 67 68 69 -70 71 -72 73 -74 75 76 -77 -78 -79 80 80 80 80 81 82 -83 84 85 86 87 -88 89 -90 -91 92 93 -94 95 -96 97 -98 99 100 0
c total solving time: 1.3705334663391113 c number of splits: 737 s UNSATISFIABLE
c total solving time: 1.4471166133880615 c number of splits: 785 s UNSATISFIABLE
c total solving time: 0.6916236877441406 c number of splits: 370 s SATISFIABLE v 1 -2 3 4 5 6 7 -8 -9 -10 11 12 -13 14 -15 16 17 -18 -19 20 -21 -22 23 24 -25 26 27 28 -29 30 -31 32 33 -34 35 -36 -37 38 39 -40 41 42 43 -44 -45 -46 -47 -48 -49 50 -51 -52 -53 -54 -55 56 57 -58 59 60 -61 -62 -63 -64 65 66 -67 68 -69 -70 -71 -72 73 -74 -75 76 77 -78 79 -80 81 82 -83 84 -85 -86 -87 -88 89 -90 -91 -92 -93 -94 95 96 97 98 99 -100 0
c total solving time: 2.13240909576416 c number of splits: 1157 s UNSATISFIABLE
c total solving time: 0.6835095882415771 c number of splits: 419 s SATISFIABLE v -1 2 3 -4 -5 -6 -7 8 -9 -10 11 -12 -13 14 15 16 17 18 19 20 -21 22 -23 -24 25 25 26 -27 28 -29 30 -31 32 -33 34 35 36 -37 -38 39 40 -41 42 -43 -44 -45 -46 -47 48 -49 50 -51 -52 53 -54 -55 56 -57 58 -59 -60 -61 -62 -63 64 -65 -66 67 -68 69 -70 71 72 73 -74 75 76 77 -78 -79 80 -81 -82 -83 -84 -85 86 -87 88 88 -89 90 -91 -92 93 94 95 95 95 96 97 -98 99 100 0
c total solving time: 0.15436005592346191 c number of splits: 105 s SATISFIABLE v -1 2 3 -4 -5 6 7 -8 9 -10 11 12 13 14 15 -16 17 -18 19 20 21 22 23 -24 -25 26 -27 28 -29 30 30 -31 -32 33 34 -35 -36 -37 38 39 -40 -41 -42 43 -44 45 46 -47 -48 -49 50 -51 -52 -53 -54 -55 56 57 58 59 -60 61 -62 -63 64 -65 66 -67 68 68 68 68 68 68 -69 70 71 -72 73 -74 75 -76 -77 78 -79 80 81 82 83 84 -85 86 -87 88 89 -90 91 92 93 94 -95 -96 97 98 -99 -100 0
c total solving time: 2.312340497970581 c number of splits: 1391 s UNSATISFIABLE
c total solving time: 2.3965651988983154 c number of splits: 1260 s SATISFIABLE v 1 2 -3 -4 5 -6 7 8 -9 10 11 11 12 13 14 -15 -16 -17 18 19 20 -21 22 23 24 25 -26 27 28 28 29 30 -31 32 -33 -34 35 -36 37 -38 39 39 -40 41 41 41 41 41 41 41 41 41 42 43 44 45 46 -47 48 -49 50 -51 52 53 -54 -55 56 57 58 59 -60 -61 -62 63 -64 65 -66 -67 68 -69 70 71 72 73 74 75 -76 77 -78 -79 -80 -81 82 83 -84 85 86 87 -88 -89 -90 -91 92 93 -94 -95 96 96 -97 98 99 -100 0
c total solving time: 1.1300911903381348 c number of splits: 662 s SATISFIABLE v -1 -2 -3 -4 -5 6 7 7 -8 -9 10 11 -12 13 14 -15 -16 -17 -18 19 20 21 -22 23 24 25 -26 -27 28 29 -30 -31 32 33 -34 -35 -36 37 38 -39 40 41 -42 -43 -44 45 -46 -47 -48 -49 50 -51 52 -53 -54 -55 56 -57 -58 59 60 61 -62 -63 -64 -65 66 -67 -68 -69 70 71 72 72 73 -74 75 -76 -77 -78 79 -80 81 82 83 -84 -85 86 -87 88 89 90 -91 92 93 94 -95 96 97 -98 99 100 0
c total solving time: 3.545289993286133 c number of splits: 1957 s UNSATISFIABLE
c total solving time: 0.8487207889556885 c number of splits: 480 s SATISFIABLE v 1 2 -3 4 5 -6 7 -8 9 -10 -11 12 13 14 15 -16 17 18 19 -20 -21 -22 23 24 -25 26 27 28 -29 30 31 32 -33 -34 35 36 -37 -38 39 40 -41 -42 43 -44 45 -46 47 48 49 50 51 -52 53 54 54 54 55 -56 -57 58 -59 60 61 62 -63 -64 -65 -66 -67 68 -69 -70 71 -72 -73 -74 -75 76 77 -78 79 -80 -81 -82 83 84 85 86 -87 88 -89 -90 91 92 93 -94 95 -96 97 -98 -99 100 0
c total solving time: 0.20967316627502441 c number of splits: 138 s SATISFIABLE v 1 -2 3 4 5 -6 -7 -8 -9 -10 11 -12 13 14 15 16 -17 18 -19 -20 -21 22 23 -24 25 -26 27 -28 -29 30 -31 32 33 -34 35 -36 -37 38 -39 40 41 42 -43 -44 -45 -46 -47 48 49 50 -51 52 53 -54 55 56 57 58 -59 60 -61 -62 63 64 -65 66 67 -68 69 -70 71 -72 73 -74 75 -76 77 -78 79 -80 -81 82 -83 84 85 -86 87 88 89 90 91 -92 93 94 -95 -96 -97 -98 -99 -100 0
c total solving time: 1.2544176578521729 c number of splits: 702 s SATISFIABLE v -1 2 3 4 -5 -6 -7 -8 -9 -10 11 12 -13 14 -15 -16 17 18 19 -20 21 22 23 23 24 -25 26 -27 -28 29 -30 -31 -32 33 34 -35 -36 37 -38 39 -40 -41 42 -43 -44 -45 -46 47 -48 49 50 -51 52 -53 54 55 -56 57 -58 59 -60 -61 62 63 64 -65 -66 -67 -68 69 70 71 72 73 -74 -75 -76 77 -78 79 80 80 -81 82 -83 -84 -85 -86 -87 -88 89 -90 -91 -92 93 -94 95 -96 -97 -98 99 100 0
c total solving time: 1.5831997394561768 c number of splits: 932 s SATISFIABLE v 1 2 -3 4 -5 -6 -7 8 9 10 11 12 13 14 -15 -16 -17 -18 19 -20 -21 22 -23 24 25 26 27 28 29 -30 31 -32 -33 -34 -35 -36 37 -38 -39 40 41 42 -43 44 -45 46 -47 48 49 50 51 52 53 -54 55 56 -57 58 59 -60 -61 62 63 -64 -65 66 67 -68 69 -70 71 72 -73 -74 75 76 -77 78 -79 80 81 81 81 81 82 -83 84 84 -85 86 -87 -88 89 90 -91 -92 -93 -94 95 -96 97 -98 -99 -100 0
c total solving time: 2.330949306488037 c number of splits: 1235 s SATISFIABLE v 1 2 -3 -4 -5 -6 7 -8 -9 -10 -11 12 -13 14 -15 16 -17 -18 -19 20 21 22 23 -24 -25 -26 -27 28 -29 -30 31 32 -33 34 -35 -36 37 38 39 -40 41 42 -43 44 -45 46 -47 48 49 50 51 52 -53 -54 55 -56 -57 -58 59 -60 61 -62 63 64 65 66 -67 68 69 70 71 72 73 -74 -75 -76 77 -78 -79 -80 -81 82 83 -84 -85 -86 -87 88 89 90 91 92 -93 -94 -95 96 97 -98 99 100 0
c total solving time: 0.9432148933410645 c number of splits: 528 s SATISFIABLE v 1 2 -3 4 5 -6 7 8 9 10 -11 12 -13 -14 -15 16 17 -18 19 -20 -21 22 -23 -24 -25 26 -27 -28 29 30 31 -32 -33 -34 -35 36 -37 38 -39 -40 -41 42 43 -44 -45 46 47 -48 49 -50 51 52 -53 -54 -55 -56 -57 58 -59 -60 61 62 63 -64 65 66 -67 68 69 70 -71 72 73 74 -75 76 77 -78 -79 -80 81 82 83 84 85 -86 -87 88 89 90 91 -92 -93 94 -95 -96 -97 98 99 100 0
c total solving time: 0.5767502784729004 c number of splits: 319 s SATISFIABLE v 1 -2 3 -4 5 6 7 -8 -9 10 -11 -12 -13 14 -15 16 17 18 -19 20 -21 -22 -23 -24 -25 26 -27 28 29 30 -31 32 -33 -34 -35 -36 37 -38 39 -40 -41 -42 -43 44 45 46 47 48 49 50 -51 52 53 -54 -55 56 57 58 59 -60 -61 62 63 64 -65 66 67 68 69 70 -71 -72 73 -74 -75 76 -77 -78 79 80 -81 82 83 -84 85 86 87 -88 89 -90 -91 92 93 -94 -95 96 -97 -98 -99 100 100 100 100 100 100 100 0
c total solving time: 0.11006498336791992 c number of splits: 69 s SATISFIABLE v -1 2 -3 -4 -5 -6 -7 -8 9 10 -11 -12 13 14 15 16 -17 18 19 20 -21 -22 -23 24 -25 26 -27 -28 29 30 31 32 33 34 35 -36 -37 -38 39 -40 -41 42 -43 44 45 46 46 46 46 47 48 49 50 51 -52 53 -54 -55 -56 57 58 59 60 -61 62 63 64 -65 -66 67 -68 69 70 -71 72 73 74 75 -76 77 78 79 80 80 81 82 83 84 85 -86 -87 -88 89 90 -91 92 -93 -94 95 96 -97 98 -99 -100 0
c total solving time: 0.5965614318847656 c number of splits: 273 s UNSATISFIABLE
c total solving time: 0.7652370929718018 c number of splits: 452 s SATISFIABLE v 1 -2 3 4 -5 6 -7 8 9 10 11 12 13 14 -15 16 17 -18 19 -20 -21 22 -23 -24 -25 -26 27 28 29 30 -31 -32 33 34 -35 36 37 38 39 -40 -41 -42 43 44 45 46 47 48 49 50 51 52 53 -54 55 56 57 -58 59 60 -61 62 -63 64 -65 -66 -67 68 69 69 69 69 69 69 69 70 71 -72 73 74 -75 -76 -77 78 -79 80 -81 82 -83 84 85 -86 87 88 89 90 91 92 -93 94 -95 -96 -97 98 99 100 0
c total solving time: 1.6969325542449951 c number of splits: 1103 s SATISFIABLE v 1 -2 -3 4 5 -6 -7 8 -9 -10 -11 12 13 -14 -15 16 17 18 19 -20 21 -22 23 24 25 -26 -27 28 29 30 31 32 -33 -34 -35 36 -37 -38 39 -40 41 -42 43 -44 -45 46 47 -48 -49 50 51 52 -53 54 55 56 57 -58 -59 -60 61 -62 -63 -64 -65 -66 -67 -68 -69 -70 -71 72 73 74 75 76 -77 -78 -79 80 81 -82 -83 -84 85 -86 -87 -88 -89 -90 91 -92 -93 94 -95 96 97 98 -99 100 0
c total solving time: 0.2126777172088623 c number of splits: 111 s SATISFIABLE v -1 -2 3 4 5 -6 -7 8 -9 10 -11 -12 13 -14 -15 -16 -17 18 -19 20 21 -22 23 24 25 25 25 25 26 -27 -28 -29 30 -31 32 -33 34 -35 36 37 38 38 39 40 41 42 43 44 45 46 47 48 -49 -50 51 51 51 -52 53 54 55 56 -57 -58 -59 -60 -61 62 -63 64 65 -66 67 67 -68 69 70 -71 72 -73 -74 75 -76 -77 78 -79 80 81 -82 83 -84 85 86 87 -88 89 -90 91 -92 -93 -94 -95 -96 -97 98 -99 -100 0
c total solving time: 0.3865988254547119 c number of splits: 171 s SATISFIABLE v -1 2 -3 4 5 6 7 -8 9 10 11 12 13 14 -15 -16 17 -18 19 20 -21 -22 -23 24 -25 -26 -27 28 -29 30 31 32 -33 -34 35 -36 37 -38 39 40 41 -42 43 -44 45 46 47 -48 -49 50 51 -52 -53 54 -55 -56 -57 58 -59 -60 -61 -62 63 -64 -65 66 -67 68 -69 70 -71 72 73 74 75 -76 77 78 79 80 -81 82 83 84 -85 86 87 -88 89 90 -91 92 93 94 -95 96 97 -98 -99 -100 0
c total solving time: 1.9809062480926514 c number of splits: 967 s UNSATISFIABLE
c total solving time: 1.9092204570770264 c number of splits: 977 s UNSATISFIABLE
c total solving time: 0.05126452445983887 c number of splits: 11 s SATISFIABLE v 1 -2 3 4 5 -6 7 8 9 -10 -11 12 -13 14 15 -16 17 18 19 -20 -21 22 23 24 25 26 -27 -28 -29 30 31 -32 33 34 35 -36 -37 -38 -39 -40 -41 -42 43 -44 -45 46 47 -48 -49 50 51 51 51 51 51 52 -53 54 -55 -56 -57 58 -59 -60 61 62 63 -64 -65 66 67 -68 -69 -70 71 72 73 -74 75 76 -77 78 79 -80 -81 -82 83 84 -85 86 -87 -88 -89 90 91 -92 93 -94 95 96 97 98 -99 100 0
c total solving time: 0.19084405899047852 c number of splits: 76 s SATISFIABLE v -1 -2 3 -4 5 -6 7 -8 -9 10 11 11 12 13 -14 15 15 16 17 18 19 20 21 22 -23 24 -25 -26 27 27 27 -28 29 30 -31 32 -33 -34 -35 -36 37 38 39 40 41 42 -43 44 45 -46 47 48 49 -50 51 52 53 -54 -55 -56 -57 58 59 60 -61 62 63 64 -65 -66 67 68 -69 -70 71 -72 73 -74 -75 -76 77 78 79 80 -81 82 -83 -84 85 -86 87 -88 -89 -90 91 -92 -93 94 -95 96 97 -98 99 -100 0
c total solving time: 0.2271738052368164 c number of splits: 101 s SATISFIABLE v -1 -2 -3 4 -5 -6 7 8 -9 10 -11 -12 -13 14 15 16 17 -18 19 20 -21 -22 -23 -24 25 26 27 -28 -29 -30 -31 -32 -33 -34 35 36 -37 -38 39 40 41 42 43 -44 45 -46 47 48 -49 50 -51 -52 -53 -54 -55 56 57 58 59 -60 61 62 -63 -64 65 66 67 68 69 -70 -71 -72 -73 -74 75 -76 77 78 -79 -80 -81 -82 -83 84 85 86 -87 -88 -89 90 -91 92 -93 94 -95 -96 -97 98 -99 100 0
c total solving time: 0.3862600326538086 c number of splits: 172 s SATISFIABLE v 1 2 -3 -4 5 -6 7 8 -9 10 11 -12 13 14 -15 16 17 -18 19 20 21 22 23 -24 -25 -26 27 28 29 -30 31 32 -33 -34 -35 36 -37 38 -39 40 41 42 -43 -44 45 -46 -47 -48 49 49 50 -51 -52 -53 54 55 -56 -57 -58 -59 60 -61 -62 -63 64 -65 66 -67 -68 69 70 71 72 73 -74 -75 76 -77 78 79 79 79 79 79 80 -81 82 -83 -84 -85 -86 87 88 -89 90 90 91 92 93 -94 -95 -96 97 98 99 99 99 -100 0
c total solving time: 4.02773904800415 c number of splits: 2211 s UNSATISFIABLE
c total solving time: 0.330477237701416 c number of splits: 156 s SATISFIABLE v 1 -2 3 -4 -5 -6 7 -8 -9 -10 11 12 13 14 15 16 17 18 19 20 21 22 -23 24 25 -26 -27 -28 -29 -30 -31 -32 33 34 35 36 -37 -38 -39 -40 41 42 -43 -44 45 46 -47 48 -49 50 -51 52 53 54 55 56 57 -58 -59 60 61 62 -63 -64 -65 -66 67 68 69 -70 71 72 -73 74 75 -76 77 -78 79 -80 81 82 83 84 85 86 87 -88 89 -90 -91 92 -93 94 95 -96 97 -98 99 100 0
c total solving time: 2.0548925399780273 c number of splits: 1096 s SATISFIABLE v 1 -2 3 4 -5 -6 -7 8 -9 10 -11 -12 13 14 -15 -16 17 -18 -19 20 -21 22 -23 -24 25 26 27 -28 29 -30 31 -32 33 34 35 -36 -37 -38 -39 -40 -41 42 -43 -44 -45 -46 47 -48 49 50 50 50 -51 52 -53 -54 55 -56 57 58 59 -60 61 -62 63 -64 65 66 67 -68 69 70 71 -72 -73 74 -75 -76 77 -78 79 80 81 -82 83 84 -85 86 -87 88 89 -90 -91 92 -93 94 95 96 97 98 -99 -100 0
c total solving time: 2.1807682514190674 c number of splits: 1129 s UNSATISFIABLE
c total solving time: 0.3599245548248291 c number of splits: 162 s SATISFIABLE v -1 -2 3 4 5 6 -7 8 9 -10 11 12 13 14 15 -16 17 18 19 -20 -21 22 22 23 23 23 -24 25 -26 27 28 29 30 -31 32 -33 34 35 -36 37 38 39 -40 -41 -42 43 44 -45 46 -47 -48 -49 -50 51 -52 53 54 55 56 57 58 59 60 -61 -62 63 -64 -65 66 67 -68 69 70 71 -72 -73 -74 -75 76 -77 -78 79 79 79 80 -81 -82 -83 84 85 86 87 88 -89 90 -91 -92 93 94 -95 -96 -97 -98 99 -100 0
c total solving time: 2.8434174060821533 c number of splits: 1387 s UNSATISFIABLE
c total solving time: 0.5178391933441162 c number of splits: 209 s UNSATISFIABLE
c total solving time: 0.37015414237976074 c number of splits: 218 s SATISFIABLE v -1 2 3 4 -5 -6 7 8 -9 -10 -11 -12 -13 14 15 16 17 -18 -19 20 21 22 -23 -24 -25 26 -27 28 29 30 -31 -32 33 -34 35 -36 -37 -38 39 -40 -41 42 43 44 -45 46 47 48 -49 50 51 -52 -53 -54 55 56 57 58 -59 -60 61 62 -63 -64 -65 66 67 68 -69 70 71 -72 -73 74 -75 -76 -77 78 79 80 81 82 83 84 -85 -86 -87 88 -89 -90 91 -92 93 94 95 -96 97 98 99 100 0
c total solving time: 1.6975641250610352 c number of splits: 830 s SATISFIABLE v 1 -2 3 -4 5 -6 7 8 -9 10 -11 -12 -13 -14 -15 16 17 18 -19 -20 21 -22 -23 -24 -25 26 27 28 -29 30 -31 -32 -33 34 -35 36 -37 -38 -39 -40 41 42 -43 -44 45 46 47 -48 49 -50 51 52 -53 54 55 56 57 -58 -59 60 -61 62 -63 -64 -65 -66 -67 -68 69 70 -71 -72 73 74 -75 76 -77 -78 79 80 81 -82 83 -84 -85 -86 -87 -88 89 -90 -91 92 93 -94 -95 -96 -97 98 98 99 100 0
c total solving time: 1.7678546905517578 c number of splits: 922 s SATISFIABLE v -1 2 3 -4 5 -6 -7 8 9 10 -11 12 13 -14 15 -16 -17 18 -19 20 -21 22 -23 -24 -25 26 27 -28 -29 -30 -31 32 33 -34 35 36 37 38 39 -40 -41 -42 -43 44 -45 -46 -47 -48 -49 -50 51 52 53 54 -55 -56 -57 58 58 59 -60 -61 62 -63 -64 -65 -66 -67 68 -69 70 71 -72 -73 -74 -75 -76 -77 -78 79 -80 -81 -82 83 -84 -85 86 -87 -88 89 -90 -91 92 -93 -94 -95 96 -97 98 99 100 0
c total solving time: 2.232789993286133 c number of splits: 1186 s SATISFIABLE v 1 -2 3 -4 5 6 -7 8 9 -10 -11 -12 -13 -14 15 -16 -17 -18 -19 20 21 -22 23 24 -25 26 27 28 -29 -30 31 32 -33 -34 -35 -36 -37 -38 -39 -40 -41 42 -43 44 45 -46 47 -48 49 -50 51 52 53 54 55 -56 -57 58 -59 -60 -61 62 63 64 -65 -66 67 68 -69 -70 -71 -72 73 -74 -75 -76 77 -78 79 80 81 82 83 84 -85 -86 -87 -88 -89 -90 91 -92 93 94 95 96 97 98 98 99 100 0
c total solving time: 1.1537938117980957 c number of splits: 513 s UNSATISFIABLE
c total solving time: 0.5308899879455566 c number of splits: 260 s SATISFIABLE v 1 2 3 -4 -5 -6 7 -8 -9 -10 11 12 13 -14 15 -16 -17 -18 19 20 -21 22 -23 -24 25 -26 27 -28 -29 -30 31 -32 33 -34 -35 -36 37 -38 39 -40 -41 42 -43 44 45 -46 -47 -48 49 50 51 -52 -53 54 -55 56 -57 58 -59 60 -61 -62 63 64 64 64 -65 66 67 68 -69 70 71 72 -73 -74 -75 -76 -77 -78 79 80 -81 -82 -83 84 -85 -86 87 88 -89 -90 91 92 93 94 -95 -96 97 -98 -99 100 0
c total solving time: 3.5520453453063965 c number of splits: 1863 s UNSATISFIABLE
c total solving time: 2.361604690551758 c number of splits: 1404 s SATISFIABLE v 1 -2 3 -4 -5 6 7 8 -9 10 -11 -12 -13 -14 -15 16 -17 18 -19 20 21 22 22 23 -24 -25 -26 -27 28 -29 30 -31 -32 -33 -34 35 36 37 38 -39 -40 -41 42 -43 44 -45 -46 47 48 48 -49 50 -51 52 -53 -54 -55 -56 57 58 -59 60 61 62 -63 64 65 66 67 -68 69 70 71 -72 73 -74 -75 76 -77 78 78 78 78 78 79 80 81 -82 -83 -84 -85 86 -87 88 -89 90 91 92 92 93 -94 95 96 -97 98 99 100 0
c total solving time: 0.43572354316711426 c number of splits: 188 s SATISFIABLE v -1 2 -3 4 -5 -6 7 8 9 10 11 -12 -13 -14 -15 16 -17 -18 19 20 -21 22 -23 -24 -25 -26 -27 28 -29 30 -31 -32 -33 -34 35 -36 -37 38 39 40 41 -42 43 44 -45 -46 47 48 49 50 51 52 53 -54 55 55 55 56 -57 58 59 60 -61 62 63 64 65 -66 67 -68 69 70 71 72 73 -74 75 -76 -77 78 -79 80 -81 82 83 -84 -85 -86 87 88 89 90 -91 92 -93 -94 -95 -96 97 -98 -99 100 0
c total solving time: 3.3145010471343994 c number of splits: 1827 s UNSATISFIABLE
c total solving time: 0.5574135780334473 c number of splits: 251 s SATISFIABLE v 1 2 -3 -4 -5 -6 7 -8 -9 -10 11 12 13 14 15 -16 -17 -18 -19 20 21 -22 23 24 25 -26 -27 -28 -29 -30 31 -32 -33 -34 -35 36 -37 38 -39 40 41 -42 43 44 45 -46 -47 -48 -49 -50 -51 52 53 -54 55 56 -57 -58 59 60 -61 62 63 -64 -65 -66 67 68 69 -70 71 -72 -73 74 -75 -76 -77 -78 -79 80 -81 -82 -83 -84 -85 -86 87 88 -89 -90 91 92 93 -94 -95 -96 -97 -98 -99 100 0
c total solving time: 0.6270465850830078 c number of splits: 247 s SATISFIABLE v 1 2 -3 4 5 6 7 -8 -9 10 -11 -12 -13 -14 -15 -16 17 18 18 -19 -20 -21 -22 23 -24 25 -26 27 28 29 30 31 32 33 34 35 -36 37 -38 39 -40 41 42 -43 44 45 -46 -47 48 -49 50 51 -52 53 54 -55 -56 57 58 -59 -60 61 62 -63 64 65 66 -67 -68 69 -70 -71 72 73 74 -75 76 77 -78 79 -80 81 -82 83 84 -85 86 87 -88 89 -90 -91 92 93 94 94 -95 96 97 98 -99 100 0
c total solving time: 2.2756614685058594 c number of splits: 1137 s UNSATISFIABLE
c total solving time: 2.6956918239593506 c number of splits: 1469 s UNSATISFIABLE
c total solving time: 0.9906833171844482 c number of splits: 423 s UNSATISFIABLE
c total solving time: 0.3333909511566162 c number of splits: 143 s SATISFIABLE v 1 2 -3 -4 5 -6 7 -8 -9 10 11 12 13 14 -15 16 -17 18 19 20 21 -22 -23 24 -25 -26 -27 28 -29 -30 -31 32 33 -34 35 -36 37 -38 -39 -40 -41 42 43 -44 -45 46 47 -48 -49 50 51 51 51 51 51 51 51 51 52 53 54 55 56 57 58 59 -60 -61 -62 -63 -64 -65 -66 -67 -68 -69 70 71 72 -73 -74 75 76 -77 -78 -79 -80 81 82 83 -84 85 85 85 85 86 87 -88 -89 90 91 92 -93 94 -95 96 -97 98 99 -100 0
c total solving time: 2.6756715774536133 c number of splits: 1425 s UNSATISFIABLE
c total solving time: 2.0323030948638916 c number of splits: 1025 s UNSATISFIABLE
c total solving time: 1.6852946281433105 c number of splits: 845 s UNSATISFIABLE
c total solving time: 1.6389689445495605 c number of splits: 805 s UNSATISFIABLE
c total solving time: 1.8108344078063965 c number of splits: 957 s SATISFIABLE v 1 2 3 -4 5 -6 -7 -8 9 -10 11 12 13 -14 -15 -16 -17 -18 -19 20 -21 22 23 24 -25 26 27 28 -29 30 31 -32 33 34 -35 -36 37 -38 -39 40 -41 -42 43 44 45 46 -47 -48 49 -50 51 52 53 54 -55 56 57 58 59 60 -61 -62 63 -64 -65 -66 67 68 -69 70 71 -72 -73 74 -75 -76 -77 78 -79 80 81 82 83 -84 85 86 87 88 -89 90 -91 -92 -93 94 95 -96 97 98 99 -100 0
c total solving time: 0.38773393630981445 c number of splits: 184 s SATISFIABLE v -1 -2 3 -4 5 -6 -7 -8 -9 -10 11 12 -13 -14 15 -16 -17 -18 19 -20 -21 22 23 24 25 26 26 26 26 26 27 -28 29 30 31 -32 33 34 34 34 34 34 34 -35 -36 37 -38 -39 40 -41 42 -43 44 45 -46 -47 48 49 -50 -51 -52 -53 -54 55 56 57 -58 -59 -60 61 62 63 64 -65 -66 -67 68 69 -70 -71 -72 -73 74 75 76 -77 -78 -79 80 81 -82 83 -84 -85 86 -87 -88 -89 90 91 92 93 94 95 -96 97 97 98 -99 -100 0
c total solving time: 0.29964590072631836 c number of splits: 153 s SATISFIABLE v -1 -2 -3 4 -5 6 -7 8 -9 -10 -11 -12 13 14 -15 -16 -17 -18 19 -20 -21 22 23 24 25 26 27 -28 -29 -30 31 -32 33 34 -35 -36 -37 38 -39 40 -41 -42 43 44 45 46 -47 -48 -49 50 51 -52 53 54 -55 56 57 58 -59 60 -61 62 -63 64 65 66 -67 -68 69 70 -71 72 73 -74 -75 76 -77 -78 79 -80 81 82 83 -84 -85 -86 87 88 89 -90 91 -92 93 -94 -95 -96 97 98 -99 100 0
c total solving time: 3.348026752471924 c number of splits: 1721 s UNSATISFIABLE
c total solving time: 2.510643243789673 c number of splits: 1371 s SATISFIABLE v 1 1 1 -2 3 4 5 -6 -7 -8 9 -10 11 12 -13 14 15 16 -17 -18 19 20 21 22 22 22 -23 -24 25 26 -27 28 29 30 31 32 -33 -34 35 -36 -37 -38 -39 40 -41 -42 43 44 -45 -46 -47 48 49 -50 -51 52 -53 54 -55 -56 57 58 59 60 61 -62 -63 64 -65 -66 -67 68 69 -70 -71 72 73 -74 75 -76 -77 -78 -79 -80 81 82 83 84 -85 86 87 -88 89 90 91 -92 -93 94 -95 -96 -97 98 99 -100 0
c total solving time: 3.1413309574127197 c number of splits: 1673 s UNSATISFIABLE
c total solving time: 1.188244342803955 c number of splits: 589 s UNSATISFIABLE
c total solving time: 1.3558077812194824 c number of splits: 697 s UNSATISFIABLE
c total solving time: 2.2689621448516846 c number of splits: 1175 s UNSATISFIABLE
c total solving time: 0.9476275444030762 c number of splits: 543 s SATISFIABLE v 1 2 3 4 5 6 7 -8 9 -10 -11 12 13 14 15 -16 -17 18 -19 20 -21 -22 23 24 25 -26 27 28 -29 -30 31 32 -33 -34 35 36 -37 -38 39 40 -41 42 -43 -44 -45 -46 47 48 49 -50 -51 52 -53 54 55 -56 57 -58 59 -60 61 62 -63 64 -65 -66 -67 -68 -69 -70 71 -72 73 74 -75 76 -77 -78 -79 -80 81 82 -83 -84 85 86 87 88 -89 90 91 -92 93 94 95 -96 -97 98 -99 100 0
c total solving time: 1.289076328277588 c number of splits: 729 s SATISFIABLE v -1 -2 3 -4 -5 -6 -7 -8 9 10 11 12 -13 14 15 16 17 18 19 -20 21 22 23 -24 25 26 27 28 29 30 -31 32 33 34 35 36 37 38 39 40 41 -42 -43 44 -45 -46 47 -48 49 50 -51 -52 53 54 -55 56 -57 58 -59 60 60 60 60 60 60 -61 -62 63 64 -65 66 -67 -68 -69 70 -71 72 -73 74 -75 76 77 -78 79 -80 81 82 -83 84 84 84 -85 -86 -87 88 -89 -90 -91 92 93 94 -95 -96 97 98 -99 -100 0
c total solving time: 0.5953948497772217 c number of splits: 295 s UNSATISFIABLE
c total solving time: 1.1552886962890625 c number of splits: 573 s UNSATISFIABLE
c total solving time: 2.450479030609131 c number of splits: 1345 s SATISFIABLE v -1 -2 -3 -4 -5 -6 7 -8 -9 10 -11 -12 13 -14 15 16 17 -18 19 20 21 22 -23 24 -25 26 27 28 29 -30 -31 32 -33 -34 -35 -36 37 -38 39 40 41 42 -43 -44 -45 46 -47 48 49 50 51 52 -53 54 -55 56 -57 58 -59 60 -61 -62 63 -64 -65 66 67 68 69 70 -71 -72 -73 74 -75 76 77 78 -79 80 -81 82 -83 84 -85 -86 -87 -88 -89 90 91 92 93 94 94 95 96 97 98 99 100 0
c total solving time: 0.436845064163208 c number of splits: 295 s SATISFIABLE v 1 2 -3 -4 5 6 7 -8 -9 -10 11 12 -13 14 15 -16 -17 18 19 20 21 -22 -23 24 25 26 -27 28 -29 30 -31 32 -33 34 -35 36 37 -38 -39 40 -41 -42 43 44 -45 46 47 -48 49 50 51 -52 -53 54 55 -56 57 -58 59 -60 61 -62 63 -64 65 -66 -67 68 -69 70 71 72 73 -74 75 75 75 75 76 77 -78 79 -80 81 -82 -83 84 -85 -86 -87 88 89 -90 91 92 -93 -94 95 -96 -97 98 99 100 0
c total solving time: 0.5987677574157715 c number of splits: 397 s SATISFIABLE v -1 -2 3 -4 5 6 -7 8 -9 -10 -11 12 13 14 -15 16 17 18 -19 -20 -21 -22 -23 -24 25 26 27 28 -29 30 -31 32 33 33 33 33 -34 35 36 -37 -38 -39 40 41 -42 43 44 -45 -46 -47 -48 49 50 51 52 52 52 52 52 52 53 -54 55 56 57 58 59 60 -61 -62 63 -64 65 66 -67 -68 69 -70 71 -72 73 74 75 76 -77 -78 79 80 -81 82 83 -84 -85 -86 87 88 -89 90 -91 92 93 -94 -95 -96 97 98 -99 -100 0
c total solving time: 1.6780688762664795 c number of splits: 928 s SATISFIABLE v -1 2 3 4 5 6 7 -8 -9 -10 11 -12 -13 14 -15 16 17 -18 19 -20 21 -22 -23 24 -25 26 -27 -28 -29 -30 31 31 -32 -33 34 35 36 -37 38 39 -40 41 -42 43 44 45 46 47 48 49 -50 51 -52 -53 54 55 -56 57 58 59 -60 61 62 63 -64 65 66 67 -68 -69 -70 71 72 -73 74 -75 -76 -77 -78 79 80 81 82 83 84 85 86 87 -88 -89 -90 91 92 -93 94 95 -96 97 98 -99 100 0
c total solving time: 0.49640989303588867 c number of splits: 245 s SATISFIABLE v -1 2 3 4 5 5 5 5 -6 7 -8 9 10 11 -12 13 -14 -15 16 17 18 -19 -20 21 -22 -23 24 -25 -26 27 28 29 -30 -31 -32 -33 -34 35 36 -37 -38 39 40 41 42 43 44 45 46 -47 48 -49 50 51 52 53 54 -55 56 -57 -58 59 -60 61 62 -63 64 -65 -66 67 68 69 -70 -71 72 73 74 75 -76 77 -78 -79 80 81 82 -83 84 85 86 87 88 89 -90 91 -92 -93 94 95 96 97 -98 99 100 0
c total solving time: 2.762788772583008 c number of splits: 1563 s UNSATISFIABLE
c total solving time: 0.16017365455627441 c number of splits: 93 s SATISFIABLE v 1 -2 -3 -4 5 6 7 -8 9 10 -11 12 13 14 -15 -16 -17 -18 -19 -20 21 -22 -23 -24 25 26 27 -28 -29 30 -31 -32 -33 -34 35 36 37 -38 39 40 41 42 -43 -44 45 -46 -47 -48 49 -50 51 52 -53 54 -55 56 -57 58 -59 -60 61 62 -63 -64 -65 66 -67 68 69 -70 71 72 73 74 -75 -76 77 -78 -79 80 81 -82 -83 -84 -85 86 -87 -88 -89 -90 91 92 92 92 92 92 92 93 94 95 -96 -97 -98 99 99 -100 0
c total solving time: 3.233846664428711 c number of splits: 1867 s SATISFIABLE v -1 2 -3 -4 5 -6 -7 -8 9 10 11 -12 -13 -14 -15 16 -17 -18 -19 -20 21 22 -23 -24 -25 26 27 28 -29 30 31 32 33 34 35 36 37 38 39 40 41 42 -43 44 -45 -46 -47 -48 49 50 -51 -52 -53 54 55 56 57 -58 -59 60 -61 -62 -63 -64 -65 -66 67 -68 -69 -70 71 72 73 74 -75 76 -77 -78 -79 80 81 -82 83 -84 -85 86 87 88 89 90 91 92 -93 -94 95 -96 -97 98 99 -100 0
c total solving time: 4.328962087631226 c number of splits: 2417 s UNSATISFIABLE
c total solving time: 0.4207150936126709 c number of splits: 252 s SATISFIABLE v -1 2 3 -4 -5 -6 7 -8 9 -10 -11 12 -13 14 15 16 17 -18 19 19 19 19 -20 -21 22 23 -24 25 26 27 28 29 30 31 -32 -33 -34 35 -36 -37 38 -39 40 -41 42 -43 44 45 -46 -47 -48 49 50 51 -52 53 -54 -55 56 -57 -58 -59 -60 61 62 63 64 65 66 67 68 69 -70 -71 -72 73 -74 -75 -76 77 78 -79 -80 -81 -82 83 84 -85 -86 -87 88 -89 -90 91 -92 -93 -94 95 96 -97 -98 99 100 0
c total solving time: 0.10708737373352051 c number of splits: 54 s SATISFIABLE v 1 2 3 4 -5 6 -7 8 9 -10 11 -12 13 -14 15 16 -17 18 -19 20 21 -22 -23 24 25 -26 27 28 -29 30 31 -32 -33 34 -35 36 -37 -38 -39 -40 -41 42 42 42 43 -44 -45 46 47 -48 -49 50 -51 52 53 54 55 -56 -57 -58 59 -60 61 62 -63 -64 65 -66 67 68 -69 70 70 71 72 -73 -74 -75 -76 77 -78 79 80 81 82 83 84 85 85 86 87 -88 89 90 91 91 91 91 91 -92 -93 -94 -95 -96 -97 -98 -99 100 0
c total solving time: 0.35270071029663086 c number of splits: 213 s SATISFIABLE v -1 -2 -3 4 5 -6 -7 8 -9 -10 11 12 -13 14 15 16 17 18 19 19 -20 21 -22 23 24 25 -26 27 -28 29 30 31 -32 33 -34 35 -36 -37 38 -39 -40 -41 42 43 44 45 46 47 -48 -49 50 -51 -52 53 54 55 55 56 -57 -58 59 60 -61 -62 -63 64 -65 66 67 -68 69 -70 -71 -72 73 -74 -75 76 77 -78 79 80 -81 82 83 84 -85 -86 87 88 89 -90 91 -92 93 93 93 93 -94 95 96 97 98 99 100 0
c total solving time: 0.8609936237335205 c number of splits: 427 s UNSATISFIABLE
c total solving time: 0.969327449798584 c number of splits: 565 s SATISFIABLE v 1 2 -3 -4 5 -6 7 -8 9 -10 -11 -12 -13 -14 -15 16 17 -18 19 -20 -21 -22 23 24 25 26 -27 -28 -29 30 31 -32 -33 -34 -35 36 -37 38 39 -40 -41 42 43 44 -45 46 47 -48 49 50 51 52 53 -54 55 -56 -57 58 -59 60 -61 -62 63 -64 -65 66 67 -68 -69 -70 -71 72 -73 -74 75 76 77 78 79 -80 81 82 -83 84 84 84 85 86 -87 88 -89 -90 91 92 93 94 -95 96 97 98 99 99 99 99 99 99 -100 0
c total solving time: 0.19657516479492188 c number of splits: 112 s SATISFIABLE v 1 -2 3 -4 5 -6 -7 -8 -9 -10 11 -12 13 14 -15 16 -17 18 19 20 21 -22 23 -24 25 26 27 -28 -29 30 31 32 -33 -34 35 36 37 -38 39 -40 -41 -42 43 44 45 -46 -47 48 49 50 -51 52 -53 54 54 54 54 54 55 -56 -57 -58 59 60 -61 62 63 64 -65 66 -67 68 -69 70 -71 72 -73 -74 -75 -76 77 -78 -79 80 -81 -82 83 -84 85 -86 -87 -88 89 90 -91 -92 93 94 -95 96 -97 98 99 100 0
c total solving time: 2.765467405319214 c number of splits: 1465 s UNSATISFIABLE
c total solving time: 0.4884920120239258 c number of splits: 263 s SATISFIABLE v 1 2 3 -4 5 -6 7 8 9 10 11 12 13 -14 -15 -16 -17 18 19 20 -21 22 23 -24 -25 26 27 -28 29 -30 31 32 33 34 -35 36 -37 38 -39 40 -41 -42 43 -44 45 -46 47 48 49 50 51 52 -53 54 55 -56 57 58 59 -60 -61 -62 -63 64 -65 66 67 68 -69 70 71 -72 73 74 -75 76 77 -78 -79 80 -81 -82 83 -84 85 -86 87 88 -89 -90 -91 -92 93 -94 -95 96 96 96 96 97 -98 99 -100 0
c total solving time: 3.226905584335327 c number of splits: 1769 s UNSATISFIABLE
c total solving time: 1.3596484661102295 c number of splits: 805 s SATISFIABLE v -1 2 -3 4 -5 -6 7 8 -9 10 11 12 13 -14 15 16 17 -18 -19 20 21 22 23 23 23 24 25 -26 27 -28 -29 -30 31 32 -33 -34 35 36 37 -38 39 40 41 42 -43 44 45 -46 47 48 -49 -50 51 -52 53 54 55 56 57 58 59 -60 61 -62 -63 -64 65 -66 67 68 -69 70 -71 72 -73 74 -75 -76 -77 78 79 80 81 82 -83 84 -85 86 -87 -88 89 90 91 -92 93 -94 95 -96 -97 98 99 100 0
c total solving time: 2.4507994651794434 c number of splits: 1329 s UNSATISFIABLE
c total solving time: 0.1645059585571289 c number of splits: 95 s SATISFIABLE v 1 2 3 4 -5 6 -7 -8 -9 10 -11 -12 -13 14 -15 -16 17 -18 -19 20 -21 22 23 24 25 26 -27 -28 -29 30 31 32 33 -34 35 36 37 38 -39 40 -41 -42 -43 44 -45 -46 47 -48 -49 -50 -51 -52 53 -54 -55 -56 -57 -58 -59 -60 -61 62 63 64 -65 66 -67 68 -69 70 71 72 -73 -74 75 76 76 -77 -78 79 80 -81 -82 83 -84 -85 -86 -87 -88 89 -90 91 -92 93 -94 95 96 96 97 98 -99 100 0
c total solving time: 2.5880539417266846 c number of splits: 1431 s UNSATISFIABLE
c total solving time: 1.4803361892700195 c number of splits: 836 s SATISFIABLE v -1 2 2 2 2 3 4 5 6 7 8 9 10 -11 12 13 14 -15 -16 -17 -18 19 -20 21 22 -23 24 25 26 -27 -28 -29 -30 31 -32 33 -34 35 36 37 -38 -39 -40 -41 -42 -43 44 -45 46 -47 -48 49 50 51 52 -53 54 55 55 -56 -57 58 -59 60 -61 -62 63 -64 -65 -66 67 68 69 -70 71 -72 -73 74 -75 76 -77 -78 79 -80 81 -82 -83 -84 -85 -86 87 88 89 89 90 91 92 93 -94 95 -96 97 98 99 100 0
c total solving time: 2.082437515258789 c number of splits: 1143 s UNSATISFIABLE
c total solving time: 0.15298223495483398 c number of splits: 76 s SATISFIABLE v 1 2 3 -4 -5 -6 -7 -8 9 -10 -11 12 -13 14 15 16 16 17 18 -19 -20 21 -22 23 24 -25 26 27 -28 -29 -30 31 32 33 -34 35 -36 37 38 38 38 38 38 38 -39 40 -41 -42 -43 44 45 -46 -47 48 49 -50 -51 -52 -53 54 -55 -56 -57 -58 59 60 -61 -62 -63 64 65 66 67 -68 69 -70 71 -72 -73 -74 75 76 77 -78 79 80 -81 -82 83 84 85 86 -87 -88 89 90 91 -92 93 -94 -95 -96 97 98 -99 -100 0
c total solving time: 2.438001871109009 c number of splits: 1293 s UNSATISFIABLE
c total solving time: 0.23333334922790527 c number of splits: 137 s SATISFIABLE v 1 -2 -3 4 -5 6 -7 8 -9 -10 11 12 12 12 12 13 -14 15 16 17 -18 -19 20 21 22 23 24 25 -26 -27 28 29 -30 -31 32 -33 -34 -35 -36 37 38 39 40 41 -42 43 -44 45 46 47 48 -49 -50 51 -52 53 -54 -55 56 -57 -58 59 60 61 62 63 -64 -65 -66 67 -68 69 70 -71 -72 73 -74 75 -76 77 78 79 -80 -81 82 83 -84 85 -86 -87 88 -89 -90 -91 92 93 94 -95 96 97 97 98 99 100 0
c total solving time: 2.454091787338257 c number of splits: 1425 s UNSATISFIABLE
c total solving time: 0.08300614356994629 c number of splits: 51 s SATISFIABLE v -1 -2 -3 4 5 -6 7 -8 9 10 -11 12 13 -14 -15 -16 17 -18 -19 20 21 -22 -23 24 -25 -26 -27 -28 29 -30 -31 32 -33 34 35 36 37 -38 39 40 -41 -42 -43 44 45 46 -47 -48 -49 -50 51 52 -53 54 -55 56 -57 58 -59 60 61 -62 63 -64 -65 66 67 68 -69 70 -71 -72 -73 -74 75 -76 77 -78 79 -80 81 82 -83 84 -85 86 -87 -88 89 -90 -91 -92 93 94 95 -96 97 98 99 -100 0
c total solving time: 2.7741358280181885 c number of splits: 1457 s UNSATISFIABLE
Total solving time: 141.58480978012085100
Median solving time: 1.22
Total number of splits: 76075
Median number of splits: 679.50
Number of satisfiable: 60
