c total solving time: 0.619880199432373 c number of splits: 301 s SATISFIABLE v 1 -2 -3 -4 -5 6 7 -8 9 -10 -11 -12 13 14 -15 -16 17 -18 19 20 21 22 -23 24 -25 26 26 26 27 28 29 30 31 -32 33 34 -35 36 37 -38 39 -40 41 42 -43 44 44 44 45 46 -47 -48 49 50 51 -52 53 -54 55 56 -57 58 59 60 61 -62 63 -64 65 -66 67 68 -69 70 71 -72 -73 74 -75 76 77 -78 79 80 81 -82 -83 84 85 -86 87 -88 89 90 -91 -92 93 -94 -95 -96 97 -98 99 -100 0
c total solving time: 1.172576665878296 c number of splits: 583 s SATISFIABLE v -1 2 -3 -4 5 6 7 -8 9 10 11 -12 13 14 -15 -16 17 -18 -19 -20 21 21 21 21 21 21 22 23 -24 25 -26 -27 -28 -29 -30 -31 -32 33 34 35 36 37 38 39 40 41 -42 -43 44 45 45 46 47 -48 -49 -50 -51 -52 53 -54 55 56 57 58 59 60 -61 62 63 -64 -65 -66 67 -68 -69 70 -71 -72 73 74 -75 -76 77 78 79 80 -81 -82 -83 -84 -85 -86 87 88 -89 90 91 92 93 94 -95 96 -97 98 99 -100 0
c total solving time: 1.8628079891204834 c number of splits: 945 s UNSATISFIABLE
c total solving time: 0.12560606002807617 c number of splits: 102 s SATISFIABLE v -1 -2 3 -4 -5 -6 7 -8 -9 10 11 12 13 -14 15 16 17 -18 -19 20 21 -22 23 24 25 -26 27 28 29 -30 -31 -32 -33 -34 35 -36 37 -38 39 -40 41 -42 -43 44 45 46 -47 48 49 50 -51 -52 53 54 -55 56 57 -58 59 60 60 60 61 62 -63 -64 65 -66 -67 68 69 -70 -71 -72 -73 -74 -75 -76 77 -78 -79 80 81 -82 -83 84 85 86 -87 88 89 90 91 -92 -93 -94 95 -96 -97 98 99 100 0
c total solving time: 1.290513038635254 c number of splits: 615 s UNSATISFIABLE
c total solving time: 0.6033129692077637 c number of splits: 279 s UNSATISFIABLE
c total solving time: 2.095752239227295 c number of splits: 1077 s UNSATISFIABLE
c total solving time: 3.316164016723633 c number of splits: 1647 s UNSATISFIABLE
c total solving time: 1.3839285373687744 c number of splits: 709 s UNSATISFIABLE
c total solving time: 1.8697569370269775 c number of splits: 921 s UNSATISFIABLE
c total solving time: 0.12517356872558594 c number of splits: 65 s SATISFIABLE v -1 2 3 4 -5 6 7 -8 -9 -10 -11 12 13 14 15 -16 17 18 19 -20 -21 22 23 -24 -25 26 27 28 -29 30 31 32 -33 34 35 -36 -37 38 39 40 -41 42 43 44 45 -46 47 -48 -49 50 -51 52 53 54 55 -56 57 -58 -59 60 61 62 -63 -64 65 -66 -67 68 -69 70 71 72 73 -74 -75 -76 77 -78 79 -80 -81 82 83 84 85 86 -87 88 89 -90 91 92 93 -94 95 -96 -97 98 98 98 98 99 100 0
c total solving time: 1.7469978332519531 c number of splits: 946 s SATISFIABLE v -1 2 3 4 -5 -6 -7 -8 -9 -10 11 12 -13 14 -15 -16 17 18 19 -20 21 22 23 23 -24 -25 26 -27 -28 29 30 -31 -32 33 34 -35 -36 37 -38 -39 -40 -41 42 -43 -44 -45 -46 47 -48 49 50 -51 52 -53 -54 55 -56 57 -58 59 -60 -61 62 63 64 -65 -66 -67 -68 69 70 71 72 73 -74 -75 -76 77 -78 79 80 80 -81 82 -83 -84 -85 -86 -87 -88 89 -90 -91 -92 93 -94 95 -96 -97 -98 99 100 0
c total solving time: 2.628993034362793 c number of splits: 1307 s UNSATISFIABLE
c total solving time: 2.2212114334106445 c number of splits: 1241 s SATISFIABLE v 1 2 -3 4 -5 6 6 7 -8 -9 10 11 12 13 14 15 -16 17 -18 19 20 21 -22 -23 -24 -25 -26 -27 28 -29 30 -31 -32 -33 -34 35 -36 -37 -38 39 40 41 -42 -43 44 45 -46 -47 48 -49 50 51 52 53 -54 55 56 -57 58 59 -60 -61 -62 63 -64 65 66 67 -68 69 70 71 72 73 74 -75 76 77 -78 79 80 -81 82 83 84 85 86 -87 88 89 90 -91 -92 -93 -94 95 96 97 -98 -99 -100 0
c total solving time: 2.3453447818756104 c number of splits: 1141 s UNSATISFIABLE
c total solving time: 0.5093185901641846 c number of splits: 245 s UNSATISFIABLE
c total solving time: 0.29052257537841797 c number of splits: 160 s SATISFIABLE v 1 -2 -3 4 5 6 7 -8 9 10 -11 12 -13 14 -15 16 17 18 19 -20 -21 -22 -23 -24 25 -26 27 28 -29 30 -31 32 -33 -34 -35 36 -37 38 -39 -40 41 42 -43 44 45 46 -47 -48 -49 50 -51 -52 -53 -54 55 -56 57 58 59 -60 -61 62 63 64 65 66 67 -68 -69 70 -71 -72 -73 74 -75 -76 77 -78 -79 -80 81 -82 83 84 85 86 87 -88 89 -90 -91 92 93 -94 -95 96 -97 -98 99 100 0
c total solving time: 0.2727179527282715 c number of splits: 154 s SATISFIABLE v 1 2 -3 -4 -5 -6 7 -8 -9 10 11 12 -13 -14 -15 16 -17 18 -19 20 -21 -22 23 24 25 26 -27 28 29 30 -31 32 33 -34 -35 36 -37 -38 39 -40 -41 -42 -43 -44 45 46 -47 -48 49 50 -51 52 53 -54 55 56 57 58 59 60 61 62 -63 64 -65 66 -67 -68 -69 70 -71 72 73 73 73 74 -75 -76 77 78 -79 -80 -81 -82 83 84 -85 -86 87 88 89 90 -91 92 -93 94 -95 -96 -97 98 99 -100 0
c total solving time: 0.2571451663970947 c number of splits: 116 s SATISFIABLE v -1 -2 3 -4 5 6 -7 8 9 -10 11 12 13 -14 -15 16 17 18 -19 20 21 22 -23 24 -25 -26 -27 28 29 30 31 -32 -33 34 -35 36 37 38 39 40 -41 42 43 44 -45 -46 -47 48 -49 50 51 -52 -53 54 -55 56 57 58 -59 60 -61 62 63 -64 -65 66 -67 68 69 70 71 72 73 -74 75 -76 -77 -78 79 -80 -81 -82 -83 84 85 -86 -87 -88 -89 -90 -91 -92 93 -94 95 -96 97 97 98 99 99 100 0
c total solving time: 0.5826849937438965 c number of splits: 316 s SATISFIABLE v -1 2 3 -4 5 6 7 -8 -9 10 11 -12 13 -14 15 16 17 18 -19 -20 -21 22 -23 24 -25 -26 -27 -28 -29 -30 -31 32 -33 34 35 -36 -37 38 39 -40 41 42 43 -44 -45 46 47 48 49 50 51 -52 53 54 -55 -56 -57 -58 59 60 61 -62 63 64 65 -66 -67 68 69 -70 71 72 73 -74 75 76 76 76 -77 -78 79 80 -81 82 -83 -84 -85 -86 -87 88 -89 90 -91 -92 -93 94 95 96 97 98 -99 -100 0
c total solving time: 3.2188963890075684 c number of splits: 1657 s UNSATISFIABLE
c total solving time: 2.541134834289551 c number of splits: 1265 s UNSATISFIABLE
c total solving time: 1.5043251514434814 c number of splits: 806 s SATISFIABLE v -1 2 -3 4 5 6 7 -8 9 10 11 -12 -13 -14 15 -16 -17 18 18 -19 20 -21 22 -23 24 25 -26 27 28 29 30 31 32 -33 -34 35 36 37 -38 -39 -40 41 -42 43 -44 -45 46 -47 -48 -49 50 51 -52 -53 54 -55 -56 -57 58 59 60 -61 62 63 64 65 66 67 -68 -69 -70 71 72 73 -74 75 -76 77 -78 79 -80 81 -82 -83 -84 85 -86 87 87 87 -88 89 90 -91 -92 -93 94 95 96 -97 -98 99 100 0
c total solving time: 1.6945440769195557 c number of splits: 829 s UNSATISFIABLE
c total solving time: 1.0969741344451904 c number of splits: 559 s SATISFIABLE v -1 2 -3 -4 -5 -6 -7 8 9 10 -11 -12 13 -14 15 16 -17 -18 19 20 21 -22 -23 -24 25 26 -27 28 29 -30 31 -32 -33 -34 -35 -36 -37 38 39 -40 41 -42 43 44 45 -46 -47 48 49 50 51 51 52 53 -54 55 56 -57 58 -59 60 -61 62 63 64 -65 66 -67 68 -69 70 -71 72 -73 -74 75 76 -77 -78 -79 80 81 -82 -83 -84 85 86 -87 88 89 -90 91 92 93 -94 -95 -96 -97 -98 -99 100 0
c total solving time: 0.3689546585083008 c number of splits: 187 s SATISFIABLE v -1 -2 -3 4 -5 -6 7 8 8 9 10 11 12 -13 -14 -15 16 16 -17 -18 -19 -20 21 22 -23 24 -25 -26 27 -28 29 30 31 -32 33 34 35 -36 37 38 39 -40 -41 42 -43 44 45 -46 47 48 49 50 51 52 -53 -54 -55 -56 -57 58 59 -60 61 -62 -63 64 -65 66 67 -68 69 -70 71 -72 -73 74 -75 -76 -77 -78 79 -80 81 82 83 84 -85 -86 87 -88 89 90 -91 -92 -93 94 -95 96 -97 98 -99 100 0
c total solving time: 0.5493519306182861 c number of splits: 247 s UNSATISFIABLE
c total solving time: 1.128758430480957 c number of splits: 632 s SATISFIABLE v 1 -2 3 4 -5 6 -7 8 -9 10 11 12 13 14 15 16 -17 -18 19 20 -21 22 23 24 25 26 27 28 29 -30 -31 -32 -33 -34 35 36 -37 -38 -39 -40 -41 42 -43 -44 45 46 47 48 -49 -50 51 -52 -53 54 -55 -56 -57 58 59 60 -61 -62 -63 -64 -65 66 -67 68 -69 -70 71 72 73 -74 75 76 -77 78 79 -80 -81 -82 83 -84 85 -86 87 88 -89 90 -91 92 -93 -94 -95 96 97 98 99 100 0
c total solving time: 0.12153959274291992 c number of splits: 59 s SATISFIABLE v 1 2 -3 4 5 -6 -7 -8 9 10 -11 12 12 12 -13 14 -15 16 17 -18 -19 20 21 -22 23 -24 25 26 27 27 27 27 27 -28 29 30 31 -32 33 34 35 36 37 38 -39 40 41 42 43 -44 45 46 -47 48 49 50 -51 52 -53 -54 55 56 57 58 59 60 61 62 62 62 -63 64 -65 -66 -67 68 69 -70 71 -72 -73 74 -75 -76 77 78 -79 -80 81 -82 -83 84 -85 -86 87 88 -89 -90 91 92 93 94 95 96 97 98 99 -100 0
c total solving time: 0.1675586700439453 c number of splits: 67 s SATISFIABLE v 1 -2 3 -4 5 -6 7 -8 -9 10 11 12 13 -14 15 16 16 16 16 16 16 -17 -18 19 20 -21 22 -23 24 25 26 -27 -28 29 30 -31 32 33 33 34 -35 -36 37 38 -39 -40 -41 42 -43 44 -45 46 47 -48 49 -50 51 -52 53 -54 -55 56 -57 -58 -59 -60 -61 62 -63 64 65 66 67 68 69 70 71 72 -73 -74 75 76 77 -78 -79 -80 81 -82 83 84 84 85 -86 -87 -88 -89 -90 -91 92 -93 -94 -95 -96 97 98 -99 100 0
c total solving time: 1.1137940883636475 c number of splits: 606 s SATISFIABLE v -1 -2 -3 -4 -5 -6 -7 8 9 -10 11 -12 13 -14 15 -16 -17 18 19 20 -21 22 -23 24 -25 -26 27 -28 29 -30 31 32 33 34 -35 -36 37 -38 39 -40 -41 42 -43 44 45 -46 -47 48 -49 50 -51 52 -53 54 55 -56 -57 58 59 -60 -61 -62 63 -64 -65 66 -67 68 -69 70 71 -72 73 74 75 76 -77 -78 79 80 81 -82 83 -84 -85 86 87 88 -89 90 -91 -92 -93 -94 -95 -96 -97 98 99 100 0
c total solving time: 2.8503057956695557 c number of splits: 1533 s UNSATISFIABLE
c total solving time: 2.7385895252227783 c number of splits: 1409 s UNSATISFIABLE
c total solving time: 0.3829994201660156 c number of splits: 177 s UNSATISFIABLE
c total solving time: 1.5070958137512207 c number of splits: 699 s UNSATISFIABLE
c total solving time: 0.04771900177001953 c number of splits: 24 s SATISFIABLE v -1 2 3 4 -5 -6 7 8 -9 -10 -11 -12 -13 14 15 16 17 -18 -19 20 21 22 -23 -24 -25 26 -27 28 29 30 -31 -32 33 -34 35 -36 -37 -38 39 -40 -41 42 43 44 -45 46 47 48 -49 50 51 -52 -53 -54 55 56 57 58 -59 -60 61 62 -63 -64 -65 66 67 68 -69 70 71 -72 -73 74 -75 -76 -77 78 79 80 81 82 83 84 -85 -86 -87 88 -89 -90 91 -92 93 94 95 -96 97 98 99 100 0
c total solving time: 0.7238788604736328 c number of splits: 355 s SATISFIABLE v 1 2 -3 4 -5 6 7 -8 9 -10 -11 -12 -13 -14 15 16 17 18 -19 -20 -21 -22 23 24 -25 -26 -27 -28 -29 30 -31 -32 33 -34 -35 -36 -37 -38 39 40 -41 42 -43 44 45 -46 -47 48 49 50 -51 52 53 54 55 -56 57 58 -59 60 61 62 63 -64 -65 66 -67 -68 69 70 71 72 73 74 -75 76 -77 78 79 80 -81 -82 83 -84 85 86 87 -88 89 90 -91 -92 -93 -94 95 96 -97 98 99 -100 0
c total solving time: 0.15195202827453613 c number of splits: 95 s SATISFIABLE v 1 -2 3 -4 5 -6 7 -8 -9 -10 -11 12 13 -14 15 -16 -17 18 -19 -20 -21 22 -23 -24 25 -26 -27 -28 -29 -30 31 -32 -33 -34 35 -36 -37 38 38 38 39 40 -41 -42 -43 -44 -45 46 47 -48 -49 -50 -51 -52 -53 54 55 56 -57 58 -59 60 60 61 -62 63 64 65 66 -67 -68 69 69 69 -70 71 -72 73 -74 -75 -76 77 -78 79 -80 -81 82 83 84 85 -86 -87 -88 89 -90 91 92 93 -94 95 96 97 98 99 -100 0
c total solving time: 2.247328758239746 c number of splits: 1109 s UNSATISFIABLE
c total solving time: 1.802276611328125 c number of splits: 903 s UNSATISFIABLE
c total solving time: 3.1109323501586914 c number of splits: 1633 s UNSATISFIABLE
c total solving time: 1.937462329864502 c number of splits: 987 s UNSATISFIABLE
c total solving time: 0.8713715076446533 c number of splits: 429 s UNSATISFIABLE
c total solving time: 0.0568699836730957 c number of splits: 30 s SATISFIABLE v -1 -2 -3 -4 5 6 -7 -8 9 10 11 -12 13 14 -15 -16 17 18 19 20 -21 22 23 24 25 26 27 -28 29 30 31 32 33 -34 -35 -36 -37 -38 39 40 41 42 -43 44 45 -46 -47 -48 49 50 51 -52 53 -54 55 56 -57 -58 -59 -60 61 -62 63 -64 -65 -66 -67 68 69 -70 71 72 73 74 75 -76 -77 -78 -79 -80 -81 -82 83 -84 -85 86 87 88 -89 90 -91 92 93 -94 -95 96 97 98 99 100 0
c total solving time: 1.0761682987213135 c number of splits: 553 s UNSATISFIABLE
c total solving time: 2.7993226051330566 c number of splits: 1431 s UNSATISFIABLE
c total solving time: 2.128960132598877 c number of splits: 1035 s UNSATISFIABLE
c total solving time: 0.9354925155639648 c number of splits: 445 s UNSATISFIABLE
c total solving time: 0.4498472213745117 c number of splits: 250 s SATISFIABLE v 1 1 -2 -3 -4 5 5 5 6 -7 8 -9 -10 11 -12 13 14 -15 16 17 17 18 18 -19 -20 21 -22 -23 24 -25 26 -27 28 -29 -30 31 -32 -33 34 35 36 37 -38 -39 -40 -41 -42 -43 44 -45 -46 47 -48 49 50 51 -52 -53 54 55 -56 -57 -58 -59 -60 61 62 63 -64 -65 -66 67 68 -69 70 -71 72 -73 74 75 76 77 78 -79 -80 81 82 -83 84 -85 86 -87 88 -89 90 91 92 -93 -94 -95 96 97 -98 -99 -100 0
c total solving time: 0.7910857200622559 c number of splits: 409 s SATISFIABLE v 1 2 -3 -4 -5 -6 -7 -8 -9 -10 -11 12 -13 14 15 -16 -17 18 19 -20 -21 -22 -23 24 -25 -26 -27 28 -29 -30 -31 -32 33 -34 -35 36 37 38 39 40 -41 42 43 44 -45 -46 -47 48 49 -50 51 -52 53 54 55 56 57 58 -59 -60 -61 62 -63 64 65 -66 67 68 -69 70 71 72 -73 74 75 76 -77 78 -79 80 -81 -82 83 84 85 86 -87 88 89 -90 -91 -92 -93 94 -95 -96 -97 -98 99 99 99 99 99 -100 0
c total solving time: 0.6169517040252686 c number of splits: 398 s SATISFIABLE v -1 -2 3 4 -5 -6 -7 -8 9 -10 11 12 13 13 -14 15 16 17 18 -19 -20 -21 -22 23 -24 25 -26 -27 -28 -29 -30 31 32 -33 34 -35 36 37 -38 -39 40 41 -42 -43 44 45 -46 -47 48 -49 -50 51 -52 -53 54 55 56 -57 -58 -59 60 -61 -62 -63 64 65 -66 67 68 -69 -70 -71 72 73 74 75 76 -77 78 -79 80 81 82 -83 -84 -85 -86 87 -88 89 -90 91 -92 -93 -94 95 -96 97 -98 -99 100 0
c total solving time: 3.121570587158203 c number of splits: 1699 s UNSATISFIABLE
c total solving time: 1.5894174575805664 c number of splits: 795 s UNSATISFIABLE
c total solving time: 3.0853421688079834 c number of splits: 1519 s UNSATISFIABLE
c total solving time: 2.635399103164673 c number of splits: 1329 s UNSATISFIABLE
c total solving time: 3.0208144187927246 c number of splits: 1689 s UNSATISFIABLE
c total solving time: 0.9928221702575684 c number of splits: 445 s UNSATISFIABLE
c total solving time: 2.0843987464904785 c number of splits: 1039 s UNSATISFIABLE
c total solving time: 2.6790919303894043 c number of splits: 1325 s UNSATISFIABLE
c total solving time: 1.7760374546051025 c number of splits: 845 s UNSATISFIABLE
c total solving time: 1.745901107788086 c number of splits: 835 s UNSATISFIABLE
c total solving time: 0.8466966152191162 c number of splits: 403 s UNSATISFIABLE
c total solving time: 1.0482163429260254 c number of splits: 529 s UNSATISFIABLE
c total solving time: 0.03818774223327637 c number of splits: 24 s SATISFIABLE v -1 -2 3 -4 -5 -6 -7 8 -9 10 11 12 -13 14 -15 -16 -17 18 19 20 21 22 23 -24 -25 26 27 28 -29 30 31 32 33 34 35 36 36 36 36 37 38 -39 40 -41 -42 -43 -44 45 46 -47 48 -49 50 -51 -52 -53 54 55 56 57 58 -59 -60 61 62 -63 64 65 66 67 68 68 68 -69 70 -71 -72 -73 74 -75 76 77 78 79 80 80 81 82 -83 84 85 86 87 -88 -89 -90 91 92 -93 94 -95 -96 97 97 97 -98 99 100 0
c total solving time: 1.7729735374450684 c number of splits: 919 s SATISFIABLE v -1 2 -3 -4 5 6 6 6 -7 8 9 10 -11 12 13 14 -15 16 17 -18 -19 20 21 22 23 24 25 -26 -27 28 -29 30 31 32 33 -34 -35 -36 -37 38 -39 40 41 42 -43 44 45 -46 -47 48 48 48 -49 50 -51 -52 -53 54 55 56 -57 -58 59 60 -61 -62 -63 -64 -65 -66 67 68 -69 -70 -71 72 -73 74 -75 76 77 -78 -79 -80 81 -82 -83 -84 85 -86 -87 -88 89 -90 -91 -92 93 94 95 -96 -97 98 99 100 0
c total solving time: 0.07097148895263672 c number of splits: 34 s SATISFIABLE v 1 2 -3 -4 5 -6 -7 8 -9 -10 11 -12 13 -14 15 16 17 18 19 20 21 22 -23 24 25 -26 27 28 -29 30 -31 32 33 -34 -35 36 37 -38 39 -40 41 -42 -43 44 -45 -46 -47 -48 49 50 51 52 53 -54 -55 -56 57 58 59 60 61 -62 63 -64 -65 66 67 -68 -69 70 -71 72 73 -74 75 76 77 78 -79 80 81 82 83 -84 -85 -86 -87 88 -89 90 -91 92 -93 94 95 -96 -97 98 99 -100 0
c total solving time: 1.7638061046600342 c number of splits: 843 s UNSATISFIABLE
c total solving time: 1.4612376689910889 c number of splits: 705 s UNSATISFIABLE
c total solving time: 0.8253259658813477 c number of splits: 407 s UNSATISFIABLE
c total solving time: 2.4199090003967285 c number of splits: 1367 s UNSATISFIABLE
c total solving time: 1.2616612911224365 c number of splits: 617 s UNSATISFIABLE
c total solving time: 2.390207052230835 c number of splits: 1241 s SATISFIABLE v 1 -2 3 4 5 6 -7 8 9 -10 -11 -12 -13 -14 15 -16 17 18 -19 -20 -21 22 23 -24 25 -26 -27 28 29 -30 31 32 -33 34 35 -36 37 -38 -39 40 41 42 43 -44 45 46 47 -48 -49 -50 51 52 -53 54 55 56 -57 58 -59 -60 61 62 -63 -64 65 66 67 -68 69 -70 -71 -72 -73 74 -75 -76 77 -78 -79 -80 -81 82 83 -84 85 -86 87 -88 89 90 -91 -92 -93 94 95 96 97 -98 -99 -100 0
c total solving time: 2.719583749771118 c number of splits: 1493 s UNSATISFIABLE
c total solving time: 1.6519410610198975 c number of splits: 841 s SATISFIABLE v -1 2 3 4 5 6 -7 8 9 -10 -11 12 13 14 15 16 17 -18 19 -20 21 22 23 -24 25 26 -27 28 -29 -30 31 32 -33 34 35 -36 -37 38 -39 40 41 42 -43 44 45 -46 -47 -48 49 -50 -51 52 -53 54 55 -56 57 -58 59 -60 -61 -62 63 64 -65 66 -67 68 69 -70 -71 -72 73 74 -75 -76 77 78 79 -80 -81 82 -83 -84 85 86 -87 88 -89 90 -91 -92 93 -94 95 -96 97 -98 99 100 0
c total solving time: 3.1137611865997314 c number of splits: 1701 s UNSATISFIABLE
c total solving time: 2.463606119155884 c number of splits: 1239 s UNSATISFIABLE
c total solving time: 3.5367465019226074 c number of splits: 1831 s UNSATISFIABLE
c total solving time: 1.9895591735839844 c number of splits: 967 s UNSATISFIABLE
c total solving time: 3.9417240619659424 c number of splits: 2051 s UNSATISFIABLE
c total solving time: 0.9085044860839844 c number of splits: 493 s SATISFIABLE v 1 -2 -3 -4 5 6 7 -8 -9 10 11 12 13 -14 15 16 17 -18 19 -20 -21 -22 -23 24 25 26 -27 28 -29 -30 31 32 -33 34 35 36 -37 38 39 -40 -41 42 43 44 -45 46 -47 -48 49 -50 -51 52 -53 -54 55 -56 -57 58 59 60 -61 62 63 -64 65 -66 -67 68 -69 -70 71 72 72 72 72 72 72 -73 -74 75 -76 77 78 79 -80 81 82 -83 84 85 -86 87 88 89 -90 -91 92 93 94 -95 -96 -97 -98 99 -100 0
c total solving time: 2.9589779376983643 c number of splits: 1541 s UNSATISFIABLE
c total solving time: 2.3604485988616943 c number of splits: 1215 s UNSATISFIABLE
c total solving time: 2.5931239128112793 c number of splits: 1343 s UNSATISFIABLE
c total solving time: 1.125281810760498 c number of splits: 598 s SATISFIABLE v -1 2 -3 4 5 5 5 6 -7 -8 9 10 11 12 -13 -14 15 -16 17 18 19 20 21 -22 23 -24 25 26 -27 28 -29 30 -31 32 -33 -34 35 36 -37 38 39 40 41 42 43 44 -45 46 -47 48 49 50 -51 -52 -53 54 55 -56 57 -58 59 60 61 62 -63 64 65 66 -67 -68 69 -70 -71 72 -73 74 75 -76 77 78 79 -80 81 82 -83 -84 -85 86 87 88 -89 -90 -91 -92 93 -94 95 96 97 98 99 -100 0
c total solving time: 1.2702744007110596 c number of splits: 603 s UNSATISFIABLE
c total solving time: 1.8967914581298828 c number of splits: 937 s UNSATISFIABLE
c total solving time: 0.06427955627441406 c number of splits: 36 s SATISFIABLE v -1 2 -3 4 5 -6 7 -8 -9 -10 -11 -12 13 14 -15 16 17 18 19 -20 21 22 23 24 25 -26 -27 -28 29 30 -31 32 33 -34 35 35 35 35 35 35 -36 37 38 39 -40 -41 -42 43 44 -45 -46 -47 -48 49 -50 51 -52 53 -54 -55 56 57 58 59 -60 -61 62 63 64 65 -66 -67 -68 69 -70 71 72 -73 74 75 76 77 78 -79 -80 81 -82 83 -84 85 86 87 88 89 -90 -91 -92 93 -94 95 96 -97 -98 -99 100 0
c total solving time: 1.1682350635528564 c number of splits: 581 s UNSATISFIABLE
c total solving time: 1.8136639595031738 c number of splits: 925 s UNSATISFIABLE
c total solving time: 2.218550205230713 c number of splits: 1051 s UNSATISFIABLE
c total solving time: 1.7323167324066162 c number of splits: 859 s UNSATISFIABLE
c total solving time: 1.3006625175476074 c number of splits: 619 s UNSATISFIABLE
c total solving time: 1.7372283935546875 c number of splits: 958 s SATISFIABLE v 1 2 3 4 -5 -6 7 8 9 10 11 12 13 -14 -15 16 17 18 -19 -20 21 -22 23 -24 -25 26 27 -28 -29 30 -31 32 -33 -34 35 36 -37 -38 39 -40 -41 42 -43 44 -45 46 -47 48 -49 50 -51 -52 53 54 -55 56 57 58 -59 60 61 61 61 61 62 63 64 65 66 -67 -68 -69 70 71 -72 73 74 -75 -76 -77 -78 79 -80 -81 82 83 -84 85 -86 87 -88 89 90 -91 -92 93 -94 95 -96 97 98 98 98 98 98 98 -99 -100 0
c total solving time: 0.28493762016296387 c number of splits: 154 s SATISFIABLE v -1 -2 3 4 -5 -6 7 -8 9 -10 -11 -12 -13 -14 -15 -16 17 18 -19 20 -21 -22 -23 24 -25 26 -27 28 -29 30 -31 -32 -33 34 -35 36 37 37 -38 39 -40 -41 42 -43 -44 -45 -46 47 -48 -49 -50 51 -52 -53 54 -55 56 57 58 -59 60 61 62 -63 -64 -65 66 67 -68 -69 -70 71 72 73 73 73 73 74 -75 76 77 -78 -79 80 81 82 -83 84 -85 86 -87 88 -89 -90 -91 92 93 94 -95 96 97 -98 99 -100 0
c total solving time: 1.9064974784851074 c number of splits: 949 s UNSATISFIABLE
c total solving time: 1.8810791969299316 c number of splits: 967 s UNSATISFIABLE
c total solving time: 1.0571246147155762 c number of splits: 567 s SATISFIABLE v 1 2 -3 -4 -5 -6 7 8 8 8 -9 -10 11 -12 13 14 -15 16 17 -18 -19 20 -21 22 -23 24 25 25 25 25 25 25 -26 27 28 29 29 -30 31 32 33 34 -35 36 37 -38 -39 -40 -41 -42 43 -44 45 46 -47 48 -49 50 -51 52 53 -54 -55 -56 57 -58 59 -60 -61 62 -63 -64 -65 66 67 68 69 -70 71 72 73 74 -75 76 77 78 79 80 -81 82 83 -84 -85 -86 87 -88 89 -90 91 92 -93 -94 -95 -96 97 98 -99 100 0
c total solving time: 2.783877372741699 c number of splits: 1365 s UNSATISFIABLE
c total solving time: 0.9023716449737549 c number of splits: 466 s SATISFIABLE v 1 -2 -3 -4 5 -6 -7 8 9 -10 11 12 -13 -14 -15 16 17 -18 -19 -20 21 22 -23 -24 -25 -26 -27 28 -29 30 -31 -32 33 34 -35 -36 37 38 -39 -40 41 -42 -43 -44 45 -46 -47 -48 49 -50 51 -52 53 54 55 56 57 58 -59 -60 61 -62 -63 64 65 -66 67 -68 69 -70 71 -72 -73 74 -75 -76 77 78 79 80 81 -82 83 84 -85 -86 -87 -88 89 -90 91 -92 93 94 -95 -96 -97 98 99 -100 0
c total solving time: 0.4209933280944824 c number of splits: 238 s SATISFIABLE v -1 -2 -3 4 -5 -6 -7 8 9 10 11 -12 -13 -14 -15 16 -17 -18 19 -20 21 -22 -23 24 25 -26 -27 28 -29 -30 -31 32 33 34 -35 36 -37 38 -39 -40 41 42 -43 44 -45 46 -47 -48 49 -50 -51 52 53 -54 -55 56 57 -58 -59 -60 61 -62 -63 -64 -65 -66 -67 -68 -69 -70 71 72 -73 -74 -75 76 -77 78 -79 -80 -81 82 83 -84 85 86 -87 -88 89 90 91 92 93 -94 -95 -96 97 98 -99 -100 0
Total solving time: 154.48498082160949768
Median solving time: 1.54
Total number of splits: 78885
Median number of splits: 752.00
Number of satisfiable: 37
