100-600/output_0.cnf: c total solving time: 0.736029863357544 c number of splits: 247 s UNSATISFIABLE
100-600/output_1.cnf: c total solving time: 0.5174393653869629 c number of splits: 179 s UNSATISFIABLE
100-600/output_10.cnf: c total solving time: 0.6809179782867432 c number of splits: 227 s UNSATISFIABLE
100-600/output_11.cnf: c total solving time: 0.46878576278686523 c number of splits: 157 s UNSATISFIABLE
100-600/output_12.cnf: c total solving time: 1.3096792697906494 c number of splits: 457 s UNSATISFIABLE
100-600/output_13.cnf: c total solving time: 1.293907642364502 c number of splits: 497 s UNSATISFIABLE
100-600/output_14.cnf: c total solving time: 1.0810158252716064 c number of splits: 375 s UNSATISFIABLE
100-600/output_15.cnf: c total solving time: 1.2506721019744873 c number of splits: 391 s UNSATISFIABLE
100-600/output_16.cnf: c total solving time: 0.7269186973571777 c number of splits: 183 s UNSATISFIABLE
100-600/output_17.cnf: c total solving time: 0.5260307788848877 c number of splits: 167 s UNSATISFIABLE
100-600/output_18.cnf: c total solving time: 0.48671817779541016 c number of splits: 155 s UNSATISFIABLE
100-600/output_19.cnf: c total solving time: 0.6516890525817871 c number of splits: 209 s UNSATISFIABLE
100-600/output_2.cnf: c total solving time: 0.5610606670379639 c number of splits: 197 s UNSATISFIABLE
100-600/output_20.cnf: c total solving time: 0.6948866844177246 c number of splits: 233 s UNSATISFIABLE
100-600/output_21.cnf: c total solving time: 0.48693180084228516 c number of splits: 161 s UNSATISFIABLE
100-600/output_22.cnf: c total solving time: 0.7563345432281494 c number of splits: 253 s UNSATISFIABLE
100-600/output_23.cnf: c total solving time: 1.9537162780761719 c number of splits: 685 s UNSATISFIABLE
100-600/output_24.cnf: c total solving time: 0.786787748336792 c number of splits: 277 s UNSATISFIABLE
100-600/output_25.cnf: c total solving time: 0.5057225227355957 c number of splits: 163 s UNSATISFIABLE
100-600/output_26.cnf: c total solving time: 0.665593147277832 c number of splits: 231 s UNSATISFIABLE
100-600/output_27.cnf: c total solving time: 0.9905939102172852 c number of splits: 339 s UNSATISFIABLE
100-600/output_28.cnf: c total solving time: 1.2813754081726074 c number of splits: 479 s UNSATISFIABLE
100-600/output_29.cnf: c total solving time: 1.3544445037841797 c number of splits: 467 s UNSATISFIABLE
100-600/output_3.cnf: c total solving time: 0.9980387687683105 c number of splits: 343 s UNSATISFIABLE
100-600/output_30.cnf: c total solving time: 0.5620532035827637 c number of splits: 193 s UNSATISFIABLE
100-600/output_31.cnf: c total solving time: 0.6388287544250488 c number of splits: 227 s UNSATISFIABLE
100-600/output_32.cnf: c total solving time: 0.6916019916534424 c number of splits: 245 s UNSATISFIABLE
100-600/output_33.cnf: c total solving time: 0.7413065433502197 c number of splits: 253 s UNSATISFIABLE
100-600/output_34.cnf: c total solving time: 0.6012158393859863 c number of splits: 199 s UNSATISFIABLE
100-600/output_35.cnf: c total solving time: 0.7065985202789307 c number of splits: 239 s UNSATISFIABLE
100-600/output_36.cnf: c total solving time: 0.6689891815185547 c number of splits: 223 s UNSATISFIABLE
100-600/output_37.cnf: c total solving time: 0.7090640068054199 c number of splits: 257 s UNSATISFIABLE
100-600/output_38.cnf: c total solving time: 0.7434332370758057 c number of splits: 249 s UNSATISFIABLE
100-600/output_39.cnf: c total solving time: 0.7864871025085449 c number of splits: 257 s UNSATISFIABLE
100-600/output_4.cnf: c total solving time: 0.6220924854278564 c number of splits: 209 s UNSATISFIABLE
100-600/output_40.cnf: c total solving time: 0.7909128665924072 c number of splits: 249 s UNSATISFIABLE
100-600/output_41.cnf: c total solving time: 0.6581375598907471 c number of splits: 237 s UNSATISFIABLE
100-600/output_42.cnf: c total solving time: 0.922741174697876 c number of splits: 319 s UNSATISFIABLE
100-600/output_43.cnf: c total solving time: 0.837852954864502 c number of splits: 283 s UNSATISFIABLE
100-600/output_44.cnf: c total solving time: 0.9247035980224609 c number of splits: 303 s UNSATISFIABLE
100-600/output_45.cnf: c total solving time: 0.6956572532653809 c number of splits: 235 s UNSATISFIABLE
100-600/output_46.cnf: c total solving time: 0.9133689403533936 c number of splits: 309 s UNSATISFIABLE
100-600/output_47.cnf: c total solving time: 0.4119868278503418 c number of splits: 131 s UNSATISFIABLE
100-600/output_48.cnf: c total solving time: 0.5703203678131104 c number of splits: 195 s UNSATISFIABLE
100-600/output_49.cnf: c total solving time: 1.4549791812896729 c number of splits: 511 s UNSATISFIABLE
100-600/output_5.cnf: c total solving time: 0.6961202621459961 c number of splits: 233 s UNSATISFIABLE
100-600/output_50.cnf: c total solving time: 1.0525522232055664 c number of splits: 357 s UNSATISFIABLE
100-600/output_51.cnf: c total solving time: 1.1401965618133545 c number of splits: 381 s UNSATISFIABLE
100-600/output_52.cnf: c total solving time: 0.9405241012573242 c number of splits: 321 s UNSATISFIABLE
100-600/output_53.cnf: c total solving time: 1.016282320022583 c number of splits: 361 s UNSATISFIABLE
100-600/output_54.cnf: c total solving time: 1.2427716255187988 c number of splits: 431 s UNSATISFIABLE
100-600/output_55.cnf: c total solving time: 0.4614531993865967 c number of splits: 151 s UNSATISFIABLE
100-600/output_56.cnf: c total solving time: 0.7062592506408691 c number of splits: 243 s UNSATISFIABLE
100-600/output_57.cnf: c total solving time: 0.629326581954956 c number of splits: 211 s UNSATISFIABLE
100-600/output_58.cnf: c total solving time: 0.8506810665130615 c number of splits: 283 s UNSATISFIABLE
100-600/output_59.cnf: c total solving time: 0.7288119792938232 c number of splits: 251 s UNSATISFIABLE
100-600/output_6.cnf: c total solving time: 0.8049039840698242 c number of splits: 267 s UNSATISFIABLE
100-600/output_60.cnf: c total solving time: 0.41802978515625 c number of splits: 135 s UNSATISFIABLE
100-600/output_61.cnf: c total solving time: 0.4801304340362549 c number of splits: 161 s UNSATISFIABLE
100-600/output_62.cnf: c total solving time: 0.548001766204834 c number of splits: 179 s UNSATISFIABLE
100-600/output_63.cnf: c total solving time: 0.5203158855438232 c number of splits: 177 s UNSATISFIABLE
100-600/output_64.cnf: c total solving time: 0.636009931564331 c number of splits: 223 s UNSATISFIABLE
100-600/output_65.cnf: c total solving time: 0.6735849380493164 c number of splits: 213 s UNSATISFIABLE
100-600/output_66.cnf: c total solving time: 0.5289731025695801 c number of splits: 179 s UNSATISFIABLE
100-600/output_67.cnf: c total solving time: 1.1630139350891113 c number of splits: 405 s UNSATISFIABLE
100-600/output_68.cnf: c total solving time: 0.8150954246520996 c number of splits: 283 s UNSATISFIABLE
100-600/output_69.cnf: c total solving time: 0.6570672988891602 c number of splits: 223 s UNSATISFIABLE
100-600/output_7.cnf: c total solving time: 0.985403299331665 c number of splits: 333 s UNSATISFIABLE
100-600/output_70.cnf: c total solving time: 0.8460252285003662 c number of splits: 309 s UNSATISFIABLE
100-600/output_71.cnf: c total solving time: 0.607550859451294 c number of splits: 199 s UNSATISFIABLE
100-600/output_72.cnf: c total solving time: 0.7480711936950684 c number of splits: 245 s UNSATISFIABLE
100-600/output_73.cnf: c total solving time: 0.7150239944458008 c number of splits: 251 s UNSATISFIABLE
100-600/output_74.cnf: c total solving time: 0.7670605182647705 c number of splits: 271 s UNSATISFIABLE
100-600/output_75.cnf: c total solving time: 0.6406877040863037 c number of splits: 225 s UNSATISFIABLE
100-600/output_76.cnf: c total solving time: 0.6025731563568115 c number of splits: 195 s UNSATISFIABLE
100-600/output_77.cnf: c total solving time: 0.8184552192687988 c number of splits: 277 s UNSATISFIABLE
100-600/output_78.cnf: c total solving time: 0.4549293518066406 c number of splits: 147 s UNSATISFIABLE
100-600/output_79.cnf: c total solving time: 0.7158465385437012 c number of splits: 245 s UNSATISFIABLE
100-600/output_8.cnf: c total solving time: 0.4894108772277832 c number of splits: 169 s UNSATISFIABLE
100-600/output_80.cnf: c total solving time: 0.402813196182251 c number of splits: 129 s UNSATISFIABLE
100-600/output_81.cnf: c total solving time: 0.6509785652160645 c number of splits: 215 s UNSATISFIABLE
100-600/output_82.cnf: c total solving time: 0.908930778503418 c number of splits: 307 s UNSATISFIABLE
100-600/output_83.cnf: c total solving time: 0.6868228912353516 c number of splits: 229 s UNSATISFIABLE
100-600/output_84.cnf: c total solving time: 0.7267608642578125 c number of splits: 245 s UNSATISFIABLE
100-600/output_85.cnf: c total solving time: 1.1309704780578613 c number of splits: 387 s UNSATISFIABLE
100-600/output_86.cnf: c total solving time: 0.7183065414428711 c number of splits: 247 s UNSATISFIABLE
100-600/output_87.cnf: c total solving time: 0.7315549850463867 c number of splits: 243 s UNSATISFIABLE
100-600/output_88.cnf: c total solving time: 0.44780468940734863 c number of splits: 163 s UNSATISFIABLE
100-600/output_89.cnf: c total solving time: 1.0364222526550293 c number of splits: 349 s UNSATISFIABLE
100-600/output_9.cnf: c total solving time: 0.43807053565979004 c number of splits: 141 s UNSATISFIABLE
100-600/output_90.cnf: c total solving time: 0.6274929046630859 c number of splits: 219 s UNSATISFIABLE
100-600/output_91.cnf: c total solving time: 0.5676472187042236 c number of splits: 191 s UNSATISFIABLE
100-600/output_92.cnf: c total solving time: 0.330700159072876 c number of splits: 105 s UNSATISFIABLE
100-600/output_93.cnf: c total solving time: 1.1893022060394287 c number of splits: 405 s UNSATISFIABLE
100-600/output_94.cnf: c total solving time: 0.7586441040039062 c number of splits: 267 s UNSATISFIABLE
100-600/output_95.cnf: c total solving time: 0.8004958629608154 c number of splits: 281 s UNSATISFIABLE
100-600/output_96.cnf: c total solving time: 0.9845435619354248 c number of splits: 349 s UNSATISFIABLE
100-600/output_97.cnf: c total solving time: 0.9079999923706055 c number of splits: 305 s UNSATISFIABLE
100-600/output_98.cnf: c total solving time: 0.5707006454467773 c number of splits: 175 s UNSATISFIABLE
100-600/output_99.cnf: c total solving time: 0.581108570098877 c number of splits: 191 s UNSATISFIABLE
Total solving time: 76.71683669090270992
Median solving time: .71
Total number of splits: 26072
Median number of splits: 243.00
Number of satisfiable: 0
