100-540/output_0.cnf: c total solving time: 0.6964890956878662 c number of splits: 259 s UNSATISFIABLE
100-540/output_1.cnf: c total solving time: 1.512695550918579 c number of splits: 629 s UNSATISFIABLE
100-540/output_10.cnf: c total solving time: 0.6959977149963379 c number of splits: 275 s UNSATISFIABLE
100-540/output_11.cnf: c total solving time: 0.46698570251464844 c number of splits: 179 s UNSATISFIABLE
100-540/output_12.cnf: c total solving time: 1.2610979080200195 c number of splits: 489 s UNSATISFIABLE
100-540/output_13.cnf: c total solving time: 0.6223995685577393 c number of splits: 243 s UNSATISFIABLE
100-540/output_14.cnf: c total solving time: 1.3308954238891602 c number of splits: 563 s UNSATISFIABLE
100-540/output_15.cnf: c total solving time: 1.3756606578826904 c number of splits: 535 s UNSATISFIABLE
100-540/output_16.cnf: c total solving time: 0.9524698257446289 c number of splits: 367 s UNSATISFIABLE
100-540/output_17.cnf: c total solving time: 1.1321747303009033 c number of splits: 461 s UNSATISFIABLE
100-540/output_18.cnf: c total solving time: 1.067598819732666 c number of splits: 411 s UNSATISFIABLE
100-540/output_19.cnf: c total solving time: 0.7856173515319824 c number of splits: 301 s UNSATISFIABLE
100-540/output_2.cnf: c total solving time: 0.5642220973968506 c number of splits: 213 s UNSATISFIABLE
100-540/output_20.cnf: c total solving time: 0.8784942626953125 c number of splits: 337 s UNSATISFIABLE
100-540/output_21.cnf: c total solving time: 1.0553622245788574 c number of splits: 431 s UNSATISFIABLE
100-540/output_22.cnf: c total solving time: 1.2536828517913818 c number of splits: 483 s UNSATISFIABLE
100-540/output_23.cnf: c total solving time: 0.509213924407959 c number of splits: 197 s UNSATISFIABLE
100-540/output_24.cnf: c total solving time: 0.8601186275482178 c number of splits: 353 s UNSATISFIABLE
100-540/output_25.cnf: c total solving time: 0.743135929107666 c number of splits: 299 s UNSATISFIABLE
100-540/output_26.cnf: c total solving time: 1.2538065910339355 c number of splits: 511 s UNSATISFIABLE
100-540/output_27.cnf: c total solving time: 1.2219727039337158 c number of splits: 491 s UNSATISFIABLE
100-540/output_28.cnf: c total solving time: 0.7271344661712646 c number of splits: 283 s UNSATISFIABLE
100-540/output_29.cnf: c total solving time: 1.10378098487854 c number of splits: 443 s UNSATISFIABLE
100-540/output_3.cnf: c total solving time: 0.9210765361785889 c number of splits: 349 s UNSATISFIABLE
100-540/output_30.cnf: c total solving time: 1.6189470291137695 c number of splits: 657 s UNSATISFIABLE
100-540/output_31.cnf: c total solving time: 2.009697198867798 c number of splits: 821 s UNSATISFIABLE
100-540/output_32.cnf: c total solving time: 0.9127905368804932 c number of splits: 369 s UNSATISFIABLE
100-540/output_33.cnf: c total solving time: 1.137819766998291 c number of splits: 433 s UNSATISFIABLE
100-540/output_34.cnf: c total solving time: 0.6274113655090332 c number of splits: 241 s UNSATISFIABLE
100-540/output_35.cnf: c total solving time: 0.9392318725585938 c number of splits: 379 s UNSATISFIABLE
100-540/output_36.cnf: c total solving time: 0.8593096733093262 c number of splits: 329 s UNSATISFIABLE
100-540/output_37.cnf: c total solving time: 1.1615495681762695 c number of splits: 495 s UNSATISFIABLE
100-540/output_38.cnf: c total solving time: 0.8543193340301514 c number of splits: 335 s UNSATISFIABLE
100-540/output_39.cnf: c total solving time: 0.8007123470306396 c number of splits: 307 s UNSATISFIABLE
100-540/output_4.cnf: c total solving time: 0.9601507186889648 c number of splits: 365 s UNSATISFIABLE
100-540/output_40.cnf: c total solving time: 0.8582108020782471 c number of splits: 351 s UNSATISFIABLE
100-540/output_41.cnf: c total solving time: 1.3525619506835938 c number of splits: 561 s UNSATISFIABLE
100-540/output_42.cnf: c total solving time: 1.7011668682098389 c number of splits: 713 s UNSATISFIABLE
100-540/output_43.cnf: c total solving time: 0.8605258464813232 c number of splits: 329 s UNSATISFIABLE
100-540/output_44.cnf: c total solving time: 1.6189687252044678 c number of splits: 627 s UNSATISFIABLE
100-540/output_45.cnf: c total solving time: 1.0402090549468994 c number of splits: 411 s UNSATISFIABLE
100-540/output_46.cnf: c total solving time: 1.2012450695037842 c number of splits: 471 s UNSATISFIABLE
100-540/output_47.cnf: c total solving time: 1.6257092952728271 c number of splits: 659 s UNSATISFIABLE
100-540/output_48.cnf: c total solving time: 1.0892846584320068 c number of splits: 439 s UNSATISFIABLE
100-540/output_49.cnf: c total solving time: 0.6155672073364258 c number of splits: 233 s UNSATISFIABLE
100-540/output_5.cnf: c total solving time: 1.2061634063720703 c number of splits: 479 s UNSATISFIABLE
100-540/output_50.cnf: c total solving time: 1.120743751525879 c number of splits: 429 s UNSATISFIABLE
100-540/output_51.cnf: c total solving time: 1.1246178150177002 c number of splits: 455 s UNSATISFIABLE
100-540/output_52.cnf: c total solving time: 0.989701509475708 c number of splits: 409 s UNSATISFIABLE
100-540/output_53.cnf: c total solving time: 0.8808760643005371 c number of splits: 353 s UNSATISFIABLE
100-540/output_54.cnf: c total solving time: 1.1269185543060303 c number of splits: 467 s UNSATISFIABLE
100-540/output_55.cnf: c total solving time: 1.2108471393585205 c number of splits: 511 s UNSATISFIABLE
100-540/output_56.cnf: c total solving time: 1.0893054008483887 c number of splits: 423 s UNSATISFIABLE
100-540/output_57.cnf: c total solving time: 0.9218919277191162 c number of splits: 343 s UNSATISFIABLE
100-540/output_58.cnf: c total solving time: 0.732799768447876 c number of splits: 269 s UNSATISFIABLE
100-540/output_59.cnf: c total solving time: 1.3846042156219482 c number of splits: 597 s UNSATISFIABLE
100-540/output_6.cnf: c total solving time: 0.8990857601165771 c number of splits: 353 s UNSATISFIABLE
100-540/output_60.cnf: c total solving time: 1.6719164848327637 c number of splits: 689 s UNSATISFIABLE
100-540/output_61.cnf: c total solving time: 0.9310152530670166 c number of splits: 361 s UNSATISFIABLE
100-540/output_62.cnf: c total solving time: 1.4160513877868652 c number of splits: 563 s UNSATISFIABLE
100-540/output_63.cnf: c total solving time: 0.8537092208862305 c number of splits: 337 s UNSATISFIABLE
100-540/output_64.cnf: c total solving time: 1.3578391075134277 c number of splits: 537 s UNSATISFIABLE
100-540/output_65.cnf: c total solving time: 1.1905088424682617 c number of splits: 481 s UNSATISFIABLE
100-540/output_66.cnf: c total solving time: 0.6723012924194336 c number of splits: 257 s UNSATISFIABLE
100-540/output_67.cnf: c total solving time: 1.2200140953063965 c number of splits: 489 s UNSATISFIABLE
100-540/output_68.cnf: c total solving time: 0.548516035079956 c number of splits: 215 s UNSATISFIABLE
100-540/output_69.cnf: c total solving time: 0.57124924659729 c number of splits: 215 s UNSATISFIABLE
100-540/output_7.cnf: c total solving time: 0.935450553894043 c number of splits: 375 s UNSATISFIABLE
100-540/output_70.cnf: c total solving time: 0.7653567790985107 c number of splits: 291 s UNSATISFIABLE
100-540/output_71.cnf: c total solving time: 0.9478440284729004 c number of splits: 383 s UNSATISFIABLE
100-540/output_72.cnf: c total solving time: 1.4110422134399414 c number of splits: 561 s UNSATISFIABLE
100-540/output_73.cnf: c total solving time: 0.9897284507751465 c number of splits: 379 s UNSATISFIABLE
100-540/output_74.cnf: c total solving time: 0.9642496109008789 c number of splits: 375 s UNSATISFIABLE
100-540/output_75.cnf: c total solving time: 1.3325011730194092 c number of splits: 523 s UNSATISFIABLE
100-540/output_76.cnf: c total solving time: 0.8146967887878418 c number of splits: 313 s UNSATISFIABLE
100-540/output_77.cnf: c total solving time: 0.8453335762023926 c number of splits: 341 s UNSATISFIABLE
100-540/output_78.cnf: c total solving time: 1.3908660411834717 c number of splits: 581 s UNSATISFIABLE
100-540/output_79.cnf: c total solving time: 1.098479986190796 c number of splits: 445 s UNSATISFIABLE
100-540/output_8.cnf: c total solving time: 1.0824642181396484 c number of splits: 419 s UNSATISFIABLE
100-540/output_80.cnf: c total solving time: 0.9499213695526123 c number of splits: 377 s UNSATISFIABLE
100-540/output_81.cnf: c total solving time: 1.3617546558380127 c number of splits: 543 s UNSATISFIABLE
100-540/output_82.cnf: c total solving time: 1.0053977966308594 c number of splits: 413 s UNSATISFIABLE
100-540/output_83.cnf: c total solving time: 1.0927157402038574 c number of splits: 427 s UNSATISFIABLE
100-540/output_84.cnf: c total solving time: 0.6667392253875732 c number of splits: 257 s UNSATISFIABLE
100-540/output_85.cnf: c total solving time: 1.106363296508789 c number of splits: 409 s UNSATISFIABLE
100-540/output_86.cnf: c total solving time: 1.8018302917480469 c number of splits: 757 s UNSATISFIABLE
100-540/output_87.cnf: c total solving time: 1.0427820682525635 c number of splits: 419 s UNSATISFIABLE
100-540/output_88.cnf: c total solving time: 1.072077751159668 c number of splits: 417 s UNSATISFIABLE
100-540/output_89.cnf: c total solving time: 0.8313183784484863 c number of splits: 327 s UNSATISFIABLE
100-540/output_9.cnf: c total solving time: 0.6496403217315674 c number of splits: 249 s UNSATISFIABLE
100-540/output_90.cnf: c total solving time: 0.8278689384460449 c number of splits: 329 s UNSATISFIABLE
100-540/output_91.cnf: c total solving time: 1.4187989234924316 c number of splits: 539 s UNSATISFIABLE
100-540/output_92.cnf: c total solving time: 0.9294493198394775 c number of splits: 367 s UNSATISFIABLE
100-540/output_93.cnf: c total solving time: 0.9421124458312988 c number of splits: 373 s UNSATISFIABLE
100-540/output_94.cnf: c total solving time: 1.321869134902954 c number of splits: 537 s UNSATISFIABLE
100-540/output_95.cnf: c total solving time: 1.5150423049926758 c number of splits: 595 s UNSATISFIABLE
100-540/output_96.cnf: c total solving time: 0.8192389011383057 c number of splits: 319 s UNSATISFIABLE
100-540/output_97.cnf: c total solving time: 1.195589542388916 c number of splits: 487 s UNSATISFIABLE
100-540/output_98.cnf: c total solving time: 0.8322057723999023 c number of splits: 309 s UNSATISFIABLE
100-540/output_99.cnf: c total solving time: 1.0559427738189697 c number of splits: 417 s UNSATISFIABLE
Total solving time: 104.97482109069824184
Median solving time: 1.02
Total number of splits: 41712
Median number of splits: 410.00
Number of satisfiable: 0
