100-500/output_0.cnf: c total solving time: 1.1887898445129395 c number of splits: 511 s UNSATISFIABLE
100-500/output_1.cnf: c total solving time: 2.0039124488830566 c number of splits: 929 s UNSATISFIABLE
100-500/output_10.cnf: c total solving time: 0.7284777164459229 c number of splits: 307 s UNSATISFIABLE
100-500/output_11.cnf: c total solving time: 0.9877669811248779 c number of splits: 411 s UNSATISFIABLE
100-500/output_12.cnf: c total solving time: 0.9494504928588867 c number of splits: 413 s UNSATISFIABLE
100-500/output_13.cnf: c total solving time: 1.1440660953521729 c number of splits: 501 s UNSATISFIABLE
100-500/output_14.cnf: c total solving time: 0.5954351425170898 c number of splits: 253 s UNSATISFIABLE
100-500/output_15.cnf: c total solving time: 1.2061173915863037 c number of splits: 529 s UNSATISFIABLE
100-500/output_16.cnf: c total solving time: 1.4223244190216064 c number of splits: 635 s UNSATISFIABLE
100-500/output_17.cnf: c total solving time: 0.2507822513580322 c number of splits: 135 s SATISFIABLE v -1 2 -3 4 -5 -6 7 -8 -9 10 -11 12 13 14 -15 -16 -17 18 19 20 21 22 -23 24 25 26 -27 -28 -29 30 -31 -32 -33 34 -35 -36 37 -38 -39 40 41 42 -43 -44 45 46 47 -48 49 50 51 52 53 54 -55 -56 -57 58 59 -60 -61 62 63 -64 65 -66 67 68 69 70 71 -72 73 74 -75 -76 77 78 79 80 81 82 83 84 85 86 87 -88 89 90 -91 -92 -93 -94 95 96 -97 -98 99 -100 0
100-500/output_18.cnf: c total solving time: 1.9436030387878418 c number of splits: 887 s UNSATISFIABLE
100-500/output_19.cnf: c total solving time: 0.9353587627410889 c number of splits: 397 s UNSATISFIABLE
100-500/output_2.cnf: c total solving time: 1.1900506019592285 c number of splits: 511 s UNSATISFIABLE
100-500/output_20.cnf: c total solving time: 2.2819535732269287 c number of splits: 1143 s UNSATISFIABLE
100-500/output_21.cnf: c total solving time: 1.5462424755096436 c number of splits: 673 s UNSATISFIABLE
100-500/output_22.cnf: c total solving time: 1.7668888568878174 c number of splits: 837 s UNSATISFIABLE
100-500/output_23.cnf: c total solving time: 1.074364185333252 c number of splits: 447 s UNSATISFIABLE
100-500/output_24.cnf: c total solving time: 1.146986961364746 c number of splits: 513 s UNSATISFIABLE
100-500/output_25.cnf: c total solving time: 1.1308295726776123 c number of splits: 505 s UNSATISFIABLE
100-500/output_26.cnf: c total solving time: 1.5795655250549316 c number of splits: 721 s UNSATISFIABLE
100-500/output_27.cnf: c total solving time: 1.229109525680542 c number of splits: 537 s UNSATISFIABLE
100-500/output_28.cnf: c total solving time: 1.3444099426269531 c number of splits: 591 s UNSATISFIABLE
100-500/output_29.cnf: c total solving time: 1.112407922744751 c number of splits: 477 s UNSATISFIABLE
100-500/output_3.cnf: c total solving time: 0.9158897399902344 c number of splits: 387 s UNSATISFIABLE
100-500/output_30.cnf: c total solving time: 0.5084078311920166 c number of splits: 239 s SATISFIABLE v -1 -2 3 4 -5 -6 -7 8 9 10 11 -12 13 -14 15 16 -17 18 19 20 -21 22 -23 -24 -25 -26 27 -28 29 30 -31 32 33 34 35 36 -37 -38 -39 -40 -41 42 -43 44 -45 -46 -47 48 -49 50 -51 52 53 54 55 -56 57 58 -59 -60 61 62 63 64 -65 -66 67 -68 69 -70 -71 72 -73 74 -75 76 -77 -78 79 -80 81 82 83 84 -85 86 -87 88 -89 -90 -91 92 93 -94 95 -96 -97 -98 -99 100 0
100-500/output_31.cnf: c total solving time: 1.8260259628295898 c number of splits: 853 s UNSATISFIABLE
100-500/output_32.cnf: c total solving time: 1.298140525817871 c number of splits: 553 s UNSATISFIABLE
100-500/output_33.cnf: c total solving time: 0.9163358211517334 c number of splits: 409 s UNSATISFIABLE
100-500/output_34.cnf: c total solving time: 1.332306146621704 c number of splits: 573 s UNSATISFIABLE
100-500/output_35.cnf: c total solving time: 2.30544376373291 c number of splits: 1043 s UNSATISFIABLE
100-500/output_36.cnf: c total solving time: 1.1272292137145996 c number of splits: 497 s UNSATISFIABLE
100-500/output_37.cnf: c total solving time: 1.258732557296753 c number of splits: 565 s UNSATISFIABLE
100-500/output_38.cnf: c total solving time: 1.606003761291504 c number of splits: 691 s UNSATISFIABLE
100-500/output_39.cnf: c total solving time: 1.0946941375732422 c number of splits: 511 s UNSATISFIABLE
100-500/output_4.cnf: c total solving time: 1.1525132656097412 c number of splits: 511 s UNSATISFIABLE
100-500/output_40.cnf: c total solving time: 1.3541932106018066 c number of splits: 635 s UNSATISFIABLE
100-500/output_41.cnf: c total solving time: 1.0144731998443604 c number of splits: 435 s UNSATISFIABLE
100-500/output_42.cnf: c total solving time: 1.1922342777252197 c number of splits: 503 s UNSATISFIABLE
100-500/output_43.cnf: c total solving time: 1.4876539707183838 c number of splits: 655 s UNSATISFIABLE
100-500/output_44.cnf: c total solving time: 1.322577953338623 c number of splits: 547 s UNSATISFIABLE
100-500/output_45.cnf: c total solving time: 1.6641309261322021 c number of splits: 775 s UNSATISFIABLE
100-500/output_46.cnf: c total solving time: 1.5608553886413574 c number of splits: 649 s UNSATISFIABLE
100-500/output_47.cnf: c total solving time: 1.3713655471801758 c number of splits: 537 s UNSATISFIABLE
100-500/output_48.cnf: c total solving time: 1.6184849739074707 c number of splits: 663 s UNSATISFIABLE
100-500/output_49.cnf: c total solving time: 1.4044036865234375 c number of splits: 577 s UNSATISFIABLE
100-500/output_5.cnf: c total solving time: 1.320054292678833 c number of splits: 535 s UNSATISFIABLE
100-500/output_50.cnf: c total solving time: 1.7244329452514648 c number of splits: 713 s UNSATISFIABLE
100-500/output_51.cnf: c total solving time: 1.4054203033447266 c number of splits: 561 s UNSATISFIABLE
100-500/output_52.cnf: c total solving time: 2.3005428314208984 c number of splits: 1003 s UNSATISFIABLE
100-500/output_53.cnf: c total solving time: 1.1631278991699219 c number of splits: 433 s UNSATISFIABLE
100-500/output_54.cnf: c total solving time: 1.631772756576538 c number of splits: 627 s UNSATISFIABLE
100-500/output_55.cnf: c total solving time: 1.0977003574371338 c number of splits: 447 s UNSATISFIABLE
100-500/output_56.cnf: c total solving time: 1.2320120334625244 c number of splits: 487 s UNSATISFIABLE
100-500/output_57.cnf: c total solving time: 1.2678236961364746 c number of splits: 479 s UNSATISFIABLE
100-500/output_58.cnf: c total solving time: 1.8484489917755127 c number of splits: 791 s UNSATISFIABLE
100-500/output_59.cnf: c total solving time: 3.204317569732666 c number of splits: 1421 s UNSATISFIABLE
100-500/output_6.cnf: c total solving time: 1.338794231414795 c number of splits: 543 s UNSATISFIABLE
100-500/output_60.cnf: c total solving time: 1.8876564502716064 c number of splits: 771 s UNSATISFIABLE
100-500/output_61.cnf: c total solving time: 0.9517629146575928 c number of splits: 349 s UNSATISFIABLE
100-500/output_62.cnf: c total solving time: 0.9599459171295166 c number of splits: 359 s UNSATISFIABLE
100-500/output_63.cnf: c total solving time: 1.90952467918396 c number of splits: 777 s UNSATISFIABLE
100-500/output_64.cnf: c total solving time: 1.4231514930725098 c number of splits: 571 s UNSATISFIABLE
100-500/output_65.cnf: c total solving time: 2.572340488433838 c number of splits: 1191 s UNSATISFIABLE
100-500/output_66.cnf: c total solving time: 1.2824430465698242 c number of splits: 497 s UNSATISFIABLE
100-500/output_67.cnf: c total solving time: 1.6523308753967285 c number of splits: 711 s UNSATISFIABLE
100-500/output_68.cnf: c total solving time: 1.2946155071258545 c number of splits: 529 s UNSATISFIABLE
100-500/output_69.cnf: c total solving time: 1.287287950515747 c number of splits: 499 s UNSATISFIABLE
100-500/output_7.cnf: c total solving time: 2.3607594966888428 c number of splits: 1033 s UNSATISFIABLE
100-500/output_70.cnf: c total solving time: 1.306542158126831 c number of splits: 537 s UNSATISFIABLE
100-500/output_71.cnf: c total solving time: 1.491105556488037 c number of splits: 649 s UNSATISFIABLE
100-500/output_72.cnf: c total solving time: 0.9969663619995117 c number of splits: 423 s UNSATISFIABLE
100-500/output_73.cnf: c total solving time: 0.9312639236450195 c number of splits: 393 s UNSATISFIABLE
100-500/output_74.cnf: c total solving time: 0.9786944389343262 c number of splits: 411 s UNSATISFIABLE
100-500/output_75.cnf: c total solving time: 1.2686963081359863 c number of splits: 569 s UNSATISFIABLE
100-500/output_76.cnf: c total solving time: 1.534468412399292 c number of splits: 653 s UNSATISFIABLE
100-500/output_77.cnf: c total solving time: 1.422602891921997 c number of splits: 631 s UNSATISFIABLE
100-500/output_78.cnf: c total solving time: 1.5114853382110596 c number of splits: 633 s UNSATISFIABLE
100-500/output_79.cnf: c total solving time: 0.8889594078063965 c number of splits: 379 s UNSATISFIABLE
100-500/output_8.cnf: c total solving time: 1.506944179534912 c number of splits: 683 s UNSATISFIABLE
100-500/output_80.cnf: c total solving time: 1.3767282962799072 c number of splits: 623 s UNSATISFIABLE
100-500/output_81.cnf: c total solving time: 1.6149325370788574 c number of splits: 711 s UNSATISFIABLE
100-500/output_82.cnf: c total solving time: 1.138568639755249 c number of splits: 499 s UNSATISFIABLE
100-500/output_83.cnf: c total solving time: 2.502145528793335 c number of splits: 1185 s UNSATISFIABLE
100-500/output_84.cnf: c total solving time: 1.491466760635376 c number of splits: 677 s UNSATISFIABLE
100-500/output_85.cnf: c total solving time: 2.0615036487579346 c number of splits: 929 s UNSATISFIABLE
100-500/output_86.cnf: c total solving time: 1.0219104290008545 c number of splits: 453 s UNSATISFIABLE
100-500/output_87.cnf: c total solving time: 1.046844244003296 c number of splits: 457 s UNSATISFIABLE
100-500/output_88.cnf: c total solving time: 2.2467398643493652 c number of splits: 1063 s UNSATISFIABLE
100-500/output_89.cnf: c total solving time: 0.9506409168243408 c number of splits: 405 s UNSATISFIABLE
100-500/output_9.cnf: c total solving time: 1.4719939231872559 c number of splits: 681 s UNSATISFIABLE
100-500/output_90.cnf: c total solving time: 1.4528226852416992 c number of splits: 627 s UNSATISFIABLE
100-500/output_91.cnf: c total solving time: 1.7509934902191162 c number of splits: 801 s UNSATISFIABLE
100-500/output_92.cnf: c total solving time: 1.5155158042907715 c number of splits: 681 s UNSATISFIABLE
100-500/output_93.cnf: c total solving time: 1.0973010063171387 c number of splits: 485 s UNSATISFIABLE
100-500/output_94.cnf: c total solving time: 1.3294150829315186 c number of splits: 609 s UNSATISFIABLE
100-500/output_95.cnf: c total solving time: 0.9058856964111328 c number of splits: 403 s UNSATISFIABLE
100-500/output_96.cnf: c total solving time: 1.416560411453247 c number of splits: 619 s UNSATISFIABLE
100-500/output_97.cnf: c total solving time: 1.0809967517852783 c number of splits: 453 s UNSATISFIABLE
100-500/output_98.cnf: c total solving time: 1.461467981338501 c number of splits: 593 s UNSATISFIABLE
100-500/output_99.cnf: c total solving time: 1.273231029510498 c number of splits: 601 s UNSATISFIABLE
Total solving time: 139.2526500225067132
Median solving time: 1.32
Total number of splits: 60514
Median number of splits: 563.00
Number of satisfiable: 2
