100-440/output_0.cnf: c total solving time: 2.415879011154175 c number of splits: 1247 s UNSATISFIABLE
100-440/output_1.cnf: c total solving time: 3.7472472190856934 c number of splits: 2171 s UNSATISFIABLE
100-440/output_10.cnf: c total solving time: 0.08894920349121094 c number of splits: 52 s SATISFIABLE v 1 -2 -3 4 5 6 -7 8 -9 -10 -11 -12 13 14 15 -16 17 18 19 20 21 -22 23 24 -25 26 -27 28 29 30 -31 32 33 34 35 36 -37 38 39 -40 -41 42 43 44 45 -46 -47 -48 -49 50 -51 -52 53 54 55 56 57 -58 59 -60 -61 62 -63 -64 65 66 -67 68 -69 -70 71 -72 73 74 -75 76 -77 -78 -79 -80 81 82 83 84 85 -86 87 -88 89 -90 91 -92 -93 94 95 -96 97 -98 99 -100 0
100-440/output_11.cnf: c total solving time: 1.6391749382019043 c number of splits: 875 s UNSATISFIABLE
100-440/output_12.cnf: c total solving time: 1.3812286853790283 c number of splits: 777 s UNSATISFIABLE
100-440/output_13.cnf: c total solving time: 1.6967365741729736 c number of splits: 927 s UNSATISFIABLE
100-440/output_14.cnf: c total solving time: 4.295608043670654 c number of splits: 2359 s UNSATISFIABLE
100-440/output_15.cnf: c total solving time: 1.1107525825500488 c number of splits: 567 s UNSATISFIABLE
100-440/output_16.cnf: c total solving time: 0.9894630908966064 c number of splits: 499 s UNSATISFIABLE
100-440/output_17.cnf: c total solving time: 3.31961727142334 c number of splits: 2007 s UNSATISFIABLE
100-440/output_18.cnf: c total solving time: 2.920858860015869 c number of splits: 1601 s UNSATISFIABLE
100-440/output_19.cnf: c total solving time: 4.4251344203948975 c number of splits: 2465 s UNSATISFIABLE
100-440/output_2.cnf: c total solving time: 0.5885124206542969 c number of splits: 311 s SATISFIABLE v -1 2 3 -4 -5 6 7 8 -9 10 11 -12 13 -14 15 16 17 -18 19 -20 -21 -22 -23 -24 25 26 27 28 29 -30 31 32 33 -34 35 36 37 38 -39 -40 -41 -42 43 44 45 46 47 48 -49 -50 -51 52 53 54 55 -56 -57 58 59 60 61 -62 63 64 -65 -66 -67 -68 69 70 -71 72 -73 74 -75 -76 77 -78 -79 80 -81 82 -83 -84 85 -86 87 88 89 -90 -91 92 93 94 95 -96 -97 98 -99 100 0
100-440/output_20.cnf: c total solving time: 1.7039313316345215 c number of splits: 893 s UNSATISFIABLE
100-440/output_21.cnf: c total solving time: 2.156463861465454 c number of splits: 1183 s UNSATISFIABLE
100-440/output_22.cnf: c total solving time: 2.6093881130218506 c number of splits: 1501 s UNSATISFIABLE
100-440/output_23.cnf: c total solving time: 1.1027636528015137 c number of splits: 576 s SATISFIABLE v 1 2 -3 -4 5 -6 -7 8 -9 10 -11 12 -13 -14 -15 16 -17 -18 19 20 21 -22 -23 24 25 26 -27 28 -29 30 31 32 -33 -34 -35 36 37 38 -39 40 -41 -42 -43 44 -45 46 47 -48 49 50 -51 52 -53 54 -55 56 57 58 59 60 61 62 63 64 -65 66 -67 68 69 70 -71 -72 -73 74 -75 76 77 -78 -79 -80 -81 -82 83 84 -85 86 -87 88 89 -90 -91 -92 -93 94 -95 -96 -97 98 -99 100 0
100-440/output_24.cnf: c total solving time: 3.430772542953491 c number of splits: 1939 s UNSATISFIABLE
100-440/output_25.cnf: c total solving time: 2.976923704147339 c number of splits: 1621 s UNSATISFIABLE
100-440/output_26.cnf: c total solving time: 1.9670753479003906 c number of splits: 1105 s UNSATISFIABLE
100-440/output_27.cnf: c total solving time: 2.221583604812622 c number of splits: 1227 s UNSATISFIABLE
100-440/output_28.cnf: c total solving time: 1.9030566215515137 c number of splits: 959 s UNSATISFIABLE
100-440/output_29.cnf: c total solving time: 2.360584020614624 c number of splits: 1249 s UNSATISFIABLE
100-440/output_3.cnf: c total solving time: 1.612837314605713 c number of splits: 811 s UNSATISFIABLE
100-440/output_30.cnf: c total solving time: 2.060875654220581 c number of splits: 1199 s UNSATISFIABLE
100-440/output_31.cnf: c total solving time: 2.537400245666504 c number of splits: 1419 s UNSATISFIABLE
100-440/output_32.cnf: c total solving time: 2.4735381603240967 c number of splits: 1391 s UNSATISFIABLE
100-440/output_33.cnf: c total solving time: 2.404270648956299 c number of splits: 1301 s UNSATISFIABLE
100-440/output_34.cnf: c total solving time: 0.232619047164917 c number of splits: 168 s SATISFIABLE v -1 2 3 -4 5 -6 -7 8 -9 10 -11 12 13 -14 -15 16 -17 18 19 20 -21 22 -23 -24 25 -26 27 -28 29 -30 31 -32 33 34 -35 36 -37 -38 -39 -40 -41 -42 43 44 -45 46 47 -48 49 50 -51 52 53 54 55 56 57 58 59 -60 61 62 -63 -64 -65 -66 -67 -68 69 -70 -71 -72 -73 -74 75 76 77 -78 79 -80 81 82 83 84 -85 86 -87 -88 89 -90 -91 -92 93 94 95 96 -97 -98 99 100 0
100-440/output_35.cnf: c total solving time: 0.23738360404968262 c number of splits: 152 s SATISFIABLE v -1 2 3 4 5 -6 -7 -8 -9 -10 11 12 -13 -14 -15 16 17 -18 -19 -20 21 22 -23 24 25 -26 -27 28 29 -30 31 32 -33 34 35 -36 -37 -38 -39 40 -41 42 -43 -44 45 -46 47 -48 -49 -50 -51 52 -53 54 55 56 57 -58 59 -60 -61 -62 -63 64 -65 -66 67 -68 69 70 71 72 73 74 -75 -76 -77 78 79 80 -81 -82 -83 -84 85 -86 87 88 -89 90 91 92 -93 94 -95 -96 97 -98 -99 100 0
100-440/output_36.cnf: c total solving time: 2.8815786838531494 c number of splits: 1583 s UNSATISFIABLE
100-440/output_37.cnf: c total solving time: 2.720787763595581 c number of splits: 1619 s UNSATISFIABLE
100-440/output_38.cnf: c total solving time: 1.8791215419769287 c number of splits: 939 s UNSATISFIABLE
100-440/output_39.cnf: c total solving time: 0.7511069774627686 c number of splits: 395 s SATISFIABLE v -1 2 -3 -4 5 -6 7 -8 -9 10 -11 -12 -13 -14 -15 16 -17 18 19 -20 21 -22 -23 -24 -25 -26 27 -28 -29 30 -31 -32 -33 34 -35 36 -37 38 -39 40 41 -42 -43 44 45 -46 47 -48 49 -50 51 52 53 54 55 56 57 58 -59 -60 -61 62 63 -64 -65 -66 -67 68 69 70 71 -72 73 74 -75 76 -77 -78 79 80 81 -82 -83 -84 -85 -86 -87 -88 89 -90 -91 92 93 -94 -95 -96 -97 98 99 100 0
100-440/output_4.cnf: c total solving time: 1.5362632274627686 c number of splits: 807 s UNSATISFIABLE
100-440/output_40.cnf: c total solving time: 0.32083630561828613 c number of splits: 207 s SATISFIABLE v 1 2 3 4 5 6 7 -8 9 10 -11 -12 13 -14 15 -16 -17 -18 19 20 -21 -22 -23 -24 25 26 27 -28 -29 -30 -31 32 33 -34 35 -36 37 38 39 40 41 -42 43 44 -45 -46 -47 -48 -49 -50 51 52 -53 54 -55 -56 -57 58 -59 -60 -61 62 -63 64 -65 -66 -67 68 69 70 71 -72 -73 -74 -75 76 -77 -78 79 80 -81 -82 -83 84 -85 -86 87 88 89 -90 -91 92 -93 -94 -95 96 97 98 -99 100 0
100-440/output_41.cnf: c total solving time: 1.8590092658996582 c number of splits: 997 s UNSATISFIABLE
100-440/output_42.cnf: c total solving time: 1.6012475490570068 c number of splits: 843 s UNSATISFIABLE
100-440/output_43.cnf: c total solving time: 3.1468734741210938 c number of splits: 1695 s UNSATISFIABLE
100-440/output_44.cnf: c total solving time: 2.3996925354003906 c number of splits: 1349 s UNSATISFIABLE
100-440/output_45.cnf: c total solving time: 3.166996479034424 c number of splits: 1633 s UNSATISFIABLE
100-440/output_46.cnf: c total solving time: 0.2853970527648926 c number of splits: 175 s SATISFIABLE v -1 2 -3 4 -5 6 -7 8 -9 -10 -11 -12 -13 -14 15 -16 17 -18 -19 -20 -21 22 -23 24 25 26 -27 28 29 -30 31 32 33 34 -35 36 37 38 -39 40 41 -42 43 44 45 46 47 -48 -49 -50 -51 52 53 54 55 56 -57 58 59 -60 61 62 -63 -64 65 66 67 68 -69 -70 -71 -72 73 74 75 -76 -77 -78 -79 80 81 82 83 84 -85 86 87 88 -89 90 -91 -92 -93 94 -95 96 97 -98 99 100 0
100-440/output_47.cnf: c total solving time: 0.7809617519378662 c number of splits: 393 s UNSATISFIABLE
100-440/output_48.cnf: c total solving time: 1.9595258235931396 c number of splits: 1045 s UNSATISFIABLE
100-440/output_49.cnf: c total solving time: 2.1411900520324707 c number of splits: 1145 s UNSATISFIABLE
100-440/output_5.cnf: c total solving time: 2.155566453933716 c number of splits: 1115 s UNSATISFIABLE
100-440/output_50.cnf: c total solving time: 1.4556794166564941 c number of splits: 761 s UNSATISFIABLE
100-440/output_51.cnf: c total solving time: 2.22634220123291 c number of splits: 1281 s UNSATISFIABLE
100-440/output_52.cnf: c total solving time: 3.0514321327209473 c number of splits: 1769 s UNSATISFIABLE
100-440/output_53.cnf: c total solving time: 2.525940418243408 c number of splits: 1369 s UNSATISFIABLE
100-440/output_54.cnf: c total solving time: 0.09692645072937012 c number of splits: 58 s SATISFIABLE v -1 -2 -3 -4 -5 6 -7 -8 9 -10 -11 -12 13 -14 15 16 -17 18 -19 20 -21 -22 23 24 -25 26 27 28 -29 -30 -31 32 -33 34 -35 -36 -37 -38 39 -40 -41 42 -43 -44 -45 46 47 48 49 50 51 52 -53 -54 55 -56 -57 58 59 -60 61 -62 63 -64 -65 -66 -67 68 69 70 71 -72 -73 74 -75 76 -77 -78 79 80 81 -82 83 -84 85 86 87 -88 -89 -90 -91 -92 93 94 -95 96 -97 -98 -99 100 0
100-440/output_55.cnf: c total solving time: 2.028789758682251 c number of splits: 1139 s UNSATISFIABLE
100-440/output_56.cnf: c total solving time: 0.35747838020324707 c number of splits: 220 s SATISFIABLE v 1 2 3 4 -5 -6 7 -8 9 10 11 12 -13 -14 15 -16 17 18 -19 -20 21 -22 23 24 25 26 -27 -28 -29 30 31 -32 33 34 -35 -36 37 38 -39 -40 -41 42 -43 44 -45 46 47 -48 49 50 51 52 -53 -54 55 56 57 58 -59 60 -61 62 -63 64 -65 -66 67 -68 69 70 71 72 73 -74 -75 -76 -77 78 -79 -80 -81 82 -83 -84 -85 86 -87 -88 89 -90 91 92 93 -94 -95 -96 -97 -98 -99 100 0
100-440/output_57.cnf: c total solving time: 0.3125643730163574 c number of splits: 155 s SATISFIABLE v -1 -2 3 4 -5 -6 7 -8 -9 -10 11 -12 13 -14 15 -16 -17 18 -19 -20 -21 22 -23 -24 -25 -26 27 28 29 -30 -31 32 -33 34 35 -36 37 38 -39 -40 41 42 43 44 45 -46 -47 48 -49 50 -51 52 53 -54 55 56 57 58 59 -60 -61 62 63 64 65 66 67 68 -69 70 -71 72 -73 -74 -75 76 -77 78 -79 80 81 -82 83 84 85 -86 87 -88 89 -90 -91 92 93 94 95 -96 -97 98 -99 100 0
100-440/output_58.cnf: c total solving time: 2.0558202266693115 c number of splits: 1103 s UNSATISFIABLE
100-440/output_59.cnf: c total solving time: 3.3677942752838135 c number of splits: 1875 s UNSATISFIABLE
100-440/output_6.cnf: c total solving time: 1.2275023460388184 c number of splits: 665 s UNSATISFIABLE
100-440/output_60.cnf: c total solving time: 1.2482879161834717 c number of splits: 617 s UNSATISFIABLE
100-440/output_61.cnf: c total solving time: 0.1601870059967041 c number of splits: 90 s SATISFIABLE v 1 -2 -3 4 5 6 7 8 9 -10 11 -12 13 -14 -15 -16 -17 -18 19 -20 -21 -22 -23 -24 25 -26 -27 28 -29 -30 31 32 33 -34 35 -36 -37 38 39 40 -41 -42 43 -44 45 -46 -47 48 49 -50 -51 52 -53 54 -55 56 57 58 -59 60 61 62 63 -64 -65 66 -67 -68 -69 -70 71 -72 73 74 75 76 77 78 79 -80 -81 -82 83 84 85 -86 87 -88 -89 -90 91 92 93 -94 95 96 97 98 99 100 0
100-440/output_62.cnf: c total solving time: 2.6803524494171143 c number of splits: 1571 s UNSATISFIABLE
100-440/output_63.cnf: c total solving time: 0.05984759330749512 c number of splits: 34 s SATISFIABLE v 1 2 3 -4 5 6 7 8 9 10 -11 12 -13 14 -15 -16 -17 18 19 20 21 22 -23 24 -25 -26 27 28 29 -30 31 -32 -33 -34 35 36 -37 38 39 40 41 42 -43 -44 45 -46 47 48 -49 -50 -51 52 -53 -54 -55 56 57 -58 -59 -60 61 62 -63 -64 -65 66 -67 68 -69 -70 71 72 -73 -74 -75 -76 77 78 -79 80 81 82 -83 -84 85 -86 -87 88 -89 90 -91 -92 -93 94 -95 -96 97 -98 99 -100 0
100-440/output_64.cnf: c total solving time: 1.921278476715088 c number of splits: 1059 s UNSATISFIABLE
100-440/output_65.cnf: c total solving time: 0.024043798446655273 c number of splits: 11 s SATISFIABLE v 1 -2 3 -4 -5 -6 -7 -8 -9 -10 -11 -12 -13 -14 15 16 -17 18 -19 20 -21 -22 23 -24 25 26 27 28 -29 30 31 32 33 34 -35 -36 37 -38 39 40 41 42 -43 44 45 -46 -47 -48 49 50 -51 -52 -53 54 -55 56 57 -58 -59 -60 -61 -62 63 64 65 -66 67 -68 69 70 -71 -72 -73 -74 -75 -76 77 -78 79 80 -81 82 83 84 85 -86 87 88 -89 90 -91 -92 -93 -94 -95 96 97 98 99 -100 0
100-440/output_66.cnf: c total solving time: 3.2264139652252197 c number of splits: 1809 s UNSATISFIABLE
100-440/output_67.cnf: c total solving time: 0.6361117362976074 c number of splits: 379 s SATISFIABLE v -1 -2 -3 4 -5 -6 -7 8 -9 -10 -11 12 13 14 -15 -16 17 18 19 -20 21 -22 -23 -24 25 -26 27 -28 29 -30 31 -32 -33 -34 -35 36 37 -38 -39 40 41 42 43 44 -45 -46 47 -48 -49 -50 -51 -52 -53 54 55 56 57 -58 59 60 -61 62 63 -64 65 66 -67 -68 -69 -70 71 -72 73 74 75 76 -77 78 79 80 -81 -82 83 84 85 -86 -87 -88 -89 90 -91 -92 93 94 -95 -96 -97 98 -99 -100 0
100-440/output_68.cnf: c total solving time: 0.14675498008728027 c number of splits: 95 s SATISFIABLE v 1 2 -3 4 5 -6 -7 8 9 10 -11 -12 -13 -14 -15 16 17 -18 19 -20 21 22 23 24 -25 -26 -27 -28 -29 -30 -31 -32 33 34 35 36 -37 38 -39 40 41 -42 43 44 45 46 47 48 49 -50 -51 -52 53 54 -55 -56 57 58 59 60 -61 -62 63 -64 -65 66 67 -68 -69 -70 71 72 -73 74 75 76 -77 -78 -79 80 81 -82 83 84 85 86 87 -88 -89 90 91 -92 93 94 95 -96 97 98 99 -100 0
100-440/output_69.cnf: c total solving time: 2.4131600856781006 c number of splits: 1301 s UNSATISFIABLE
100-440/output_7.cnf: c total solving time: 3.493967056274414 c number of splits: 2023 s UNSATISFIABLE
100-440/output_70.cnf: c total solving time: 3.0293772220611572 c number of splits: 1689 s UNSATISFIABLE
100-440/output_71.cnf: c total solving time: 1.6620244979858398 c number of splits: 875 s UNSATISFIABLE
100-440/output_72.cnf: c total solving time: 1.775524377822876 c number of splits: 1063 s SATISFIABLE v -1 -2 3 4 5 6 7 8 9 -10 -11 -12 13 14 -15 16 17 -18 19 -20 -21 -22 23 -24 25 26 -27 28 29 30 31 32 -33 -34 35 36 37 -38 -39 40 41 42 -43 44 -45 -46 -47 -48 -49 50 -51 52 -53 54 55 56 57 -58 -59 -60 -61 62 63 64 -65 66 67 68 -69 70 -71 -72 73 74 75 -76 77 -78 -79 80 -81 82 -83 84 -85 86 87 -88 -89 90 -91 -92 -93 -94 95 -96 97 -98 99 -100 0
100-440/output_73.cnf: c total solving time: 0.3685600757598877 c number of splits: 230 s SATISFIABLE v -1 -2 -3 4 -5 -6 7 8 9 10 11 12 -13 -14 15 16 17 -18 19 20 -21 22 23 -24 25 -26 27 -28 29 30 -31 32 -33 -34 35 36 -37 38 -39 -40 41 42 43 44 45 46 -47 48 49 -50 51 -52 53 54 55 -56 -57 58 -59 -60 -61 -62 -63 -64 65 66 67 -68 69 -70 -71 72 73 74 75 -76 77 78 79 -80 81 -82 83 84 85 -86 -87 -88 -89 -90 -91 -92 93 -94 -95 96 97 -98 99 -100 0
100-440/output_74.cnf: c total solving time: 0.3643803596496582 c number of splits: 232 s SATISFIABLE v 1 -2 -3 4 5 6 7 8 9 -10 11 12 13 14 -15 16 17 -18 19 -20 -21 22 -23 24 25 -26 27 -28 29 -30 31 -32 -33 34 -35 -36 37 38 39 -40 -41 -42 -43 44 45 -46 -47 -48 49 -50 -51 52 -53 54 -55 56 -57 58 59 60 -61 62 -63 64 -65 66 67 68 -69 -70 71 -72 -73 -74 -75 -76 -77 -78 79 80 -81 -82 83 84 -85 86 -87 88 89 90 -91 92 93 94 95 -96 -97 -98 -99 100 0
100-440/output_75.cnf: c total solving time: 2.5386605262756348 c number of splits: 1365 s UNSATISFIABLE
100-440/output_76.cnf: c total solving time: 2.3834145069122314 c number of splits: 1321 s UNSATISFIABLE
100-440/output_77.cnf: c total solving time: 1.9957730770111084 c number of splits: 1178 s SATISFIABLE v 1 -2 -3 -4 5 6 -7 -8 -9 10 11 -12 -13 14 -15 16 17 18 19 -20 21 -22 23 -24 -25 26 27 28 -29 30 31 32 -33 -34 35 -36 37 38 39 -40 -41 -42 43 44 45 46 -47 -48 49 -50 -51 52 53 54 55 56 57 -58 59 60 61 62 63 -64 -65 66 67 -68 69 70 71 -72 -73 -74 75 76 -77 78 -79 80 -81 -82 -83 84 85 -86 87 -88 89 90 -91 -92 93 94 95 96 97 98 -99 -100 0
100-440/output_78.cnf: c total solving time: 1.1846816539764404 c number of splits: 623 s UNSATISFIABLE
100-440/output_79.cnf: c total solving time: 2.4155733585357666 c number of splits: 1301 s UNSATISFIABLE
100-440/output_8.cnf: c total solving time: 3.9271786212921143 c number of splits: 2219 s UNSATISFIABLE
100-440/output_80.cnf: c total solving time: 0.976508617401123 c number of splits: 511 s SATISFIABLE v -1 -2 -3 -4 -5 6 -7 -8 -9 10 11 12 -13 -14 15 16 17 18 19 -20 21 -22 23 -24 25 26 -27 28 -29 30 31 -32 -33 -34 35 36 -37 -38 -39 -40 41 42 -43 -44 45 46 -47 48 49 50 51 -52 -53 54 -55 -56 57 -58 59 60 61 62 63 -64 -65 -66 -67 68 -69 70 -71 72 -73 74 75 -76 77 -78 79 -80 -81 82 -83 -84 85 86 -87 -88 -89 -90 -91 -92 93 -94 95 96 97 98 99 100 0
100-440/output_81.cnf: c total solving time: 2.1055686473846436 c number of splits: 1123 s UNSATISFIABLE
100-440/output_82.cnf: c total solving time: 1.6295831203460693 c number of splits: 867 s UNSATISFIABLE
100-440/output_83.cnf: c total solving time: 0.6636030673980713 c number of splits: 377 s SATISFIABLE v -1 2 -3 4 5 -6 7 -8 -9 -10 -11 -12 13 14 -15 16 17 18 19 -20 21 22 23 24 25 -26 -27 -28 29 30 -31 32 33 -34 35 -36 37 38 39 -40 -41 -42 43 44 -45 -46 -47 -48 49 -50 51 52 53 -54 -55 56 57 58 59 -60 -61 62 63 64 65 -66 -67 -68 69 -70 71 72 -73 74 75 76 77 78 -79 -80 81 -82 83 -84 85 86 87 88 89 -90 -91 -92 93 -94 95 96 -97 -98 -99 100 0
100-440/output_84.cnf: c total solving time: 1.5123960971832275 c number of splits: 805 s UNSATISFIABLE
100-440/output_85.cnf: c total solving time: 1.7934539318084717 c number of splits: 945 s UNSATISFIABLE
100-440/output_86.cnf: c total solving time: 2.0673720836639404 c number of splits: 1107 s UNSATISFIABLE
100-440/output_87.cnf: c total solving time: 1.3495402336120605 c number of splits: 723 s UNSATISFIABLE
100-440/output_88.cnf: c total solving time: 2.6388707160949707 c number of splits: 1467 s UNSATISFIABLE
100-440/output_89.cnf: c total solving time: 0.2623169422149658 c number of splits: 144 s SATISFIABLE v 1 -2 -3 -4 5 -6 7 -8 9 -10 11 12 13 -14 -15 16 17 18 19 20 -21 22 -23 24 -25 26 27 28 29 -30 -31 -32 -33 34 -35 36 37 -38 -39 40 -41 -42 -43 -44 45 -46 47 -48 -49 -50 -51 -52 -53 -54 -55 -56 -57 58 -59 -60 61 62 -63 -64 65 -66 -67 68 -69 70 71 72 73 74 -75 76 77 -78 -79 -80 -81 -82 83 84 -85 -86 -87 88 -89 -90 -91 -92 -93 -94 95 -96 97 -98 -99 -100 0
100-440/output_9.cnf: c total solving time: 2.1078267097473145 c number of splits: 1157 s UNSATISFIABLE
100-440/output_90.cnf: c total solving time: 1.4786803722381592 c number of splits: 719 s UNSATISFIABLE
100-440/output_91.cnf: c total solving time: 2.0941925048828125 c number of splits: 1165 s UNSATISFIABLE
100-440/output_92.cnf: c total solving time: 0.5364301204681396 c number of splits: 305 s SATISFIABLE v -1 2 -3 -4 -5 -6 -7 8 9 10 11 -12 13 -14 15 16 17 18 19 -20 -21 22 23 -24 25 -26 27 28 -29 30 31 -32 33 -34 35 -36 37 38 -39 40 -41 -42 43 44 45 46 -47 -48 49 50 -51 52 53 -54 -55 56 -57 58 59 60 -61 62 63 -64 65 66 -67 -68 -69 -70 71 -72 73 74 -75 -76 77 78 -79 -80 -81 -82 83 -84 85 -86 87 88 89 -90 91 92 -93 -94 95 -96 97 98 99 100 0
100-440/output_93.cnf: c total solving time: 0.4761784076690674 c number of splits: 316 s SATISFIABLE v 1 2 -3 -4 5 -6 -7 -8 -9 10 -11 12 13 14 -15 16 17 18 -19 20 -21 -22 -23 24 25 -26 -27 -28 29 -30 -31 -32 -33 34 -35 36 37 -38 39 -40 41 -42 43 -44 -45 46 -47 48 49 -50 51 -52 53 54 55 56 57 58 59 -60 -61 62 63 -64 65 -66 -67 -68 69 -70 71 -72 -73 74 -75 -76 77 78 79 80 81 82 83 84 -85 86 87 88 89 -90 -91 92 93 94 95 96 -97 98 -99 100 0
100-440/output_94.cnf: c total solving time: 1.4609887599945068 c number of splits: 743 s UNSATISFIABLE
100-440/output_95.cnf: c total solving time: 2.5650904178619385 c number of splits: 1429 s UNSATISFIABLE
100-440/output_96.cnf: c total solving time: 0.2987849712371826 c number of splits: 180 s SATISFIABLE v 1 2 -3 4 -5 6 7 8 -9 10 11 -12 13 14 15 16 -17 -18 -19 -20 -21 22 -23 24 25 26 -27 28 29 -30 31 -32 -33 -34 35 -36 -37 38 39 40 41 -42 -43 44 45 46 47 -48 49 -50 -51 52 -53 -54 -55 56 57 -58 -59 60 -61 62 -63 -64 65 -66 67 -68 69 70 -71 72 -73 -74 -75 -76 77 78 -79 80 81 -82 83 84 85 86 87 88 89 -90 91 92 -93 -94 95 -96 97 98 -99 100 0
100-440/output_97.cnf: c total solving time: 2.514500141143799 c number of splits: 1309 s UNSATISFIABLE
100-440/output_98.cnf: c total solving time: 3.811908721923828 c number of splits: 2183 s UNSATISFIABLE
100-440/output_99.cnf: c total solving time: 2.235595464706421 c number of splits: 1231 s SATISFIABLE v 1 -2 -3 4 -5 6 7 -8 9 10 11 -12 13 14 15 -16 17 -18 -19 20 21 22 -23 -24 25 -26 27 28 -29 30 31 32 33 34 -35 -36 -37 -38 -39 40 41 42 43 -44 45 -46 47 -48 -49 50 -51 52 53 -54 55 56 57 58 -59 60 -61 -62 -63 64 -65 -66 -67 68 69 -70 -71 72 73 74 75 76 -77 78 79 -80 -81 -82 83 -84 -85 -86 -87 88 89 90 91 -92 93 94 -95 96 97 98 -99 100 0
Total solving time: 183.137998104095459043
Median solving time: 1.94
Total number of splits: 100778
Median number of splits: 1061.00
Number of satisfiable: 27
