100-480/output_0.cnf: c total solving time: 1.4033150672912598 c number of splits: 647 s UNSATISFIABLE
100-480/output_1.cnf: c total solving time: 2.274488687515259 c number of splits: 1071 s UNSATISFIABLE
100-480/output_10.cnf: c total solving time: 1.2819135189056396 c number of splits: 587 s UNSATISFIABLE
100-480/output_11.cnf: c total solving time: 0.8194217681884766 c number of splits: 363 s UNSATISFIABLE
100-480/output_12.cnf: c total solving time: 1.029764175415039 c number of splits: 489 s UNSATISFIABLE
100-480/output_13.cnf: c total solving time: 2.1632609367370605 c number of splits: 1029 s UNSATISFIABLE
100-480/output_14.cnf: c total solving time: 0.6645193099975586 c number of splits: 305 s UNSATISFIABLE
100-480/output_15.cnf: c total solving time: 1.6561684608459473 c number of splits: 789 s UNSATISFIABLE
100-480/output_16.cnf: c total solving time: 2.3464386463165283 c number of splits: 1147 s UNSATISFIABLE
100-480/output_17.cnf: c total solving time: 1.7378778457641602 c number of splits: 801 s UNSATISFIABLE
100-480/output_18.cnf: c total solving time: 2.3759498596191406 c number of splits: 1151 s UNSATISFIABLE
100-480/output_19.cnf: c total solving time: 1.129307508468628 c number of splits: 517 s UNSATISFIABLE
100-480/output_2.cnf: c total solving time: 0.9702887535095215 c number of splits: 449 s UNSATISFIABLE
100-480/output_20.cnf: c total solving time: 1.450052261352539 c number of splits: 699 s UNSATISFIABLE
100-480/output_21.cnf: c total solving time: 2.0345866680145264 c number of splits: 975 s UNSATISFIABLE
100-480/output_22.cnf: c total solving time: 3.0888750553131104 c number of splits: 1461 s UNSATISFIABLE
100-480/output_23.cnf: c total solving time: 0.2002568244934082 c number of splits: 105 s SATISFIABLE v -1 -2 3 -4 5 6 7 8 -9 -10 -11 -12 -13 14 -15 16 17 18 -19 20 -21 -22 -23 24 -25 -26 -27 28 -29 30 31 32 -33 34 35 -36 -37 -38 -39 40 -41 -42 43 44 45 46 -47 -48 49 50 -51 -52 -53 54 -55 -56 -57 -58 59 -60 -61 -62 -63 64 65 -66 67 -68 -69 70 71 72 -73 74 75 76 77 78 79 80 -81 -82 -83 -84 85 -86 -87 88 -89 90 -91 92 93 94 -95 96 -97 98 -99 100 0
100-480/output_24.cnf: c total solving time: 1.1093308925628662 c number of splits: 521 s UNSATISFIABLE
100-480/output_25.cnf: c total solving time: 1.4060983657836914 c number of splits: 675 s UNSATISFIABLE
100-480/output_26.cnf: c total solving time: 1.0351083278656006 c number of splits: 493 s UNSATISFIABLE
100-480/output_27.cnf: c total solving time: 1.7366328239440918 c number of splits: 817 s UNSATISFIABLE
100-480/output_28.cnf: c total solving time: 1.3112096786499023 c number of splits: 617 s UNSATISFIABLE
100-480/output_29.cnf: c total solving time: 2.740103244781494 c number of splits: 1337 s UNSATISFIABLE
100-480/output_3.cnf: c total solving time: 0.9214415550231934 c number of splits: 411 s UNSATISFIABLE
100-480/output_30.cnf: c total solving time: 1.837080478668213 c number of splits: 887 s UNSATISFIABLE
100-480/output_31.cnf: c total solving time: 1.5201301574707031 c number of splits: 725 s UNSATISFIABLE
100-480/output_32.cnf: c total solving time: 2.59061861038208 c number of splits: 1249 s UNSATISFIABLE
100-480/output_33.cnf: c total solving time: 1.6256036758422852 c number of splits: 769 s UNSATISFIABLE
100-480/output_34.cnf: c total solving time: 1.5083248615264893 c number of splits: 721 s UNSATISFIABLE
100-480/output_35.cnf: c total solving time: 2.7056965827941895 c number of splits: 1303 s UNSATISFIABLE
100-480/output_36.cnf: c total solving time: 1.4487133026123047 c number of splits: 709 s UNSATISFIABLE
100-480/output_37.cnf: c total solving time: 2.273876428604126 c number of splits: 1071 s UNSATISFIABLE
100-480/output_38.cnf: c total solving time: 0.5932846069335938 c number of splits: 269 s UNSATISFIABLE
100-480/output_39.cnf: c total solving time: 1.8047752380371094 c number of splits: 851 s UNSATISFIABLE
100-480/output_4.cnf: c total solving time: 1.0708482265472412 c number of splits: 485 s UNSATISFIABLE
100-480/output_40.cnf: c total solving time: 1.4043858051300049 c number of splits: 643 s UNSATISFIABLE
100-480/output_41.cnf: c total solving time: 1.2339720726013184 c number of splits: 581 s UNSATISFIABLE
100-480/output_42.cnf: c total solving time: 4.4573447704315186 c number of splits: 2453 s UNSATISFIABLE
100-480/output_43.cnf: c total solving time: 0.7776446342468262 c number of splits: 355 s UNSATISFIABLE
100-480/output_44.cnf: c total solving time: 1.1076664924621582 c number of splits: 495 s UNSATISFIABLE
100-480/output_45.cnf: c total solving time: 1.663027286529541 c number of splits: 795 s UNSATISFIABLE
100-480/output_46.cnf: c total solving time: 0.7294361591339111 c number of splits: 337 s UNSATISFIABLE
100-480/output_47.cnf: c total solving time: 1.8466236591339111 c number of splits: 937 s UNSATISFIABLE
100-480/output_48.cnf: c total solving time: 1.8225536346435547 c number of splits: 853 s UNSATISFIABLE
100-480/output_49.cnf: c total solving time: 1.6636087894439697 c number of splits: 787 s UNSATISFIABLE
100-480/output_5.cnf: c total solving time: 0.9115095138549805 c number of splits: 431 s UNSATISFIABLE
100-480/output_50.cnf: c total solving time: 1.4535815715789795 c number of splits: 651 s UNSATISFIABLE
100-480/output_51.cnf: c total solving time: 1.5757629871368408 c number of splits: 813 s UNSATISFIABLE
100-480/output_52.cnf: c total solving time: 1.3665778636932373 c number of splits: 639 s UNSATISFIABLE
100-480/output_53.cnf: c total solving time: 2.452561140060425 c number of splits: 1183 s UNSATISFIABLE
100-480/output_54.cnf: c total solving time: 2.3398759365081787 c number of splits: 1107 s UNSATISFIABLE
100-480/output_55.cnf: c total solving time: 1.468733787536621 c number of splits: 669 s UNSATISFIABLE
100-480/output_56.cnf: c total solving time: 1.1344997882843018 c number of splits: 575 s UNSATISFIABLE
100-480/output_57.cnf: c total solving time: 1.2364749908447266 c number of splits: 565 s UNSATISFIABLE
100-480/output_58.cnf: c total solving time: 0.6036980152130127 c number of splits: 259 s UNSATISFIABLE
100-480/output_59.cnf: c total solving time: 1.322598934173584 c number of splits: 633 s UNSATISFIABLE
100-480/output_6.cnf: c total solving time: 1.3573598861694336 c number of splits: 599 s UNSATISFIABLE
100-480/output_60.cnf: c total solving time: 1.1998558044433594 c number of splits: 541 s UNSATISFIABLE
100-480/output_61.cnf: c total solving time: 2.2860958576202393 c number of splits: 1047 s UNSATISFIABLE
100-480/output_62.cnf: c total solving time: 1.7952802181243896 c number of splits: 867 s UNSATISFIABLE
100-480/output_63.cnf: c total solving time: 1.0301425457000732 c number of splits: 473 s UNSATISFIABLE
100-480/output_64.cnf: c total solving time: 1.684701681137085 c number of splits: 801 s UNSATISFIABLE
100-480/output_65.cnf: c total solving time: 1.7777495384216309 c number of splits: 835 s UNSATISFIABLE
100-480/output_66.cnf: c total solving time: 2.8808627128601074 c number of splits: 1509 s SATISFIABLE v -1 2 3 4 5 6 7 -8 9 -10 -11 -12 13 14 -15 16 -17 -18 19 -20 -21 -22 23 -24 -25 26 -27 28 29 30 31 32 -33 -34 35 36 37 38 -39 40 41 42 -43 44 -45 -46 -47 -48 -49 50 -51 52 -53 54 55 56 57 -58 -59 -60 -61 62 63 64 -65 66 67 68 -69 70 -71 -72 73 74 75 -76 77 -78 79 80 -81 82 -83 84 -85 86 87 -88 -89 90 -91 -92 -93 -94 95 -96 97 -98 99 -100 0
100-480/output_67.cnf: c total solving time: 1.6295018196105957 c number of splits: 787 s UNSATISFIABLE
100-480/output_68.cnf: c total solving time: 1.717942237854004 c number of splits: 847 s UNSATISFIABLE
100-480/output_69.cnf: c total solving time: 1.06418776512146 c number of splits: 485 s UNSATISFIABLE
100-480/output_7.cnf: c total solving time: 2.8786709308624268 c number of splits: 1341 s UNSATISFIABLE
100-480/output_70.cnf: c total solving time: 1.6229345798492432 c number of splits: 751 s UNSATISFIABLE
100-480/output_71.cnf: c total solving time: 1.4008376598358154 c number of splits: 655 s UNSATISFIABLE
100-480/output_72.cnf: c total solving time: 1.110487461090088 c number of splits: 527 s UNSATISFIABLE
100-480/output_73.cnf: c total solving time: 1.6152856349945068 c number of splits: 725 s UNSATISFIABLE
100-480/output_74.cnf: c total solving time: 1.8895978927612305 c number of splits: 849 s UNSATISFIABLE
100-480/output_75.cnf: c total solving time: 1.5069773197174072 c number of splits: 739 s UNSATISFIABLE
100-480/output_76.cnf: c total solving time: 1.3410618305206299 c number of splits: 619 s UNSATISFIABLE
100-480/output_77.cnf: c total solving time: 1.2892894744873047 c number of splits: 599 s UNSATISFIABLE
100-480/output_78.cnf: c total solving time: 2.2003026008605957 c number of splits: 1065 s UNSATISFIABLE
100-480/output_79.cnf: c total solving time: 0.9188268184661865 c number of splits: 405 s UNSATISFIABLE
100-480/output_8.cnf: c total solving time: 1.9039726257324219 c number of splits: 909 s UNSATISFIABLE
100-480/output_80.cnf: c total solving time: 1.282799243927002 c number of splits: 631 s UNSATISFIABLE
100-480/output_81.cnf: c total solving time: 2.576707601547241 c number of splits: 1259 s UNSATISFIABLE
100-480/output_82.cnf: c total solving time: 2.240644931793213 c number of splits: 1075 s UNSATISFIABLE
100-480/output_83.cnf: c total solving time: 1.3012433052062988 c number of splits: 585 s UNSATISFIABLE
100-480/output_84.cnf: c total solving time: 1.8904039859771729 c number of splits: 905 s UNSATISFIABLE
100-480/output_85.cnf: c total solving time: 1.5860059261322021 c number of splits: 763 s UNSATISFIABLE
100-480/output_86.cnf: c total solving time: 1.0516018867492676 c number of splits: 493 s UNSATISFIABLE
100-480/output_87.cnf: c total solving time: 2.082148790359497 c number of splits: 1025 s UNSATISFIABLE
100-480/output_88.cnf: c total solving time: 2.0101640224456787 c number of splits: 989 s UNSATISFIABLE
100-480/output_89.cnf: c total solving time: 1.6175224781036377 c number of splits: 749 s UNSATISFIABLE
100-480/output_9.cnf: c total solving time: 0.42487192153930664 c number of splits: 249 s SATISFIABLE v 1 -2 3 4 5 6 -7 8 -9 -10 11 12 -13 14 15 -16 17 -18 19 -20 -21 22 23 -24 25 26 -27 28 -29 30 -31 32 -33 -34 35 36 -37 38 39 -40 41 42 43 44 -45 -46 -47 -48 -49 50 -51 -52 53 54 -55 56 57 -58 59 60 -61 62 63 64 65 -66 -67 -68 -69 70 -71 -72 73 -74 -75 76 77 78 -79 -80 81 -82 -83 84 85 -86 -87 -88 89 90 -91 92 -93 94 -95 96 97 98 99 -100 0
100-480/output_90.cnf: c total solving time: 2.3307511806488037 c number of splits: 1105 s UNSATISFIABLE
100-480/output_91.cnf: c total solving time: 1.8712878227233887 c number of splits: 885 s UNSATISFIABLE
100-480/output_92.cnf: c total solving time: 2.588547945022583 c number of splits: 1223 s UNSATISFIABLE
100-480/output_93.cnf: c total solving time: 1.2103559970855713 c number of splits: 563 s UNSATISFIABLE
100-480/output_94.cnf: c total solving time: 1.6524157524108887 c number of splits: 751 s UNSATISFIABLE
100-480/output_95.cnf: c total solving time: 1.0557153224945068 c number of splits: 483 s UNSATISFIABLE
100-480/output_96.cnf: c total solving time: 1.5030083656311035 c number of splits: 729 s UNSATISFIABLE
100-480/output_97.cnf: c total solving time: 1.8199808597564697 c number of splits: 881 s UNSATISFIABLE
100-480/output_98.cnf: c total solving time: 1.9375510215759277 c number of splits: 895 s UNSATISFIABLE
100-480/output_99.cnf: c total solving time: 1.1627779006958008 c number of splits: 533 s UNSATISFIABLE
Total solving time: 161.73593139648437574
Median solving time: 1.54
Total number of splits: 77002
Median number of splits: 727.00
Number of satisfiable: 3
