c total solving time: 15.088107824325562 c number of splits: 4221 s UNSATISFIABLE
c total solving time: 18.02685785293579 c number of splits: 5083 s UNSATISFIABLE
c total solving time: 44.61880087852478 c number of splits: 12571 s UNSATISFIABLE
c total solving time: 49.3446581363678 c number of splits: 14381 s UNSATISFIABLE
c total solving time: 0.21631813049316406 c number of splits: 58 s SATISFIABLE v -1 2 3 4 5 -6 -7 -8 -9 -10 11 12 -13 -14 -15 16 17 18 19 20 -21 -22 -23 -24 25 -26 27 -28 -29 -30 31 -32 -33 -34 35 -36 -37 -38 39 40 41 -42 43 -44 45 46 -47 -48 49 50 -51 -52 53 54 55 56 57 -58 -59 60 61 -62 -63 -64 65 -66 -67 -68 69 -70 71 72 73 -74 75 -76 -77 78 -79 -80 81 82 83 -84 -85 86 -87 -88 89 90 91 -92 -93 94 95 -96 -97 -98 99 100 101 102 103 104 105 106 -107 108 109 110 111 112 -113 -114 -115 -116 -117 118 119 119 119 -120 121 -122 123 124 -125 126 127 128 -129 -130 131 -132 133 134 135 -136 137 -138 139 -140 141 142 -143 -144 -145 -146 147 148 -149 150 0
c total solving time: 74.14847540855408 c number of splits: 22711 s UNSATISFIABLE
c total solving time: 28.69983744621277 c number of splits: 7873 s UNSATISFIABLE
c total solving time: 31.76215934753418 c number of splits: 8881 s UNSATISFIABLE
c total solving time: 35.89353609085083 c number of splits: 9983 s UNSATISFIABLE
c total solving time: 26.583820104599 c number of splits: 7485 s UNSATISFIABLE
c total solving time: 64.88310432434082 c number of splits: 19473 s UNSATISFIABLE
c total solving time: 65.11258745193481 c number of splits: 19535 s UNSATISFIABLE
c total solving time: 19.941766262054443 c number of splits: 5537 s UNSATISFIABLE
c total solving time: 48.65832448005676 c number of splits: 14289 s UNSATISFIABLE
c total solving time: 15.594413995742798 c number of splits: 4225 s UNSATISFIABLE
c total solving time: 18.472244024276733 c number of splits: 5081 s UNSATISFIABLE
c total solving time: 44.08372640609741 c number of splits: 12977 s UNSATISFIABLE
c total solving time: 48.476871967315674 c number of splits: 14073 s UNSATISFIABLE
c total solving time: 9.22323226928711 c number of splits: 2391 s UNSATISFIABLE
c total solving time: 21.416683673858643 c number of splits: 5811 s UNSATISFIABLE
c total solving time: 27.17751407623291 c number of splits: 7701 s UNSATISFIABLE
c total solving time: 38.41359353065491 c number of splits: 10965 s UNSATISFIABLE
c total solving time: 20.769401788711548 c number of splits: 6067 s UNSATISFIABLE
c total solving time: 1.5600049495697021 c number of splits: 518 s SATISFIABLE v 1 -2 -3 4 -5 -6 7 -8 9 -10 -11 -12 -13 -14 -15 -16 -17 18 19 -20 21 -22 -23 24 -25 -26 -27 -28 -29 -30 31 -32 33 -34 -35 36 -37 38 -39 40 40 40 40 -41 -42 -43 44 45 -46 -47 48 -49 50 51 -52 53 54 -55 -56 57 -58 59 -60 61 62 63 -64 65 66 -67 68 69 -70 71 72 -73 74 -75 76 -77 -78 79 -80 81 -82 -83 84 -85 -86 -87 -88 89 90 -91 -92 -93 -94 95 -96 97 -98 -99 -100 -101 -102 -103 -104 105 -106 107 108 109 110 111 112 -113 114 -115 116 -117 -118 119 -120 -121 -122 123 124 -125 126 -127 -128 129 130 -131 -132 133 134 -135 -136 -137 138 139 -140 141 -142 143 144 145 146 -147 148 -149 -150 0
c total solving time: 11.874663829803467 c number of splits: 3365 s UNSATISFIABLE
c total solving time: 38.83419060707092 c number of splits: 11257 s UNSATISFIABLE
c total solving time: 51.1684205532074 c number of splits: 14917 s UNSATISFIABLE
c total solving time: 26.95893406867981 c number of splits: 7235 s UNSATISFIABLE
c total solving time: 32.641836404800415 c number of splits: 9509 s UNSATISFIABLE
c total solving time: 55.453932762145996 c number of splits: 16523 s UNSATISFIABLE
c total solving time: 12.912288427352905 c number of splits: 3511 s UNSATISFIABLE
c total solving time: 21.050425052642822 c number of splits: 5717 s UNSATISFIABLE
c total solving time: 34.0285370349884 c number of splits: 9585 s UNSATISFIABLE
c total solving time: 29.343936681747437 c number of splits: 8343 s UNSATISFIABLE
c total solving time: 13.253867864608765 c number of splits: 3543 s UNSATISFIABLE
c total solving time: 55.31736636161804 c number of splits: 15817 s UNSATISFIABLE
c total solving time: 8.32697868347168 c number of splits: 2317 s UNSATISFIABLE
c total solving time: 51.900177240371704 c number of splits: 15573 s UNSATISFIABLE
c total solving time: 31.30821132659912 c number of splits: 8601 s UNSATISFIABLE
c total solving time: 15.82123351097107 c number of splits: 4219 s UNSATISFIABLE
c total solving time: 38.590389251708984 c number of splits: 10769 s UNSATISFIABLE
c total solving time: 36.141990661621094 c number of splits: 9905 s UNSATISFIABLE
c total solving time: 31.744927406311035 c number of splits: 8969 s UNSATISFIABLE
c total solving time: 26.569453954696655 c number of splits: 7571 s UNSATISFIABLE
c total solving time: 9.024221420288086 c number of splits: 2411 s UNSATISFIABLE
c total solving time: 38.32284593582153 c number of splits: 10791 s UNSATISFIABLE
c total solving time: 33.804150342941284 c number of splits: 9259 s UNSATISFIABLE
c total solving time: 45.51387047767639 c number of splits: 12547 s UNSATISFIABLE
c total solving time: 49.62625598907471 c number of splits: 14631 s UNSATISFIABLE
c total solving time: 43.2443265914917 c number of splits: 12067 s UNSATISFIABLE
c total solving time: 22.833175659179688 c number of splits: 6269 s UNSATISFIABLE
c total solving time: 24.4106547832489 c number of splits: 7011 s UNSATISFIABLE
c total solving time: 39.29651355743408 c number of splits: 11391 s UNSATISFIABLE
c total solving time: 31.33080220222473 c number of splits: 8735 s UNSATISFIABLE
c total solving time: 46.69136905670166 c number of splits: 13341 s UNSATISFIABLE
c total solving time: 25.538140296936035 c number of splits: 7129 s UNSATISFIABLE
c total solving time: 57.11617136001587 c number of splits: 16345 s UNSATISFIABLE
c total solving time: 20.69236946105957 c number of splits: 5707 s UNSATISFIABLE
c total solving time: 31.602881908416748 c number of splits: 9073 s UNSATISFIABLE
c total solving time: 51.31171464920044 c number of splits: 14957 s UNSATISFIABLE
c total solving time: 22.918854475021362 c number of splits: 6539 s UNSATISFIABLE
c total solving time: 50.76200318336487 c number of splits: 14281 s UNSATISFIABLE
c total solving time: 14.338839054107666 c number of splits: 3899 s UNSATISFIABLE
c total solving time: 2.243943214416504 c number of splits: 732 s SATISFIABLE v 1 2 3 4 5 -6 -7 -8 9 10 11 -12 -13 -14 15 16 17 18 -19 20 21 22 23 -24 -25 -26 -27 -28 -29 30 -31 32 33 34 35 -36 37 -38 -39 40 -41 42 -43 -44 -45 -46 -47 48 -49 -50 51 52 53 54 -55 56 -57 -58 59 -60 -61 -62 -63 64 -65 66 -67 68 -69 70 71 72 -73 -74 -75 76 -77 78 -79 80 -81 -82 83 -84 -85 86 87 88 -89 90 91 -92 -93 -94 95 -96 -97 98 99 -100 -101 102 103 104 105 -106 107 -108 109 110 -111 112 -113 114 -115 116 -117 -118 119 -120 121 -122 123 124 125 -126 127 -128 -129 -130 -131 -132 133 134 135 136 137 -138 -139 140 141 142 143 144 145 146 -147 148 -149 -150 0
c total solving time: 26.878580570220947 c number of splits: 7675 s UNSATISFIABLE
c total solving time: 39.22009229660034 c number of splits: 10813 s UNSATISFIABLE
c total solving time: 62.2747106552124 c number of splits: 18379 s UNSATISFIABLE
c total solving time: 39.28208947181702 c number of splits: 10941 s UNSATISFIABLE
c total solving time: 29.691620111465454 c number of splits: 8651 s UNSATISFIABLE
c total solving time: 34.495885133743286 c number of splits: 9849 s UNSATISFIABLE
c total solving time: 90.73151302337646 c number of splits: 26541 s UNSATISFIABLE
c total solving time: 14.560428619384766 c number of splits: 4192 s SATISFIABLE v 1 -2 -3 -4 5 -6 7 8 -9 10 11 12 -13 -14 15 16 17 18 19 -20 -21 -22 -23 -24 25 26 27 28 29 30 -31 -32 -33 34 -35 -36 -37 38 -39 40 41 -42 43 -44 45 -46 -47 48 49 -50 51 -52 53 -54 55 56 -57 -58 59 60 -61 62 -63 64 65 -66 67 -68 -69 70 71 72 73 74 -75 -76 77 78 79 80 -81 82 83 84 85 86 87 -88 -89 -90 -91 -92 93 94 -95 -96 97 -98 -99 100 -101 102 -103 -104 105 106 -107 -108 109 -110 111 112 113 114 115 116 -117 118 -119 120 -121 122 -123 124 125 126 -127 128 129 130 131 132 -133 -134 -135 -136 137 -138 139 140 -141 142 -143 -144 -145 146 147 -148 -149 -150 0
c total solving time: 13.530734300613403 c number of splits: 3773 s UNSATISFIABLE
c total solving time: 59.927804946899414 c number of splits: 17237 s UNSATISFIABLE
c total solving time: 38.5373649597168 c number of splits: 10955 s UNSATISFIABLE
c total solving time: 23.91731071472168 c number of splits: 6635 s UNSATISFIABLE
c total solving time: 0.9122762680053711 c number of splits: 278 s SATISFIABLE v -1 -2 3 4 -5 -6 7 8 -9 -10 11 -12 -13 -14 -15 -16 17 18 19 -20 -21 -22 23 24 25 26 -27 -28 29 30 31 -32 33 -34 -35 36 -37 -38 39 40 41 -42 -43 -44 45 -46 47 48 -49 -50 51 52 53 54 55 -56 57 58 59 60 61 -62 -63 -64 65 -66 67 -68 -69 -70 -71 -72 73 74 -75 -76 -77 78 -79 -80 -81 82 -83 84 -85 -86 87 88 -89 90 91 -92 -93 94 -95 -96 -97 -98 -99 -100 -101 -102 -103 104 105 -106 -107 -108 109 -110 -111 -112 113 -114 115 116 117 -118 -119 120 -121 122 -123 -124 125 -126 -127 -128 -129 130 -131 132 133 134 135 -136 -137 -138 -139 140 -141 142 143 144 -145 -146 -147 -148 149 150 0
c total solving time: 25.23741602897644 c number of splits: 6785 s UNSATISFIABLE
c total solving time: 44.160327672958374 c number of splits: 12543 s UNSATISFIABLE
c total solving time: 45.424309730529785 c number of splits: 13249 s UNSATISFIABLE
c total solving time: 30.56963348388672 c number of splits: 8549 s UNSATISFIABLE
c total solving time: 19.005403518676758 c number of splits: 5481 s UNSATISFIABLE
c total solving time: 27.46712565422058 c number of splits: 7819 s UNSATISFIABLE
c total solving time: 17.292356967926025 c number of splits: 5517 s SATISFIABLE v 1 -2 -3 4 4 5 -6 7 8 9 -10 -11 12 13 -14 15 16 -17 -18 19 20 -21 22 23 -24 -25 26 -27 -28 29 30 31 32 33 -34 -35 -36 37 -38 -39 -40 -41 -42 -43 44 45 -46 47 -48 -49 -50 51 -52 53 54 -55 56 -57 -58 59 59 -60 61 -62 63 64 65 -66 67 -68 -69 -70 -71 72 73 74 75 -76 77 -78 -79 -80 81 82 -83 84 -85 86 -87 88 -89 90 91 92 93 -94 -95 -96 -97 -98 99 -100 -101 102 -103 -104 105 -106 107 108 -109 -110 111 112 -113 -114 -115 -116 -117 -118 119 -120 121 -122 -123 124 125 -126 127 128 -129 130 -131 -132 133 -134 135 -136 -137 138 -139 -140 141 142 -143 144 -145 -146 -147 148 -149 150 0
c total solving time: 83.80043125152588 c number of splits: 26099 s UNSATISFIABLE
c total solving time: 42.448514223098755 c number of splits: 12425 s UNSATISFIABLE
c total solving time: 22.928335666656494 c number of splits: 6221 s UNSATISFIABLE
c total solving time: 50.41519904136658 c number of splits: 14647 s UNSATISFIABLE
c total solving time: 12.496968746185303 c number of splits: 3337 s UNSATISFIABLE
c total solving time: 65.3196120262146 c number of splits: 18771 s UNSATISFIABLE
c total solving time: 25.1833074092865 c number of splits: 7051 s UNSATISFIABLE
c total solving time: 52.334023237228394 c number of splits: 14561 s UNSATISFIABLE
c total solving time: 32.80096364021301 c number of splits: 9495 s UNSATISFIABLE
c total solving time: 48.32228136062622 c number of splits: 13339 s UNSATISFIABLE
c total solving time: 88.86857032775879 c number of splits: 27415 s UNSATISFIABLE
c total solving time: 0.11308979988098145 c number of splits: 36 s SATISFIABLE v -1 -2 3 -4 5 6 -7 8 9 -10 -11 -12 -13 -14 -15 16 -17 18 -19 -20 -21 22 -23 24 25 26 -27 28 29 30 31 32 -33 -34 35 -36 37 38 39 -40 -41 -42 43 44 -45 46 -47 48 49 -50 -51 52 -53 -54 -55 56 -57 58 59 -60 -61 -62 -63 64 -65 66 -67 -68 -69 70 -71 72 -73 -74 75 76 -77 -78 -79 -80 -81 -82 83 -84 85 -86 87 -88 89 90 -91 92 93 94 -95 96 -97 98 99 -100 101 102 103 104 -105 106 107 -108 109 -110 -111 112 -113 -114 -115 116 117 118 -119 -120 121 -122 -123 -124 -125 126 127 -128 -129 130 131 132 -133 -134 135 -136 137 -138 -139 140 141 142 143 -144 145 146 -147 148 149 150 0
c total solving time: 29.864547729492188 c number of splits: 8203 s UNSATISFIABLE
c total solving time: 11.655918836593628 c number of splits: 3113 s UNSATISFIABLE
c total solving time: 29.22229290008545 c number of splits: 7865 s UNSATISFIABLE
c total solving time: 24.30975580215454 c number of splits: 6631 s UNSATISFIABLE
Total solving time: 3355.23170185089110571
Median solving time: 31.31
Total number of splits: 961322
Median number of splits: 8626.00
Number of satisfiable: 7
