c total solving time: 10.899978876113892 c number of splits: 2567 s UNSATISFIABLE
c total solving time: 7.740926742553711 c number of splits: 1741 s UNSATISFIABLE
c total solving time: 17.56014847755432 c number of splits: 3993 s UNSATISFIABLE
c total solving time: 16.371943473815918 c number of splits: 3619 s UNSATISFIABLE
c total solving time: 18.38061809539795 c number of splits: 4053 s UNSATISFIABLE
c total solving time: 18.891505479812622 c number of splits: 4275 s UNSATISFIABLE
c total solving time: 15.958462476730347 c number of splits: 3633 s UNSATISFIABLE
c total solving time: 14.039255380630493 c number of splits: 3201 s UNSATISFIABLE
c total solving time: 7.194371938705444 c number of splits: 1615 s UNSATISFIABLE
c total solving time: 10.442987203598022 c number of splits: 2305 s UNSATISFIABLE
c total solving time: 26.569113969802856 c number of splits: 6191 s UNSATISFIABLE
c total solving time: 11.434191226959229 c number of splits: 2575 s UNSATISFIABLE
c total solving time: 15.585012197494507 c number of splits: 3509 s UNSATISFIABLE
c total solving time: 22.073040008544922 c number of splits: 5141 s UNSATISFIABLE
c total solving time: 10.064552068710327 c number of splits: 2277 s UNSATISFIABLE
c total solving time: 9.879611015319824 c number of splits: 2199 s UNSATISFIABLE
c total solving time: 22.109636306762695 c number of splits: 5151 s UNSATISFIABLE
c total solving time: 20.758821487426758 c number of splits: 4885 s UNSATISFIABLE
c total solving time: 10.82378101348877 c number of splits: 2453 s UNSATISFIABLE
c total solving time: 22.237048149108887 c number of splits: 5065 s UNSATISFIABLE
c total solving time: 15.401074409484863 c number of splits: 3569 s UNSATISFIABLE
c total solving time: 25.350211143493652 c number of splits: 5781 s UNSATISFIABLE
c total solving time: 21.510855436325073 c number of splits: 4897 s UNSATISFIABLE
c total solving time: 11.928674936294556 c number of splits: 2617 s UNSATISFIABLE
c total solving time: 16.38873291015625 c number of splits: 3761 s UNSATISFIABLE
c total solving time: 17.453010082244873 c number of splits: 3921 s UNSATISFIABLE
c total solving time: 14.737873792648315 c number of splits: 3281 s UNSATISFIABLE
c total solving time: 19.327091455459595 c number of splits: 4381 s UNSATISFIABLE
c total solving time: 12.850363969802856 c number of splits: 2875 s UNSATISFIABLE
c total solving time: 17.209702253341675 c number of splits: 3871 s UNSATISFIABLE
c total solving time: 29.859420776367188 c number of splits: 6793 s UNSATISFIABLE
c total solving time: 24.474916219711304 c number of splits: 5535 s UNSATISFIABLE
c total solving time: 6.67097806930542 c number of splits: 1463 s UNSATISFIABLE
c total solving time: 15.675765991210938 c number of splits: 3473 s UNSATISFIABLE
c total solving time: 17.562134265899658 c number of splits: 4089 s UNSATISFIABLE
c total solving time: 23.1576566696167 c number of splits: 5615 s UNSATISFIABLE
c total solving time: 19.806020259857178 c number of splits: 4411 s UNSATISFIABLE
c total solving time: 23.037705898284912 c number of splits: 5171 s UNSATISFIABLE
c total solving time: 24.815514087677002 c number of splits: 5755 s UNSATISFIABLE
c total solving time: 14.643795490264893 c number of splits: 3341 s UNSATISFIABLE
c total solving time: 12.692262411117554 c number of splits: 2895 s UNSATISFIABLE
c total solving time: 18.34172224998474 c number of splits: 4207 s UNSATISFIABLE
c total solving time: 19.362868070602417 c number of splits: 4323 s UNSATISFIABLE
c total solving time: 8.67944073677063 c number of splits: 1873 s UNSATISFIABLE
c total solving time: 4.134969234466553 c number of splits: 909 s UNSATISFIABLE
c total solving time: 11.67959451675415 c number of splits: 2633 s UNSATISFIABLE
c total solving time: 13.94298267364502 c number of splits: 3137 s UNSATISFIABLE
c total solving time: 24.25882577896118 c number of splits: 5533 s UNSATISFIABLE
c total solving time: 22.59333300590515 c number of splits: 4987 s UNSATISFIABLE
c total solving time: 12.128204107284546 c number of splits: 2769 s UNSATISFIABLE
c total solving time: 15.715857028961182 c number of splits: 3605 s UNSATISFIABLE
c total solving time: 21.749883890151978 c number of splits: 4815 s UNSATISFIABLE
c total solving time: 4.903684854507446 c number of splits: 1105 s UNSATISFIABLE
c total solving time: 27.801954746246338 c number of splits: 6539 s UNSATISFIABLE
c total solving time: 10.243632316589355 c number of splits: 2331 s UNSATISFIABLE
c total solving time: 30.260377168655396 c number of splits: 7231 s UNSATISFIABLE
c total solving time: 13.675107717514038 c number of splits: 2969 s UNSATISFIABLE
c total solving time: 9.329398393630981 c number of splits: 2093 s UNSATISFIABLE
c total solving time: 23.07806706428528 c number of splits: 5253 s UNSATISFIABLE
c total solving time: 28.032335996627808 c number of splits: 6561 s UNSATISFIABLE
c total solving time: 13.294271230697632 c number of splits: 3019 s UNSATISFIABLE
c total solving time: 6.827450513839722 c number of splits: 1545 s UNSATISFIABLE
c total solving time: 11.580273151397705 c number of splits: 2577 s UNSATISFIABLE
c total solving time: 8.671797752380371 c number of splits: 1939 s UNSATISFIABLE
c total solving time: 16.39603543281555 c number of splits: 3713 s UNSATISFIABLE
c total solving time: 13.158026695251465 c number of splits: 2939 s UNSATISFIABLE
c total solving time: 18.812678575515747 c number of splits: 4289 s UNSATISFIABLE
c total solving time: 21.69356608390808 c number of splits: 5001 s UNSATISFIABLE
c total solving time: 7.821186065673828 c number of splits: 1749 s UNSATISFIABLE
c total solving time: 28.785091400146484 c number of splits: 6757 s UNSATISFIABLE
c total solving time: 19.11538815498352 c number of splits: 4423 s UNSATISFIABLE
c total solving time: 33.87801241874695 c number of splits: 7947 s UNSATISFIABLE
c total solving time: 11.433863401412964 c number of splits: 2707 s UNSATISFIABLE
c total solving time: 15.351048946380615 c number of splits: 3447 s UNSATISFIABLE
c total solving time: 21.366610527038574 c number of splits: 4869 s UNSATISFIABLE
c total solving time: 7.665392875671387 c number of splits: 1667 s UNSATISFIABLE
c total solving time: 26.22942066192627 c number of splits: 6101 s UNSATISFIABLE
c total solving time: 20.30541229248047 c number of splits: 4617 s UNSATISFIABLE
c total solving time: 17.48434543609619 c number of splits: 4019 s UNSATISFIABLE
c total solving time: 14.837514162063599 c number of splits: 3327 s UNSATISFIABLE
c total solving time: 13.816162586212158 c number of splits: 3171 s UNSATISFIABLE
c total solving time: 17.25859260559082 c number of splits: 4127 s UNSATISFIABLE
c total solving time: 14.931320428848267 c number of splits: 3445 s UNSATISFIABLE
c total solving time: 7.063481569290161 c number of splits: 1539 s UNSATISFIABLE
c total solving time: 6.992117643356323 c number of splits: 1577 s UNSATISFIABLE
c total solving time: 16.24225378036499 c number of splits: 3671 s UNSATISFIABLE
c total solving time: 22.87339496612549 c number of splits: 5181 s UNSATISFIABLE
c total solving time: 17.328981637954712 c number of splits: 3931 s UNSATISFIABLE
c total solving time: 24.8640398979187 c number of splits: 5809 s UNSATISFIABLE
c total solving time: 19.81177830696106 c number of splits: 4537 s UNSATISFIABLE
c total solving time: 14.40641713142395 c number of splits: 3109 s UNSATISFIABLE
c total solving time: 17.662925720214844 c number of splits: 4095 s UNSATISFIABLE
c total solving time: 17.760900735855103 c number of splits: 4183 s UNSATISFIABLE
c total solving time: 23.587680339813232 c number of splits: 5487 s UNSATISFIABLE
c total solving time: 19.974873781204224 c number of splits: 4553 s UNSATISFIABLE
c total solving time: 13.426477670669556 c number of splits: 2965 s UNSATISFIABLE
c total solving time: 16.948219060897827 c number of splits: 3953 s UNSATISFIABLE
c total solving time: 6.817118406295776 c number of splits: 1561 s UNSATISFIABLE
c total solving time: 11.26508378982544 c number of splits: 2573 s UNSATISFIABLE
c total solving time: 20.06054663658142 c number of splits: 4553 s UNSATISFIABLE
Total solving time: 1671.280758142471313
Median solving time: 16.39
Total number of splits: 381488
Median number of splits: 3737.00
Number of satisfiable: 0
