150-840/output_0.cnf: c total solving time: 9.483161687850952 c number of splits: 2115 s UNSATISFIABLE
150-840/output_1.cnf: c total solving time: 15.341620206832886 c number of splits: 3301 s UNSATISFIABLE
150-840/output_10.cnf: c total solving time: 7.556325197219849 c number of splits: 1617 s UNSATISFIABLE
150-840/output_11.cnf: c total solving time: 7.463345050811768 c number of splits: 1629 s UNSATISFIABLE
150-840/output_12.cnf: c total solving time: 10.295605897903442 c number of splits: 2293 s UNSATISFIABLE
150-840/output_13.cnf: c total solving time: 9.210694789886475 c number of splits: 2031 s UNSATISFIABLE
150-840/output_14.cnf: c total solving time: 8.957390308380127 c number of splits: 1987 s UNSATISFIABLE
150-840/output_15.cnf: c total solving time: 7.349083662033081 c number of splits: 1635 s UNSATISFIABLE
150-840/output_16.cnf: c total solving time: 5.772376298904419 c number of splits: 1183 s UNSATISFIABLE
150-840/output_17.cnf: c total solving time: 6.658933877944946 c number of splits: 1391 s UNSATISFIABLE
150-840/output_18.cnf: c total solving time: 7.851979494094849 c number of splits: 1681 s UNSATISFIABLE
150-840/output_19.cnf: c total solving time: 9.232195854187012 c number of splits: 2123 s UNSATISFIABLE
150-840/output_2.cnf: c total solving time: 7.692461967468262 c number of splits: 1627 s UNSATISFIABLE
150-840/output_20.cnf: c total solving time: 10.765906572341919 c number of splits: 2367 s UNSATISFIABLE
150-840/output_21.cnf: c total solving time: 6.623441696166992 c number of splits: 1445 s UNSATISFIABLE
150-840/output_22.cnf: c total solving time: 4.079766035079956 c number of splits: 851 s UNSATISFIABLE
150-840/output_23.cnf: c total solving time: 8.320884704589844 c number of splits: 1787 s UNSATISFIABLE
150-840/output_24.cnf: c total solving time: 7.517608404159546 c number of splits: 1607 s UNSATISFIABLE
150-840/output_25.cnf: c total solving time: 8.84415888786316 c number of splits: 1883 s UNSATISFIABLE
150-840/output_26.cnf: c total solving time: 7.970060586929321 c number of splits: 1691 s UNSATISFIABLE
150-840/output_27.cnf: c total solving time: 5.920736312866211 c number of splits: 1243 s UNSATISFIABLE
150-840/output_28.cnf: c total solving time: 7.854193925857544 c number of splits: 1657 s UNSATISFIABLE
150-840/output_29.cnf: c total solving time: 11.319850206375122 c number of splits: 2451 s UNSATISFIABLE
150-840/output_3.cnf: c total solving time: 6.034058094024658 c number of splits: 1291 s UNSATISFIABLE
150-840/output_30.cnf: c total solving time: 6.187310218811035 c number of splits: 1315 s UNSATISFIABLE
150-840/output_31.cnf: c total solving time: 6.639135122299194 c number of splits: 1381 s UNSATISFIABLE
150-840/output_32.cnf: c total solving time: 9.245971202850342 c number of splits: 2055 s UNSATISFIABLE
150-840/output_33.cnf: c total solving time: 7.315320253372192 c number of splits: 1583 s UNSATISFIABLE
150-840/output_34.cnf: c total solving time: 6.17383885383606 c number of splits: 1365 s UNSATISFIABLE
150-840/output_35.cnf: c total solving time: 7.803050994873047 c number of splits: 1613 s UNSATISFIABLE
150-840/output_36.cnf: c total solving time: 6.671643018722534 c number of splits: 1447 s UNSATISFIABLE
150-840/output_37.cnf: c total solving time: 7.669683933258057 c number of splits: 1669 s UNSATISFIABLE
150-840/output_38.cnf: c total solving time: 10.95111346244812 c number of splits: 2441 s UNSATISFIABLE
150-840/output_39.cnf: c total solving time: 15.810624122619629 c number of splits: 3601 s UNSATISFIABLE
150-840/output_4.cnf: c total solving time: 7.685404062271118 c number of splits: 1675 s UNSATISFIABLE
150-840/output_40.cnf: c total solving time: 6.435576438903809 c number of splits: 1387 s UNSATISFIABLE
150-840/output_41.cnf: c total solving time: 13.153376817703247 c number of splits: 2987 s UNSATISFIABLE
150-840/output_42.cnf: c total solving time: 6.5582404136657715 c number of splits: 1403 s UNSATISFIABLE
150-840/output_43.cnf: c total solving time: 3.516813039779663 c number of splits: 767 s UNSATISFIABLE
150-840/output_44.cnf: c total solving time: 5.276163339614868 c number of splits: 1155 s UNSATISFIABLE
150-840/output_45.cnf: c total solving time: 10.493043899536133 c number of splits: 2291 s UNSATISFIABLE
150-840/output_46.cnf: c total solving time: 8.166976928710938 c number of splits: 1777 s UNSATISFIABLE
150-840/output_47.cnf: c total solving time: 11.001215696334839 c number of splits: 2477 s UNSATISFIABLE
150-840/output_48.cnf: c total solving time: 10.469552278518677 c number of splits: 2253 s UNSATISFIABLE
150-840/output_49.cnf: c total solving time: 10.398098468780518 c number of splits: 2239 s UNSATISFIABLE
150-840/output_5.cnf: c total solving time: 12.370320558547974 c number of splits: 2699 s UNSATISFIABLE
150-840/output_50.cnf: c total solving time: 6.676783084869385 c number of splits: 1483 s UNSATISFIABLE
150-840/output_51.cnf: c total solving time: 11.426493644714355 c number of splits: 2601 s UNSATISFIABLE
150-840/output_52.cnf: c total solving time: 8.045865058898926 c number of splits: 1733 s UNSATISFIABLE
150-840/output_53.cnf: c total solving time: 9.222946643829346 c number of splits: 2153 s UNSATISFIABLE
150-840/output_54.cnf: c total solving time: 8.767415761947632 c number of splits: 1929 s UNSATISFIABLE
150-840/output_55.cnf: c total solving time: 5.307616949081421 c number of splits: 1125 s UNSATISFIABLE
150-840/output_56.cnf: c total solving time: 10.472186088562012 c number of splits: 2273 s UNSATISFIABLE
150-840/output_57.cnf: c total solving time: 6.680640459060669 c number of splits: 1459 s UNSATISFIABLE
150-840/output_58.cnf: c total solving time: 10.686137437820435 c number of splits: 2341 s UNSATISFIABLE
150-840/output_59.cnf: c total solving time: 5.917807340621948 c number of splits: 1291 s UNSATISFIABLE
150-840/output_6.cnf: c total solving time: 8.749374628067017 c number of splits: 1999 s UNSATISFIABLE
150-840/output_60.cnf: c total solving time: 10.65048336982727 c number of splits: 2321 s UNSATISFIABLE
150-840/output_61.cnf: c total solving time: 4.369591951370239 c number of splits: 941 s UNSATISFIABLE
150-840/output_62.cnf: c total solving time: 10.012592077255249 c number of splits: 2155 s UNSATISFIABLE
150-840/output_63.cnf: c total solving time: 8.158250093460083 c number of splits: 1793 s UNSATISFIABLE
150-840/output_64.cnf: c total solving time: 7.161581039428711 c number of splits: 1543 s UNSATISFIABLE
150-840/output_65.cnf: c total solving time: 14.084246158599854 c number of splits: 3119 s UNSATISFIABLE
150-840/output_66.cnf: c total solving time: 9.16512155532837 c number of splits: 1983 s UNSATISFIABLE
150-840/output_67.cnf: c total solving time: 10.764642238616943 c number of splits: 2433 s UNSATISFIABLE
150-840/output_68.cnf: c total solving time: 8.72446084022522 c number of splits: 1937 s UNSATISFIABLE
150-840/output_69.cnf: c total solving time: 9.419053554534912 c number of splits: 2155 s UNSATISFIABLE
150-840/output_7.cnf: c total solving time: 5.044055223464966 c number of splits: 1051 s UNSATISFIABLE
150-840/output_70.cnf: c total solving time: 13.391350269317627 c number of splits: 2983 s UNSATISFIABLE
150-840/output_71.cnf: c total solving time: 8.536102533340454 c number of splits: 1861 s UNSATISFIABLE
150-840/output_72.cnf: c total solving time: 6.215214729309082 c number of splits: 1343 s UNSATISFIABLE
150-840/output_73.cnf: c total solving time: 6.01530909538269 c number of splits: 1303 s UNSATISFIABLE
150-840/output_74.cnf: c total solving time: 9.531805038452148 c number of splits: 2031 s UNSATISFIABLE
150-840/output_75.cnf: c total solving time: 6.566436052322388 c number of splits: 1391 s UNSATISFIABLE
150-840/output_76.cnf: c total solving time: 5.879552841186523 c number of splits: 1279 s UNSATISFIABLE
150-840/output_77.cnf: c total solving time: 6.401617050170898 c number of splits: 1393 s UNSATISFIABLE
150-840/output_78.cnf: c total solving time: 7.027485132217407 c number of splits: 1535 s UNSATISFIABLE
150-840/output_79.cnf: c total solving time: 9.755176544189453 c number of splits: 2109 s UNSATISFIABLE
150-840/output_8.cnf: c total solving time: 10.478452444076538 c number of splits: 2291 s UNSATISFIABLE
150-840/output_80.cnf: c total solving time: 7.09370493888855 c number of splits: 1471 s UNSATISFIABLE
150-840/output_81.cnf: c total solving time: 10.992327213287354 c number of splits: 2437 s UNSATISFIABLE
150-840/output_82.cnf: c total solving time: 6.444551706314087 c number of splits: 1399 s UNSATISFIABLE
150-840/output_83.cnf: c total solving time: 8.84582781791687 c number of splits: 1937 s UNSATISFIABLE
150-840/output_84.cnf: c total solving time: 10.492185592651367 c number of splits: 2311 s UNSATISFIABLE
150-840/output_85.cnf: c total solving time: 10.421029329299927 c number of splits: 2337 s UNSATISFIABLE
150-840/output_86.cnf: c total solving time: 4.804109573364258 c number of splits: 1037 s UNSATISFIABLE
150-840/output_87.cnf: c total solving time: 8.905206680297852 c number of splits: 1981 s UNSATISFIABLE
150-840/output_88.cnf: c total solving time: 5.7631471157073975 c number of splits: 1211 s UNSATISFIABLE
150-840/output_89.cnf: c total solving time: 5.33620285987854 c number of splits: 1169 s UNSATISFIABLE
150-840/output_9.cnf: c total solving time: 12.667874813079834 c number of splits: 2835 s UNSATISFIABLE
150-840/output_90.cnf: c total solving time: 11.125234842300415 c number of splits: 2541 s UNSATISFIABLE
150-840/output_91.cnf: c total solving time: 9.195435762405396 c number of splits: 2033 s UNSATISFIABLE
150-840/output_92.cnf: c total solving time: 7.691336154937744 c number of splits: 1687 s UNSATISFIABLE
150-840/output_93.cnf: c total solving time: 5.144114255905151 c number of splits: 1077 s UNSATISFIABLE
150-840/output_94.cnf: c total solving time: 6.412078142166138 c number of splits: 1363 s UNSATISFIABLE
150-840/output_95.cnf: c total solving time: 10.029865503311157 c number of splits: 2153 s UNSATISFIABLE
150-840/output_96.cnf: c total solving time: 3.9948010444641113 c number of splits: 835 s UNSATISFIABLE
150-840/output_97.cnf: c total solving time: 7.792532682418823 c number of splits: 1671 s UNSATISFIABLE
150-840/output_98.cnf: c total solving time: 4.734850883483887 c number of splits: 1001 s UNSATISFIABLE
150-840/output_99.cnf: c total solving time: 4.496381521224976 c number of splits: 943 s UNSATISFIABLE
Total solving time: 829.7969582080841123
Median solving time: 7.91
Total number of splits: 181232
Median number of splits: 1684.00
Number of satisfiable: 0
