c total solving time: 9.169403314590454 c number of splits: 1861 s UNSATISFIABLE
c total solving time: 13.441150426864624 c number of splits: 2741 s UNSATISFIABLE
c total solving time: 7.186498165130615 c number of splits: 1459 s UNSATISFIABLE
c total solving time: 10.773091793060303 c number of splits: 2185 s UNSATISFIABLE
c total solving time: 6.736345052719116 c number of splits: 1353 s UNSATISFIABLE
c total solving time: 9.172431945800781 c number of splits: 1803 s UNSATISFIABLE
c total solving time: 13.876094579696655 c number of splits: 2797 s UNSATISFIABLE
c total solving time: 10.39111590385437 c number of splits: 2137 s UNSATISFIABLE
c total solving time: 9.301156759262085 c number of splits: 1911 s UNSATISFIABLE
c total solving time: 10.52294659614563 c number of splits: 2209 s UNSATISFIABLE
c total solving time: 10.235337972640991 c number of splits: 2053 s UNSATISFIABLE
c total solving time: 7.225765943527222 c number of splits: 1473 s UNSATISFIABLE
c total solving time: 16.12355327606201 c number of splits: 3241 s UNSATISFIABLE
c total solving time: 7.839491605758667 c number of splits: 1527 s UNSATISFIABLE
c total solving time: 12.344567775726318 c number of splits: 2467 s UNSATISFIABLE
c total solving time: 15.890062808990479 c number of splits: 3271 s UNSATISFIABLE
c total solving time: 8.933870077133179 c number of splits: 1743 s UNSATISFIABLE
c total solving time: 10.765877962112427 c number of splits: 2053 s UNSATISFIABLE
c total solving time: 12.407501220703125 c number of splits: 2441 s UNSATISFIABLE
c total solving time: 9.101556777954102 c number of splits: 1815 s UNSATISFIABLE
c total solving time: 8.3086576461792 c number of splits: 1661 s UNSATISFIABLE
c total solving time: 6.098636865615845 c number of splits: 1211 s UNSATISFIABLE
c total solving time: 2.4050400257110596 c number of splits: 465 s UNSATISFIABLE
c total solving time: 11.056653499603271 c number of splits: 2255 s UNSATISFIABLE
c total solving time: 9.723644971847534 c number of splits: 1957 s UNSATISFIABLE
c total solving time: 13.681775331497192 c number of splits: 2815 s UNSATISFIABLE
c total solving time: 7.51220440864563 c number of splits: 1521 s UNSATISFIABLE
c total solving time: 10.187516689300537 c number of splits: 2009 s UNSATISFIABLE
c total solving time: 10.782636165618896 c number of splits: 2209 s UNSATISFIABLE
c total solving time: 16.34610390663147 c number of splits: 3459 s UNSATISFIABLE
c total solving time: 10.204782247543335 c number of splits: 2021 s UNSATISFIABLE
c total solving time: 7.2306907176971436 c number of splits: 1481 s UNSATISFIABLE
c total solving time: 17.311830520629883 c number of splits: 3693 s UNSATISFIABLE
c total solving time: 17.04976511001587 c number of splits: 3499 s UNSATISFIABLE
c total solving time: 17.757343769073486 c number of splits: 3675 s UNSATISFIABLE
c total solving time: 13.467784643173218 c number of splits: 2737 s UNSATISFIABLE
c total solving time: 7.452796220779419 c number of splits: 1525 s UNSATISFIABLE
c total solving time: 10.387046575546265 c number of splits: 2093 s UNSATISFIABLE
c total solving time: 13.525936841964722 c number of splits: 2659 s UNSATISFIABLE
c total solving time: 15.305234432220459 c number of splits: 3105 s UNSATISFIABLE
c total solving time: 13.037628412246704 c number of splits: 2603 s UNSATISFIABLE
c total solving time: 9.130465507507324 c number of splits: 1853 s UNSATISFIABLE
c total solving time: 11.708646297454834 c number of splits: 2461 s UNSATISFIABLE
c total solving time: 4.5055460929870605 c number of splits: 889 s UNSATISFIABLE
c total solving time: 14.617141723632812 c number of splits: 3023 s UNSATISFIABLE
c total solving time: 8.24293327331543 c number of splits: 1617 s UNSATISFIABLE
c total solving time: 10.476402997970581 c number of splits: 2037 s UNSATISFIABLE
c total solving time: 12.163959264755249 c number of splits: 2445 s UNSATISFIABLE
c total solving time: 11.23231840133667 c number of splits: 2357 s UNSATISFIABLE
c total solving time: 6.582669019699097 c number of splits: 1311 s UNSATISFIABLE
c total solving time: 4.821403503417969 c number of splits: 911 s UNSATISFIABLE
c total solving time: 6.175159931182861 c number of splits: 1201 s UNSATISFIABLE
c total solving time: 7.677948713302612 c number of splits: 1583 s UNSATISFIABLE
c total solving time: 15.267642259597778 c number of splits: 3039 s UNSATISFIABLE
c total solving time: 10.618892908096313 c number of splits: 2099 s UNSATISFIABLE
c total solving time: 6.594872713088989 c number of splits: 1393 s UNSATISFIABLE
c total solving time: 5.9027180671691895 c number of splits: 1147 s UNSATISFIABLE
c total solving time: 9.421788930892944 c number of splits: 1915 s UNSATISFIABLE
c total solving time: 9.983246803283691 c number of splits: 1997 s UNSATISFIABLE
c total solving time: 11.157590866088867 c number of splits: 2229 s UNSATISFIABLE
c total solving time: 19.59430193901062 c number of splits: 3977 s UNSATISFIABLE
c total solving time: 19.49936819076538 c number of splits: 4037 s UNSATISFIABLE
c total solving time: 9.50594162940979 c number of splits: 1925 s UNSATISFIABLE
c total solving time: 13.690895080566406 c number of splits: 2773 s UNSATISFIABLE
c total solving time: 12.708917379379272 c number of splits: 2611 s UNSATISFIABLE
c total solving time: 6.3432536125183105 c number of splits: 1283 s UNSATISFIABLE
c total solving time: 11.706613302230835 c number of splits: 2425 s UNSATISFIABLE
c total solving time: 17.78195595741272 c number of splits: 3683 s UNSATISFIABLE
c total solving time: 9.530207395553589 c number of splits: 1919 s UNSATISFIABLE
c total solving time: 12.396273374557495 c number of splits: 2419 s UNSATISFIABLE
c total solving time: 9.241252183914185 c number of splits: 1813 s UNSATISFIABLE
c total solving time: 8.613105297088623 c number of splits: 1703 s UNSATISFIABLE
c total solving time: 9.897029876708984 c number of splits: 1979 s UNSATISFIABLE
c total solving time: 11.663966655731201 c number of splits: 2355 s UNSATISFIABLE
c total solving time: 7.610254287719727 c number of splits: 1513 s UNSATISFIABLE
c total solving time: 12.069987535476685 c number of splits: 2359 s UNSATISFIABLE
c total solving time: 11.499521493911743 c number of splits: 2405 s UNSATISFIABLE
c total solving time: 9.400471925735474 c number of splits: 1843 s UNSATISFIABLE
c total solving time: 3.2778162956237793 c number of splits: 655 s UNSATISFIABLE
c total solving time: 7.671072721481323 c number of splits: 1515 s UNSATISFIABLE
c total solving time: 18.70476460456848 c number of splits: 3781 s UNSATISFIABLE
c total solving time: 6.989973068237305 c number of splits: 1379 s UNSATISFIABLE
c total solving time: 7.949343919754028 c number of splits: 1557 s UNSATISFIABLE
c total solving time: 13.379501104354858 c number of splits: 2737 s UNSATISFIABLE
c total solving time: 16.223477840423584 c number of splits: 3375 s UNSATISFIABLE
c total solving time: 8.541946649551392 c number of splits: 1705 s UNSATISFIABLE
c total solving time: 9.027235746383667 c number of splits: 1795 s UNSATISFIABLE
c total solving time: 9.844301462173462 c number of splits: 1925 s UNSATISFIABLE
c total solving time: 7.319618225097656 c number of splits: 1445 s UNSATISFIABLE
c total solving time: 12.390412330627441 c number of splits: 2505 s UNSATISFIABLE
c total solving time: 7.819610595703125 c number of splits: 1607 s UNSATISFIABLE
c total solving time: 11.20647144317627 c number of splits: 2181 s UNSATISFIABLE
c total solving time: 10.298286437988281 c number of splits: 2041 s UNSATISFIABLE
c total solving time: 15.385316371917725 c number of splits: 3145 s UNSATISFIABLE
c total solving time: 6.1161041259765625 c number of splits: 1185 s UNSATISFIABLE
c total solving time: 14.736693620681763 c number of splits: 2987 s UNSATISFIABLE
c total solving time: 11.651410102844238 c number of splits: 2277 s UNSATISFIABLE
c total solving time: 8.851073026657104 c number of splits: 1737 s UNSATISFIABLE
c total solving time: 6.831795930862427 c number of splits: 1343 s UNSATISFIABLE
c total solving time: 11.924599885940552 c number of splits: 2411 s UNSATISFIABLE
Total solving time: 1065.4470188617706255
Median solving time: 10.26
Total number of splits: 215010
Median number of splits: 2039.00
Number of satisfiable: 0
