150-900/output_0.cnf: c total solving time: 5.303886413574219 c number of splits: 1051 s UNSATISFIABLE
150-900/output_1.cnf: c total solving time: 4.599928855895996 c number of splits: 885 s UNSATISFIABLE
150-900/output_10.cnf: c total solving time: 7.685861110687256 c number of splits: 1503 s UNSATISFIABLE
150-900/output_11.cnf: c total solving time: 5.414455413818359 c number of splits: 1069 s UNSATISFIABLE
150-900/output_12.cnf: c total solving time: 5.56262731552124 c number of splits: 1103 s UNSATISFIABLE
150-900/output_13.cnf: c total solving time: 5.652044296264648 c number of splits: 1059 s UNSATISFIABLE
150-900/output_14.cnf: c total solving time: 4.560266971588135 c number of splits: 869 s UNSATISFIABLE
150-900/output_15.cnf: c total solving time: 4.437294244766235 c number of splits: 881 s UNSATISFIABLE
150-900/output_16.cnf: c total solving time: 8.039002895355225 c number of splits: 1613 s UNSATISFIABLE
150-900/output_17.cnf: c total solving time: 7.211887359619141 c number of splits: 1447 s UNSATISFIABLE
150-900/output_18.cnf: c total solving time: 4.596790075302124 c number of splits: 933 s UNSATISFIABLE
150-900/output_19.cnf: c total solving time: 4.771173000335693 c number of splits: 961 s UNSATISFIABLE
150-900/output_2.cnf: c total solving time: 7.103759050369263 c number of splits: 1457 s UNSATISFIABLE
150-900/output_20.cnf: c total solving time: 7.002146244049072 c number of splits: 1465 s UNSATISFIABLE
150-900/output_21.cnf: c total solving time: 7.220669507980347 c number of splits: 1411 s UNSATISFIABLE
150-900/output_22.cnf: c total solving time: 4.804770469665527 c number of splits: 979 s UNSATISFIABLE
150-900/output_23.cnf: c total solving time: 6.022895097732544 c number of splits: 1127 s UNSATISFIABLE
150-900/output_24.cnf: c total solving time: 6.371688365936279 c number of splits: 1255 s UNSATISFIABLE
150-900/output_25.cnf: c total solving time: 6.065312623977661 c number of splits: 1209 s UNSATISFIABLE
150-900/output_26.cnf: c total solving time: 4.438640832901001 c number of splits: 879 s UNSATISFIABLE
150-900/output_27.cnf: c total solving time: 5.276749849319458 c number of splits: 1069 s UNSATISFIABLE
150-900/output_28.cnf: c total solving time: 6.87663197517395 c number of splits: 1403 s UNSATISFIABLE
150-900/output_29.cnf: c total solving time: 5.009213924407959 c number of splits: 929 s UNSATISFIABLE
150-900/output_3.cnf: c total solving time: 6.867383003234863 c number of splits: 1345 s UNSATISFIABLE
150-900/output_30.cnf: c total solving time: 10.516401290893555 c number of splits: 2129 s UNSATISFIABLE
150-900/output_31.cnf: c total solving time: 3.473210573196411 c number of splits: 669 s UNSATISFIABLE
150-900/output_32.cnf: c total solving time: 5.251215934753418 c number of splits: 1037 s UNSATISFIABLE
150-900/output_33.cnf: c total solving time: 4.553974628448486 c number of splits: 889 s UNSATISFIABLE
150-900/output_34.cnf: c total solving time: 6.283351898193359 c number of splits: 1245 s UNSATISFIABLE
150-900/output_35.cnf: c total solving time: 5.9427642822265625 c number of splits: 1171 s UNSATISFIABLE
150-900/output_36.cnf: c total solving time: 5.5234339237213135 c number of splits: 1069 s UNSATISFIABLE
150-900/output_37.cnf: c total solving time: 9.616283893585205 c number of splits: 1939 s UNSATISFIABLE
150-900/output_38.cnf: c total solving time: 8.27609896659851 c number of splits: 1677 s UNSATISFIABLE
150-900/output_39.cnf: c total solving time: 3.0649161338806152 c number of splits: 569 s UNSATISFIABLE
150-900/output_4.cnf: c total solving time: 7.5046656131744385 c number of splits: 1533 s UNSATISFIABLE
150-900/output_40.cnf: c total solving time: 7.340063095092773 c number of splits: 1463 s UNSATISFIABLE
150-900/output_41.cnf: c total solving time: 8.041744709014893 c number of splits: 1581 s UNSATISFIABLE
150-900/output_42.cnf: c total solving time: 8.032751083374023 c number of splits: 1537 s UNSATISFIABLE
150-900/output_43.cnf: c total solving time: 3.970836639404297 c number of splits: 767 s UNSATISFIABLE
150-900/output_44.cnf: c total solving time: 5.647391319274902 c number of splits: 1123 s UNSATISFIABLE
150-900/output_45.cnf: c total solving time: 5.752749919891357 c number of splits: 1101 s UNSATISFIABLE
150-900/output_46.cnf: c total solving time: 4.200604677200317 c number of splits: 837 s UNSATISFIABLE
150-900/output_47.cnf: c total solving time: 4.768419981002808 c number of splits: 959 s UNSATISFIABLE
150-900/output_48.cnf: c total solving time: 4.631232500076294 c number of splits: 887 s UNSATISFIABLE
150-900/output_49.cnf: c total solving time: 7.331411361694336 c number of splits: 1463 s UNSATISFIABLE
150-900/output_5.cnf: c total solving time: 5.522398471832275 c number of splits: 1067 s UNSATISFIABLE
150-900/output_50.cnf: c total solving time: 4.9089930057525635 c number of splits: 979 s UNSATISFIABLE
150-900/output_51.cnf: c total solving time: 6.5956971645355225 c number of splits: 1285 s UNSATISFIABLE
150-900/output_52.cnf: c total solving time: 6.029708385467529 c number of splits: 1233 s UNSATISFIABLE
150-900/output_53.cnf: c total solving time: 5.060714960098267 c number of splits: 1005 s UNSATISFIABLE
150-900/output_54.cnf: c total solving time: 5.231404542922974 c number of splits: 1055 s UNSATISFIABLE
150-900/output_55.cnf: c total solving time: 3.403909683227539 c number of splits: 635 s UNSATISFIABLE
150-900/output_56.cnf: c total solving time: 8.959015846252441 c number of splits: 1777 s UNSATISFIABLE
150-900/output_57.cnf: c total solving time: 5.973460912704468 c number of splits: 1165 s UNSATISFIABLE
150-900/output_58.cnf: c total solving time: 6.234296560287476 c number of splits: 1231 s UNSATISFIABLE
150-900/output_59.cnf: c total solving time: 5.296599864959717 c number of splits: 1041 s UNSATISFIABLE
150-900/output_6.cnf: c total solving time: 4.022929430007935 c number of splits: 777 s UNSATISFIABLE
150-900/output_60.cnf: c total solving time: 3.3630387783050537 c number of splits: 655 s UNSATISFIABLE
150-900/output_61.cnf: c total solving time: 5.564574480056763 c number of splits: 1089 s UNSATISFIABLE
150-900/output_62.cnf: c total solving time: 4.516448497772217 c number of splits: 907 s UNSATISFIABLE
150-900/output_63.cnf: c total solving time: 5.62175726890564 c number of splits: 1107 s UNSATISFIABLE
150-900/output_64.cnf: c total solving time: 5.20646858215332 c number of splits: 1029 s UNSATISFIABLE
150-900/output_65.cnf: c total solving time: 6.372556924819946 c number of splits: 1271 s UNSATISFIABLE
150-900/output_66.cnf: c total solving time: 4.138460636138916 c number of splits: 807 s UNSATISFIABLE
150-900/output_67.cnf: c total solving time: 8.28398585319519 c number of splits: 1631 s UNSATISFIABLE
150-900/output_68.cnf: c total solving time: 4.607839107513428 c number of splits: 909 s UNSATISFIABLE
150-900/output_69.cnf: c total solving time: 8.548082828521729 c number of splits: 1713 s UNSATISFIABLE
150-900/output_7.cnf: c total solving time: 5.6552734375 c number of splits: 1119 s UNSATISFIABLE
150-900/output_70.cnf: c total solving time: 6.900449514389038 c number of splits: 1375 s UNSATISFIABLE
150-900/output_71.cnf: c total solving time: 6.3247761726379395 c number of splits: 1247 s UNSATISFIABLE
150-900/output_72.cnf: c total solving time: 5.652688503265381 c number of splits: 1127 s UNSATISFIABLE
150-900/output_73.cnf: c total solving time: 5.320964813232422 c number of splits: 1033 s UNSATISFIABLE
150-900/output_74.cnf: c total solving time: 7.2934181690216064 c number of splits: 1439 s UNSATISFIABLE
150-900/output_75.cnf: c total solving time: 3.305424213409424 c number of splits: 623 s UNSATISFIABLE
150-900/output_76.cnf: c total solving time: 5.2797205448150635 c number of splits: 1021 s UNSATISFIABLE
150-900/output_77.cnf: c total solving time: 7.893562316894531 c number of splits: 1567 s UNSATISFIABLE
150-900/output_78.cnf: c total solving time: 7.39671516418457 c number of splits: 1447 s UNSATISFIABLE
150-900/output_79.cnf: c total solving time: 7.01279354095459 c number of splits: 1383 s UNSATISFIABLE
150-900/output_8.cnf: c total solving time: 5.4799017906188965 c number of splits: 1061 s UNSATISFIABLE
150-900/output_80.cnf: c total solving time: 3.635251522064209 c number of splits: 689 s UNSATISFIABLE
150-900/output_81.cnf: c total solving time: 4.4841413497924805 c number of splits: 869 s UNSATISFIABLE
150-900/output_82.cnf: c total solving time: 4.722604513168335 c number of splits: 909 s UNSATISFIABLE
150-900/output_83.cnf: c total solving time: 6.021518707275391 c number of splits: 1211 s UNSATISFIABLE
150-900/output_84.cnf: c total solving time: 4.714672803878784 c number of splits: 925 s UNSATISFIABLE
150-900/output_85.cnf: c total solving time: 5.847169399261475 c number of splits: 1149 s UNSATISFIABLE
150-900/output_86.cnf: c total solving time: 8.261403322219849 c number of splits: 1673 s UNSATISFIABLE
150-900/output_87.cnf: c total solving time: 3.799898147583008 c number of splits: 759 s UNSATISFIABLE
150-900/output_88.cnf: c total solving time: 3.4957430362701416 c number of splits: 701 s UNSATISFIABLE
150-900/output_89.cnf: c total solving time: 6.11637806892395 c number of splits: 1205 s UNSATISFIABLE
150-900/output_9.cnf: c total solving time: 6.827256679534912 c number of splits: 1373 s UNSATISFIABLE
150-900/output_90.cnf: c total solving time: 4.622124195098877 c number of splits: 943 s UNSATISFIABLE
150-900/output_91.cnf: c total solving time: 4.74738073348999 c number of splits: 937 s UNSATISFIABLE
150-900/output_92.cnf: c total solving time: 6.082788705825806 c number of splits: 1205 s UNSATISFIABLE
150-900/output_93.cnf: c total solving time: 7.79332709312439 c number of splits: 1571 s UNSATISFIABLE
150-900/output_94.cnf: c total solving time: 5.251306772232056 c number of splits: 1037 s UNSATISFIABLE
150-900/output_95.cnf: c total solving time: 2.820788621902466 c number of splits: 549 s UNSATISFIABLE
150-900/output_96.cnf: c total solving time: 5.918975830078125 c number of splits: 1147 s UNSATISFIABLE
150-900/output_97.cnf: c total solving time: 4.724597930908203 c number of splits: 955 s UNSATISFIABLE
150-900/output_98.cnf: c total solving time: 3.265455722808838 c number of splits: 631 s UNSATISFIABLE
150-900/output_99.cnf: c total solving time: 12.30406641960144 c number of splits: 2431 s UNSATISFIABLE
Total solving time: 583.0534808635711664
Median solving time: 5.59
Total number of splits: 115226
Median number of splits: 1095.00
Number of satisfiable: 0
