c total solving time: 33.028573513031006 c number of splits: 8571 s UNSATISFIABLE
c total solving time: 33.83275580406189 c number of splits: 8411 s UNSATISFIABLE
c total solving time: 24.85030245780945 c number of splits: 6087 s UNSATISFIABLE
c total solving time: 18.887601137161255 c number of splits: 4487 s UNSATISFIABLE
c total solving time: 9.092392921447754 c number of splits: 2099 s UNSATISFIABLE
c total solving time: 31.432822465896606 c number of splits: 8181 s UNSATISFIABLE
c total solving time: 34.1402153968811 c number of splits: 8577 s UNSATISFIABLE
c total solving time: 16.078977346420288 c number of splits: 3855 s UNSATISFIABLE
c total solving time: 45.01679468154907 c number of splits: 11605 s UNSATISFIABLE
c total solving time: 15.769380569458008 c number of splits: 3929 s UNSATISFIABLE
c total solving time: 24.759267330169678 c number of splits: 5971 s UNSATISFIABLE
c total solving time: 18.799936532974243 c number of splits: 4577 s UNSATISFIABLE
c total solving time: 18.742393016815186 c number of splits: 4461 s UNSATISFIABLE
c total solving time: 28.628729581832886 c number of splits: 6871 s UNSATISFIABLE
c total solving time: 19.322491884231567 c number of splits: 4783 s UNSATISFIABLE
c total solving time: 48.85255527496338 c number of splits: 12549 s UNSATISFIABLE
c total solving time: 21.367510080337524 c number of splits: 5285 s UNSATISFIABLE
c total solving time: 20.553740739822388 c number of splits: 4975 s UNSATISFIABLE
c total solving time: 24.442662954330444 c number of splits: 6059 s UNSATISFIABLE
c total solving time: 28.527889013290405 c number of splits: 6919 s UNSATISFIABLE
c total solving time: 32.45467519760132 c number of splits: 7967 s UNSATISFIABLE
c total solving time: 14.319111824035645 c number of splits: 3405 s UNSATISFIABLE
c total solving time: 31.658079862594604 c number of splits: 7805 s UNSATISFIABLE
c total solving time: 41.28222036361694 c number of splits: 10383 s UNSATISFIABLE
c total solving time: 26.263175010681152 c number of splits: 6609 s UNSATISFIABLE
c total solving time: 35.07489728927612 c number of splits: 8399 s UNSATISFIABLE
c total solving time: 23.711602687835693 c number of splits: 5867 s UNSATISFIABLE
c total solving time: 23.354077100753784 c number of splits: 5901 s UNSATISFIABLE
c total solving time: 24.42075824737549 c number of splits: 6103 s UNSATISFIABLE
c total solving time: 29.14930033683777 c number of splits: 7425 s UNSATISFIABLE
c total solving time: 30.976114988327026 c number of splits: 7689 s UNSATISFIABLE
c total solving time: 18.461902856826782 c number of splits: 4347 s UNSATISFIABLE
c total solving time: 10.604089736938477 c number of splits: 2525 s UNSATISFIABLE
c total solving time: 32.2376766204834 c number of splits: 8805 s UNSATISFIABLE
c total solving time: 26.51485586166382 c number of splits: 6595 s UNSATISFIABLE
c total solving time: 36.869662046432495 c number of splits: 9085 s UNSATISFIABLE
c total solving time: 16.6787371635437 c number of splits: 4171 s UNSATISFIABLE
c total solving time: 32.87746238708496 c number of splits: 8401 s UNSATISFIABLE
c total solving time: 22.282768964767456 c number of splits: 5419 s UNSATISFIABLE
c total solving time: 32.83165454864502 c number of splits: 7945 s UNSATISFIABLE
c total solving time: 34.06780743598938 c number of splits: 8367 s UNSATISFIABLE
c total solving time: 10.30072808265686 c number of splits: 2421 s UNSATISFIABLE
c total solving time: 16.878292083740234 c number of splits: 4079 s UNSATISFIABLE
c total solving time: 9.409136056900024 c number of splits: 2247 s UNSATISFIABLE
c total solving time: 43.41643142700195 c number of splits: 10919 s UNSATISFIABLE
c total solving time: 17.301281929016113 c number of splits: 4165 s UNSATISFIABLE
c total solving time: 18.639671325683594 c number of splits: 4383 s UNSATISFIABLE
c total solving time: 26.8449068069458 c number of splits: 6833 s UNSATISFIABLE
c total solving time: 34.65997362136841 c number of splits: 8581 s UNSATISFIABLE
c total solving time: 15.485807180404663 c number of splits: 3683 s UNSATISFIABLE
c total solving time: 14.155113458633423 c number of splits: 3377 s UNSATISFIABLE
c total solving time: 12.856489419937134 c number of splits: 3101 s UNSATISFIABLE
c total solving time: 13.508240461349487 c number of splits: 3225 s UNSATISFIABLE
c total solving time: 19.150792837142944 c number of splits: 4877 s UNSATISFIABLE
c total solving time: 19.9613516330719 c number of splits: 4731 s UNSATISFIABLE
c total solving time: 22.56506061553955 c number of splits: 5565 s UNSATISFIABLE
c total solving time: 15.315247774124146 c number of splits: 3627 s UNSATISFIABLE
c total solving time: 10.985625743865967 c number of splits: 2585 s UNSATISFIABLE
c total solving time: 33.44997501373291 c number of splits: 8409 s UNSATISFIABLE
c total solving time: 7.039060592651367 c number of splits: 1609 s UNSATISFIABLE
c total solving time: 23.342568397521973 c number of splits: 5809 s UNSATISFIABLE
c total solving time: 9.855823278427124 c number of splits: 2315 s UNSATISFIABLE
c total solving time: 17.319127321243286 c number of splits: 4103 s UNSATISFIABLE
c total solving time: 18.983107805252075 c number of splits: 4699 s UNSATISFIABLE
c total solving time: 26.225696563720703 c number of splits: 6567 s UNSATISFIABLE
c total solving time: 31.84878969192505 c number of splits: 7767 s UNSATISFIABLE
c total solving time: 9.99779200553894 c number of splits: 2381 s UNSATISFIABLE
c total solving time: 22.07622718811035 c number of splits: 5315 s UNSATISFIABLE
c total solving time: 16.31453585624695 c number of splits: 3963 s UNSATISFIABLE
c total solving time: 25.174504280090332 c number of splits: 6037 s UNSATISFIABLE
c total solving time: 11.129124641418457 c number of splits: 2599 s UNSATISFIABLE
c total solving time: 13.90354609489441 c number of splits: 3239 s UNSATISFIABLE
c total solving time: 22.454981327056885 c number of splits: 5487 s UNSATISFIABLE
c total solving time: 31.18772315979004 c number of splits: 8033 s UNSATISFIABLE
c total solving time: 23.889184713363647 c number of splits: 5823 s UNSATISFIABLE
c total solving time: 23.846174955368042 c number of splits: 5729 s UNSATISFIABLE
c total solving time: 21.913602590560913 c number of splits: 5551 s UNSATISFIABLE
c total solving time: 21.26630735397339 c number of splits: 5127 s UNSATISFIABLE
c total solving time: 15.487801313400269 c number of splits: 3611 s UNSATISFIABLE
c total solving time: 40.24158334732056 c number of splits: 10153 s UNSATISFIABLE
c total solving time: 33.27665662765503 c number of splits: 8283 s UNSATISFIABLE
c total solving time: 43.294726610183716 c number of splits: 10721 s UNSATISFIABLE
c total solving time: 36.10231804847717 c number of splits: 8919 s UNSATISFIABLE
c total solving time: 19.075591325759888 c number of splits: 4657 s UNSATISFIABLE
c total solving time: 45.66135096549988 c number of splits: 11499 s UNSATISFIABLE
c total solving time: 30.924526691436768 c number of splits: 7657 s UNSATISFIABLE
c total solving time: 12.359694480895996 c number of splits: 2913 s UNSATISFIABLE
c total solving time: 33.703434228897095 c number of splits: 8271 s UNSATISFIABLE
c total solving time: 33.6955680847168 c number of splits: 8345 s UNSATISFIABLE
c total solving time: 18.590060710906982 c number of splits: 4579 s UNSATISFIABLE
c total solving time: 17.645585775375366 c number of splits: 4331 s UNSATISFIABLE
c total solving time: 16.878438234329224 c number of splits: 4301 s UNSATISFIABLE
c total solving time: 18.08661198616028 c number of splits: 4429 s UNSATISFIABLE
c total solving time: 25.911269187927246 c number of splits: 6155 s UNSATISFIABLE
c total solving time: 16.936588048934937 c number of splits: 3989 s UNSATISFIABLE
c total solving time: 23.07983660697937 c number of splits: 5519 s UNSATISFIABLE
c total solving time: 25.048009395599365 c number of splits: 5939 s UNSATISFIABLE
c total solving time: 37.491618633270264 c number of splits: 9805 s UNSATISFIABLE
c total solving time: 22.835071802139282 c number of splits: 5513 s UNSATISFIABLE
c total solving time: 28.22573947906494 c number of splits: 7025 s UNSATISFIABLE
Total solving time: 2419.421708106994633
Median solving time: 23.21
Total number of splits: 597040
Median number of splits: 5647.00
Number of satisfiable: 0
