150-870/output_0.cnf: c total solving time: 7.022180795669556 c number of splits: 1483 s UNSATISFIABLE
150-870/output_1.cnf: c total solving time: 6.988603353500366 c number of splits: 1449 s UNSATISFIABLE
150-870/output_10.cnf: c total solving time: 4.6552910804748535 c number of splits: 941 s UNSATISFIABLE
150-870/output_11.cnf: c total solving time: 9.904163837432861 c number of splits: 2099 s UNSATISFIABLE
150-870/output_12.cnf: c total solving time: 7.783576011657715 c number of splits: 1629 s UNSATISFIABLE
150-870/output_13.cnf: c total solving time: 5.87576961517334 c number of splits: 1223 s UNSATISFIABLE
150-870/output_14.cnf: c total solving time: 8.556364297866821 c number of splits: 1743 s UNSATISFIABLE
150-870/output_15.cnf: c total solving time: 7.869078159332275 c number of splits: 1633 s UNSATISFIABLE
150-870/output_16.cnf: c total solving time: 8.304946899414062 c number of splits: 1761 s UNSATISFIABLE
150-870/output_17.cnf: c total solving time: 9.171263217926025 c number of splits: 1903 s UNSATISFIABLE
150-870/output_18.cnf: c total solving time: 7.465867042541504 c number of splits: 1595 s UNSATISFIABLE
150-870/output_19.cnf: c total solving time: 3.944570541381836 c number of splits: 805 s UNSATISFIABLE
150-870/output_2.cnf: c total solving time: 5.5054614543914795 c number of splits: 1149 s UNSATISFIABLE
150-870/output_20.cnf: c total solving time: 7.948756694793701 c number of splits: 1675 s UNSATISFIABLE
150-870/output_21.cnf: c total solving time: 7.510304689407349 c number of splits: 1537 s UNSATISFIABLE
150-870/output_22.cnf: c total solving time: 8.419646978378296 c number of splits: 1771 s UNSATISFIABLE
150-870/output_23.cnf: c total solving time: 6.58353066444397 c number of splits: 1363 s UNSATISFIABLE
150-870/output_24.cnf: c total solving time: 6.012788534164429 c number of splits: 1251 s UNSATISFIABLE
150-870/output_25.cnf: c total solving time: 7.415806293487549 c number of splits: 1553 s UNSATISFIABLE
150-870/output_26.cnf: c total solving time: 5.471882104873657 c number of splits: 1123 s UNSATISFIABLE
150-870/output_27.cnf: c total solving time: 8.294352531433105 c number of splits: 1719 s UNSATISFIABLE
150-870/output_28.cnf: c total solving time: 7.6833508014678955 c number of splits: 1627 s UNSATISFIABLE
150-870/output_29.cnf: c total solving time: 8.533041715621948 c number of splits: 1829 s UNSATISFIABLE
150-870/output_3.cnf: c total solving time: 5.343081474304199 c number of splits: 1085 s UNSATISFIABLE
150-870/output_30.cnf: c total solving time: 6.381608963012695 c number of splits: 1297 s UNSATISFIABLE
150-870/output_31.cnf: c total solving time: 8.378803014755249 c number of splits: 1739 s UNSATISFIABLE
150-870/output_32.cnf: c total solving time: 5.138451337814331 c number of splits: 1061 s UNSATISFIABLE
150-870/output_33.cnf: c total solving time: 6.075601100921631 c number of splits: 1277 s UNSATISFIABLE
150-870/output_34.cnf: c total solving time: 3.8898913860321045 c number of splits: 793 s UNSATISFIABLE
150-870/output_35.cnf: c total solving time: 10.764316320419312 c number of splits: 2241 s UNSATISFIABLE
150-870/output_36.cnf: c total solving time: 8.825783967971802 c number of splits: 1817 s UNSATISFIABLE
150-870/output_37.cnf: c total solving time: 4.76989483833313 c number of splits: 943 s UNSATISFIABLE
150-870/output_38.cnf: c total solving time: 6.30046272277832 c number of splits: 1273 s UNSATISFIABLE
150-870/output_39.cnf: c total solving time: 6.026783466339111 c number of splits: 1227 s UNSATISFIABLE
150-870/output_4.cnf: c total solving time: 11.423537731170654 c number of splits: 2425 s UNSATISFIABLE
150-870/output_40.cnf: c total solving time: 9.123033046722412 c number of splits: 1885 s UNSATISFIABLE
150-870/output_41.cnf: c total solving time: 4.966739654541016 c number of splits: 1045 s UNSATISFIABLE
150-870/output_42.cnf: c total solving time: 4.933679819107056 c number of splits: 979 s UNSATISFIABLE
150-870/output_43.cnf: c total solving time: 7.009532928466797 c number of splits: 1413 s UNSATISFIABLE
150-870/output_44.cnf: c total solving time: 6.438892126083374 c number of splits: 1293 s UNSATISFIABLE
150-870/output_45.cnf: c total solving time: 5.155589818954468 c number of splits: 1061 s UNSATISFIABLE
150-870/output_46.cnf: c total solving time: 5.235424041748047 c number of splits: 1073 s UNSATISFIABLE
150-870/output_47.cnf: c total solving time: 6.971327066421509 c number of splits: 1449 s UNSATISFIABLE
150-870/output_48.cnf: c total solving time: 4.390496492385864 c number of splits: 883 s UNSATISFIABLE
150-870/output_49.cnf: c total solving time: 5.614526748657227 c number of splits: 1165 s UNSATISFIABLE
150-870/output_5.cnf: c total solving time: 4.348284482955933 c number of splits: 873 s UNSATISFIABLE
150-870/output_50.cnf: c total solving time: 7.471469402313232 c number of splits: 1513 s UNSATISFIABLE
150-870/output_51.cnf: c total solving time: 5.112299680709839 c number of splits: 1025 s UNSATISFIABLE
150-870/output_52.cnf: c total solving time: 6.960685729980469 c number of splits: 1515 s UNSATISFIABLE
150-870/output_53.cnf: c total solving time: 5.956995725631714 c number of splits: 1195 s UNSATISFIABLE
150-870/output_54.cnf: c total solving time: 9.254862546920776 c number of splits: 1929 s UNSATISFIABLE
150-870/output_55.cnf: c total solving time: 8.76352310180664 c number of splits: 1811 s UNSATISFIABLE
150-870/output_56.cnf: c total solving time: 10.967381954193115 c number of splits: 2269 s UNSATISFIABLE
150-870/output_57.cnf: c total solving time: 5.711187124252319 c number of splits: 1167 s UNSATISFIABLE
150-870/output_58.cnf: c total solving time: 8.258702754974365 c number of splits: 1733 s UNSATISFIABLE
150-870/output_59.cnf: c total solving time: 3.199361562728882 c number of splits: 645 s UNSATISFIABLE
150-870/output_6.cnf: c total solving time: 8.703557252883911 c number of splits: 1765 s UNSATISFIABLE
150-870/output_60.cnf: c total solving time: 8.67359447479248 c number of splits: 1799 s UNSATISFIABLE
150-870/output_61.cnf: c total solving time: 4.897454738616943 c number of splits: 1005 s UNSATISFIABLE
150-870/output_62.cnf: c total solving time: 8.10139775276184 c number of splits: 1761 s UNSATISFIABLE
150-870/output_63.cnf: c total solving time: 6.032843589782715 c number of splits: 1233 s UNSATISFIABLE
150-870/output_64.cnf: c total solving time: 6.640114068984985 c number of splits: 1335 s UNSATISFIABLE
150-870/output_65.cnf: c total solving time: 5.040901184082031 c number of splits: 1029 s UNSATISFIABLE
150-870/output_66.cnf: c total solving time: 7.126918315887451 c number of splits: 1471 s UNSATISFIABLE
150-870/output_67.cnf: c total solving time: 5.230700492858887 c number of splits: 1103 s UNSATISFIABLE
150-870/output_68.cnf: c total solving time: 7.623619794845581 c number of splits: 1637 s UNSATISFIABLE
150-870/output_69.cnf: c total solving time: 7.190479755401611 c number of splits: 1433 s UNSATISFIABLE
150-870/output_7.cnf: c total solving time: 5.804789304733276 c number of splits: 1179 s UNSATISFIABLE
150-870/output_70.cnf: c total solving time: 6.088690757751465 c number of splits: 1231 s UNSATISFIABLE
150-870/output_71.cnf: c total solving time: 7.209492206573486 c number of splits: 1497 s UNSATISFIABLE
150-870/output_72.cnf: c total solving time: 6.072184324264526 c number of splits: 1339 s UNSATISFIABLE
150-870/output_73.cnf: c total solving time: 4.009777307510376 c number of splits: 827 s UNSATISFIABLE
150-870/output_74.cnf: c total solving time: 5.043547868728638 c number of splits: 1017 s UNSATISFIABLE
150-870/output_75.cnf: c total solving time: 4.525422096252441 c number of splits: 927 s UNSATISFIABLE
150-870/output_76.cnf: c total solving time: 12.433803081512451 c number of splits: 2641 s UNSATISFIABLE
150-870/output_77.cnf: c total solving time: 8.44601583480835 c number of splits: 1697 s UNSATISFIABLE
150-870/output_78.cnf: c total solving time: 6.6986918449401855 c number of splits: 1381 s UNSATISFIABLE
150-870/output_79.cnf: c total solving time: 4.383732557296753 c number of splits: 911 s UNSATISFIABLE
150-870/output_8.cnf: c total solving time: 6.166853666305542 c number of splits: 1285 s UNSATISFIABLE
150-870/output_80.cnf: c total solving time: 10.308732748031616 c number of splits: 2129 s UNSATISFIABLE
150-870/output_81.cnf: c total solving time: 5.891716718673706 c number of splits: 1227 s UNSATISFIABLE
150-870/output_82.cnf: c total solving time: 11.823993682861328 c number of splits: 2475 s UNSATISFIABLE
150-870/output_83.cnf: c total solving time: 5.5406413078308105 c number of splits: 1169 s UNSATISFIABLE
150-870/output_84.cnf: c total solving time: 5.503135919570923 c number of splits: 1119 s UNSATISFIABLE
150-870/output_85.cnf: c total solving time: 7.44764256477356 c number of splits: 1557 s UNSATISFIABLE
150-870/output_86.cnf: c total solving time: 5.203802108764648 c number of splits: 1037 s UNSATISFIABLE
150-870/output_87.cnf: c total solving time: 5.841172695159912 c number of splits: 1183 s UNSATISFIABLE
150-870/output_88.cnf: c total solving time: 7.155244588851929 c number of splits: 1505 s UNSATISFIABLE
150-870/output_89.cnf: c total solving time: 6.457306861877441 c number of splits: 1361 s UNSATISFIABLE
150-870/output_9.cnf: c total solving time: 6.159744501113892 c number of splits: 1289 s UNSATISFIABLE
150-870/output_90.cnf: c total solving time: 6.855839967727661 c number of splits: 1399 s UNSATISFIABLE
150-870/output_91.cnf: c total solving time: 9.24754285812378 c number of splits: 1881 s UNSATISFIABLE
150-870/output_92.cnf: c total solving time: 6.735563039779663 c number of splits: 1413 s UNSATISFIABLE
150-870/output_93.cnf: c total solving time: 6.892614841461182 c number of splits: 1413 s UNSATISFIABLE
150-870/output_94.cnf: c total solving time: 7.137610912322998 c number of splits: 1471 s UNSATISFIABLE
150-870/output_95.cnf: c total solving time: 13.271564245223999 c number of splits: 2957 s UNSATISFIABLE
150-870/output_96.cnf: c total solving time: 6.97863245010376 c number of splits: 1423 s UNSATISFIABLE
150-870/output_97.cnf: c total solving time: 8.107964754104614 c number of splits: 1701 s UNSATISFIABLE
150-870/output_98.cnf: c total solving time: 7.067540168762207 c number of splits: 1437 s UNSATISFIABLE
150-870/output_99.cnf: c total solving time: 5.555662393569946 c number of splits: 1137 s UNSATISFIABLE
Total solving time: 693.4110610485076860
Median solving time: 6.79
Total number of splits: 143746
Median number of splits: 1390.00
Number of satisfiable: 0
