c total solving time: 13.113352298736572 c number of splits: 2823 s UNSATISFIABLE
c total solving time: 14.68193244934082 c number of splits: 3245 s UNSATISFIABLE
c total solving time: 10.663236856460571 c number of splits: 2277 s UNSATISFIABLE
c total solving time: 13.016676425933838 c number of splits: 2737 s UNSATISFIABLE
c total solving time: 14.375168800354004 c number of splits: 3071 s UNSATISFIABLE
c total solving time: 12.523158073425293 c number of splits: 2729 s UNSATISFIABLE
c total solving time: 21.37558364868164 c number of splits: 4627 s UNSATISFIABLE
c total solving time: 14.84181809425354 c number of splits: 3187 s UNSATISFIABLE
c total solving time: 8.860586643218994 c number of splits: 1821 s UNSATISFIABLE
c total solving time: 16.271220445632935 c number of splits: 3433 s UNSATISFIABLE
c total solving time: 5.475085496902466 c number of splits: 1141 s UNSATISFIABLE
c total solving time: 12.575886487960815 c number of splits: 2671 s UNSATISFIABLE
c total solving time: 9.529077053070068 c number of splits: 2063 s UNSATISFIABLE
c total solving time: 8.723677635192871 c number of splits: 1769 s UNSATISFIABLE
c total solving time: 6.488015413284302 c number of splits: 1399 s UNSATISFIABLE
c total solving time: 8.627681255340576 c number of splits: 1821 s UNSATISFIABLE
c total solving time: 15.119831085205078 c number of splits: 3301 s UNSATISFIABLE
c total solving time: 12.475692510604858 c number of splits: 2695 s UNSATISFIABLE
c total solving time: 6.67490029335022 c number of splits: 1379 s UNSATISFIABLE
c total solving time: 17.20432448387146 c number of splits: 3739 s UNSATISFIABLE
c total solving time: 8.132394790649414 c number of splits: 1811 s UNSATISFIABLE
c total solving time: 10.19255781173706 c number of splits: 2105 s UNSATISFIABLE
c total solving time: 12.804927349090576 c number of splits: 2833 s UNSATISFIABLE
c total solving time: 17.778209686279297 c number of splits: 3823 s UNSATISFIABLE
c total solving time: 24.70122790336609 c number of splits: 5639 s UNSATISFIABLE
c total solving time: 16.063907623291016 c number of splits: 3503 s UNSATISFIABLE
c total solving time: 19.277021169662476 c number of splits: 4163 s UNSATISFIABLE
c total solving time: 13.56886625289917 c number of splits: 2873 s UNSATISFIABLE
c total solving time: 15.243980169296265 c number of splits: 3351 s UNSATISFIABLE
c total solving time: 12.386159420013428 c number of splits: 2671 s UNSATISFIABLE
c total solving time: 13.227244853973389 c number of splits: 2829 s UNSATISFIABLE
c total solving time: 15.7173330783844 c number of splits: 3431 s UNSATISFIABLE
c total solving time: 12.29948115348816 c number of splits: 2687 s UNSATISFIABLE
c total solving time: 10.118642330169678 c number of splits: 2149 s UNSATISFIABLE
c total solving time: 8.953532934188843 c number of splits: 1837 s UNSATISFIABLE
c total solving time: 15.556387662887573 c number of splits: 3383 s UNSATISFIABLE
c total solving time: 23.989084243774414 c number of splits: 5253 s UNSATISFIABLE
c total solving time: 17.945536613464355 c number of splits: 3903 s UNSATISFIABLE
c total solving time: 14.650712251663208 c number of splits: 3151 s UNSATISFIABLE
c total solving time: 19.805747747421265 c number of splits: 4285 s UNSATISFIABLE
c total solving time: 11.690420627593994 c number of splits: 2429 s UNSATISFIABLE
c total solving time: 9.426913976669312 c number of splits: 1983 s UNSATISFIABLE
c total solving time: 17.166334629058838 c number of splits: 3665 s UNSATISFIABLE
c total solving time: 12.359562873840332 c number of splits: 2625 s UNSATISFIABLE
c total solving time: 10.101089715957642 c number of splits: 2143 s UNSATISFIABLE
c total solving time: 16.65147042274475 c number of splits: 3595 s UNSATISFIABLE
c total solving time: 17.17444610595703 c number of splits: 3769 s UNSATISFIABLE
c total solving time: 12.406796932220459 c number of splits: 2657 s UNSATISFIABLE
c total solving time: 13.338007688522339 c number of splits: 2817 s UNSATISFIABLE
c total solving time: 15.931531190872192 c number of splits: 3307 s UNSATISFIABLE
c total solving time: 13.707059621810913 c number of splits: 2955 s UNSATISFIABLE
c total solving time: 9.361038446426392 c number of splits: 1945 s UNSATISFIABLE
c total solving time: 8.260088443756104 c number of splits: 1737 s UNSATISFIABLE
c total solving time: 16.616608142852783 c number of splits: 3515 s UNSATISFIABLE
c total solving time: 17.622167348861694 c number of splits: 3771 s UNSATISFIABLE
c total solving time: 20.954927682876587 c number of splits: 4479 s UNSATISFIABLE
c total solving time: 8.165585279464722 c number of splits: 1669 s UNSATISFIABLE
c total solving time: 12.69683575630188 c number of splits: 2665 s UNSATISFIABLE
c total solving time: 9.46423625946045 c number of splits: 1989 s UNSATISFIABLE
c total solving time: 12.423606634140015 c number of splits: 2529 s UNSATISFIABLE
c total solving time: 11.002257823944092 c number of splits: 2337 s UNSATISFIABLE
c total solving time: 20.194815635681152 c number of splits: 4471 s UNSATISFIABLE
c total solving time: 14.243475437164307 c number of splits: 3193 s UNSATISFIABLE
c total solving time: 11.806286573410034 c number of splits: 2497 s UNSATISFIABLE
c total solving time: 12.68335247039795 c number of splits: 2745 s UNSATISFIABLE
c total solving time: 26.144734382629395 c number of splits: 5859 s UNSATISFIABLE
c total solving time: 15.786588907241821 c number of splits: 3403 s UNSATISFIABLE
c total solving time: 11.400814294815063 c number of splits: 2361 s UNSATISFIABLE
c total solving time: 11.193596839904785 c number of splits: 2375 s UNSATISFIABLE
c total solving time: 14.56727933883667 c number of splits: 3067 s UNSATISFIABLE
c total solving time: 11.71171760559082 c number of splits: 2463 s UNSATISFIABLE
c total solving time: 18.76386547088623 c number of splits: 4091 s UNSATISFIABLE
c total solving time: 24.827088117599487 c number of splits: 5397 s UNSATISFIABLE
c total solving time: 17.986324548721313 c number of splits: 3907 s UNSATISFIABLE
c total solving time: 13.344974994659424 c number of splits: 2855 s UNSATISFIABLE
c total solving time: 10.61432671546936 c number of splits: 2245 s UNSATISFIABLE
c total solving time: 10.819893836975098 c number of splits: 2323 s UNSATISFIABLE
c total solving time: 10.475927352905273 c number of splits: 2231 s UNSATISFIABLE
c total solving time: 21.140496492385864 c number of splits: 4493 s UNSATISFIABLE
c total solving time: 6.17095685005188 c number of splits: 1313 s UNSATISFIABLE
c total solving time: 10.21259355545044 c number of splits: 2159 s UNSATISFIABLE
c total solving time: 18.071727991104126 c number of splits: 3895 s UNSATISFIABLE
c total solving time: 18.913205862045288 c number of splits: 3967 s UNSATISFIABLE
c total solving time: 9.321209192276001 c number of splits: 2025 s UNSATISFIABLE
c total solving time: 11.093631744384766 c number of splits: 2297 s UNSATISFIABLE
c total solving time: 17.308679342269897 c number of splits: 3733 s UNSATISFIABLE
c total solving time: 12.560538291931152 c number of splits: 2731 s UNSATISFIABLE
c total solving time: 12.474364519119263 c number of splits: 2773 s UNSATISFIABLE
c total solving time: 9.700520515441895 c number of splits: 1991 s UNSATISFIABLE
c total solving time: 25.224515676498413 c number of splits: 5613 s UNSATISFIABLE
c total solving time: 13.127703189849854 c number of splits: 2873 s UNSATISFIABLE
c total solving time: 19.847932815551758 c number of splits: 4275 s UNSATISFIABLE
c total solving time: 13.052088975906372 c number of splits: 2775 s UNSATISFIABLE
c total solving time: 14.202877283096313 c number of splits: 3005 s UNSATISFIABLE
c total solving time: 12.767773628234863 c number of splits: 2697 s UNSATISFIABLE
c total solving time: 9.373136043548584 c number of splits: 2011 s UNSATISFIABLE
c total solving time: 17.284868478775024 c number of splits: 3825 s UNSATISFIABLE
c total solving time: 8.517328262329102 c number of splits: 1845 s UNSATISFIABLE
c total solving time: 10.135620594024658 c number of splits: 2187 s UNSATISFIABLE
c total solving time: 12.813312768936157 c number of splits: 2755 s UNSATISFIABLE
Total solving time: 1381.430990695953370
Median solving time: 12.91
Total number of splits: 296910
Median number of splits: 2764.00
Number of satisfiable: 0
