c total solving time: 33.244800090789795 c number of splits: 11785 s SATISFIABLE v 1 2 3 4 5 -6 -7 -8 -9 -10 11 -12 -13 -14 15 -16 -17 -18 -19 20 -21 22 23 -24 -25 -26 27 28 -29 -30 -31 -32 33 34 35 36 -37 38 39 -40 -41 42 43 44 -45 46 47 48 -49 -50 -51 52 -53 54 55 56 57 58 -59 -60 -61 62 63 -64 65 66 -67 -68 -69 -70 71 71 71 71 -72 -73 74 75 76 77 78 -79 80 81 82 83 84 85 -86 87 87 88 89 90 91 92 92 -93 -94 -95 96 97 98 -99 100 101 102 -103 104 105 106 107 -108 -109 110 -111 -112 -113 114 115 116 -117 -118 -119 -120 121 122 123 124 -125 -126 -127 128 129 -130 -131 -132 133 -134 -135 136 -137 -138 139 -140 -141 142 143 144 145 146 147 148 149 150 0
c total solving time: 3.7695963382720947 c number of splits: 1478 s SATISFIABLE v -1 2 3 -4 -5 6 -7 8 -9 -10 11 12 13 -14 -15 16 16 16 16 17 -18 -19 -20 21 22 23 -24 -25 -26 27 28 -29 30 31 32 33 -34 35 -36 -37 38 -39 -40 41 -42 43 44 45 -46 -47 -48 49 50 -51 -52 53 -54 55 56 57 58 -59 -60 -61 62 -63 -64 65 66 -67 -68 -69 70 -71 72 73 73 73 74 75 76 -77 78 -79 -80 -81 -82 -83 -84 85 86 -87 -88 -89 90 -91 92 -93 -94 -95 96 -97 98 99 -100 -101 -102 -103 104 105 -106 107 -108 -109 -110 -111 -112 -113 -114 115 116 116 116 -117 -118 -119 120 121 -122 -123 -124 125 126 -127 -128 -129 130 131 132 133 134 134 -135 -136 137 -138 139 -140 -141 -142 -143 144 145 -146 147 -148 -149 150 0
c total solving time: 51.15188384056091 c number of splits: 15799 s UNSATISFIABLE
c total solving time: 67.04312419891357 c number of splits: 20827 s UNSATISFIABLE
c total solving time: 58.45817756652832 c number of splits: 18715 s UNSATISFIABLE
c total solving time: 37.16675519943237 c number of splits: 11473 s UNSATISFIABLE
c total solving time: 51.07416296005249 c number of splits: 15589 s UNSATISFIABLE
c total solving time: 98.12823820114136 c number of splits: 32507 s UNSATISFIABLE
c total solving time: 96.1277756690979 c number of splits: 31159 s UNSATISFIABLE
c total solving time: 42.63557720184326 c number of splits: 12641 s UNSATISFIABLE
c total solving time: 52.878538370132446 c number of splits: 16493 s UNSATISFIABLE
c total solving time: 43.54749822616577 c number of splits: 13225 s UNSATISFIABLE
c total solving time: 64.54661202430725 c number of splits: 20355 s UNSATISFIABLE
c total solving time: 83.76234364509583 c number of splits: 25441 s UNSATISFIABLE
c total solving time: 50.7952606678009 c number of splits: 15461 s UNSATISFIABLE
c total solving time: 8.673804998397827 c number of splits: 2611 s UNSATISFIABLE
c total solving time: 7.852289199829102 c number of splits: 2469 s SATISFIABLE v 1 2 -3 -4 -5 6 -7 -8 -9 -10 11 12 13 14 14 14 -15 16 -17 -18 -19 20 21 22 -23 -24 -25 -26 -27 28 -29 -30 31 -32 -33 -34 35 -36 -37 -38 39 40 41 41 41 -42 -43 44 45 46 47 -48 49 50 -51 -52 53 54 55 -56 -57 -58 -59 60 61 -62 -63 64 65 66 -67 -68 69 -70 71 -72 73 -74 75 76 76 77 78 -79 -80 -81 82 -83 84 85 86 -87 88 -89 90 91 -92 93 -94 95 -96 -97 -98 99 -100 -101 -102 -103 104 104 105 106 -107 108 -109 110 -111 -112 113 -114 115 116 -117 -118 119 120 -121 122 -123 -124 125 126 127 128 129 -130 131 -132 -133 -134 -135 136 -137 -138 139 -140 141 -142 143 -144 145 -146 -147 -148 -149 150 0
c total solving time: 59.765716552734375 c number of splits: 18763 s UNSATISFIABLE
c total solving time: 51.952250242233276 c number of splits: 17664 s SATISFIABLE v 1 2 3 -4 5 6 7 8 9 -10 -11 -12 13 14 15 -16 -17 -18 19 -20 21 22 23 24 -25 -26 27 -28 29 30 31 -32 33 -34 -35 -36 37 -38 -39 -40 41 -42 -43 -44 45 -46 -47 48 -49 -50 -51 -52 53 -54 -55 -56 57 -58 59 60 61 62 -63 -64 65 66 67 -68 69 70 71 71 71 -72 73 74 -75 76 -77 78 79 -80 -81 -82 -83 -84 -85 -86 87 88 89 90 -91 92 93 93 93 93 93 93 94 -95 -96 -97 -98 99 -100 101 -102 -103 -104 105 -106 107 -108 -109 -110 -111 -112 -113 -114 -115 116 117 118 -119 120 121 -122 123 -124 125 126 127 128 129 -130 -131 -132 133 134 -135 136 137 138 -139 -140 -141 -142 143 -144 -145 -146 -147 -148 149 150 0
c total solving time: 11.760944366455078 c number of splits: 3891 s SATISFIABLE v -1 -2 3 4 5 6 -7 -8 9 -10 -11 -12 13 14 15 -16 -17 -18 19 20 -21 -22 -23 -24 25 26 27 28 29 -30 31 32 -33 34 -35 -36 -37 38 39 40 -41 -42 43 -44 45 -46 47 48 49 -50 51 52 53 -54 -55 -56 57 58 -59 -60 -61 62 -63 64 -65 -66 67 68 -69 70 71 -72 73 -74 -75 -76 -77 -78 -79 -80 -81 82 -83 84 -85 -86 87 -88 89 90 91 -92 93 94 -95 96 97 98 -99 -100 101 -102 -103 -104 105 -106 -107 108 -109 110 -111 112 113 -114 115 -116 117 118 -119 -120 -121 122 123 124 125 126 127 128 -129 130 -131 132 -133 -134 -135 -136 137 -138 -139 -140 141 -142 -143 144 145 146 -147 -148 149 150 0
c total solving time: 77.24919414520264 c number of splits: 23813 s UNSATISFIABLE
c total solving time: 37.97971296310425 c number of splits: 11323 s UNSATISFIABLE
c total solving time: 4.481378078460693 c number of splits: 1412 s SATISFIABLE v 1 2 3 -4 5 -6 7 -8 -9 -10 11 -12 13 14 -15 16 17 -18 19 -20 -21 22 23 -24 25 26 -27 -28 29 -30 -31 -32 33 34 -35 -36 -37 38 39 40 41 42 43 44 -45 46 -47 -48 49 50 51 52 -53 54 55 -56 57 58 59 -60 61 -62 63 64 -65 66 67 -68 69 -70 -71 -72 73 74 -75 76 77 -78 79 80 81 -82 83 -84 -85 86 87 88 89 -90 -91 -92 93 94 -95 96 -97 98 99 -100 101 102 103 -104 105 -106 -107 108 -109 110 -111 -112 113 113 -114 115 -116 117 -118 119 120 -121 122 123 124 -125 -126 127 -128 -129 -130 -131 132 -133 134 -135 -136 -137 138 -139 -140 141 -142 143 144 -145 -146 147 148 149 150 0
c total solving time: 55.29225492477417 c number of splits: 17317 s UNSATISFIABLE
c total solving time: 64.81083083152771 c number of splits: 20063 s UNSATISFIABLE
c total solving time: 18.127233505249023 c number of splits: 5473 s UNSATISFIABLE
c total solving time: 56.921586751937866 c number of splits: 17757 s UNSATISFIABLE
c total solving time: 12.94494342803955 c number of splits: 4416 s SATISFIABLE v 1 2 -3 4 5 6 -7 -8 9 10 -11 12 13 -14 15 -16 17 -18 19 -20 -21 22 -23 24 -25 26 -27 -28 29 30 -31 32 33 34 -35 -36 37 37 37 37 38 39 40 -41 42 43 44 45 46 -47 -48 49 50 -51 -52 53 54 54 54 54 54 54 -55 56 -57 -58 59 -60 61 62 -63 64 -65 66 -67 68 69 -70 -71 72 -73 74 -75 -76 77 -78 -79 80 81 -82 -83 -84 85 -86 -87 -88 -89 -90 91 -92 93 94 -95 96 -97 -98 99 -100 101 -102 103 104 -105 -106 -107 -108 109 110 -111 112 113 114 -115 -116 117 118 119 120 -121 -122 123 -124 125 126 -127 128 129 130 131 -132 133 -134 -135 -136 137 138 139 -140 -141 142 -143 -144 -145 146 -147 148 -149 150 0
c total solving time: 3.7102725505828857 c number of splits: 1494 s SATISFIABLE v 1 -2 -3 -4 5 6 7 8 -9 -10 -11 12 13 14 15 16 17 18 19 -20 21 -22 23 -24 -25 -26 -27 -28 -29 -30 31 -32 33 -34 35 -36 37 38 39 40 41 -42 43 44 45 46 -47 48 -49 50 -51 -52 -53 -54 55 -56 57 -58 -59 60 61 -62 -63 64 65 66 67 68 69 -70 71 72 -73 -74 75 76 77 78 79 80 -81 82 -83 -84 -85 -86 87 88 89 -90 91 -92 -93 94 95 96 -97 -98 99 100 101 102 -103 -104 -105 -106 107 -108 109 110 111 112 113 114 115 116 -117 -118 119 -120 121 122 -123 124 -125 -126 -127 -128 129 -130 131 132 133 134 -135 -136 137 138 139 -140 141 142 143 -144 -145 146 147 -148 149 -150 0
c total solving time: 30.65710186958313 c number of splits: 9053 s UNSATISFIABLE
c total solving time: 19.827234268188477 c number of splits: 6255 s SATISFIABLE v 1 2 3 -4 5 6 7 8 9 -10 11 12 -13 -14 -15 -16 17 18 -19 -20 -21 -22 -23 24 25 26 -27 28 -29 -30 31 32 33 34 -35 36 37 38 -39 40 -41 -42 43 44 -45 -46 -47 48 49 -50 -51 -52 53 -54 -55 -56 57 -58 59 59 -60 61 -62 63 64 -65 -66 67 -68 69 69 69 69 69 69 70 71 72 -73 74 75 76 76 -77 -78 79 80 81 81 81 81 -82 -83 -84 85 -86 87 -88 89 90 91 92 -93 -94 -95 96 97 98 -99 -100 101 -102 103 104 -105 106 -107 -108 109 110 111 112 113 114 115 -116 -117 118 -119 120 121 122 -123 -124 -125 -126 127 128 129 130 -131 132 133 134 135 136 137 -138 139 139 139 139 140 141 -142 143 144 -145 -146 -147 -148 149 150 0
c total solving time: 22.356486797332764 c number of splits: 6749 s UNSATISFIABLE
c total solving time: 13.672427415847778 c number of splits: 4489 s SATISFIABLE v -1 -2 -3 -4 5 -6 -7 -8 9 -10 11 -12 -13 -14 15 16 17 -18 -19 20 -21 22 -23 -24 -25 26 27 -28 29 -30 31 32 -33 34 -35 -36 37 38 39 -40 -41 42 -43 -44 -45 46 47 -48 -49 50 51 52 53 -54 55 56 -57 -58 -59 60 61 62 63 64 65 65 65 -66 67 -68 69 -70 71 72 -73 74 -75 -76 -77 78 79 80 81 82 -83 84 -85 -86 -87 -88 -89 -90 -91 92 93 -94 -95 96 -97 -98 99 -100 -101 102 103 104 -105 -106 107 108 109 110 111 -112 113 114 115 -116 117 -118 119 120 -121 122 123 124 -125 126 -127 128 129 130 -131 -132 133 -134 135 136 137 138 -139 140 141 142 -143 144 -145 146 147 148 149 -150 0
c total solving time: 2.9607667922973633 c number of splits: 1049 s SATISFIABLE v -1 -2 3 4 -5 6 -7 8 -9 10 11 12 -13 14 15 -16 17 -18 -19 -20 21 -22 -23 24 -25 26 -27 28 -29 30 31 32 -33 34 -35 36 37 -38 -39 -40 -41 42 -43 44 45 46 47 -48 49 50 51 -52 53 -54 55 -56 -57 -58 59 60 -61 62 -63 -64 -65 -66 -67 68 69 -70 71 -72 -73 74 75 76 77 -78 -79 -80 -81 82 83 84 -85 86 -87 88 89 90 91 92 -93 -94 -95 -96 97 98 99 -100 101 102 103 104 105 -106 107 -108 -109 110 111 112 -113 -114 -115 116 -117 118 119 120 121 122 -123 124 -125 126 -127 128 129 -130 131 -132 -133 -134 -135 -136 137 138 -139 -140 -141 -142 143 144 145 146 147 148 149 -150 0
c total solving time: 14.403687000274658 c number of splits: 4572 s SATISFIABLE v 1 -2 -3 4 5 5 5 6 -7 8 -9 -10 -11 12 12 12 12 12 13 -14 -15 16 17 18 19 20 -21 -22 -23 24 25 -26 -27 28 29 -30 31 -32 33 -34 35 -36 -37 -38 -39 40 41 -42 43 -44 45 -46 47 48 49 50 -51 -52 -53 -54 55 56 -57 58 -59 60 -61 62 -63 -64 65 -66 67 68 -69 -70 -71 -72 -73 74 75 76 -77 78 -79 -80 -81 -82 83 -84 -85 86 87 88 89 90 90 90 90 -91 92 93 -94 95 96 -97 -98 99 -100 -101 -102 -103 -104 -105 106 107 -108 109 -110 -111 112 113 114 115 116 -117 118 -119 120 121 -122 -123 124 125 -126 -127 -128 129 130 131 -132 -133 134 135 -136 137 138 -139 140 -141 -142 -143 -144 -145 -146 147 -148 -149 -150 0
c total solving time: 20.807300567626953 c number of splits: 6093 s UNSATISFIABLE
c total solving time: 4.733091115951538 c number of splits: 1313 s UNSATISFIABLE
c total solving time: 13.896623373031616 c number of splits: 4458 s SATISFIABLE v -1 -2 3 4 -5 -6 7 8 -9 -10 11 -12 13 -14 -15 16 17 -18 19 20 21 -22 23 24 -25 26 -27 -28 -29 -30 -31 -32 33 -34 -35 36 37 -38 -39 -40 -41 42 -43 44 45 -46 -47 48 -49 50 51 -52 -53 54 55 -56 -57 -58 59 -60 -61 -62 63 -64 65 -66 67 68 -69 70 -71 -72 -73 -74 75 -76 -77 -78 79 80 81 -82 -83 -84 -85 -86 -87 88 -89 -90 -91 -92 93 -94 -95 -96 -97 98 -99 -100 -101 102 103 104 105 106 107 108 -109 110 111 -112 113 114 115 116 -117 118 -119 120 121 -122 123 124 125 -126 127 -128 129 130 131 132 -133 -134 135 136 -137 -138 139 -140 141 142 143 -144 145 -146 147 148 149 150 0
c total solving time: 17.498509645462036 c number of splits: 5127 s UNSATISFIABLE
c total solving time: 21.069947004318237 c number of splits: 7101 s SATISFIABLE v -1 -2 -3 4 5 -6 -7 8 9 10 11 -12 13 14 -15 16 -17 18 19 -20 21 22 -23 -24 25 -26 27 -28 -29 30 -31 32 -33 34 -35 36 -37 -38 39 -40 -41 42 43 -44 -45 -46 47 -48 -49 50 51 52 53 -54 55 56 -57 58 -59 -60 -61 -62 -63 -64 -65 66 67 68 69 -70 71 72 -73 74 -75 -76 -77 78 79 80 81 82 -83 84 -85 -86 87 88 -89 -90 91 92 93 -94 95 96 -97 98 -99 100 -101 -102 103 -104 105 106 -107 -108 109 110 -111 -112 -113 -114 115 -116 -117 118 119 120 121 122 -123 -124 -125 126 -127 128 129 -130 -131 -132 -133 134 134 134 134 134 134 -135 136 137 -138 139 140 141 142 143 -144 -145 -146 147 -148 -149 -150 0
c total solving time: 69.06008219718933 c number of splits: 22172 s SATISFIABLE v 1 2 3 -4 5 6 7 8 -9 10 11 -12 13 -14 -15 -16 17 18 -19 20 -21 22 23 -24 25 26 27 28 -29 -30 31 31 -32 33 34 35 36 -37 -38 -39 40 -41 42 -43 -44 -45 46 -47 -48 49 -50 51 52 53 -54 55 -56 -57 -58 59 60 61 62 63 -64 -65 66 -67 68 69 70 71 72 -73 -74 75 -76 -77 78 -79 -80 -81 -82 83 84 -85 86 87 -88 89 -90 91 -92 93 94 -95 -96 -97 -98 -99 100 101 102 103 104 -105 106 -107 108 109 -110 -111 112 -113 114 -115 -116 -117 -118 -119 120 -121 -122 -123 124 125 -126 127 128 -129 -130 131 132 -133 134 -135 -136 137 138 -139 -140 -141 -142 -143 144 -145 -146 147 148 149 150 0
c total solving time: 10.899041652679443 c number of splits: 4001 s SATISFIABLE v 1 2 3 -4 -5 6 -7 -8 9 -10 11 -12 13 14 15 -16 -17 -18 19 20 21 -22 23 -24 25 26 -27 -28 -29 30 -31 32 -33 34 35 -36 -37 -38 -39 40 41 -42 43 -44 -45 46 47 -48 49 -50 -51 52 -53 54 -55 -56 -57 58 -59 -60 -61 62 63 64 65 -66 67 68 -69 70 71 72 -73 74 75 76 77 -78 -79 -80 -81 82 83 -84 85 -86 -87 88 89 90 91 -92 93 94 -95 -96 -97 -98 -99 100 101 -102 103 -104 -105 -106 107 108 109 -110 111 -112 113 -114 -115 -116 117 118 -119 -120 121 122 123 -124 -125 -126 -127 -128 -129 130 -131 132 133 133 133 133 133 -134 -135 -136 -137 -138 139 140 -141 142 143 144 145 -146 147 -148 -149 150 0
c total solving time: 83.82831311225891 c number of splits: 26623 s UNSATISFIABLE
c total solving time: 0.10021686553955078 c number of splits: 33 s SATISFIABLE v 1 2 3 4 5 6 7 8 -9 -10 -11 -12 13 14 15 -16 17 18 19 20 21 -22 23 -24 25 26 27 -28 29 -30 -31 32 -33 34 35 -36 37 -38 39 -40 41 -42 -43 -44 -45 46 47 48 49 50 -51 -52 -53 54 -55 56 57 -58 59 60 -61 -62 63 64 -65 66 67 -68 -69 70 -71 -72 73 -74 -75 76 -77 -78 79 80 -81 82 83 84 -85 86 87 -88 89 90 91 -92 93 94 -95 96 97 98 99 -100 -101 102 103 103 104 105 -106 107 107 107 107 107 107 -108 -109 -110 -111 112 -113 -114 -115 -116 117 118 -119 120 121 122 -123 -124 -125 126 127 -128 -129 -130 -131 -132 -133 -134 -135 -136 137 -138 -139 -140 141 142 143 -144 -145 146 -147 148 149 -150 0
c total solving time: 49.50460958480835 c number of splits: 15257 s UNSATISFIABLE
c total solving time: 5.7189648151397705 c number of splits: 1965 s SATISFIABLE v 1 2 -3 -4 -5 -6 -7 8 -9 -10 -11 12 -13 -14 -15 16 17 18 -19 -20 21 22 -23 -24 -25 26 27 -28 29 30 -31 -32 -33 34 35 36 -37 -38 -39 40 41 -42 -43 44 -45 -46 -47 -48 49 50 51 52 -53 54 -55 -56 -57 58 59 -60 61 -62 63 64 -65 66 67 68 69 -70 71 72 -73 -74 75 76 77 78 79 -80 -81 82 83 84 85 86 -87 88 89 -90 -91 -92 -93 94 -95 -96 -97 -98 -99 -100 -101 102 -103 104 -105 -106 -107 108 -109 -110 -111 112 -113 -114 -115 -116 -117 -118 -119 120 -121 122 -123 124 125 -126 -127 -128 129 -130 131 -132 133 134 135 136 137 -138 139 140 -141 -142 143 144 -145 146 -147 148 149 -150 0
c total solving time: 71.93638610839844 c number of splits: 22831 s UNSATISFIABLE
c total solving time: 31.9909508228302 c number of splits: 9591 s UNSATISFIABLE
c total solving time: 48.91433596611023 c number of splits: 15037 s UNSATISFIABLE
c total solving time: 85.10229897499084 c number of splits: 26771 s UNSATISFIABLE
c total solving time: 54.87424063682556 c number of splits: 17217 s UNSATISFIABLE
c total solving time: 23.205419301986694 c number of splits: 6761 s UNSATISFIABLE
c total solving time: 14.41079330444336 c number of splits: 4972 s SATISFIABLE v 1 -2 -3 4 5 -6 -7 8 9 10 11 11 11 11 11 11 12 13 14 15 16 -17 -18 -19 -20 21 22 -23 24 25 26 27 -28 29 -30 -31 -32 -33 -34 35 -36 37 -38 39 40 -41 -42 -43 44 -45 46 -47 -48 -49 50 51 -52 -53 54 55 56 -57 -58 59 60 61 -62 63 63 64 -65 66 -67 -68 -69 70 -71 -72 73 -74 75 -76 -77 -78 -79 -80 81 -82 83 84 -85 86 87 -88 89 90 91 -92 -93 94 -95 96 97 -98 -99 -100 101 -102 103 104 105 -106 107 108 -109 110 111 112 -113 -114 115 116 117 -118 -119 120 121 122 123 -124 -125 126 127 128 129 -130 -131 -132 -133 -134 135 136 137 138 -139 140 141 142 143 144 145 146 -147 148 -149 150 0
c total solving time: 28.95344877243042 c number of splits: 8751 s UNSATISFIABLE
c total solving time: 39.593348026275635 c number of splits: 12857 s SATISFIABLE v 1 -2 3 -4 5 6 -7 8 9 -10 -11 -12 -13 14 -15 -16 -17 -18 -19 -20 -21 -22 -23 24 25 26 -27 -28 -29 30 31 32 -33 -34 35 -36 37 38 -39 -40 -41 42 -43 44 -45 46 -47 48 49 -50 -51 -52 53 54 55 56 -57 -58 -59 60 -61 62 -63 -64 65 -66 -67 -68 -69 70 71 -72 -73 -74 75 76 77 78 -79 80 81 82 83 -84 -85 86 87 88 89 90 91 92 93 -94 95 96 97 -98 99 -100 -101 102 103 104 -105 106 -107 -108 109 110 -111 112 113 -114 115 -116 117 118 -119 120 -121 122 -123 -124 -125 -126 127 -128 129 -130 131 -132 -133 134 135 -136 137 138 139 -140 -141 142 -143 -144 -145 146 146 146 -147 -148 -149 150 0
c total solving time: 35.957287073135376 c number of splits: 10955 s UNSATISFIABLE
c total solving time: 72.97442722320557 c number of splits: 21729 s UNSATISFIABLE
c total solving time: 10.23950481414795 c number of splits: 3082 s SATISFIABLE v 1 -2 -3 -4 5 6 -7 -8 9 -10 -11 12 13 -14 -15 -16 17 18 -19 -20 -21 -22 23 24 25 26 27 -28 -29 -30 31 32 33 -34 35 36 37 38 38 38 -39 40 41 -42 -43 44 -45 46 47 48 -49 50 51 -52 -53 -54 55 56 57 -58 59 60 60 60 60 60 -61 62 63 63 63 63 63 63 63 63 63 63 63 63 -64 65 -66 -67 -68 69 70 -71 72 73 74 -75 -76 -77 78 -79 80 81 82 -83 84 85 86 -87 -88 89 90 91 92 -93 94 -95 96 97 -98 -99 100 101 -102 103 104 -105 106 107 108 -109 110 111 112 113 -114 -115 -116 117 117 117 -118 -119 120 -121 -122 123 -124 -125 126 127 128 129 -130 -131 -132 -133 134 -135 -136 137 138 139 -140 141 142 -143 144 145 -146 -147 148 149 -150 0
c total solving time: 75.15701031684875 c number of splits: 23611 s UNSATISFIABLE
c total solving time: 39.70774579048157 c number of splits: 12787 s UNSATISFIABLE
c total solving time: 60.87671113014221 c number of splits: 19171 s UNSATISFIABLE
c total solving time: 21.110546112060547 c number of splits: 7091 s SATISFIABLE v -1 -2 -3 4 5 -6 7 -8 -9 10 11 12 13 -14 15 16 17 -18 -19 20 -21 22 -23 -24 25 26 -27 28 -29 -30 -31 32 -33 -34 -35 -36 37 -38 39 40 -41 -42 -43 44 -45 -46 -47 -48 49 -50 -51 -52 53 54 -55 -56 57 -58 59 -60 -61 -62 63 -64 65 -66 -67 68 69 70 71 72 -73 -74 75 76 -77 78 79 -80 81 82 83 84 -85 86 -87 88 -89 -90 91 -92 -93 94 -95 96 97 98 -99 100 -101 102 103 104 105 -106 -107 -108 -109 110 -111 112 113 114 115 116 -117 118 119 120 -121 -122 -123 -124 -125 126 -127 -128 129 -130 131 -132 133 -134 -135 136 137 138 138 138 139 -140 -141 142 143 -144 -145 -146 -147 148 -149 150 0
c total solving time: 40.09113669395447 c number of splits: 12269 s UNSATISFIABLE
c total solving time: 16.31048893928528 c number of splits: 5240 s SATISFIABLE v 1 2 3 -4 5 -6 7 8 -9 10 11 -12 13 14 15 16 -17 18 19 20 -21 -22 23 -24 25 -26 -27 -28 29 30 -31 32 33 34 35 36 37 38 39 40 41 42 43 -44 -45 -46 47 48 -49 -50 -51 -52 53 -54 55 -56 -57 58 -59 -60 61 62 63 64 -65 66 67 68 -69 70 -71 -72 73 -74 -75 76 -77 78 -79 80 81 82 -83 -84 85 86 -87 -88 -89 90 -91 -92 93 -94 -95 -96 97 98 -99 -100 101 102 103 104 105 -106 107 -108 -109 110 -111 112 113 -114 -115 116 -117 118 119 119 -120 121 122 -123 124 125 126 127 -128 -129 -130 131 -132 133 -134 -135 136 137 138 -139 140 -141 142 -143 144 -145 146 -147 148 149 -150 0
c total solving time: 60.53457450866699 c number of splits: 18193 s UNSATISFIABLE
c total solving time: 7.468961954116821 c number of splits: 2123 s UNSATISFIABLE
c total solving time: 0.38339924812316895 c number of splits: 124 s SATISFIABLE v 1 2 3 4 -5 -6 7 8 -9 10 11 12 -13 14 15 16 17 18 19 -20 -21 -22 -23 24 25 26 27 -28 -29 30 -31 -32 -33 -34 35 -36 -37 38 -39 40 -41 42 -43 44 45 46 47 48 49 50 -51 52 -53 54 -55 -56 57 58 59 -60 61 62 -63 -64 -65 -66 -67 -68 69 70 -71 72 73 -74 -75 -76 -77 -78 79 -80 -81 82 83 -84 85 86 87 88 89 90 90 90 91 -92 -93 94 -95 -96 97 98 -99 -100 101 -102 -103 104 -105 106 107 108 -109 110 -111 112 -113 -114 -115 116 -117 -118 119 -120 121 122 123 124 -125 126 127 128 -129 130 131 -132 -133 134 135 -136 -137 -138 139 -140 141 142 -143 -144 145 146 -147 -148 149 150 0
c total solving time: 41.60380434989929 c number of splits: 12949 s UNSATISFIABLE
c total solving time: 36.19626331329346 c number of splits: 11605 s SATISFIABLE v -1 -2 3 4 5 -6 -7 8 9 10 -11 12 13 -14 -15 16 17 18 19 20 -21 -22 -23 -24 25 -26 27 -28 29 -30 31 -32 -33 34 -35 36 37 38 39 40 41 42 43 -44 -45 46 47 -48 49 -50 51 52 53 54 55 -56 57 -58 -59 60 -61 62 63 64 65 66 -67 68 69 70 71 72 73 74 75 76 -77 -78 -79 80 81 81 82 -83 84 -85 -86 -87 88 -89 90 -91 92 93 94 95 -96 -97 98 99 -100 -101 102 103 104 -105 106 -107 -108 -109 -110 111 -112 -113 -114 115 -116 117 118 -119 120 121 122 123 -124 -125 126 127 128 129 130 -131 -132 -133 134 -135 -136 -137 138 -139 140 141 142 -143 144 145 146 147 -148 149 149 149 150 0
c total solving time: 12.551719903945923 c number of splits: 3699 s UNSATISFIABLE
c total solving time: 13.187377452850342 c number of splits: 4330 s SATISFIABLE v 1 1 1 1 1 1 2 -3 4 5 6 7 8 9 10 -11 12 13 -14 -15 -16 -17 -18 19 20 21 22 -23 24 25 -26 27 28 -29 -30 -31 -32 33 -34 35 -36 37 -38 39 -40 -41 42 -43 -44 45 46 -47 -48 -49 -50 -51 52 -53 -54 55 56 57 57 57 -58 59 -60 -61 -62 63 -64 -65 66 67 68 -69 -70 -71 -72 73 -74 75 -76 77 -78 79 79 79 80 -81 -82 83 84 -85 86 -87 -88 -89 90 91 92 -93 94 -95 -96 -97 98 99 100 101 101 101 101 101 101 -102 103 104 104 104 105 106 -107 -108 -109 110 -111 -112 113 114 115 -116 -117 118 119 -120 121 -122 -123 -124 -125 126 126 126 126 126 126 126 127 128 -129 130 -131 132 -133 134 135 -136 -137 138 139 -140 -141 142 -143 -144 -145 146 -147 148 149 -150 0
c total solving time: 9.607094526290894 c number of splits: 3607 s SATISFIABLE v -1 2 3 4 5 -6 7 8 9 10 11 12 -13 14 15 16 17 18 19 -20 -21 22 23 24 -25 -26 27 28 29 30 31 -32 -33 -34 -35 36 37 -38 39 -40 41 -42 43 -44 -45 -46 -47 -48 49 -50 51 52 -53 54 -55 -56 -57 -58 59 60 61 -62 63 -64 -65 66 67 -68 69 70 -71 -72 73 -74 75 -76 -77 -78 -79 -80 81 82 83 83 -84 -85 86 -87 88 89 -90 -91 -92 -93 94 -95 96 97 98 -99 100 101 -102 103 -104 -105 -106 -107 -108 109 110 111 112 113 -114 115 -116 -117 -118 119 -120 121 122 -123 -124 -125 126 -127 128 129 130 131 -132 -133 -134 -135 136 137 138 -139 -140 141 142 -143 -144 145 146 147 -148 -149 -150 0
c total solving time: 62.67334794998169 c number of splits: 19717 s UNSATISFIABLE
c total solving time: 18.500338077545166 c number of splits: 5483 s UNSATISFIABLE
c total solving time: 53.411057233810425 c number of splits: 16613 s UNSATISFIABLE
c total solving time: 52.385305404663086 c number of splits: 15939 s UNSATISFIABLE
c total solving time: 10.518683671951294 c number of splits: 3410 s SATISFIABLE v 1 -2 -3 -4 5 6 7 -8 -9 -10 -11 -12 13 14 15 -16 -17 18 19 -20 21 -22 -23 -24 25 25 26 -27 -28 29 -30 -31 32 33 -34 35 -36 -37 38 39 40 41 42 43 44 44 45 -46 -47 48 49 50 -51 -52 -53 -54 55 56 57 58 59 60 61 -62 -63 -64 65 -66 -67 -68 -69 -70 71 -72 -73 74 75 76 77 -78 -79 80 81 82 83 84 -85 -86 87 -88 -89 90 -91 -92 -93 94 -95 96 97 -98 99 100 -101 -102 103 104 104 104 104 -105 -106 -107 108 109 110 -111 -112 -113 114 -115 116 -117 -118 -119 -120 -121 -122 -123 124 125 126 -127 128 -129 130 131 132 -133 134 -135 136 -137 -138 139 140 141 -142 -143 -144 -145 146 -147 -148 149 -150 0
c total solving time: 76.87771940231323 c number of splits: 24475 s UNSATISFIABLE
c total solving time: 3.685283899307251 c number of splits: 1069 s SATISFIABLE v 1 -2 -3 -4 -5 6 -7 8 -9 10 11 -12 -13 14 -15 16 17 -18 -19 -20 -21 22 23 24 25 26 27 -28 -29 -30 31 32 -33 -34 -35 -36 -37 -38 -39 40 -41 42 -43 -44 45 46 47 -48 49 50 -51 -52 -53 -54 55 56 -57 58 59 -60 -61 -62 -63 64 -65 -66 67 -68 69 -70 -71 -72 73 74 -75 -76 77 -78 79 -80 -81 -82 83 84 -85 -86 87 88 88 89 -90 91 -92 93 94 -95 -96 -97 98 -99 100 101 -102 -103 104 105 106 107 108 -109 -110 111 -112 113 -114 115 -116 117 -118 -119 120 -121 -122 -123 124 -125 126 127 -128 129 -130 131 -132 133 -134 -135 -136 -137 138 -139 -140 -141 142 -143 -144 145 -146 -147 148 149 150 0
c total solving time: 50.01349687576294 c number of splits: 16819 s UNSATISFIABLE
c total solving time: 39.904481172561646 c number of splits: 13523 s SATISFIABLE v 1 2 -3 -4 5 -6 -7 -8 -9 10 11 -12 13 -14 -15 16 17 -18 -19 -20 -21 22 -23 24 -25 -26 -27 28 -29 -30 -31 -32 33 34 35 36 -37 38 -39 -40 -41 42 43 -44 -45 -46 47 48 -49 -50 51 -52 53 54 55 56 57 58 -59 60 61 -62 63 -64 -65 -66 67 68 -69 -70 71 -72 73 74 -75 76 -77 -78 -79 80 -81 82 83 -84 85 86 87 88 89 89 89 89 90 91 92 -93 -94 -95 96 97 98 99 -100 101 102 103 104 105 106 107 108 109 -110 111 -112 -113 -114 115 116 -117 -118 119 120 -121 -122 -123 124 125 126 127 -128 -129 130 -131 -132 133 -134 135 -136 -137 138 -139 140 -141 -142 143 144 145 146 147 148 -149 -150 0
c total solving time: 28.666073083877563 c number of splits: 10427 s SATISFIABLE v 1 -2 -3 -4 -5 6 -7 8 -9 10 11 -12 -13 14 15 16 -17 18 -19 -20 -21 22 22 22 22 23 -24 -25 -26 -27 -28 -29 30 -31 32 33 34 35 36 37 -38 39 -40 -41 -42 43 -44 -45 46 -47 -48 49 50 50 -51 -52 -53 -54 55 56 57 -58 59 -60 61 62 -63 -64 -65 66 -67 -68 69 70 71 -72 73 74 -75 76 77 77 78 -79 -80 81 82 83 84 -85 -86 87 -88 89 90 91 -92 93 -94 95 -96 -97 -98 -99 100 101 -102 103 -104 -105 -106 -107 -108 -109 110 -111 -112 113 -114 -115 -116 117 118 -119 -120 121 122 -123 -124 -125 126 127 -128 129 130 130 130 -131 -132 133 134 135 -136 137 -138 -139 140 -141 -142 -143 144 145 -146 147 148 -149 -150 0
c total solving time: 23.678873538970947 c number of splits: 7788 s SATISFIABLE v 1 -2 3 -4 -5 6 -7 8 9 -10 -11 12 -13 14 15 16 -17 -18 19 -20 -21 -22 23 24 -25 26 -27 -28 29 -30 -31 -32 33 34 -35 -36 -37 -38 39 40 41 42 43 44 -45 -46 47 48 -49 -50 -51 -52 -53 -54 -55 56 -57 58 59 60 61 62 63 -64 65 -66 67 68 69 70 -71 72 -73 -74 75 -76 77 -78 -79 80 -81 -82 83 -84 -85 -86 87 -88 -89 -90 -91 92 -93 94 95 -96 -97 -98 99 100 101 102 103 104 -105 -106 107 108 -109 -110 -111 -112 -113 114 -115 -116 -117 118 -119 120 -121 122 -123 124 125 -126 127 128 129 130 -131 -132 133 134 -135 136 137 138 139 139 140 141 142 143 -144 -145 146 147 148 149 150 0
c total solving time: 30.21151351928711 c number of splits: 8859 s UNSATISFIABLE
c total solving time: 27.697447776794434 c number of splits: 8653 s UNSATISFIABLE
c total solving time: 19.78808355331421 c number of splits: 5987 s UNSATISFIABLE
c total solving time: 68.13157939910889 c number of splits: 21111 s UNSATISFIABLE
c total solving time: 71.52167105674744 c number of splits: 22633 s UNSATISFIABLE
c total solving time: 85.79345655441284 c number of splits: 28637 s SATISFIABLE v 1 2 -3 -4 -5 -6 7 -8 -9 10 11 12 13 14 -15 16 17 18 19 -20 -21 -22 -23 24 25 -26 -27 -28 -29 -30 -31 -32 33 34 -35 36 37 38 -39 -40 -41 42 43 44 45 46 -47 48 -49 50 51 -52 53 54 -55 -56 -57 58 -59 60 61 62 -63 -64 65 66 -67 68 69 -70 -71 72 -73 -74 75 76 77 78 79 80 -81 82 83 84 -85 86 -87 88 89 90 91 92 93 -94 -95 96 97 98 99 -100 101 102 103 -104 -105 106 107 -108 109 110 -111 112 113 114 115 116 117 -118 119 120 121 -122 123 -124 125 126 127 -128 129 -130 131 132 133 134 -135 -136 137 -138 -139 -140 141 -142 -143 144 145 146 -147 -148 149 -150 0
c total solving time: 12.125694274902344 c number of splits: 3938 s SATISFIABLE v -1 2 -3 4 5 -6 -7 8 -9 -10 -11 12 13 14 15 -16 17 -18 -19 -20 21 22 23 -24 -25 -26 -27 -28 29 29 29 -30 -31 32 33 34 35 -36 -37 -38 39 39 40 -41 -42 -43 -44 -45 46 47 -48 49 -50 51 -52 -53 -54 55 -56 57 58 59 -60 -61 62 -63 -64 -65 66 67 68 69 -70 71 -72 -73 74 -75 76 77 -78 -79 80 81 -82 83 -84 85 -86 87 -88 89 -90 91 -92 93 -94 95 -96 97 -98 99 100 101 -102 -103 104 105 106 107 -108 109 -110 111 -112 -113 -114 -115 -116 -117 -118 119 -120 -121 -122 123 -124 -125 -126 -127 128 129 130 -131 132 -133 134 135 136 137 -138 139 140 141 142 143 -144 -145 -146 147 147 148 -149 -150 0
c total solving time: 0.1643989086151123 c number of splits: 48 s SATISFIABLE v 1 2 -3 -4 -5 6 7 8 -9 -10 11 -12 13 14 -15 16 -17 -18 -19 20 -21 -22 23 -24 -25 -26 27 28 -29 30 -31 -32 -33 -34 35 36 37 -38 39 40 -41 42 42 42 42 -43 -44 45 -46 -47 -48 49 50 50 51 52 -53 54 -55 -56 57 58 -59 60 -61 62 63 64 65 66 -67 68 69 -70 -71 72 -73 74 -75 -76 -77 78 79 -80 81 82 83 -84 85 86 -87 -88 -89 90 -91 92 93 94 95 96 97 -98 -99 100 100 100 100 100 100 100 100 101 -102 103 -104 -105 106 107 108 -109 110 -111 -112 -113 114 -115 116 -117 118 119 -120 121 -122 123 -124 -125 126 127 128 129 130 -131 132 -133 134 135 -136 -137 -138 -139 140 141 142 -143 144 -145 146 147 148 149 150 0
c total solving time: 1.3371870517730713 c number of splits: 420 s SATISFIABLE v -1 -2 3 -4 5 -6 -7 8 -9 10 -11 12 -13 14 15 -16 17 -18 19 -20 21 -22 -23 24 -25 26 27 28 29 -30 -31 -32 -33 34 35 -36 37 38 39 40 41 -42 43 44 -45 46 47 -48 -49 50 51 -52 53 54 55 56 -57 -58 59 -60 -61 62 63 -64 65 -66 -67 -68 69 -70 -71 -72 73 -74 75 76 77 -78 79 -80 -81 82 -83 -84 85 86 87 88 89 -90 91 92 93 94 -95 -96 97 -98 -99 -100 -101 102 -103 104 -105 106 -107 108 -109 -110 -111 -112 -113 -114 115 -116 117 -118 -119 120 121 -122 123 124 125 126 127 128 -129 -130 -131 132 -133 134 -135 -136 -137 -138 -139 -140 -141 -142 143 144 145 146 -147 148 149 -150 0
c total solving time: 18.72775673866272 c number of splits: 5667 s UNSATISFIABLE
c total solving time: 75.50783896446228 c number of splits: 24423 s UNSATISFIABLE
c total solving time: 20.08049249649048 c number of splits: 5903 s UNSATISFIABLE
c total solving time: 18.249634265899658 c number of splits: 5173 s UNSATISFIABLE
c total solving time: 25.431255102157593 c number of splits: 7711 s UNSATISFIABLE
c total solving time: 46.60073518753052 c number of splits: 14081 s UNSATISFIABLE
c total solving time: 11.753783226013184 c number of splits: 3950 s SATISFIABLE v 1 -2 -3 4 -5 6 -7 8 9 -10 -11 12 -13 -14 -15 16 -17 18 -19 -20 21 -22 23 24 -25 -26 -27 28 -29 -30 -31 -32 33 34 35 -36 -37 38 -39 -40 -41 -42 43 -44 -45 46 47 -48 -49 50 51 51 -52 53 54 55 -56 57 -58 59 -60 61 62 -63 -64 65 -66 67 68 -69 70 -71 72 73 74 -75 -76 -77 -78 79 -80 -81 -82 83 -84 -85 -86 87 -88 89 -90 91 -92 93 94 95 95 95 96 97 -98 -99 100 -101 -102 -103 -104 105 106 -107 108 109 110 111 112 -113 -114 -115 -116 117 -118 -119 -120 121 -122 -123 124 125 126 127 128 129 -130 131 132 -133 -134 -135 -136 -137 138 -139 140 -141 142 143 -144 -145 -146 147 -148 149 -150 0
c total solving time: 1.6577332019805908 c number of splits: 520 s SATISFIABLE v 1 -2 3 4 5 6 -7 8 -9 -10 11 12 -13 -14 15 16 17 -18 -19 -20 -21 22 22 22 22 22 22 22 22 23 23 -24 -25 26 -27 -28 29 -30 -31 32 33 -34 35 -36 -37 38 -39 -40 41 42 43 -44 -45 -46 -47 -48 -49 50 -51 -52 53 54 -55 56 -57 -58 -59 60 61 -62 -63 64 65 -66 -67 -68 -69 -70 -71 72 -73 74 75 -76 -77 -78 79 80 80 80 80 80 81 82 -83 84 85 -86 87 88 88 88 88 89 90 91 -92 -93 94 95 -96 97 -98 99 -100 101 102 -103 104 -105 106 107 -108 109 -110 -111 112 -113 114 115 -116 -117 -118 -119 120 -121 122 123 124 -125 -126 127 128 129 130 131 132 133 -134 -135 -136 -137 -138 -139 -140 -141 -142 -143 144 145 -146 -147 148 149 -150 0
Total solving time: 3614.88135766983032233
Median solving time: 31.32
Total number of splits: 1138054
Median number of splits: 9322.00
Number of satisfiable: 38
