200-880/output_0.cnf: c total solving time: 681.1832406520844 c number of splits: 137317 s UNSATISFIABLE
200-880/output_1.cnf: c total solving time: 343.9709994792938 c number of splits: 71027 s UNSATISFIABLE
200-880/output_10.cnf: c total solving time: 748.3158323764801 c number of splits: 158887 s UNSATISFIABLE
200-880/output_11.cnf: c total solving time: 684.658714056015 c number of splits: 142931 s UNSATISFIABLE
200-880/output_12.cnf: c total solving time: 972.966376543045 c number of splits: 208283 s UNSATISFIABLE
200-880/output_13.cnf: c total solving time: 405.79824113845825 c number of splits: 81181 s UNSATISFIABLE
200-880/output_14.cnf: c total solving time: 672.2138624191284 c number of splits: 137813 s UNSATISFIABLE
200-880/output_15.cnf: c total solving time: 66.02864480018616 c number of splits: 13910 s SATISFIABLE v 1 -2 -3 4 5 -6 7 8 9 -10 11 -12 -13 14 -15 -16 17 -18 -19 20 -21 -22 23 24 25 -26 -27 28 29 -30 31 -32 33 -34 -35 -36 -37 38 39 -40 -41 42 43 44 -45 -46 -47 -48 -49 -50 51 52 -53 54 -55 56 57 -58 59 60 61 62 -63 -64 65 66 -67 -68 69 -70 -71 72 -73 -74 -75 76 77 -78 -79 -80 81 82 83 84 -85 86 -87 -88 89 -90 -91 92 93 94 95 -96 97 -98 -99 100 -101 102 -103 -104 105 -106 107 -108 -109 110 111 -112 -113 -114 -115 116 -117 -118 -119 -120 121 -122 -123 -124 -125 126 127 -128 -129 130 -131 -132 -133 134 -135 136 137 -138 -139 -140 141 142 -143 144 -145 -146 -147 -148 149 -150 -151 -152 153 -154 -155 156 -157 -158 -159 -160 -161 -162 -163 164 165 166 -167 -168 -169 -170 171 -172 -173 -174 -175 -176 177 -178 -179 -180 -181 182 -183 184 185 -186 -187 -188 189 -190 191 192 -193 -194 -195 -196 -197 -198 199 200 0
200-880/output_16.cnf: c total solving time: 170.47994256019592 c number of splits: 37115 s SATISFIABLE v 1 2 3 -4 -5 -6 7 -8 9 -10 -11 12 -13 -14 -15 -16 17 18 19 -20 21 22 -23 -24 25 26 27 28 -29 -30 31 32 33 34 -35 -36 -37 -38 39 -40 41 42 -43 -44 45 46 47 48 49 50 -51 52 53 54 -55 -56 -57 58 -59 60 -61 -62 63 64 -65 66 -67 68 -69 70 -71 -72 73 74 -75 76 -77 -78 79 -80 81 82 83 84 -85 -86 87 -88 -89 90 -91 92 93 -94 -95 96 97 98 99 100 -101 -102 -103 -104 -105 -106 107 108 109 -110 111 112 113 -114 -115 -116 117 -118 119 -120 121 -122 -123 124 -125 -126 127 -128 129 -130 -131 -132 133 134 -135 -136 137 -138 139 -140 141 142 -143 -144 -145 146 -147 148 149 -150 -151 152 153 -154 155 -156 157 -158 159 160 161 -162 163 -164 165 166 167 168 -169 170 -171 172 173 174 175 -176 -177 -178 -179 -180 181 182 -183 -184 185 186 -187 -188 189 190 191 192 -193 194 -195 196 -197 -198 199 -200 0
200-880/output_17.cnf: c total solving time: 732.943528175354 c number of splits: 158319 s UNSATISFIABLE
200-880/output_18.cnf: c total solving time: 271.03823471069336 c number of splits: 56381 s UNSATISFIABLE
200-880/output_19.cnf: c total solving time: 1040.3883311748505 c number of splits: 216091 s UNSATISFIABLE
200-880/output_2.cnf: c total solving time: 715.1811845302582 c number of splits: 151773 s UNSATISFIABLE
200-880/output_20.cnf: c total solving time: 742.0517337322235 c number of splits: 168126 s SATISFIABLE v 1 -2 3 4 5 6 -7 8 -9 10 11 12 -13 -14 15 -16 -17 18 -19 20 -21 -22 23 -24 -25 -26 27 -28 29 30 31 32 33 -34 -35 -36 -37 -38 -39 40 41 42 -43 44 -45 -46 -47 -48 -49 -50 -51 52 53 -54 55 -56 -57 58 59 -60 -61 62 63 64 65 66 67 68 69 70 -71 -72 73 -74 -75 76 77 -78 -79 -80 -81 82 -83 -84 85 -86 87 88 -89 90 -91 -92 -93 94 -95 96 -97 98 99 -100 101 102 -103 -104 -105 -106 107 108 109 110 -111 112 113 -114 115 116 117 -118 119 120 -121 -122 -123 124 125 -126 -127 128 -129 -130 -131 132 133 134 135 136 -137 -138 139 140 141 -142 -143 -144 -145 -146 -147 148 -149 150 -151 -152 -153 -154 -155 156 157 -158 159 -160 161 162 -163 164 -165 -166 -167 -168 -169 -170 -171 -172 -173 -174 -175 -176 177 178 179 -180 -181 -182 183 -184 185 -186 187 188 -189 -190 191 192 -193 194 195 -196 -197 198 -199 200 0
200-880/output_21.cnf: c total solving time: 680.6432569026947 c number of splits: 138201 s UNSATISFIABLE
200-880/output_22.cnf: c total solving time: 491.6194975376129 c number of splits: 101755 s UNSATISFIABLE
200-880/output_23.cnf: c total solving time: 555.977056980133 c number of splits: 122975 s UNSATISFIABLE
200-880/output_24.cnf: c total solving time: 659.843275308609 c number of splits: 140421 s UNSATISFIABLE
200-880/output_25.cnf: c total solving time: 826.4728391170502 c number of splits: 192403 s UNSATISFIABLE
200-880/output_26.cnf: c total solving time: 67.9236216545105 c number of splits: 16392 s SATISFIABLE v -1 2 -3 -4 5 -6 7 -8 -9 10 11 -12 -13 14 15 -16 17 -18 -19 20 21 -22 23 24 -25 -26 -27 28 29 30 -31 32 -33 -34 -35 36 -37 38 -39 -40 41 -42 -43 44 45 46 47 -48 -49 -50 51 -52 53 -54 55 56 -57 -58 -59 -60 61 62 63 64 65 66 -67 -68 -69 -70 -71 -72 73 -74 75 76 -77 78 79 80 -81 -82 -83 84 -85 -86 -87 88 89 -90 -91 92 93 -94 95 -96 97 -98 99 100 -101 102 -103 104 105 106 -107 -108 -109 110 111 112 113 114 -115 116 -117 118 -119 120 -121 122 -123 -124 -125 -126 127 128 129 130 -131 132 -133 134 135 -136 -137 -138 -139 -140 141 142 -143 -144 145 146 -147 -148 149 150 151 152 153 154 155 -156 157 -158 159 -160 -161 162 163 164 165 166 167 168 169 170 171 172 173 -174 175 -176 177 -178 179 180 -181 182 -183 184 -185 186 187 188 -189 190 191 192 193 -194 -195 -196 -197 198 -199 -200 0
200-880/output_27.cnf: c total solving time: 372.8367838859558 c number of splits: 77831 s UNSATISFIABLE
