200-880/output_0.cnf: c total solving time: 568.6491687297821 c number of splits: 114335 s UNSATISFIABLE
200-880/output_1.cnf: c total solving time: 300.66896986961365 c number of splits: 62289 s UNSATISFIABLE
200-880/output_10.cnf: c total solving time: 669.5384829044342 c number of splits: 142623 s UNSATISFIABLE
200-880/output_11.cnf: c total solving time: 651.8644542694092 c number of splits: 133955 s UNSATISFIABLE
200-880/output_12.cnf: c total solving time: 885.8936319351196 c number of splits: 188681 s UNSATISFIABLE
200-880/output_13.cnf: c total solving time: 392.47998785972595 c number of splits: 77693 s UNSATISFIABLE
200-880/output_14.cnf: c total solving time: 576.5294487476349 c number of splits: 116853 s UNSATISFIABLE
200-880/output_15.cnf: c total solving time: 172.23599553108215 c number of splits: 35637 s SATISFIABLE v 1 -2 -3 4 5 -6 7 8 9 -10 11 -12 -13 -14 -15 -16 17 -18 -19 20 -21 -22 23 24 25 -26 -27 28 29 -30 31 32 33 -34 -35 -36 37 -38 39 -40 -41 42 43 44 45 46 -47 -48 -49 50 51 52 -53 54 55 56 57 58 59 60 61 62 -63 -64 65 66 67 -68 69 70 -71 72 -73 -74 -75 76 77 78 -79 -80 81 82 83 84 -85 86 -87 -88 89 -90 -91 92 93 94 95 -96 97 -98 -99 100 -101 102 -103 -104 -105 -106 107 -108 109 110 -111 -112 -113 -114 -115 116 -117 -118 -119 -120 121 -122 -123 -124 -125 126 127 -128 129 130 -131 -132 -133 134 -135 136 -137 -138 139 -140 141 142 -143 144 -145 -146 -147 -148 149 150 -151 -152 153 -154 -155 156 -157 -158 -159 -160 -161 -162 -163 164 165 166 -167 -168 -169 -170 -171 -172 -173 -174 -175 176 -177 -178 -179 -180 -181 182 -183 184 185 -186 -187 -188 189 -190 191 192 -193 -194 -195 -196 -197 -198 199 200 0
200-880/output_16.cnf: c total solving time: 241.93169283866882 c number of splits: 49990 s SATISFIABLE v 1 2 3 -4 -5 -6 7 -8 9 -10 -11 12 -13 -14 -15 -16 17 18 19 -20 21 22 -23 -24 -25 26 27 28 -29 -30 31 32 33 34 -35 -36 -37 -38 39 -40 41 -42 -43 -44 45 46 47 48 49 50 51 52 53 54 -55 -56 57 58 -59 60 -61 -62 63 64 65 66 -67 68 -69 70 -71 -72 73 74 -75 76 -77 -78 79 -80 81 82 83 84 -85 -86 87 -88 -89 90 -91 92 93 -94 -95 96 97 98 99 100 -101 -102 -103 -104 -105 -106 107 108 109 -110 111 112 113 -114 115 -116 117 -118 119 -120 121 -122 -123 124 -125 -126 127 128 129 -130 131 -132 133 134 -135 -136 137 -138 139 -140 141 142 -143 -144 -145 146 -147 148 149 -150 -151 152 153 -154 155 -156 157 -158 159 160 161 -162 163 -164 165 166 167 168 -169 170 -171 172 173 174 175 -176 -177 -178 -179 -180 181 182 -183 -184 185 186 -187 -188 189 190 191 192 -193 194 -195 196 -197 -198 199 -200 0
200-880/output_17.cnf: c total solving time: 733.4572839736938 c number of splits: 157327 s UNSATISFIABLE
200-880/output_18.cnf: c total solving time: 232.71243357658386 c number of splits: 48163 s UNSATISFIABLE
200-880/output_19.cnf: c total solving time: 1009.1182672977448 c number of splits: 209623 s UNSATISFIABLE
200-880/output_2.cnf: c total solving time: 534.4279651641846 c number of splits: 112345 s UNSATISFIABLE
200-880/output_20.cnf: c total solving time: 1035.1036219596863 c number of splits: 229973 s SATISFIABLE v 1 -2 3 4 5 6 -7 8 -9 10 11 12 -13 -14 15 -16 -17 18 -19 20 -21 -22 23 -24 -25 -26 27 -28 29 30 31 32 33 -34 -35 -36 -37 -38 -39 40 41 42 -43 44 -45 -46 -47 -48 -49 -50 -51 52 53 -54 55 -56 -57 58 59 -60 -61 62 63 64 65 66 67 -68 69 70 -71 -72 73 -74 -75 76 77 -78 -79 -80 -81 82 -83 -84 85 -86 87 88 -89 90 -91 -92 -93 94 -95 96 -97 98 99 -100 101 102 -103 -104 -105 106 107 108 109 110 -111 112 113 -114 115 116 117 -118 119 120 -121 -122 -123 124 125 -126 -127 -128 -129 -130 -131 132 133 134 135 136 -137 -138 139 140 141 -142 -143 -144 -145 -146 -147 148 -149 150 -151 -152 -153 -154 -155 -156 157 -158 -159 -160 161 162 -163 164 -165 -166 -167 -168 -169 -170 -171 -172 -173 -174 -175 -176 177 178 179 -180 -181 -182 183 -184 185 -186 187 188 -189 -190 191 192 -193 194 195 -196 -197 198 -199 200 0
200-880/output_21.cnf: c total solving time: 662.4947807788849 c number of splits: 132453 s UNSATISFIABLE
200-880/output_22.cnf: c total solving time: 441.80339336395264 c number of splits: 90739 s UNSATISFIABLE
200-880/output_23.cnf: c total solving time: 547.2325525283813 c number of splits: 120821 s UNSATISFIABLE
200-880/output_24.cnf: c total solving time: 494.78999972343445 c number of splits: 106037 s UNSATISFIABLE
200-880/output_25.cnf: c total solving time: 800.1108343601227 c number of splits: 185535 s UNSATISFIABLE
200-880/output_26.cnf: c total solving time: 88.63518691062927 c number of splits: 18183 s SATISFIABLE v 1 2 -3 -4 5 -6 -7 8 9 10 11 12 -13 14 -15 16 -17 -18 -19 -20 21 -22 -23 24 -25 -26 -27 28 29 30 31 -32 -33 -34 35 36 37 38 -39 40 41 42 43 44 -45 -46 47 -48 -49 50 51 52 -53 -54 55 -56 -57 -58 -59 -60 61 62 -63 -64 -65 -66 -67 68 -69 -70 71 72 73 74 75 -76 -77 78 -79 80 -81 -82 -83 84 85 86 -87 88 89 -90 -91 92 93 94 -95 96 -97 -98 99 -100 101 102 -103 104 105 -106 -107 -108 -109 110 111 -112 113 -114 -115 116 117 118 119 120 -121 -122 123 124 -125 126 -127 128 -129 -130 -131 132 133 134 135 136 -137 138 -139 140 141 -142 143 144 145 146 -147 148 -149 150 -151 152 -153 154 155 -156 157 -158 -159 160 -161 162 163 164 165 -166 167 168 -169 170 171 172 173 -174 175 -176 177 178 -179 180 -181 182 -183 -184 -185 186 -187 188 189 -190 191 192 193 -194 -195 196 197 198 -199 -200 0
200-880/output_27.cnf: c total solving time: 350.5250587463379 c number of splits: 73219 s UNSATISFIABLE
200-880/output_28.cnf: c total solving time: 372.2645809650421 c number of splits: 77255 s UNSATISFIABLE
200-880/output_29.cnf: c total solving time: 338.84871530532837 c number of splits: 73342 s SATISFIABLE v -1 -2 -3 -4 5 6 -7 8 9 10 11 12 -13 -14 -15 -16 -17 18 -19 20 -21 -22 23 -24 25 -26 -27 28 29 30 -31 32 33 -34 35 36 37 -38 -39 -40 -41 42 43 44 -45 -46 -47 -48 49 -50 -51 52 53 54 -55 -56 57 58 59 60 -61 62 63 -64 -65 -66 -67 -68 -69 70 71 -72 -73 -74 -75 -76 -77 -78 -79 -80 -81 -82 -83 -84 -85 -86 -87 88 -89 -90 -91 -92 93 94 -95 -96 -97 -98 -99 100 -101 102 -103 -104 105 -106 107 108 -109 110 -111 112 -113 114 115 116 -117 -118 119 120 -121 -122 -123 124 -125 -126 -127 -128 -129 130 -131 -132 -133 -134 135 136 137 -138 139 -140 -141 -142 143 144 145 -146 -147 148 -149 -150 -151 -152 -153 -154 155 -156 -157 158 -159 -160 -161 162 -163 164 165 166 167 -168 -169 -170 171 172 173 174 175 176 -177 178 -179 180 181 182 183 -184 185 186 187 -188 189 190 191 192 -193 -194 195 196 197 198 -199 200 0
