c total solving time: 1.148728370666504 c number of splits: 421 s UNSATISFIABLE
c total solving time: 1.1538264751434326 c number of splits: 453 s UNSATISFIABLE
c total solving time: 0.8880105018615723 c number of splits: 347 s UNSATISFIABLE
c total solving time: 2.4096927642822266 c number of splits: 963 s UNSATISFIABLE
c total solving time: 1.7362592220306396 c number of splits: 693 s UNSATISFIABLE
c total solving time: 0.856421947479248 c number of splits: 345 s UNSATISFIABLE
c total solving time: 1.395580530166626 c number of splits: 537 s UNSATISFIABLE
c total solving time: 1.1753945350646973 c number of splits: 457 s UNSATISFIABLE
c total solving time: 1.1182096004486084 c number of splits: 435 s UNSATISFIABLE
c total solving time: 0.12311506271362305 c number of splits: 51 s SATISFIABLE v -1 2 -3 4 -5 -6 7 -8 -9 10 -11 12 13 14 -15 -16 -17 18 19 20 21 22 -23 24 25 26 -27 -28 -29 30 -31 -32 -33 34 -35 -36 37 -38 -39 40 41 42 -43 -44 45 46 47 -48 49 50 51 52 53 -54 -55 -56 -57 58 59 -60 -61 62 63 -64 65 -66 67 68 69 70 71 -72 73 74 -75 -76 77 78 79 80 81 82 82 82 83 84 85 86 87 -88 89 90 -91 -92 -93 -94 95 96 -97 -98 99 -100 0
c total solving time: 1.458292007446289 c number of splits: 575 s UNSATISFIABLE
c total solving time: 1.4180233478546143 c number of splits: 539 s UNSATISFIABLE
c total solving time: 1.4237561225891113 c number of splits: 545 s UNSATISFIABLE
c total solving time: 3.146998643875122 c number of splits: 1371 s UNSATISFIABLE
c total solving time: 2.354156970977783 c number of splits: 959 s UNSATISFIABLE
c total solving time: 2.3707098960876465 c number of splits: 1017 s UNSATISFIABLE
c total solving time: 1.051363468170166 c number of splits: 419 s UNSATISFIABLE
c total solving time: 1.0908515453338623 c number of splits: 435 s UNSATISFIABLE
c total solving time: 1.1869993209838867 c number of splits: 495 s UNSATISFIABLE
c total solving time: 3.0269362926483154 c number of splits: 1237 s UNSATISFIABLE
c total solving time: 1.5375092029571533 c number of splits: 627 s UNSATISFIABLE
c total solving time: 1.5547380447387695 c number of splits: 607 s UNSATISFIABLE
c total solving time: 0.8668088912963867 c number of splits: 329 s UNSATISFIABLE
c total solving time: 0.8572487831115723 c number of splits: 307 s UNSATISFIABLE
c total solving time: 1.6266372203826904 c number of splits: 659 s UNSATISFIABLE
c total solving time: 1.959758996963501 c number of splits: 797 s UNSATISFIABLE
c total solving time: 2.113905906677246 c number of splits: 841 s UNSATISFIABLE
c total solving time: 1.087731122970581 c number of splits: 403 s UNSATISFIABLE
c total solving time: 1.1699862480163574 c number of splits: 447 s UNSATISFIABLE
c total solving time: 1.8916962146759033 c number of splits: 797 s UNSATISFIABLE
c total solving time: 1.4176084995269775 c number of splits: 557 s UNSATISFIABLE
c total solving time: 1.0501725673675537 c number of splits: 417 s UNSATISFIABLE
c total solving time: 1.5683963298797607 c number of splits: 607 s UNSATISFIABLE
c total solving time: 1.093729019165039 c number of splits: 443 s UNSATISFIABLE
c total solving time: 1.441359281539917 c number of splits: 561 s UNSATISFIABLE
c total solving time: 1.8847994804382324 c number of splits: 745 s UNSATISFIABLE
c total solving time: 1.4245250225067139 c number of splits: 565 s UNSATISFIABLE
c total solving time: 1.629652500152588 c number of splits: 651 s UNSATISFIABLE
c total solving time: 1.292802333831787 c number of splits: 507 s UNSATISFIABLE
c total solving time: 0.795635461807251 c number of splits: 315 s UNSATISFIABLE
c total solving time: 1.6490819454193115 c number of splits: 703 s UNSATISFIABLE
c total solving time: 1.9515364170074463 c number of splits: 809 s UNSATISFIABLE
c total solving time: 1.357283353805542 c number of splits: 565 s UNSATISFIABLE
c total solving time: 1.9370017051696777 c number of splits: 767 s UNSATISFIABLE
c total solving time: 1.2084863185882568 c number of splits: 485 s UNSATISFIABLE
c total solving time: 0.8575630187988281 c number of splits: 331 s UNSATISFIABLE
c total solving time: 1.9336555004119873 c number of splits: 765 s UNSATISFIABLE
c total solving time: 1.7708439826965332 c number of splits: 715 s UNSATISFIABLE
c total solving time: 0.8249945640563965 c number of splits: 307 s UNSATISFIABLE
c total solving time: 0.7673628330230713 c number of splits: 287 s UNSATISFIABLE
c total solving time: 0.8435289859771729 c number of splits: 313 s UNSATISFIABLE
c total solving time: 1.1543505191802979 c number of splits: 473 s UNSATISFIABLE
c total solving time: 3.2936580181121826 c number of splits: 1331 s UNSATISFIABLE
c total solving time: 1.6381421089172363 c number of splits: 659 s UNSATISFIABLE
c total solving time: 1.735854148864746 c number of splits: 699 s UNSATISFIABLE
c total solving time: 2.4936060905456543 c number of splits: 1023 s UNSATISFIABLE
c total solving time: 1.5463342666625977 c number of splits: 597 s UNSATISFIABLE
c total solving time: 1.3641383647918701 c number of splits: 539 s UNSATISFIABLE
c total solving time: 2.3629229068756104 c number of splits: 967 s UNSATISFIABLE
c total solving time: 1.8119220733642578 c number of splits: 723 s UNSATISFIABLE
c total solving time: 1.3431589603424072 c number of splits: 551 s UNSATISFIABLE
c total solving time: 1.6200180053710938 c number of splits: 669 s UNSATISFIABLE
c total solving time: 2.607534646987915 c number of splits: 1065 s UNSATISFIABLE
c total solving time: 0.9647336006164551 c number of splits: 367 s UNSATISFIABLE
c total solving time: 1.2101573944091797 c number of splits: 483 s UNSATISFIABLE
c total solving time: 1.4693238735198975 c number of splits: 579 s UNSATISFIABLE
c total solving time: 1.1341359615325928 c number of splits: 441 s UNSATISFIABLE
c total solving time: 0.4850008487701416 c number of splits: 183 s UNSATISFIABLE
c total solving time: 1.0469794273376465 c number of splits: 381 s UNSATISFIABLE
c total solving time: 1.410323143005371 c number of splits: 583 s UNSATISFIABLE
c total solving time: 2.777556896209717 c number of splits: 1197 s UNSATISFIABLE
c total solving time: 1.3446173667907715 c number of splits: 513 s UNSATISFIABLE
c total solving time: 0.5384798049926758 c number of splits: 207 s UNSATISFIABLE
c total solving time: 1.4664287567138672 c number of splits: 601 s UNSATISFIABLE
c total solving time: 1.798232078552246 c number of splits: 715 s UNSATISFIABLE
c total solving time: 1.7136640548706055 c number of splits: 679 s UNSATISFIABLE
c total solving time: 1.8204526901245117 c number of splits: 725 s UNSATISFIABLE
c total solving time: 1.4865453243255615 c number of splits: 589 s UNSATISFIABLE
c total solving time: 1.8347358703613281 c number of splits: 739 s UNSATISFIABLE
c total solving time: 1.217623233795166 c number of splits: 487 s UNSATISFIABLE
c total solving time: 0.9889681339263916 c number of splits: 379 s UNSATISFIABLE
c total solving time: 1.0034854412078857 c number of splits: 363 s UNSATISFIABLE
c total solving time: 0.8726682662963867 c number of splits: 343 s UNSATISFIABLE
c total solving time: 1.3118188381195068 c number of splits: 525 s UNSATISFIABLE
c total solving time: 1.3332366943359375 c number of splits: 519 s UNSATISFIABLE
c total solving time: 2.060397148132324 c number of splits: 827 s UNSATISFIABLE
c total solving time: 2.1387479305267334 c number of splits: 883 s UNSATISFIABLE
c total solving time: 3.1745193004608154 c number of splits: 1373 s UNSATISFIABLE
c total solving time: 1.3468847274780273 c number of splits: 529 s UNSATISFIABLE
c total solving time: 2.5470356941223145 c number of splits: 1099 s UNSATISFIABLE
c total solving time: 1.2382011413574219 c number of splits: 489 s UNSATISFIABLE
c total solving time: 1.8255207538604736 c number of splits: 739 s UNSATISFIABLE
c total solving time: 1.3194198608398438 c number of splits: 521 s UNSATISFIABLE
c total solving time: 1.5163764953613281 c number of splits: 619 s UNSATISFIABLE
c total solving time: 1.366584062576294 c number of splits: 543 s UNSATISFIABLE
c total solving time: 1.147205114364624 c number of splits: 435 s UNSATISFIABLE
c total solving time: 1.879854440689087 c number of splits: 771 s UNSATISFIABLE
c total solving time: 0.862860918045044 c number of splits: 321 s UNSATISFIABLE
c total solving time: 1.5360229015350342 c number of splits: 583 s UNSATISFIABLE
c total solving time: 2.100515127182007 c number of splits: 881 s UNSATISFIABLE
Total solving time: 152.16031980514526315
Median solving time: 1.42
Total number of splits: 61030
Median number of splits: 563.00
Number of satisfiable: 1
