100-540/output_0.cnf: c total solving time: 0.6148722171783447 c number of splits: 235 s UNSATISFIABLE
100-540/output_1.cnf: c total solving time: 1.311467170715332 c number of splits: 551 s UNSATISFIABLE
100-540/output_10.cnf: c total solving time: 0.7655913829803467 c number of splits: 285 s UNSATISFIABLE
100-540/output_11.cnf: c total solving time: 0.7315521240234375 c number of splits: 279 s UNSATISFIABLE
100-540/output_12.cnf: c total solving time: 0.7970705032348633 c number of splits: 307 s UNSATISFIABLE
100-540/output_13.cnf: c total solving time: 1.0454790592193604 c number of splits: 411 s UNSATISFIABLE
100-540/output_14.cnf: c total solving time: 1.2411837577819824 c number of splits: 501 s UNSATISFIABLE
100-540/output_15.cnf: c total solving time: 0.9615278244018555 c number of splits: 383 s UNSATISFIABLE
100-540/output_16.cnf: c total solving time: 1.735264539718628 c number of splits: 737 s UNSATISFIABLE
100-540/output_17.cnf: c total solving time: 1.2791392803192139 c number of splits: 537 s UNSATISFIABLE
100-540/output_18.cnf: c total solving time: 0.811253547668457 c number of splits: 331 s UNSATISFIABLE
100-540/output_19.cnf: c total solving time: 1.2510945796966553 c number of splits: 519 s UNSATISFIABLE
100-540/output_2.cnf: c total solving time: 0.9158420562744141 c number of splits: 367 s UNSATISFIABLE
100-540/output_20.cnf: c total solving time: 0.9509844779968262 c number of splits: 369 s UNSATISFIABLE
100-540/output_21.cnf: c total solving time: 0.8054170608520508 c number of splits: 321 s UNSATISFIABLE
100-540/output_22.cnf: c total solving time: 0.806084156036377 c number of splits: 319 s UNSATISFIABLE
100-540/output_23.cnf: c total solving time: 1.2559592723846436 c number of splits: 505 s UNSATISFIABLE
100-540/output_24.cnf: c total solving time: 0.9409210681915283 c number of splits: 375 s UNSATISFIABLE
100-540/output_25.cnf: c total solving time: 0.9438855648040771 c number of splits: 383 s UNSATISFIABLE
100-540/output_26.cnf: c total solving time: 1.385115385055542 c number of splits: 547 s UNSATISFIABLE
100-540/output_27.cnf: c total solving time: 1.0922372341156006 c number of splits: 441 s UNSATISFIABLE
100-540/output_28.cnf: c total solving time: 1.3123159408569336 c number of splits: 519 s UNSATISFIABLE
100-540/output_29.cnf: c total solving time: 0.8608765602111816 c number of splits: 347 s UNSATISFIABLE
100-540/output_3.cnf: c total solving time: 0.6456577777862549 c number of splits: 241 s UNSATISFIABLE
100-540/output_30.cnf: c total solving time: 1.210325002670288 c number of splits: 503 s UNSATISFIABLE
100-540/output_31.cnf: c total solving time: 1.025808572769165 c number of splits: 413 s UNSATISFIABLE
100-540/output_32.cnf: c total solving time: 1.1247196197509766 c number of splits: 479 s UNSATISFIABLE
100-540/output_33.cnf: c total solving time: 1.0035052299499512 c number of splits: 387 s UNSATISFIABLE
100-540/output_34.cnf: c total solving time: 1.073843002319336 c number of splits: 441 s UNSATISFIABLE
100-540/output_35.cnf: c total solving time: 0.9157822132110596 c number of splits: 355 s UNSATISFIABLE
100-540/output_36.cnf: c total solving time: 1.0320930480957031 c number of splits: 415 s UNSATISFIABLE
100-540/output_37.cnf: c total solving time: 1.0590343475341797 c number of splits: 451 s UNSATISFIABLE
100-540/output_38.cnf: c total solving time: 0.8479323387145996 c number of splits: 335 s UNSATISFIABLE
100-540/output_39.cnf: c total solving time: 0.6733927726745605 c number of splits: 261 s UNSATISFIABLE
100-540/output_4.cnf: c total solving time: 1.0596635341644287 c number of splits: 409 s UNSATISFIABLE
100-540/output_40.cnf: c total solving time: 1.122354507446289 c number of splits: 447 s UNSATISFIABLE
100-540/output_41.cnf: c total solving time: 1.5875475406646729 c number of splits: 661 s UNSATISFIABLE
100-540/output_42.cnf: c total solving time: 1.174006462097168 c number of splits: 469 s UNSATISFIABLE
100-540/output_43.cnf: c total solving time: 1.262927532196045 c number of splits: 503 s UNSATISFIABLE
100-540/output_44.cnf: c total solving time: 1.35038161277771 c number of splits: 567 s UNSATISFIABLE
100-540/output_45.cnf: c total solving time: 1.3536343574523926 c number of splits: 561 s UNSATISFIABLE
100-540/output_46.cnf: c total solving time: 0.8825063705444336 c number of splits: 351 s UNSATISFIABLE
100-540/output_47.cnf: c total solving time: 1.866398811340332 c number of splits: 801 s UNSATISFIABLE
100-540/output_48.cnf: c total solving time: 0.8741395473480225 c number of splits: 349 s UNSATISFIABLE
100-540/output_49.cnf: c total solving time: 1.3258743286132812 c number of splits: 521 s UNSATISFIABLE
100-540/output_5.cnf: c total solving time: 0.7906618118286133 c number of splits: 311 s UNSATISFIABLE
100-540/output_50.cnf: c total solving time: 0.7747044563293457 c number of splits: 299 s UNSATISFIABLE
100-540/output_51.cnf: c total solving time: 0.9504523277282715 c number of splits: 387 s UNSATISFIABLE
100-540/output_52.cnf: c total solving time: 1.5333290100097656 c number of splits: 633 s UNSATISFIABLE
100-540/output_53.cnf: c total solving time: 0.933621883392334 c number of splits: 365 s UNSATISFIABLE
100-540/output_54.cnf: c total solving time: 1.3238439559936523 c number of splits: 541 s UNSATISFIABLE
100-540/output_55.cnf: c total solving time: 1.4168059825897217 c number of splits: 589 s UNSATISFIABLE
100-540/output_56.cnf: c total solving time: 0.7528858184814453 c number of splits: 297 s UNSATISFIABLE
100-540/output_57.cnf: c total solving time: 0.6839284896850586 c number of splits: 271 s UNSATISFIABLE
100-540/output_58.cnf: c total solving time: 0.877568244934082 c number of splits: 349 s UNSATISFIABLE
100-540/output_59.cnf: c total solving time: 0.9425802230834961 c number of splits: 397 s UNSATISFIABLE
100-540/output_6.cnf: c total solving time: 1.2103190422058105 c number of splits: 481 s UNSATISFIABLE
100-540/output_60.cnf: c total solving time: 1.13177490234375 c number of splits: 471 s UNSATISFIABLE
100-540/output_61.cnf: c total solving time: 1.21319580078125 c number of splits: 491 s UNSATISFIABLE
100-540/output_62.cnf: c total solving time: 1.503783941268921 c number of splits: 633 s UNSATISFIABLE
100-540/output_63.cnf: c total solving time: 1.201909065246582 c number of splits: 485 s UNSATISFIABLE
100-540/output_64.cnf: c total solving time: 0.9581217765808105 c number of splits: 397 s UNSATISFIABLE
100-540/output_65.cnf: c total solving time: 1.931006669998169 c number of splits: 799 s UNSATISFIABLE
100-540/output_66.cnf: c total solving time: 0.6380784511566162 c number of splits: 239 s UNSATISFIABLE
100-540/output_67.cnf: c total solving time: 0.9117820262908936 c number of splits: 367 s UNSATISFIABLE
100-540/output_68.cnf: c total solving time: 1.2833750247955322 c number of splits: 497 s UNSATISFIABLE
100-540/output_69.cnf: c total solving time: 0.627967357635498 c number of splits: 235 s UNSATISFIABLE
100-540/output_7.cnf: c total solving time: 0.9392342567443848 c number of splits: 367 s UNSATISFIABLE
100-540/output_70.cnf: c total solving time: 1.1462395191192627 c number of splits: 453 s UNSATISFIABLE
100-540/output_71.cnf: c total solving time: 1.0393614768981934 c number of splits: 429 s UNSATISFIABLE
100-540/output_72.cnf: c total solving time: 1.3063199520111084 c number of splits: 561 s UNSATISFIABLE
100-540/output_73.cnf: c total solving time: 1.3049490451812744 c number of splits: 519 s UNSATISFIABLE
100-540/output_74.cnf: c total solving time: 1.0344147682189941 c number of splits: 431 s UNSATISFIABLE
100-540/output_75.cnf: c total solving time: 0.7452385425567627 c number of splits: 301 s UNSATISFIABLE
100-540/output_76.cnf: c total solving time: 0.7866945266723633 c number of splits: 315 s UNSATISFIABLE
100-540/output_77.cnf: c total solving time: 0.858820915222168 c number of splits: 337 s UNSATISFIABLE
100-540/output_78.cnf: c total solving time: 1.2597153186798096 c number of splits: 507 s UNSATISFIABLE
100-540/output_79.cnf: c total solving time: 1.1648409366607666 c number of splits: 467 s UNSATISFIABLE
100-540/output_8.cnf: c total solving time: 1.354616641998291 c number of splits: 551 s UNSATISFIABLE
100-540/output_80.cnf: c total solving time: 1.1604902744293213 c number of splits: 475 s UNSATISFIABLE
100-540/output_81.cnf: c total solving time: 0.8999414443969727 c number of splits: 361 s UNSATISFIABLE
100-540/output_82.cnf: c total solving time: 0.8625457286834717 c number of splits: 331 s UNSATISFIABLE
100-540/output_83.cnf: c total solving time: 1.0660386085510254 c number of splits: 437 s UNSATISFIABLE
100-540/output_84.cnf: c total solving time: 0.8050849437713623 c number of splits: 323 s UNSATISFIABLE
100-540/output_85.cnf: c total solving time: 0.9260451793670654 c number of splits: 359 s UNSATISFIABLE
100-540/output_86.cnf: c total solving time: 1.2506415843963623 c number of splits: 561 s UNSATISFIABLE
100-540/output_87.cnf: c total solving time: 0.7214229106903076 c number of splits: 279 s UNSATISFIABLE
100-540/output_88.cnf: c total solving time: 1.2208900451660156 c number of splits: 487 s UNSATISFIABLE
100-540/output_89.cnf: c total solving time: 1.3182053565979004 c number of splits: 537 s UNSATISFIABLE
100-540/output_9.cnf: c total solving time: 1.118497371673584 c number of splits: 471 s UNSATISFIABLE
100-540/output_90.cnf: c total solving time: 1.245069980621338 c number of splits: 485 s UNSATISFIABLE
100-540/output_91.cnf: c total solving time: 1.395064115524292 c number of splits: 551 s UNSATISFIABLE
100-540/output_92.cnf: c total solving time: 1.0449745655059814 c number of splits: 417 s UNSATISFIABLE
100-540/output_93.cnf: c total solving time: 1.1763856410980225 c number of splits: 477 s UNSATISFIABLE
100-540/output_94.cnf: c total solving time: 1.0203588008880615 c number of splits: 413 s UNSATISFIABLE
100-540/output_95.cnf: c total solving time: 1.0229454040527344 c number of splits: 389 s UNSATISFIABLE
100-540/output_96.cnf: c total solving time: 1.3921117782592773 c number of splits: 563 s UNSATISFIABLE
100-540/output_97.cnf: c total solving time: 1.3502569198608398 c number of splits: 569 s UNSATISFIABLE
100-540/output_98.cnf: c total solving time: 0.8792657852172852 c number of splits: 323 s UNSATISFIABLE
100-540/output_99.cnf: c total solving time: 1.196587085723877 c number of splits: 503 s UNSATISFIABLE
Total solving time: 107.8916289806365972
Median solving time: 1.05
Total number of splits: 43572
Median number of splits: 430.00
Number of satisfiable: 0
