c total solving time: 0.7483723163604736 c number of splits: 251 s UNSATISFIABLE
c total solving time: 1.5139245986938477 c number of splits: 505 s UNSATISFIABLE
c total solving time: 0.8972997665405273 c number of splits: 311 s UNSATISFIABLE
c total solving time: 0.9795982837677002 c number of splits: 327 s UNSATISFIABLE
c total solving time: 0.6742053031921387 c number of splits: 229 s UNSATISFIABLE
c total solving time: 0.7626211643218994 c number of splits: 243 s UNSATISFIABLE
c total solving time: 1.528254508972168 c number of splits: 517 s UNSATISFIABLE
c total solving time: 1.7731657028198242 c number of splits: 637 s UNSATISFIABLE
c total solving time: 0.6327826976776123 c number of splits: 203 s UNSATISFIABLE
c total solving time: 1.4925992488861084 c number of splits: 517 s UNSATISFIABLE
c total solving time: 1.0880556106567383 c number of splits: 383 s UNSATISFIABLE
c total solving time: 1.1383671760559082 c number of splits: 373 s UNSATISFIABLE
c total solving time: 1.3183929920196533 c number of splits: 463 s UNSATISFIABLE
c total solving time: 1.0606088638305664 c number of splits: 359 s UNSATISFIABLE
c total solving time: 0.9318454265594482 c number of splits: 299 s UNSATISFIABLE
c total solving time: 0.5581839084625244 c number of splits: 171 s UNSATISFIABLE
c total solving time: 1.2877519130706787 c number of splits: 425 s UNSATISFIABLE
c total solving time: 0.9362869262695312 c number of splits: 321 s UNSATISFIABLE
c total solving time: 1.1543858051300049 c number of splits: 375 s UNSATISFIABLE
c total solving time: 1.1161413192749023 c number of splits: 351 s UNSATISFIABLE
c total solving time: 1.3743226528167725 c number of splits: 467 s UNSATISFIABLE
c total solving time: 0.6324477195739746 c number of splits: 213 s UNSATISFIABLE
c total solving time: 0.9457027912139893 c number of splits: 319 s UNSATISFIABLE
c total solving time: 1.0197031497955322 c number of splits: 341 s UNSATISFIABLE
c total solving time: 1.2375493049621582 c number of splits: 403 s UNSATISFIABLE
c total solving time: 1.3354284763336182 c number of splits: 463 s UNSATISFIABLE
c total solving time: 0.8310551643371582 c number of splits: 275 s UNSATISFIABLE
c total solving time: 0.6704297065734863 c number of splits: 219 s UNSATISFIABLE
c total solving time: 0.9019763469696045 c number of splits: 295 s UNSATISFIABLE
c total solving time: 0.6094450950622559 c number of splits: 193 s UNSATISFIABLE
c total solving time: 1.6097586154937744 c number of splits: 553 s UNSATISFIABLE
c total solving time: 1.1663224697113037 c number of splits: 399 s UNSATISFIABLE
c total solving time: 0.8164167404174805 c number of splits: 273 s UNSATISFIABLE
c total solving time: 1.3427302837371826 c number of splits: 445 s UNSATISFIABLE
c total solving time: 0.6513361930847168 c number of splits: 211 s UNSATISFIABLE
c total solving time: 0.8592910766601562 c number of splits: 273 s UNSATISFIABLE
c total solving time: 0.9354851245880127 c number of splits: 311 s UNSATISFIABLE
c total solving time: 0.8382663726806641 c number of splits: 289 s UNSATISFIABLE
c total solving time: 0.9655015468597412 c number of splits: 319 s UNSATISFIABLE
c total solving time: 0.8849086761474609 c number of splits: 283 s UNSATISFIABLE
c total solving time: 1.156015157699585 c number of splits: 393 s UNSATISFIABLE
c total solving time: 1.531726598739624 c number of splits: 517 s UNSATISFIABLE
c total solving time: 0.7984685897827148 c number of splits: 261 s UNSATISFIABLE
c total solving time: 0.93784499168396 c number of splits: 305 s UNSATISFIABLE
c total solving time: 0.8267593383789062 c number of splits: 273 s UNSATISFIABLE
c total solving time: 0.7838783264160156 c number of splits: 263 s UNSATISFIABLE
c total solving time: 1.659651279449463 c number of splits: 561 s UNSATISFIABLE
c total solving time: 0.7433745861053467 c number of splits: 239 s UNSATISFIABLE
c total solving time: 0.8434672355651855 c number of splits: 295 s UNSATISFIABLE
c total solving time: 1.0458402633666992 c number of splits: 341 s UNSATISFIABLE
c total solving time: 0.826650857925415 c number of splits: 277 s UNSATISFIABLE
c total solving time: 1.0213038921356201 c number of splits: 347 s UNSATISFIABLE
c total solving time: 1.103377342224121 c number of splits: 367 s UNSATISFIABLE
c total solving time: 0.8651463985443115 c number of splits: 285 s UNSATISFIABLE
c total solving time: 1.4353070259094238 c number of splits: 491 s UNSATISFIABLE
c total solving time: 0.8517827987670898 c number of splits: 289 s UNSATISFIABLE
c total solving time: 1.056699275970459 c number of splits: 349 s UNSATISFIABLE
c total solving time: 0.8205966949462891 c number of splits: 265 s UNSATISFIABLE
c total solving time: 0.7291648387908936 c number of splits: 245 s UNSATISFIABLE
c total solving time: 0.8654558658599854 c number of splits: 277 s UNSATISFIABLE
c total solving time: 0.6170206069946289 c number of splits: 209 s UNSATISFIABLE
c total solving time: 0.541820764541626 c number of splits: 183 s UNSATISFIABLE
c total solving time: 0.7719991207122803 c number of splits: 245 s UNSATISFIABLE
c total solving time: 0.39232373237609863 c number of splits: 125 s UNSATISFIABLE
c total solving time: 1.2558598518371582 c number of splits: 417 s UNSATISFIABLE
c total solving time: 0.5699074268341064 c number of splits: 179 s UNSATISFIABLE
c total solving time: 1.275406837463379 c number of splits: 415 s UNSATISFIABLE
c total solving time: 1.2855393886566162 c number of splits: 439 s UNSATISFIABLE
c total solving time: 1.2155442237854004 c number of splits: 415 s UNSATISFIABLE
c total solving time: 1.2555720806121826 c number of splits: 429 s UNSATISFIABLE
c total solving time: 2.1417088508605957 c number of splits: 765 s UNSATISFIABLE
c total solving time: 1.2862129211425781 c number of splits: 427 s UNSATISFIABLE
c total solving time: 1.224449872970581 c number of splits: 405 s UNSATISFIABLE
c total solving time: 0.9263145923614502 c number of splits: 309 s UNSATISFIABLE
c total solving time: 0.9756824970245361 c number of splits: 317 s UNSATISFIABLE
c total solving time: 1.1429924964904785 c number of splits: 385 s UNSATISFIABLE
c total solving time: 1.743504524230957 c number of splits: 605 s UNSATISFIABLE
c total solving time: 0.645632266998291 c number of splits: 205 s UNSATISFIABLE
c total solving time: 1.2778229713439941 c number of splits: 459 s UNSATISFIABLE
c total solving time: 1.0492699146270752 c number of splits: 347 s UNSATISFIABLE
c total solving time: 0.8284621238708496 c number of splits: 287 s UNSATISFIABLE
c total solving time: 1.3108952045440674 c number of splits: 439 s UNSATISFIABLE
c total solving time: 1.0742003917694092 c number of splits: 359 s UNSATISFIABLE
c total solving time: 1.0984089374542236 c number of splits: 375 s UNSATISFIABLE
c total solving time: 0.907428503036499 c number of splits: 297 s UNSATISFIABLE
c total solving time: 1.3852088451385498 c number of splits: 463 s UNSATISFIABLE
c total solving time: 0.9954695701599121 c number of splits: 345 s UNSATISFIABLE
c total solving time: 0.9648995399475098 c number of splits: 311 s UNSATISFIABLE
c total solving time: 0.6470425128936768 c number of splits: 209 s UNSATISFIABLE
c total solving time: 0.9728326797485352 c number of splits: 325 s UNSATISFIABLE
c total solving time: 1.4715673923492432 c number of splits: 503 s UNSATISFIABLE
c total solving time: 0.6012787818908691 c number of splits: 209 s UNSATISFIABLE
c total solving time: 0.8826799392700195 c number of splits: 297 s UNSATISFIABLE
c total solving time: 1.090545892715454 c number of splits: 363 s UNSATISFIABLE
c total solving time: 1.0392684936523438 c number of splits: 335 s UNSATISFIABLE
c total solving time: 1.6410017013549805 c number of splits: 573 s UNSATISFIABLE
c total solving time: 1.0018692016601562 c number of splits: 325 s UNSATISFIABLE
c total solving time: 1.0321190357208252 c number of splits: 347 s UNSATISFIABLE
c total solving time: 0.6740577220916748 c number of splits: 215 s UNSATISFIABLE
c total solving time: 1.2440478801727295 c number of splits: 411 s UNSATISFIABLE
Total solving time: 103.58130168914794883
Median solving time: .98
Total number of splits: 34712
Median number of splits: 326.00
Number of satisfiable: 0
