100-600/output_0.cnf: c total solving time: 0.609137773513794 c number of splits: 219 s UNSATISFIABLE
100-600/output_1.cnf: c total solving time: 0.5515618324279785 c number of splits: 193 s UNSATISFIABLE
100-600/output_10.cnf: c total solving time: 0.6964294910430908 c number of splits: 231 s UNSATISFIABLE
100-600/output_11.cnf: c total solving time: 0.7698466777801514 c number of splits: 261 s UNSATISFIABLE
100-600/output_12.cnf: c total solving time: 0.8984830379486084 c number of splits: 307 s UNSATISFIABLE
100-600/output_13.cnf: c total solving time: 0.9414858818054199 c number of splits: 315 s UNSATISFIABLE
100-600/output_14.cnf: c total solving time: 0.9176127910614014 c number of splits: 329 s UNSATISFIABLE
100-600/output_15.cnf: c total solving time: 0.5519838333129883 c number of splits: 189 s UNSATISFIABLE
100-600/output_16.cnf: c total solving time: 0.8932933807373047 c number of splits: 293 s UNSATISFIABLE
100-600/output_17.cnf: c total solving time: 0.7967891693115234 c number of splits: 279 s UNSATISFIABLE
100-600/output_18.cnf: c total solving time: 0.8390371799468994 c number of splits: 279 s UNSATISFIABLE
100-600/output_19.cnf: c total solving time: 0.8069758415222168 c number of splits: 277 s UNSATISFIABLE
100-600/output_2.cnf: c total solving time: 0.7027556896209717 c number of splits: 245 s UNSATISFIABLE
100-600/output_20.cnf: c total solving time: 0.45145487785339355 c number of splits: 159 s UNSATISFIABLE
100-600/output_21.cnf: c total solving time: 0.5670249462127686 c number of splits: 187 s UNSATISFIABLE
100-600/output_22.cnf: c total solving time: 0.5266246795654297 c number of splits: 171 s UNSATISFIABLE
100-600/output_23.cnf: c total solving time: 1.067939281463623 c number of splits: 385 s UNSATISFIABLE
100-600/output_24.cnf: c total solving time: 0.68607497215271 c number of splits: 229 s UNSATISFIABLE
100-600/output_25.cnf: c total solving time: 0.8603084087371826 c number of splits: 303 s UNSATISFIABLE
100-600/output_26.cnf: c total solving time: 0.7330596446990967 c number of splits: 259 s UNSATISFIABLE
100-600/output_27.cnf: c total solving time: 0.7358016967773438 c number of splits: 255 s UNSATISFIABLE
100-600/output_28.cnf: c total solving time: 0.864203929901123 c number of splits: 289 s UNSATISFIABLE
100-600/output_29.cnf: c total solving time: 0.6327834129333496 c number of splits: 217 s UNSATISFIABLE
100-600/output_3.cnf: c total solving time: 0.7843701839447021 c number of splits: 273 s UNSATISFIABLE
100-600/output_30.cnf: c total solving time: 0.8107187747955322 c number of splits: 287 s UNSATISFIABLE
100-600/output_31.cnf: c total solving time: 0.9061262607574463 c number of splits: 319 s UNSATISFIABLE
100-600/output_32.cnf: c total solving time: 0.781557559967041 c number of splits: 271 s UNSATISFIABLE
100-600/output_33.cnf: c total solving time: 0.6874856948852539 c number of splits: 229 s UNSATISFIABLE
100-600/output_34.cnf: c total solving time: 0.7625308036804199 c number of splits: 261 s UNSATISFIABLE
100-600/output_35.cnf: c total solving time: 0.6977884769439697 c number of splits: 251 s UNSATISFIABLE
100-600/output_36.cnf: c total solving time: 0.9072239398956299 c number of splits: 299 s UNSATISFIABLE
100-600/output_37.cnf: c total solving time: 0.747403621673584 c number of splits: 257 s UNSATISFIABLE
100-600/output_38.cnf: c total solving time: 0.9108994007110596 c number of splits: 317 s UNSATISFIABLE
100-600/output_39.cnf: c total solving time: 0.6050930023193359 c number of splits: 203 s UNSATISFIABLE
100-600/output_4.cnf: c total solving time: 0.7536575794219971 c number of splits: 233 s UNSATISFIABLE
100-600/output_40.cnf: c total solving time: 0.62548828125 c number of splits: 213 s UNSATISFIABLE
100-600/output_41.cnf: c total solving time: 1.0534312725067139 c number of splits: 369 s UNSATISFIABLE
100-600/output_42.cnf: c total solving time: 0.8279216289520264 c number of splits: 287 s UNSATISFIABLE
100-600/output_43.cnf: c total solving time: 0.6856906414031982 c number of splits: 245 s UNSATISFIABLE
100-600/output_44.cnf: c total solving time: 0.7082159519195557 c number of splits: 233 s UNSATISFIABLE
100-600/output_45.cnf: c total solving time: 0.5985898971557617 c number of splits: 191 s UNSATISFIABLE
100-600/output_46.cnf: c total solving time: 0.4225344657897949 c number of splits: 139 s UNSATISFIABLE
100-600/output_47.cnf: c total solving time: 1.006436824798584 c number of splits: 337 s UNSATISFIABLE
100-600/output_48.cnf: c total solving time: 0.46755290031433105 c number of splits: 153 s UNSATISFIABLE
100-600/output_49.cnf: c total solving time: 1.0786161422729492 c number of splits: 361 s UNSATISFIABLE
100-600/output_5.cnf: c total solving time: 0.873859167098999 c number of splits: 291 s UNSATISFIABLE
100-600/output_50.cnf: c total solving time: 0.59206223487854 c number of splits: 195 s UNSATISFIABLE
100-600/output_51.cnf: c total solving time: 0.6897597312927246 c number of splits: 237 s UNSATISFIABLE
100-600/output_52.cnf: c total solving time: 0.918769121170044 c number of splits: 335 s UNSATISFIABLE
100-600/output_53.cnf: c total solving time: 0.7258663177490234 c number of splits: 263 s UNSATISFIABLE
100-600/output_54.cnf: c total solving time: 1.0014686584472656 c number of splits: 349 s UNSATISFIABLE
100-600/output_55.cnf: c total solving time: 0.6185593605041504 c number of splits: 223 s UNSATISFIABLE
100-600/output_56.cnf: c total solving time: 0.6279256343841553 c number of splits: 209 s UNSATISFIABLE
100-600/output_57.cnf: c total solving time: 0.676722526550293 c number of splits: 235 s UNSATISFIABLE
100-600/output_58.cnf: c total solving time: 0.9288957118988037 c number of splits: 339 s UNSATISFIABLE
100-600/output_59.cnf: c total solving time: 0.7553017139434814 c number of splits: 257 s UNSATISFIABLE
100-600/output_6.cnf: c total solving time: 0.7901184558868408 c number of splits: 255 s UNSATISFIABLE
100-600/output_60.cnf: c total solving time: 0.9817416667938232 c number of splits: 337 s UNSATISFIABLE
100-600/output_61.cnf: c total solving time: 0.8287692070007324 c number of splits: 291 s UNSATISFIABLE
100-600/output_62.cnf: c total solving time: 0.5697455406188965 c number of splits: 191 s UNSATISFIABLE
100-600/output_63.cnf: c total solving time: 0.7306180000305176 c number of splits: 243 s UNSATISFIABLE
100-600/output_64.cnf: c total solving time: 0.7729434967041016 c number of splits: 265 s UNSATISFIABLE
100-600/output_65.cnf: c total solving time: 1.017683744430542 c number of splits: 353 s UNSATISFIABLE
100-600/output_66.cnf: c total solving time: 0.5885021686553955 c number of splits: 205 s UNSATISFIABLE
100-600/output_67.cnf: c total solving time: 0.7932536602020264 c number of splits: 273 s UNSATISFIABLE
100-600/output_68.cnf: c total solving time: 0.5559818744659424 c number of splits: 193 s UNSATISFIABLE
100-600/output_69.cnf: c total solving time: 0.7847602367401123 c number of splits: 297 s UNSATISFIABLE
100-600/output_7.cnf: c total solving time: 0.930351734161377 c number of splits: 325 s UNSATISFIABLE
100-600/output_70.cnf: c total solving time: 0.8085267543792725 c number of splits: 285 s UNSATISFIABLE
100-600/output_71.cnf: c total solving time: 0.5454204082489014 c number of splits: 177 s UNSATISFIABLE
100-600/output_72.cnf: c total solving time: 0.8630685806274414 c number of splits: 309 s UNSATISFIABLE
100-600/output_73.cnf: c total solving time: 0.481950044631958 c number of splits: 175 s UNSATISFIABLE
100-600/output_74.cnf: c total solving time: 0.6344664096832275 c number of splits: 235 s UNSATISFIABLE
100-600/output_75.cnf: c total solving time: 0.5178275108337402 c number of splits: 177 s UNSATISFIABLE
100-600/output_76.cnf: c total solving time: 0.5649054050445557 c number of splits: 195 s UNSATISFIABLE
100-600/output_77.cnf: c total solving time: 0.47336483001708984 c number of splits: 153 s UNSATISFIABLE
100-600/output_78.cnf: c total solving time: 0.8121845722198486 c number of splits: 287 s UNSATISFIABLE
100-600/output_79.cnf: c total solving time: 0.5096373558044434 c number of splits: 169 s UNSATISFIABLE
100-600/output_8.cnf: c total solving time: 0.945242166519165 c number of splits: 313 s UNSATISFIABLE
100-600/output_80.cnf: c total solving time: 1.0440399646759033 c number of splits: 359 s UNSATISFIABLE
100-600/output_81.cnf: c total solving time: 0.8386342525482178 c number of splits: 285 s UNSATISFIABLE
100-600/output_82.cnf: c total solving time: 0.6413114070892334 c number of splits: 221 s UNSATISFIABLE
100-600/output_83.cnf: c total solving time: 0.8349032402038574 c number of splits: 295 s UNSATISFIABLE
100-600/output_84.cnf: c total solving time: 0.9486298561096191 c number of splits: 325 s UNSATISFIABLE
100-600/output_85.cnf: c total solving time: 1.0588319301605225 c number of splits: 367 s UNSATISFIABLE
100-600/output_86.cnf: c total solving time: 0.844597578048706 c number of splits: 293 s UNSATISFIABLE
100-600/output_87.cnf: c total solving time: 0.6193599700927734 c number of splits: 203 s UNSATISFIABLE
100-600/output_88.cnf: c total solving time: 0.5409889221191406 c number of splits: 173 s UNSATISFIABLE
100-600/output_89.cnf: c total solving time: 1.1719703674316406 c number of splits: 415 s UNSATISFIABLE
100-600/output_9.cnf: c total solving time: 0.6856591701507568 c number of splits: 229 s UNSATISFIABLE
100-600/output_90.cnf: c total solving time: 0.7467100620269775 c number of splits: 243 s UNSATISFIABLE
100-600/output_91.cnf: c total solving time: 0.5240530967712402 c number of splits: 159 s UNSATISFIABLE
100-600/output_92.cnf: c total solving time: 0.5343828201293945 c number of splits: 187 s UNSATISFIABLE
100-600/output_93.cnf: c total solving time: 0.6920874118804932 c number of splits: 235 s UNSATISFIABLE
100-600/output_94.cnf: c total solving time: 0.9450254440307617 c number of splits: 337 s UNSATISFIABLE
100-600/output_95.cnf: c total solving time: 0.5835721492767334 c number of splits: 203 s UNSATISFIABLE
100-600/output_96.cnf: c total solving time: 0.7030599117279053 c number of splits: 241 s UNSATISFIABLE
100-600/output_97.cnf: c total solving time: 0.6964483261108398 c number of splits: 227 s UNSATISFIABLE
100-600/output_98.cnf: c total solving time: 1.1300032138824463 c number of splits: 379 s UNSATISFIABLE
100-600/output_99.cnf: c total solving time: 0.4341452121734619 c number of splits: 161 s UNSATISFIABLE
Total solving time: 75.05867004394531224
Median solving time: .74
Total number of splits: 25772
Median number of splits: 255.00
Number of satisfiable: 0
