c total solving time: 1.953418254852295 c number of splits: 1003 s SATISFIABLE v 1 2 -3 4 -5 6 -7 -8 9 -10 -11 -12 -13 14 -15 -16 17 18 18 18 19 20 21 22 23 24 25 26 27 28 29 30 31 -32 33 34 -35 36 37 38 39 40 41 42 -43 44 45 46 47 -48 -49 50 51 -52 -53 -54 55 56 -57 58 59 60 61 -62 63 -64 65 -66 67 67 -68 -69 70 71 72 73 74 -75 76 77 -78 79 -80 81 -82 -83 84 85 -86 87 -88 89 90 -91 -92 93 -94 -95 -96 97 98 99 99 100 0
c total solving time: 1.8830585479736328 c number of splits: 999 s UNSATISFIABLE
c total solving time: 3.0422728061676025 c number of splits: 1627 s UNSATISFIABLE
c total solving time: 1.277036190032959 c number of splits: 759 s SATISFIABLE v -1 -2 3 -4 -5 6 7 -8 -9 10 11 -12 13 14 15 16 17 -18 -19 -20 -21 22 23 -24 25 26 27 -28 -29 -30 -31 -32 33 -34 35 35 35 35 36 -37 38 39 -40 -41 -42 -43 44 45 46 47 -48 49 50 -51 -52 53 54 -55 56 57 -58 -59 60 -61 62 -63 -64 65 66 67 68 69 -70 -71 -72 -73 74 -75 -76 77 -78 -79 -80 81 -82 -83 84 85 86 86 -87 88 89 -90 -91 -92 -93 -94 95 -96 -97 98 -99 100 0
c total solving time: 2.4166324138641357 c number of splits: 1267 s UNSATISFIABLE
c total solving time: 0.8791191577911377 c number of splits: 423 s UNSATISFIABLE
c total solving time: 1.0436604022979736 c number of splits: 539 s SATISFIABLE v 1 2 3 -4 -5 6 7 -8 9 10 -11 -12 -13 14 -15 -16 17 18 19 20 -21 22 -23 -24 -25 26 -27 -28 29 30 31 -32 -33 34 -35 -36 -37 -38 39 -40 41 -42 -43 44 45 46 47 48 49 -50 -51 -52 -53 -54 55 56 57 58 59 -60 -61 -62 -63 64 -65 66 67 68 69 -70 71 72 73 -74 -75 76 77 -78 79 80 81 82 83 84 -85 -86 87 88 -89 -90 91 -92 93 -94 -95 96 -97 98 99 100 0
c total solving time: 3.6687231063842773 c number of splits: 1901 s UNSATISFIABLE
c total solving time: 1.5175220966339111 c number of splits: 793 s UNSATISFIABLE
c total solving time: 2.0868797302246094 c number of splits: 1037 s UNSATISFIABLE
c total solving time: 1.0388212203979492 c number of splits: 593 s SATISFIABLE v -1 2 3 4 5 6 7 -8 -9 -10 -11 12 13 14 15 -16 17 18 19 -20 -21 22 -23 -24 25 26 27 28 29 30 31 32 -33 -34 -35 36 -37 38 39 40 41 -42 43 44 45 -46 -47 -48 -49 -50 51 -52 -53 54 -55 -56 57 -58 -59 60 -61 62 63 64 65 66 -67 -68 69 70 71 -72 73 -74 75 76 -77 -78 79 -80 81 82 83 -84 85 -86 87 -88 -89 90 91 92 -93 -94 -95 -96 -97 98 -99 100 0
c total solving time: 2.9511115550994873 c number of splits: 1617 s UNSATISFIABLE
c total solving time: 2.60764479637146 c number of splits: 1385 s UNSATISFIABLE
c total solving time: 0.8931832313537598 c number of splits: 561 s SATISFIABLE v 1 2 -3 4 -5 -6 7 -8 -9 10 11 12 13 14 15 -16 17 -18 19 20 21 -22 -23 -24 -25 -26 -27 -28 -29 30 -31 -32 -33 -34 35 -36 -37 -38 39 40 41 -42 -43 44 45 -46 -47 48 -49 50 51 52 53 -54 55 56 -57 58 59 -60 -61 -62 63 -64 65 66 67 -68 69 70 71 72 73 74 75 76 77 -78 79 80 -81 82 83 84 85 86 -87 -88 89 90 -91 -92 -93 -94 95 96 -97 -98 -99 -100 0
c total solving time: 2.515909194946289 c number of splits: 1279 s UNSATISFIABLE
c total solving time: 0.9770545959472656 c number of splits: 487 s UNSATISFIABLE
c total solving time: 5.039316177368164 c number of splits: 2879 s SATISFIABLE v 1 2 3 -4 -5 6 7 -8 -9 -10 -11 12 -13 14 -15 16 17 -18 -19 20 21 22 -23 -24 25 -26 -27 28 -29 30 -31 32 -33 34 35 36 -37 38 -39 40 41 -42 -43 44 45 46 47 48 49 -50 -51 52 -53 54 55 56 -57 58 59 -60 -61 62 63 -64 -65 -66 -67 68 -69 70 -71 -72 73 74 -75 76 -77 -78 79 80 81 82 -83 84 85 -86 87 -88 89 90 -91 92 93 -94 -95 -96 97 -98 99 100 0
c total solving time: 0.4067678451538086 c number of splits: 276 s SATISFIABLE v 1 2 2 -3 -4 5 -6 -7 8 -9 10 -11 12 13 -14 -15 16 -17 18 19 20 -21 -22 -23 24 25 26 26 26 -27 28 -29 -30 31 32 -33 -34 -35 -36 37 -38 39 -40 -41 42 -43 44 45 46 47 -48 49 50 -51 52 53 -54 -55 -56 57 58 -59 60 61 62 -63 64 -65 -66 -67 68 69 70 -71 72 73 74 -75 -76 77 78 79 -80 -81 -82 -83 84 85 -86 -87 88 89 90 -91 -92 93 94 95 -96 -97 98 -99 -100 0
c total solving time: 1.3752861022949219 c number of splits: 723 s SATISFIABLE v -1 -2 3 -4 5 6 -7 8 9 -10 11 12 13 14 -15 16 17 18 -19 20 21 -22 -23 24 25 -26 -27 28 29 30 31 32 -33 34 -35 -36 37 38 39 40 41 42 43 44 -45 -46 -47 48 48 -49 50 51 -52 -53 54 -55 56 57 58 -59 60 61 62 63 -64 -65 66 -67 68 69 70 -71 72 73 -74 75 -76 -77 -78 -79 -80 -81 -82 -83 84 85 -86 -87 -88 -89 -90 -91 -92 93 -94 95 -96 -97 98 99 100 0
c total solving time: 1.0448839664459229 c number of splits: 551 s SATISFIABLE v -1 -2 3 -4 5 -6 7 8 -9 -10 -11 -12 13 -14 -15 -16 17 18 -19 -20 -21 22 -23 24 -25 -26 -27 28 -29 30 -31 32 -33 34 35 -36 -37 38 39 -40 41 42 43 -44 -45 46 -47 -48 49 50 -51 -52 53 54 -55 56 57 -58 59 60 61 62 63 64 65 -66 67 68 69 -70 71 72 73 -74 75 76 76 76 -77 78 79 80 81 82 -83 -84 -85 -86 -87 88 -89 -90 -91 -92 -93 94 95 96 97 98 -99 -100 0
c total solving time: 5.039897441864014 c number of splits: 2755 s UNSATISFIABLE
c total solving time: 2.426492214202881 c number of splits: 1235 s UNSATISFIABLE
c total solving time: 2.1183457374572754 c number of splits: 1175 s SATISFIABLE v -1 2 -3 -4 5 6 7 -8 9 10 11 -12 -13 -14 15 -16 -17 -18 -19 20 20 -21 22 -23 24 25 -26 27 28 29 30 31 32 -33 -34 -35 36 37 -38 -39 -40 41 -42 43 -44 -45 46 -47 -48 -49 50 51 -52 -53 54 -55 -56 -57 58 59 59 59 59 59 60 -61 62 63 64 65 -66 -67 -68 -69 70 71 72 73 -74 75 -76 77 -78 79 -80 81 -82 -83 -84 85 -86 87 -88 89 90 -91 -92 -93 94 95 96 -97 -98 -99 100 0
c total solving time: 2.32014799118042 c number of splits: 1239 s UNSATISFIABLE
c total solving time: 0.24297547340393066 c number of splits: 115 s SATISFIABLE v -1 2 -3 -4 -5 -6 -7 8 9 10 -11 -12 13 -14 15 16 -17 -18 -19 20 21 -22 -23 -24 25 26 -27 28 -29 -30 31 -32 -33 34 -35 -36 37 38 -39 -40 41 -42 43 44 45 -46 -47 48 49 50 51 51 52 53 -54 55 56 -57 58 -59 60 -61 62 63 64 -65 66 67 68 -69 -70 -71 72 -73 -74 75 76 -77 -78 79 80 81 -82 -83 -84 85 86 -87 88 -89 -90 91 92 93 94 -95 -96 -97 -98 99 100 0
c total solving time: 1.0809149742126465 c number of splits: 609 s SATISFIABLE v 1 -2 -3 4 -5 6 7 8 9 10 -11 12 13 -14 -15 16 17 -18 19 -20 21 -22 -23 24 25 -26 -27 -28 29 30 -31 -32 -33 34 -35 36 -37 38 -39 -40 -41 42 43 -44 45 -46 47 -48 -49 50 51 -52 -53 -54 -55 -56 57 58 59 60 -61 62 -63 -64 65 66 67 -68 69 -70 71 -72 -73 74 -75 -76 -77 -78 79 -80 -81 -82 83 -84 -85 -86 87 -88 89 -90 -91 92 -93 94 95 96 -97 -98 99 -100 0
c total solving time: 0.40255212783813477 c number of splits: 207 s UNSATISFIABLE
c total solving time: 1.6811809539794922 c number of splits: 922 s SATISFIABLE v 1 -2 3 4 -5 6 -7 8 -9 10 11 12 13 14 15 16 -17 -18 19 19 19 19 20 21 22 23 24 -25 -26 27 28 29 -30 -31 32 -33 -34 35 36 -37 -38 -39 -40 -41 42 -43 -44 45 46 47 -48 -49 -50 51 -52 -53 54 -55 -56 -57 58 59 60 -61 -62 -63 -64 -65 -66 -67 68 -69 -70 71 -72 73 -74 75 76 -77 78 79 -80 -81 -82 83 -84 -85 -86 87 88 -89 90 -91 92 92 92 -93 -94 -95 96 97 98 99 100 0
c total solving time: 4.195024728775024 c number of splits: 2497 s SATISFIABLE v 1 2 3 4 -5 -6 7 -8 9 10 -11 -12 -13 14 -15 16 17 -18 -19 20 21 -22 23 -24 25 -26 27 -28 29 29 29 30 31 -32 -33 34 35 -36 37 38 39 -40 41 -42 43 44 45 46 -47 -48 -49 -50 51 52 -53 -54 -55 -56 -57 -58 -59 60 61 -62 -63 64 -65 -66 67 -68 -69 -70 71 72 -73 -74 -75 -76 77 -78 -79 80 81 82 -83 84 85 -86 -87 88 -89 -90 91 -92 -93 94 -95 -96 97 -98 99 99 100 0
c total solving time: 3.0584354400634766 c number of splits: 1603 s UNSATISFIABLE
c total solving time: 0.585134744644165 c number of splits: 307 s SATISFIABLE v -1 -2 -3 4 -5 -6 -7 8 9 10 11 -12 13 -14 15 16 -17 18 -19 20 -21 22 23 24 -25 -26 27 -28 29 -30 31 32 33 34 35 -36 -37 -38 -39 40 -41 -42 43 44 45 -46 -47 48 -49 50 -51 52 -53 54 55 -56 57 -58 59 -60 -61 62 63 64 -65 -66 -67 68 69 -70 -71 72 -73 74 -75 76 -77 -78 79 -80 81 -82 83 84 -85 86 -87 88 -89 -90 -91 92 -93 -94 -95 -96 -97 -98 -99 100 0
c total solving time: 1.5252571105957031 c number of splits: 848 s SATISFIABLE v -1 2 3 -4 -5 6 -7 -8 9 10 -11 12 13 14 -15 16 17 18 -19 20 21 22 23 24 24 25 26 27 -28 -29 -30 31 -32 -33 34 -35 36 -37 -38 -39 40 41 -42 -43 -44 45 -46 -47 -48 49 -50 -51 52 -53 54 -55 -56 57 -58 -59 -60 -61 62 -63 -64 -65 66 67 -68 -69 70 71 72 73 74 75 -76 77 78 -79 -80 -81 -82 83 -84 85 86 87 88 89 90 91 -92 93 -94 -95 96 -97 98 -99 -100 0
c total solving time: 3.731461524963379 c number of splits: 1995 s UNSATISFIABLE
c total solving time: 0.1871638298034668 c number of splits: 96 s SATISFIABLE v -1 -2 3 4 5 -6 7 8 9 10 -11 -12 -13 -14 15 -16 -17 18 -19 20 21 22 -23 24 25 26 -27 -28 29 29 29 29 29 30 31 -32 -33 34 -35 36 -37 38 39 -40 41 -42 -43 -44 -45 -46 47 48 49 50 51 -52 -53 -54 -55 56 -57 58 59 60 61 62 63 63 63 63 63 63 63 63 63 63 63 63 -64 65 -66 -67 -68 69 70 71 72 73 74 74 74 74 -75 76 -77 78 -79 80 -81 82 83 84 -85 -86 87 -88 -89 90 90 90 90 90 90 -91 92 93 94 95 -96 97 -98 -99 100 0
c total solving time: 1.6417279243469238 c number of splits: 807 s UNSATISFIABLE
c total solving time: 3.6300923824310303 c number of splits: 2071 s UNSATISFIABLE
c total solving time: 1.023193359375 c number of splits: 509 s SATISFIABLE v 1 2 -3 4 5 -6 7 -8 9 10 11 -12 -13 -14 15 16 17 18 -19 -20 21 -22 -23 24 25 -26 -27 -28 -29 -30 -31 -32 -33 34 -35 36 -37 -38 39 40 41 -42 -43 -44 45 -46 47 -48 49 50 51 52 -53 54 55 56 57 58 -59 60 -61 62 63 -64 -65 66 -67 68 -69 70 71 72 -73 74 -75 76 -77 78 79 80 81 -82 83 -84 -85 -86 -87 88 89 90 -91 92 93 -94 95 96 -97 -98 99 100 0
c total solving time: 0.45774316787719727 c number of splits: 242 s SATISFIABLE v 1 1 -2 3 4 5 6 -7 8 9 -10 11 -12 13 14 15 -16 -17 -18 -19 -20 -21 22 23 -24 -25 26 -27 28 -29 -30 31 32 -33 -34 35 -36 37 37 37 -38 -39 40 -41 -42 -43 44 -45 -46 47 48 -49 50 -51 -52 -53 54 55 -56 -57 58 -59 -60 61 62 -63 -64 -65 66 67 68 69 70 -71 -72 -73 -74 -75 -76 -77 -78 -79 80 81 82 -83 -84 85 -86 -87 -88 89 90 -91 -92 93 94 -95 96 -97 98 98 98 98 98 98 99 100 0
c total solving time: 3.4962170124053955 c number of splits: 1815 s UNSATISFIABLE
c total solving time: 1.5950298309326172 c number of splits: 799 s UNSATISFIABLE
c total solving time: 2.6240434646606445 c number of splits: 1483 s SATISFIABLE v 1 -2 3 4 -5 6 7 8 8 8 8 9 10 11 -12 13 -14 -15 -16 -17 18 -19 20 -21 -22 23 24 25 26 27 -28 29 -30 31 -32 33 -34 35 36 -37 -38 39 -40 41 42 43 44 -45 -46 47 48 49 50 51 52 -53 54 55 56 -57 58 59 60 -61 -62 63 64 -65 66 67 68 69 -70 71 72 -73 74 -75 76 77 -78 79 80 -81 82 -83 84 85 -86 87 88 89 -90 -91 -92 93 94 -95 96 97 -98 99 100 0
c total solving time: 2.600950241088867 c number of splits: 1405 s UNSATISFIABLE
c total solving time: 0.791926383972168 c number of splits: 391 s UNSATISFIABLE
c total solving time: 0.2300870418548584 c number of splits: 137 s SATISFIABLE v -1 -2 -3 -4 5 6 -7 8 -9 10 11 -12 -13 14 -15 -16 17 -18 19 -20 -21 -22 23 -24 25 26 -27 -28 29 -30 31 32 33 -34 -35 -36 -37 38 -39 40 -41 -42 43 44 -45 46 -47 48 -49 50 51 52 53 54 -55 56 57 -58 59 -60 61 -62 63 64 65 -66 -67 68 68 68 68 68 68 68 69 -70 -71 72 -73 74 75 -76 -77 -78 -79 80 -81 82 83 -84 -85 -86 87 88 -89 90 91 92 93 -94 -95 -96 97 -98 -99 -100 0
c total solving time: 1.616091251373291 c number of splits: 835 s UNSATISFIABLE
c total solving time: 0.15872955322265625 c number of splits: 88 s SATISFIABLE v -1 -2 3 -4 5 -6 7 8 9 10 11 12 13 -14 15 16 -17 18 -19 20 -21 22 -23 -24 -25 26 27 -28 29 -30 -31 -32 33 -34 35 -36 -37 38 -39 40 -41 -42 43 -44 45 46 47 -48 -49 50 50 51 -52 -53 -54 -55 56 57 58 -59 -60 -61 62 -63 -64 65 -66 67 68 -69 70 71 -72 -73 -74 -75 76 -77 78 -79 -80 81 -82 -83 84 -85 -86 -87 88 -89 90 -91 92 93 94 95 96 -97 98 -99 100 0
c total solving time: 3.443833112716675 c number of splits: 1783 s UNSATISFIABLE
c total solving time: 1.4101958274841309 c number of splits: 725 s UNSATISFIABLE
c total solving time: 2.0894792079925537 c number of splits: 1075 s SATISFIABLE v -1 2 -3 4 -5 6 7 8 -9 -10 -11 -12 13 14 15 16 17 -18 -19 -20 -21 -22 -23 24 -25 -26 -27 28 -29 -30 31 -32 33 34 35 36 37 -38 -39 -40 -41 -42 -43 44 -45 -46 -47 -48 49 50 51 52 53 -54 55 -56 -57 -58 -59 -60 61 62 63 -64 -65 66 67 68 69 70 -71 72 73 74 75 76 77 78 -79 -80 81 82 -83 84 85 86 -87 -88 -89 90 91 92 92 93 -94 -95 -96 -97 98 -99 -100 0
c total solving time: 0.24410271644592285 c number of splits: 117 s SATISFIABLE v 1 2 -3 -4 5 -6 -7 -8 -9 -10 -11 -12 13 14 -15 16 17 18 19 -20 21 -22 -23 24 -25 -26 -27 28 -29 -30 -31 32 33 -34 35 36 -37 38 -39 40 -41 42 43 -44 -45 46 -47 -48 -49 -50 51 51 51 51 51 51 51 -52 53 54 55 56 57 58 59 -60 -61 62 -63 64 -65 66 -67 -68 -69 70 71 72 -73 74 75 76 -77 -78 79 79 79 80 81 82 -83 84 85 86 87 -88 -89 90 -91 92 -93 -94 -95 96 -97 98 99 99 99 99 99 -100 0
c total solving time: 0.5419774055480957 c number of splits: 305 s SATISFIABLE v -1 2 -3 4 -5 6 7 -8 9 -10 -11 12 -13 -14 15 16 17 18 19 20 21 22 -23 -24 -25 -26 27 -28 -29 -30 -31 32 -33 34 -35 -36 37 -38 39 40 -41 -42 -43 44 45 46 47 48 -49 50 51 -52 -53 -54 55 -56 -57 58 59 60 -61 62 -63 64 -65 -66 67 -68 69 70 -71 72 72 72 72 72 72 72 72 73 74 -75 76 -77 -78 79 80 81 82 83 84 85 86 87 -88 -89 90 -91 -92 -93 -94 95 96 97 98 99 -100 0
c total solving time: 0.33355093002319336 c number of splits: 183 s SATISFIABLE v 1 1 -2 -3 4 5 6 7 7 7 7 7 8 9 10 -11 12 -13 14 15 15 -16 17 18 19 20 21 22 -23 24 -25 -26 -27 28 -29 -30 -31 32 -33 -34 -35 36 37 -38 -39 40 41 -42 43 44 44 45 46 47 -48 -49 -50 51 -52 53 -54 -55 -56 -57 58 -59 60 -61 -62 63 64 -65 66 67 -68 -69 70 71 -72 73 74 75 75 75 -76 77 -78 -79 -80 81 82 83 -84 -85 86 87 88 89 -90 91 92 -93 -94 -95 96 97 -98 -99 -100 0
c total solving time: 2.4645631313323975 c number of splits: 1293 s UNSATISFIABLE
c total solving time: 3.494335651397705 c number of splits: 1895 s UNSATISFIABLE
c total solving time: 1.622668981552124 c number of splits: 867 s UNSATISFIABLE
c total solving time: 3.276759147644043 c number of splits: 1825 s SATISFIABLE v 1 -2 3 4 -5 -6 7 8 9 10 11 -12 13 -14 -15 -16 17 18 19 -20 21 22 -23 24 -25 26 27 -28 -29 -30 31 31 31 31 31 31 -32 -33 34 -35 -36 -37 38 -39 -40 -41 -42 -43 -44 -45 46 -47 -48 49 50 -51 -52 53 -54 -55 56 -57 58 -59 60 -61 -62 -63 64 -65 66 67 -68 69 70 -71 -72 -73 74 -75 76 -77 -78 -79 -80 -81 82 83 84 -85 86 -87 88 -89 -90 91 92 -93 -94 -95 -96 -97 98 -99 100 0
c total solving time: 2.2648355960845947 c number of splits: 1133 s UNSATISFIABLE
c total solving time: 3.1950836181640625 c number of splits: 1627 s UNSATISFIABLE
c total solving time: 1.756331443786621 c number of splits: 895 s UNSATISFIABLE
c total solving time: 1.5313470363616943 c number of splits: 765 s UNSATISFIABLE
c total solving time: 2.235330820083618 c number of splits: 1147 s UNSATISFIABLE
c total solving time: 0.7599589824676514 c number of splits: 403 s UNSATISFIABLE
c total solving time: 1.4532427787780762 c number of splits: 739 s UNSATISFIABLE
c total solving time: 0.5253872871398926 c number of splits: 353 s SATISFIABLE v 1 -2 3 4 -5 6 -7 -8 9 10 11 -12 -13 14 -15 -16 -17 18 19 -20 -21 22 -23 24 -25 26 -27 -28 -29 -30 31 -32 33 -34 35 36 -37 38 -39 40 -41 42 -43 44 45 -46 -47 48 49 -50 -51 -52 -53 54 55 -56 -57 -58 -59 -60 -61 62 -63 64 65 66 -67 68 -69 -70 -71 -72 73 74 -75 76 77 -78 79 -80 81 82 83 -84 85 86 87 88 -89 90 91 -92 -93 94 -95 -96 -97 98 99 100 0
c total solving time: 1.5968079566955566 c number of splits: 881 s SATISFIABLE v -1 2 -3 -4 5 6 -7 8 9 10 -11 12 13 14 -15 16 17 -18 -19 20 21 22 23 24 25 -26 -27 28 -29 30 31 32 33 -34 -35 -36 -37 38 -39 40 41 42 -43 44 -45 -46 -47 -48 -49 50 -51 -52 -53 54 55 56 -57 -58 59 60 -61 -62 -63 -64 -65 -66 67 68 -69 70 -71 72 -73 74 -75 76 77 -78 -79 -80 81 -82 -83 -84 85 -86 -87 -88 89 -90 -91 -92 93 94 95 -96 -97 98 99 100 0
c total solving time: 2.924908399581909 c number of splits: 1577 s UNSATISFIABLE
c total solving time: 2.0720386505126953 c number of splits: 1075 s UNSATISFIABLE
c total solving time: 1.7035551071166992 c number of splits: 843 s UNSATISFIABLE
c total solving time: 0.5168936252593994 c number of splits: 282 s SATISFIABLE v -1 2 3 -4 5 -6 -7 8 -9 -10 -11 12 13 14 -15 -16 17 -18 19 -20 -21 -22 -23 -24 25 26 27 28 -29 30 -31 -32 33 -34 35 36 -37 -38 -39 -40 41 42 43 44 -45 -46 47 48 49 50 -51 52 -53 54 55 -56 57 -58 -59 -60 -61 62 63 64 65 65 65 65 65 65 65 65 65 65 -66 67 68 69 -70 71 72 -73 74 75 -76 77 -78 79 -80 -81 82 83 -84 -85 -86 87 88 89 90 -91 -92 93 94 95 -96 97 98 -99 100 0
c total solving time: 0.6179497241973877 c number of splits: 326 s SATISFIABLE v -1 -2 3 4 -5 6 -7 8 -9 10 -11 12 -13 14 -15 -16 17 -18 19 20 21 22 -23 24 25 -26 -27 28 -29 -30 -31 32 33 34 35 -36 -37 38 -39 40 41 -42 43 -44 45 46 47 48 49 -50 51 -52 -53 54 -55 -56 57 58 59 -60 -61 62 63 -64 65 -66 -67 -68 -69 -70 71 72 -73 -74 -75 -76 -77 78 -79 -80 -81 -82 -83 -84 85 -86 87 -88 -89 -90 -91 -92 93 94 95 -96 97 98 -99 100 0
c total solving time: 1.27944016456604 c number of splits: 635 s UNSATISFIABLE
c total solving time: 4.03958535194397 c number of splits: 2211 s UNSATISFIABLE
c total solving time: 0.8363995552062988 c number of splits: 460 s SATISFIABLE v -1 -2 3 4 5 -6 -7 8 9 -10 11 12 13 14 15 -16 17 -18 -19 20 21 22 23 24 25 26 -27 -28 -29 30 31 32 33 34 -35 -36 -37 38 39 39 40 -41 -42 43 -44 45 46 47 -48 49 -50 -51 52 53 54 -55 -56 57 58 59 -60 -61 -62 -63 -64 -65 66 -67 68 -69 70 71 71 71 -72 73 74 -75 76 77 -78 79 80 -81 -82 -83 84 -85 -86 -87 -88 89 90 91 92 -93 94 -95 96 97 -98 99 100 0
c total solving time: 2.796523094177246 c number of splits: 1505 s UNSATISFIABLE
c total solving time: 0.2877216339111328 c number of splits: 154 s SATISFIABLE v -1 -2 -3 -4 5 -6 -7 8 9 10 -11 -12 13 -14 -15 -16 17 -18 19 -20 -21 -22 23 24 -25 -26 27 28 29 30 31 32 -33 -34 35 36 -37 38 -39 -40 41 42 -43 44 45 46 -47 -48 -49 -50 51 52 53 54 55 -56 57 -58 -59 -60 61 -62 -63 64 65 66 -67 -68 69 70 -71 -72 -73 74 75 76 77 78 79 -80 81 -82 83 84 -85 86 87 88 89 90 -91 -92 93 -94 -95 -96 97 98 99 -100 0
c total solving time: 2.0363123416900635 c number of splits: 1126 s SATISFIABLE v 1 2 3 4 5 6 -7 -8 9 10 11 -12 13 -14 15 -16 -17 18 -19 -20 21 -22 -23 24 25 -26 27 -28 29 -30 31 -32 -33 34 -35 36 37 -38 -39 40 -41 -42 -43 44 45 -46 -47 48 -49 50 -51 -52 53 54 55 -56 -57 58 -59 60 -61 -62 -63 64 65 -66 67 68 -69 70 71 -72 73 -74 -75 -76 77 78 79 80 -81 -82 83 84 85 86 -87 -88 89 90 91 -92 -93 -94 -95 -96 97 -98 99 100 0
c total solving time: 2.218965530395508 c number of splits: 1169 s UNSATISFIABLE
c total solving time: 3.724107503890991 c number of splits: 1935 s UNSATISFIABLE
c total solving time: 1.1941173076629639 c number of splits: 592 s SATISFIABLE v -1 2 -3 4 -5 6 7 -8 9 10 -11 -12 -13 -14 -15 16 -17 -18 -19 20 -21 22 -23 24 -25 -26 27 -28 -29 30 31 32 33 34 35 -36 37 38 -39 40 -41 42 43 44 -45 -46 47 48 49 49 -50 -51 -52 53 54 -55 -56 -57 58 -59 -60 61 62 63 -64 -65 -66 -67 -68 -69 70 71 -72 -73 -74 -75 76 -77 78 79 -80 -81 -82 83 -84 85 86 -87 -88 -89 -90 -91 92 -93 -94 95 -96 -97 -98 -99 -100 0
c total solving time: 1.6174688339233398 c number of splits: 875 s SATISFIABLE v 1 -2 -3 -4 5 6 7 -8 -9 10 -11 -12 -13 -14 15 16 17 -18 19 -20 -21 -22 -23 24 25 26 -27 28 -29 -30 31 -32 -33 34 35 36 -37 -38 39 -40 -41 42 43 44 -45 46 47 -48 49 -50 -51 52 -53 -54 55 -56 -57 58 59 -60 61 62 63 64 65 -66 -67 -68 69 -70 -71 72 72 72 72 72 -73 -74 75 -76 77 78 79 -80 81 82 83 84 85 -86 87 88 -89 -90 -91 92 92 93 94 -95 -96 -97 -98 99 -100 0
c total solving time: 0.4252331256866455 c number of splits: 243 s SATISFIABLE v 1 -2 3 4 -5 6 -7 8 9 10 11 -12 13 14 -15 16 17 18 19 -20 -21 -22 23 -24 -25 26 27 -28 -29 30 31 32 -33 34 -35 36 -37 -38 39 -40 -41 -42 43 44 45 46 47 -48 -49 -50 -51 -52 53 54 54 54 54 -55 56 57 -58 59 60 61 -62 -63 -64 -65 -66 67 68 69 -70 -71 -72 -73 -74 75 -76 -77 -78 79 -80 -81 -82 83 -84 85 -86 87 -88 89 -90 91 92 -93 -94 -95 96 97 98 -99 100 0
c total solving time: 1.2967884540557861 c number of splits: 635 s UNSATISFIABLE
c total solving time: 3.258035898208618 c number of splits: 1689 s UNSATISFIABLE
c total solving time: 1.3861374855041504 c number of splits: 759 s SATISFIABLE v -1 2 -3 4 5 6 7 -8 9 10 11 12 -13 -14 15 -16 17 18 -19 -20 -21 -22 23 24 25 26 -27 28 -29 -30 -31 32 32 32 32 -33 -34 -35 36 -37 38 39 40 41 42 43 44 -45 -46 47 48 49 50 -51 -52 53 54 -55 -56 -57 58 59 60 61 62 -63 64 65 -66 67 68 -69 70 -71 -72 -73 74 75 -76 77 78 79 -80 81 82 -83 -84 -85 86 87 88 -89 -90 -91 92 93 -94 95 96 -97 98 99 -100 0
c total solving time: 1.4169154167175293 c number of splits: 677 s UNSATISFIABLE
c total solving time: 3.4511537551879883 c number of splits: 1821 s UNSATISFIABLE
c total solving time: 0.9169433116912842 c number of splits: 483 s SATISFIABLE v -1 -2 -3 4 5 -6 -7 -8 -9 -10 -11 -12 13 14 -15 16 17 18 19 -20 21 22 23 24 -25 -26 27 28 -29 30 31 32 33 34 35 -36 37 38 39 -40 -41 -42 43 44 -45 -46 -47 -48 49 50 51 52 52 52 53 -54 -55 56 57 58 59 -60 -61 62 63 64 65 -66 -67 -68 69 -70 -71 72 -73 -74 -75 -76 77 78 79 -80 81 -82 -83 -84 85 86 87 88 -89 -90 -91 -92 93 -94 95 96 97 -98 -99 100 0
c total solving time: 1.0679364204406738 c number of splits: 551 s UNSATISFIABLE
c total solving time: 3.6807355880737305 c number of splits: 1913 s UNSATISFIABLE
c total solving time: 2.3310112953186035 c number of splits: 1203 s UNSATISFIABLE
c total solving time: 0.9338057041168213 c number of splits: 523 s SATISFIABLE v -1 -2 3 -4 -5 6 -7 -8 -9 -10 11 12 13 14 15 16 17 18 19 20 21 22 23 24 25 -26 27 -28 -29 -30 31 -32 -33 34 -35 36 -37 -38 39 -40 -41 -42 43 44 -45 46 47 48 49 50 -51 -52 53 -54 -55 -56 57 58 59 60 61 62 63 -64 65 66 67 -68 -69 70 71 72 73 -74 75 76 77 -78 -79 80 81 82 83 84 85 86 -87 88 -89 -90 91 -92 93 94 -95 -96 97 -98 -99 -100 0
c total solving time: 2.2926433086395264 c number of splits: 1179 s UNSATISFIABLE
c total solving time: 0.6316900253295898 c number of splits: 358 s SATISFIABLE v -1 2 -3 4 5 6 -7 8 -9 10 -11 12 13 14 15 16 17 -18 19 -20 -21 -22 23 -24 25 26 27 -28 29 30 -31 32 -33 -34 35 -36 37 38 39 -40 -41 -42 -43 44 -45 -46 -47 48 49 50 51 -52 53 54 55 -56 57 58 59 -60 61 -62 63 64 65 66 -67 68 -69 70 71 72 -73 -74 75 76 77 -78 79 79 -80 -81 82 83 -84 85 -86 87 88 -89 90 -91 92 -93 94 -95 -96 97 98 -99 100 0
c total solving time: 1.9187633991241455 c number of splits: 1103 s SATISFIABLE v 1 2 -3 4 -5 6 -7 -8 9 -10 -11 -12 -13 -14 15 16 16 17 18 -19 20 21 22 -23 24 -25 26 -27 28 28 28 28 28 29 30 31 32 33 34 35 -36 37 38 -39 -40 -41 -42 -43 -44 45 46 -47 -48 -49 50 51 52 -53 54 -55 -56 -57 58 -59 -60 61 62 63 -64 -65 66 -67 68 69 70 -71 -72 73 74 75 76 -77 -78 -79 80 -81 -82 -83 84 -85 86 -87 -88 -89 -90 -91 -92 93 94 -95 96 97 98 99 100 0
c total solving time: 2.2809767723083496 c number of splits: 1169 s UNSATISFIABLE
c total solving time: 2.2867343425750732 c number of splits: 1223 s UNSATISFIABLE
c total solving time: 1.6206672191619873 c number of splits: 856 s SATISFIABLE v -1 2 -3 -4 -5 -6 -7 8 9 -10 11 12 13 -14 15 16 17 -18 -19 -20 -21 -22 -23 -24 25 -26 27 28 29 30 -31 -32 33 -34 35 -36 37 -38 -39 40 41 -42 43 44 -45 46 47 48 49 50 -51 52 -53 -54 55 -56 57 58 59 -60 61 62 63 -64 65 -66 67 68 69 -70 -71 -72 73 -74 75 76 77 78 -79 80 81 82 -83 84 85 86 87 -88 -89 90 91 92 93 94 95 -96 -97 -98 99 -100 0
c total solving time: 3.6044912338256836 c number of splits: 1873 s UNSATISFIABLE
c total solving time: 0.07955622673034668 c number of splits: 45 s SATISFIABLE v 1 1 -2 -3 -4 5 -6 -7 8 9 -10 11 12 -13 -14 -15 16 17 -18 -19 -20 21 22 -23 -24 -25 -26 -27 28 -29 30 -31 -32 33 34 -35 -36 37 38 -39 -40 41 -42 -43 -44 45 -46 -47 -48 49 -50 51 -52 53 54 55 56 57 58 -59 -60 61 -62 -63 64 65 -66 67 -68 69 -70 71 -72 -73 74 -75 -76 -77 78 79 80 80 80 -81 -82 83 84 -85 -86 -87 -88 89 -90 91 -92 93 94 -95 -96 -97 98 99 -100 0
c total solving time: 1.9923186302185059 c number of splits: 1073 s SATISFIABLE v -1 -2 -3 4 -5 -6 -7 8 9 10 11 -12 -13 -14 -15 16 -17 18 19 -20 21 -22 -23 24 25 -26 27 28 -29 -30 -31 32 33 34 35 36 -37 38 -39 -40 41 -42 -43 44 -45 46 -47 -48 49 -50 -51 52 53 -54 -55 56 57 -58 -59 -60 61 -62 -63 -64 -65 -66 -67 -68 -69 -70 71 72 -73 -74 -75 76 -77 78 -79 -80 81 -82 83 -84 85 86 -87 -88 89 90 91 92 93 -94 95 -96 97 98 -99 -100 0
Total solving time: 186.05743336677551224
Median solving time: 1.63
Total number of splits: 99036
Median number of splits: 871.00
Number of satisfiable: 45
