100-520/output_0.cnf: c total solving time: 0.9858171939849854 c number of splits: 405 s UNSATISFIABLE
100-520/output_1.cnf: c total solving time: 1.1971650123596191 c number of splits: 507 s UNSATISFIABLE
100-520/output_10.cnf: c total solving time: 1.150470495223999 c number of splits: 465 s UNSATISFIABLE
100-520/output_11.cnf: c total solving time: 1.1656885147094727 c number of splits: 481 s UNSATISFIABLE
100-520/output_12.cnf: c total solving time: 1.2943274974822998 c number of splits: 527 s UNSATISFIABLE
100-520/output_13.cnf: c total solving time: 0.5525767803192139 c number of splits: 219 s UNSATISFIABLE
100-520/output_14.cnf: c total solving time: 0.8914990425109863 c number of splits: 373 s UNSATISFIABLE
100-520/output_15.cnf: c total solving time: 1.7521190643310547 c number of splits: 801 s UNSATISFIABLE
100-520/output_16.cnf: c total solving time: 1.7938475608825684 c number of splits: 757 s UNSATISFIABLE
100-520/output_17.cnf: c total solving time: 1.2072412967681885 c number of splits: 519 s UNSATISFIABLE
100-520/output_18.cnf: c total solving time: 1.29888916015625 c number of splits: 545 s UNSATISFIABLE
100-520/output_19.cnf: c total solving time: 0.9270985126495361 c number of splits: 393 s UNSATISFIABLE
100-520/output_2.cnf: c total solving time: 1.2003061771392822 c number of splits: 519 s UNSATISFIABLE
100-520/output_20.cnf: c total solving time: 0.7589330673217773 c number of splits: 323 s UNSATISFIABLE
100-520/output_21.cnf: c total solving time: 1.092775583267212 c number of splits: 475 s UNSATISFIABLE
100-520/output_22.cnf: c total solving time: 1.0786688327789307 c number of splits: 457 s UNSATISFIABLE
100-520/output_23.cnf: c total solving time: 1.400559663772583 c number of splits: 631 s UNSATISFIABLE
100-520/output_24.cnf: c total solving time: 0.8510701656341553 c number of splits: 361 s UNSATISFIABLE
100-520/output_25.cnf: c total solving time: 2.3729426860809326 c number of splits: 1063 s UNSATISFIABLE
100-520/output_26.cnf: c total solving time: 1.2018623352050781 c number of splits: 511 s UNSATISFIABLE
100-520/output_27.cnf: c total solving time: 1.4510736465454102 c number of splits: 599 s UNSATISFIABLE
100-520/output_28.cnf: c total solving time: 1.5311884880065918 c number of splits: 647 s UNSATISFIABLE
100-520/output_29.cnf: c total solving time: 1.122633457183838 c number of splits: 455 s UNSATISFIABLE
100-520/output_3.cnf: c total solving time: 0.7811412811279297 c number of splits: 319 s UNSATISFIABLE
100-520/output_30.cnf: c total solving time: 0.9973680973052979 c number of splits: 411 s UNSATISFIABLE
100-520/output_31.cnf: c total solving time: 1.313941240310669 c number of splits: 593 s UNSATISFIABLE
100-520/output_32.cnf: c total solving time: 0.9007866382598877 c number of splits: 369 s UNSATISFIABLE
100-520/output_33.cnf: c total solving time: 1.7688233852386475 c number of splits: 787 s UNSATISFIABLE
100-520/output_34.cnf: c total solving time: 1.3954846858978271 c number of splits: 569 s UNSATISFIABLE
100-520/output_35.cnf: c total solving time: 1.003575325012207 c number of splits: 407 s UNSATISFIABLE
100-520/output_36.cnf: c total solving time: 1.326451301574707 c number of splits: 553 s UNSATISFIABLE
100-520/output_37.cnf: c total solving time: 1.0009808540344238 c number of splits: 421 s UNSATISFIABLE
100-520/output_38.cnf: c total solving time: 1.0610017776489258 c number of splits: 437 s UNSATISFIABLE
100-520/output_39.cnf: c total solving time: 1.7024054527282715 c number of splits: 725 s UNSATISFIABLE
100-520/output_4.cnf: c total solving time: 0.6751718521118164 c number of splits: 285 s UNSATISFIABLE
100-520/output_40.cnf: c total solving time: 1.03853440284729 c number of splits: 423 s UNSATISFIABLE
100-520/output_41.cnf: c total solving time: 0.7156295776367188 c number of splits: 277 s UNSATISFIABLE
100-520/output_42.cnf: c total solving time: 1.648129940032959 c number of splits: 691 s UNSATISFIABLE
100-520/output_43.cnf: c total solving time: 1.2993261814117432 c number of splits: 545 s UNSATISFIABLE
100-520/output_44.cnf: c total solving time: 1.5793769359588623 c number of splits: 729 s UNSATISFIABLE
100-520/output_45.cnf: c total solving time: 1.286996841430664 c number of splits: 557 s UNSATISFIABLE
100-520/output_46.cnf: c total solving time: 1.3379566669464111 c number of splits: 569 s UNSATISFIABLE
100-520/output_47.cnf: c total solving time: 1.3308794498443604 c number of splits: 597 s UNSATISFIABLE
100-520/output_48.cnf: c total solving time: 1.099017858505249 c number of splits: 461 s UNSATISFIABLE
100-520/output_49.cnf: c total solving time: 0.9763221740722656 c number of splits: 417 s UNSATISFIABLE
100-520/output_5.cnf: c total solving time: 0.9685890674591064 c number of splits: 399 s UNSATISFIABLE
100-520/output_50.cnf: c total solving time: 1.2315607070922852 c number of splits: 529 s UNSATISFIABLE
100-520/output_51.cnf: c total solving time: 0.597693681716919 c number of splits: 245 s UNSATISFIABLE
100-520/output_52.cnf: c total solving time: 1.1479978561401367 c number of splits: 475 s UNSATISFIABLE
100-520/output_53.cnf: c total solving time: 1.4252440929412842 c number of splits: 585 s UNSATISFIABLE
100-520/output_54.cnf: c total solving time: 1.589900255203247 c number of splits: 699 s UNSATISFIABLE
100-520/output_55.cnf: c total solving time: 1.17787504196167 c number of splits: 489 s UNSATISFIABLE
100-520/output_56.cnf: c total solving time: 1.1212608814239502 c number of splits: 515 s UNSATISFIABLE
100-520/output_57.cnf: c total solving time: 1.579521894454956 c number of splits: 713 s UNSATISFIABLE
100-520/output_58.cnf: c total solving time: 0.6948473453521729 c number of splits: 289 s UNSATISFIABLE
100-520/output_59.cnf: c total solving time: 0.6981868743896484 c number of splits: 301 s UNSATISFIABLE
100-520/output_6.cnf: c total solving time: 0.9523358345031738 c number of splits: 401 s UNSATISFIABLE
100-520/output_60.cnf: c total solving time: 1.488659381866455 c number of splits: 647 s UNSATISFIABLE
100-520/output_61.cnf: c total solving time: 1.9769439697265625 c number of splits: 875 s UNSATISFIABLE
100-520/output_62.cnf: c total solving time: 0.975886344909668 c number of splits: 401 s UNSATISFIABLE
100-520/output_63.cnf: c total solving time: 1.308243751525879 c number of splits: 567 s UNSATISFIABLE
100-520/output_64.cnf: c total solving time: 1.7576110363006592 c number of splits: 759 s UNSATISFIABLE
100-520/output_65.cnf: c total solving time: 1.5792415142059326 c number of splits: 701 s UNSATISFIABLE
100-520/output_66.cnf: c total solving time: 0.8019731044769287 c number of splits: 341 s UNSATISFIABLE
100-520/output_67.cnf: c total solving time: 1.3129940032958984 c number of splits: 563 s UNSATISFIABLE
100-520/output_68.cnf: c total solving time: 0.7432634830474854 c number of splits: 323 s UNSATISFIABLE
100-520/output_69.cnf: c total solving time: 1.1477785110473633 c number of splits: 497 s UNSATISFIABLE
100-520/output_7.cnf: c total solving time: 0.8192660808563232 c number of splits: 347 s UNSATISFIABLE
100-520/output_70.cnf: c total solving time: 1.120612621307373 c number of splits: 475 s UNSATISFIABLE
100-520/output_71.cnf: c total solving time: 0.9218766689300537 c number of splits: 379 s UNSATISFIABLE
100-520/output_72.cnf: c total solving time: 1.7821552753448486 c number of splits: 777 s UNSATISFIABLE
100-520/output_73.cnf: c total solving time: 0.8202180862426758 c number of splits: 339 s UNSATISFIABLE
100-520/output_74.cnf: c total solving time: 1.6173803806304932 c number of splits: 703 s UNSATISFIABLE
100-520/output_75.cnf: c total solving time: 1.9984593391418457 c number of splits: 883 s UNSATISFIABLE
100-520/output_76.cnf: c total solving time: 0.920353889465332 c number of splits: 371 s UNSATISFIABLE
100-520/output_77.cnf: c total solving time: 1.8476629257202148 c number of splits: 801 s UNSATISFIABLE
100-520/output_78.cnf: c total solving time: 0.8856227397918701 c number of splits: 373 s UNSATISFIABLE
100-520/output_79.cnf: c total solving time: 0.5818309783935547 c number of splits: 239 s UNSATISFIABLE
100-520/output_8.cnf: c total solving time: 1.1332728862762451 c number of splits: 503 s UNSATISFIABLE
100-520/output_80.cnf: c total solving time: 0.8380446434020996 c number of splits: 367 s UNSATISFIABLE
100-520/output_81.cnf: c total solving time: 1.4755527973175049 c number of splits: 647 s UNSATISFIABLE
100-520/output_82.cnf: c total solving time: 1.2624154090881348 c number of splits: 543 s UNSATISFIABLE
100-520/output_83.cnf: c total solving time: 0.9647371768951416 c number of splits: 385 s UNSATISFIABLE
100-520/output_84.cnf: c total solving time: 1.6869451999664307 c number of splits: 749 s UNSATISFIABLE
100-520/output_85.cnf: c total solving time: 1.2472891807556152 c number of splits: 517 s UNSATISFIABLE
100-520/output_86.cnf: c total solving time: 1.2774839401245117 c number of splits: 589 s UNSATISFIABLE
100-520/output_87.cnf: c total solving time: 1.1993310451507568 c number of splits: 525 s UNSATISFIABLE
100-520/output_88.cnf: c total solving time: 1.095442533493042 c number of splits: 439 s UNSATISFIABLE
100-520/output_89.cnf: c total solving time: 0.8014357089996338 c number of splits: 349 s UNSATISFIABLE
100-520/output_9.cnf: c total solving time: 1.2736310958862305 c number of splits: 563 s UNSATISFIABLE
100-520/output_90.cnf: c total solving time: 1.4138433933258057 c number of splits: 609 s UNSATISFIABLE
100-520/output_91.cnf: c total solving time: 1.2332844734191895 c number of splits: 519 s UNSATISFIABLE
100-520/output_92.cnf: c total solving time: 1.4341750144958496 c number of splits: 627 s UNSATISFIABLE
100-520/output_93.cnf: c total solving time: 1.4705965518951416 c number of splits: 623 s UNSATISFIABLE
100-520/output_94.cnf: c total solving time: 1.2126877307891846 c number of splits: 529 s UNSATISFIABLE
100-520/output_95.cnf: c total solving time: 1.4628207683563232 c number of splits: 667 s UNSATISFIABLE
100-520/output_96.cnf: c total solving time: 1.2859387397766113 c number of splits: 563 s UNSATISFIABLE
100-520/output_97.cnf: c total solving time: 1.1830599308013916 c number of splits: 503 s UNSATISFIABLE
100-520/output_98.cnf: c total solving time: 0.8629426956176758 c number of splits: 395 s UNSATISFIABLE
100-520/output_99.cnf: c total solving time: 1.3207166194915771 c number of splits: 533 s UNSATISFIABLE
Total solving time: 121.2467513084411623
Median solving time: 1.19
Total number of splits: 51920
Median number of splits: 516.00
Number of satisfiable: 0
