100-440/output_0.cnf: c total solving time: 1.7961647510528564 c number of splits: 963 s UNSATISFIABLE
100-440/output_1.cnf: c total solving time: 4.963442325592041 c number of splits: 2889 s UNSATISFIABLE
100-440/output_10.cnf: c total solving time: 0.04508495330810547 c number of splits: 27 s SATISFIABLE v -1 -2 3 4 5 -6 -7 8 -9 -10 11 -12 13 14 -15 16 17 18 -19 -20 -21 22 -23 24 -25 26 27 28 -29 30 -31 -32 33 34 35 -36 -37 38 39 -40 -41 -42 43 44 45 -46 -47 -48 -49 50 -51 -52 53 -54 -55 56 57 -58 59 -60 -61 -62 -63 64 65 66 -67 -68 -69 -70 -71 -72 -73 -74 -75 76 77 78 -79 -80 81 -82 83 -84 -85 -86 87 -88 89 -90 91 92 -93 94 95 96 97 98 -99 -100 0
100-440/output_11.cnf: c total solving time: 2.4409987926483154 c number of splits: 1367 s UNSATISFIABLE
100-440/output_12.cnf: c total solving time: 1.0839383602142334 c number of splits: 581 s UNSATISFIABLE
100-440/output_13.cnf: c total solving time: 3.1409215927124023 c number of splits: 1739 s UNSATISFIABLE
100-440/output_14.cnf: c total solving time: 4.527602195739746 c number of splits: 2521 s UNSATISFIABLE
100-440/output_15.cnf: c total solving time: 2.3789076805114746 c number of splits: 1269 s UNSATISFIABLE
100-440/output_16.cnf: c total solving time: 1.8602561950683594 c number of splits: 1015 s UNSATISFIABLE
100-440/output_17.cnf: c total solving time: 2.6177942752838135 c number of splits: 1605 s UNSATISFIABLE
100-440/output_18.cnf: c total solving time: 3.033397912979126 c number of splits: 1711 s UNSATISFIABLE
100-440/output_19.cnf: c total solving time: 4.503086805343628 c number of splits: 2603 s UNSATISFIABLE
100-440/output_2.cnf: c total solving time: 1.0639572143554688 c number of splits: 571 s SATISFIABLE v -1 2 3 -4 -5 6 7 8 -9 10 11 -12 13 -14 15 16 17 -18 19 -20 -21 -22 -23 -24 25 26 27 28 29 -30 31 32 33 -34 35 36 37 38 -39 -40 -41 -42 -43 44 -45 46 47 48 -49 -50 -51 52 53 54 55 -56 -57 58 59 60 61 62 63 64 -65 -66 -67 -68 69 70 -71 72 -73 74 -75 -76 77 -78 -79 80 -81 82 -83 -84 85 -86 87 88 89 -90 -91 92 93 94 95 -96 -97 98 -99 100 0
100-440/output_20.cnf: c total solving time: 3.4535958766937256 c number of splits: 1969 s UNSATISFIABLE
100-440/output_21.cnf: c total solving time: 3.7534000873565674 c number of splits: 2175 s UNSATISFIABLE
100-440/output_22.cnf: c total solving time: 3.693234443664551 c number of splits: 2241 s UNSATISFIABLE
100-440/output_23.cnf: c total solving time: 0.8493556976318359 c number of splits: 478 s SATISFIABLE v 1 2 -3 -4 5 -6 -7 8 -9 10 -11 12 -13 -14 -15 16 -17 -18 -19 20 21 -22 -23 24 25 26 -27 28 -29 30 -31 32 33 -34 35 36 -37 -38 39 -40 -41 -42 -43 -44 -45 46 47 -48 49 -50 -51 52 -53 54 -55 56 57 58 59 60 61 62 63 64 -65 66 -67 -68 69 70 -71 -72 -73 74 -75 76 77 -78 -79 -80 -81 82 83 84 -85 86 -87 88 89 -90 -91 92 -93 94 -95 -96 -97 -98 -99 100 0
100-440/output_24.cnf: c total solving time: 3.274895191192627 c number of splits: 1877 s UNSATISFIABLE
100-440/output_25.cnf: c total solving time: 3.360988140106201 c number of splits: 2001 s UNSATISFIABLE
100-440/output_26.cnf: c total solving time: 2.193161725997925 c number of splits: 1199 s UNSATISFIABLE
100-440/output_27.cnf: c total solving time: 2.336920738220215 c number of splits: 1283 s UNSATISFIABLE
100-440/output_28.cnf: c total solving time: 2.13936710357666 c number of splits: 1217 s UNSATISFIABLE
100-440/output_29.cnf: c total solving time: 2.852424144744873 c number of splits: 1641 s UNSATISFIABLE
100-440/output_3.cnf: c total solving time: 3.141568422317505 c number of splits: 1723 s UNSATISFIABLE
100-440/output_30.cnf: c total solving time: 3.151644706726074 c number of splits: 1921 s UNSATISFIABLE
100-440/output_31.cnf: c total solving time: 2.9568939208984375 c number of splits: 1775 s UNSATISFIABLE
100-440/output_32.cnf: c total solving time: 2.4324700832366943 c number of splits: 1437 s UNSATISFIABLE
100-440/output_33.cnf: c total solving time: 2.8898637294769287 c number of splits: 1631 s UNSATISFIABLE
100-440/output_34.cnf: c total solving time: 0.5785577297210693 c number of splits: 365 s SATISFIABLE v -1 -2 3 4 -5 -6 7 8 9 10 11 -12 13 -14 15 16 17 18 19 20 21 22 23 24 25 26 -27 28 29 -30 -31 32 33 34 35 -36 37 -38 -39 40 -41 42 -43 44 45 46 -47 -48 -49 -50 -51 52 53 54 55 56 57 -58 -59 -60 -61 -62 63 64 -65 -66 67 -68 69 70 71 72 73 74 75 -76 -77 -78 79 -80 81 82 83 84 -85 -86 -87 88 -89 90 -91 92 93 94 95 -96 97 98 99 100 0
100-440/output_35.cnf: c total solving time: 0.6345715522766113 c number of splits: 341 s SATISFIABLE v 1 -2 -3 4 -5 6 -7 8 9 10 11 -12 -13 -14 15 16 17 18 19 20 21 22 23 24 25 -26 27 28 29 -30 31 -32 -33 34 35 36 -37 -38 39 40 -41 -42 43 -44 -45 46 -47 -48 -49 50 -51 52 -53 54 55 -56 -57 58 -59 -60 -61 62 -63 64 -65 -66 -67 -68 -69 70 -71 -72 73 -74 75 -76 -77 78 79 80 -81 -82 83 -84 85 86 87 88 89 -90 91 92 93 94 -95 96 -97 -98 -99 100 0
100-440/output_36.cnf: c total solving time: 2.5706520080566406 c number of splits: 1471 s UNSATISFIABLE
100-440/output_37.cnf: c total solving time: 3.9001104831695557 c number of splits: 2443 s UNSATISFIABLE
100-440/output_38.cnf: c total solving time: 2.1926798820495605 c number of splits: 1205 s UNSATISFIABLE
100-440/output_39.cnf: c total solving time: 0.7597906589508057 c number of splits: 425 s SATISFIABLE v -1 2 -3 -4 5 -6 7 -8 -9 10 11 -12 -13 -14 15 16 -17 18 19 -20 21 -22 -23 -24 -25 -26 27 -28 -29 30 -31 -32 -33 34 -35 36 -37 -38 -39 40 41 -42 -43 44 45 -46 47 48 49 -50 51 52 53 54 55 56 57 58 -59 -60 -61 62 63 -64 -65 66 -67 68 69 70 71 -72 73 -74 75 76 -77 -78 79 80 81 -82 -83 -84 -85 -86 -87 -88 89 -90 91 92 93 -94 -95 -96 -97 98 99 100 0
100-440/output_4.cnf: c total solving time: 2.245175361633301 c number of splits: 1221 s UNSATISFIABLE
100-440/output_40.cnf: c total solving time: 1.0521960258483887 c number of splits: 643 s SATISFIABLE v -1 -2 3 4 5 6 7 -8 9 -10 11 12 13 14 15 -16 -17 18 19 -20 -21 22 -23 -24 25 26 -27 28 -29 -30 31 -32 -33 -34 -35 -36 37 -38 -39 40 -41 -42 -43 44 -45 -46 47 -48 -49 -50 -51 -52 -53 54 55 -56 -57 58 -59 -60 61 62 63 -64 65 66 67 -68 69 -70 71 -72 73 -74 -75 -76 -77 -78 79 80 81 82 -83 84 85 -86 -87 -88 89 90 -91 92 93 -94 95 96 97 98 -99 -100 0
100-440/output_41.cnf: c total solving time: 2.148510456085205 c number of splits: 1211 s UNSATISFIABLE
100-440/output_42.cnf: c total solving time: 2.0529863834381104 c number of splits: 1161 s UNSATISFIABLE
100-440/output_43.cnf: c total solving time: 2.678513526916504 c number of splits: 1489 s UNSATISFIABLE
100-440/output_44.cnf: c total solving time: 2.1844799518585205 c number of splits: 1259 s UNSATISFIABLE
100-440/output_45.cnf: c total solving time: 2.3300390243530273 c number of splits: 1297 s UNSATISFIABLE
100-440/output_46.cnf: c total solving time: 0.27646565437316895 c number of splits: 179 s SATISFIABLE v -1 2 3 4 -5 6 7 -8 9 -10 -11 -12 13 -14 -15 -16 17 -18 -19 -20 21 22 23 -24 25 -26 27 28 -29 -30 -31 -32 -33 -34 -35 36 -37 38 39 40 41 -42 43 44 45 46 -47 48 -49 -50 -51 52 53 -54 55 56 57 58 -59 60 -61 62 63 -64 65 -66 -67 68 69 -70 71 -72 -73 74 75 -76 77 -78 -79 80 -81 -82 -83 -84 -85 -86 87 88 -89 -90 -91 -92 -93 94 95 96 97 98 -99 100 0
100-440/output_47.cnf: c total solving time: 1.4864964485168457 c number of splits: 803 s UNSATISFIABLE
100-440/output_48.cnf: c total solving time: 3.03668475151062 c number of splits: 1699 s UNSATISFIABLE
100-440/output_49.cnf: c total solving time: 1.6689679622650146 c number of splits: 901 s UNSATISFIABLE
100-440/output_5.cnf: c total solving time: 2.6874399185180664 c number of splits: 1525 s UNSATISFIABLE
100-440/output_50.cnf: c total solving time: 2.1484062671661377 c number of splits: 1275 s UNSATISFIABLE
100-440/output_51.cnf: c total solving time: 3.9554200172424316 c number of splits: 2347 s UNSATISFIABLE
100-440/output_52.cnf: c total solving time: 2.84090256690979 c number of splits: 1669 s UNSATISFIABLE
100-440/output_53.cnf: c total solving time: 2.203678607940674 c number of splits: 1261 s UNSATISFIABLE
100-440/output_54.cnf: c total solving time: 0.677056074142456 c number of splits: 398 s SATISFIABLE v -1 -2 -3 4 -5 6 -7 8 9 10 -11 -12 13 -14 15 16 17 18 -19 20 -21 22 -23 24 -25 26 27 -28 -29 -30 31 32 -33 34 35 36 37 -38 39 -40 -41 42 -43 -44 -45 46 47 -48 49 50 51 52 -53 -54 -55 -56 -57 58 59 -60 61 -62 -63 -64 65 -66 -67 68 69 -70 -71 -72 -73 74 -75 76 77 -78 79 -80 -81 -82 83 -84 85 86 -87 -88 89 90 91 92 -93 94 -95 -96 -97 -98 99 100 0
100-440/output_55.cnf: c total solving time: 2.4861390590667725 c number of splits: 1421 s UNSATISFIABLE
100-440/output_56.cnf: c total solving time: 0.814936637878418 c number of splits: 486 s SATISFIABLE v 1 -2 -3 -4 -5 -6 7 -8 9 10 11 12 -13 -14 15 -16 17 18 -19 -20 21 -22 23 24 25 26 -27 -28 -29 30 31 -32 33 34 -35 -36 37 38 -39 -40 -41 42 -43 44 -45 46 47 48 49 50 51 52 -53 -54 55 56 57 58 -59 60 -61 62 -63 64 -65 -66 67 -68 69 70 -71 72 73 -74 -75 -76 -77 78 -79 -80 -81 82 -83 -84 -85 86 -87 88 89 -90 91 92 93 -94 95 -96 -97 -98 -99 100 0
100-440/output_57.cnf: c total solving time: 1.2636494636535645 c number of splits: 786 s SATISFIABLE v -1 -2 3 4 -5 -6 7 -8 -9 -10 11 -12 13 -14 15 -16 -17 18 -19 -20 -21 22 -23 -24 -25 -26 27 28 29 -30 -31 32 -33 34 35 -36 37 38 -39 -40 41 42 43 44 45 -46 -47 48 -49 50 -51 52 53 -54 55 56 57 58 59 -60 -61 62 63 64 65 66 67 68 -69 -70 71 72 -73 -74 75 76 -77 78 -79 80 81 -82 83 84 85 -86 87 -88 89 -90 -91 92 93 94 95 -96 -97 98 -99 100 0
100-440/output_58.cnf: c total solving time: 2.5666754245758057 c number of splits: 1437 s UNSATISFIABLE
100-440/output_59.cnf: c total solving time: 1.9061388969421387 c number of splits: 1041 s UNSATISFIABLE
100-440/output_6.cnf: c total solving time: 1.9707834720611572 c number of splits: 1121 s UNSATISFIABLE
100-440/output_60.cnf: c total solving time: 2.0984179973602295 c number of splits: 1125 s UNSATISFIABLE
100-440/output_61.cnf: c total solving time: 0.7835454940795898 c number of splits: 419 s SATISFIABLE v 1 -2 -3 4 5 6 7 8 9 -10 11 12 13 -14 -15 -16 -17 -18 19 -20 -21 -22 -23 -24 25 -26 -27 28 -29 -30 31 32 33 -34 35 -36 -37 38 39 40 -41 -42 43 -44 45 -46 -47 48 49 -50 -51 52 -53 54 -55 56 57 58 -59 60 61 62 63 -64 -65 66 -67 -68 -69 -70 71 -72 73 74 75 76 77 78 79 -80 -81 -82 83 84 85 -86 87 -88 -89 -90 91 92 93 -94 95 96 97 98 99 100 0
100-440/output_62.cnf: c total solving time: 3.081608295440674 c number of splits: 1841 s UNSATISFIABLE
100-440/output_63.cnf: c total solving time: 0.0333867073059082 c number of splits: 24 s SATISFIABLE v 1 2 3 4 -5 6 7 -8 9 -10 11 -12 -13 14 -15 -16 -17 18 19 -20 -21 22 -23 -24 -25 26 -27 -28 -29 -30 31 -32 -33 -34 -35 36 -37 38 39 40 -41 42 43 44 45 -46 -47 48 49 -50 -51 -52 -53 -54 55 56 -57 58 -59 -60 61 62 -63 64 65 66 -67 -68 69 -70 -71 -72 73 74 -75 -76 -77 78 -79 -80 81 -82 83 -84 85 86 87 88 -89 90 91 -92 -93 94 -95 -96 97 98 99 100 0
100-440/output_64.cnf: c total solving time: 3.815023422241211 c number of splits: 2187 s UNSATISFIABLE
100-440/output_65.cnf: c total solving time: 1.3731837272644043 c number of splits: 740 s SATISFIABLE v 1 -2 3 -4 -5 -6 -7 -8 -9 -10 -11 -12 -13 -14 15 16 -17 18 -19 20 -21 -22 23 -24 25 26 27 28 29 30 31 32 33 34 -35 -36 37 -38 39 40 41 42 -43 44 45 -46 -47 -48 49 50 -51 -52 -53 54 -55 56 57 -58 -59 -60 -61 -62 63 64 65 -66 67 -68 69 70 -71 -72 -73 -74 -75 -76 77 -78 -79 80 -81 82 83 84 85 -86 87 88 -89 90 -91 -92 -93 -94 -95 96 97 98 99 100 0
100-440/output_66.cnf: c total solving time: 3.3545470237731934 c number of splits: 2059 s UNSATISFIABLE
100-440/output_67.cnf: c total solving time: 1.5000061988830566 c number of splits: 893 s SATISFIABLE v -1 -2 -3 4 -5 -6 -7 8 -9 -10 -11 12 13 14 -15 -16 17 18 19 -20 21 -22 -23 -24 25 -26 27 -28 29 -30 31 -32 -33 -34 -35 36 37 -38 -39 40 41 42 43 44 -45 -46 47 -48 -49 -50 -51 -52 -53 54 55 56 57 -58 59 60 -61 62 63 -64 65 66 -67 -68 -69 -70 71 -72 73 74 75 76 -77 78 79 80 -81 -82 83 84 85 -86 -87 -88 -89 90 -91 -92 93 94 -95 -96 -97 98 -99 -100 0
100-440/output_68.cnf: c total solving time: 1.199230670928955 c number of splits: 707 s SATISFIABLE v 1 2 -3 4 5 -6 -7 8 9 10 -11 -12 -13 -14 -15 16 17 -18 19 -20 -21 22 23 24 -25 -26 -27 -28 -29 -30 -31 -32 33 34 35 36 -37 38 -39 40 41 -42 43 44 45 46 47 48 49 -50 -51 -52 53 54 -55 -56 57 58 59 60 -61 -62 63 -64 -65 66 67 -68 -69 -70 71 72 -73 74 75 76 -77 -78 -79 80 81 -82 83 84 85 86 87 -88 -89 90 91 -92 93 94 95 -96 97 98 99 -100 0
100-440/output_69.cnf: c total solving time: 2.487920045852661 c number of splits: 1483 s UNSATISFIABLE
100-440/output_7.cnf: c total solving time: 2.928009510040283 c number of splits: 1841 s UNSATISFIABLE
100-440/output_70.cnf: c total solving time: 3.369119644165039 c number of splits: 1959 s UNSATISFIABLE
100-440/output_71.cnf: c total solving time: 1.6692008972167969 c number of splits: 913 s UNSATISFIABLE
100-440/output_72.cnf: c total solving time: 0.6147329807281494 c number of splits: 353 s SATISFIABLE v -1 -2 3 4 5 6 7 8 9 -10 -11 -12 13 14 -15 16 17 -18 19 -20 -21 -22 23 -24 25 26 -27 28 29 30 31 32 -33 -34 35 36 37 -38 -39 40 41 42 -43 44 -45 -46 -47 -48 -49 50 -51 52 -53 54 55 56 57 -58 -59 -60 -61 62 63 64 -65 66 67 68 -69 70 -71 -72 73 74 -75 -76 77 78 -79 80 -81 82 -83 84 -85 86 87 -88 -89 90 -91 -92 -93 -94 95 -96 97 -98 99 -100 0
100-440/output_73.cnf: c total solving time: 0.23728251457214355 c number of splits: 132 s SATISFIABLE v -1 -2 -3 4 -5 -6 7 8 9 10 11 12 -13 -14 15 16 17 -18 19 20 -21 22 23 -24 25 -26 27 -28 29 30 -31 32 -33 -34 35 36 -37 38 -39 40 41 42 43 44 45 46 -47 48 49 -50 51 -52 53 54 55 -56 -57 58 -59 -60 -61 -62 -63 -64 65 66 67 -68 69 -70 -71 72 73 74 75 -76 77 78 79 -80 81 -82 83 84 85 -86 -87 -88 -89 -90 -91 -92 93 -94 -95 96 97 -98 99 -100 0
100-440/output_74.cnf: c total solving time: 0.04472517967224121 c number of splits: 31 s SATISFIABLE v 1 -2 -3 4 5 -6 -7 8 9 -10 11 -12 13 14 15 -16 17 18 -19 -20 -21 22 -23 24 25 -26 27 -28 29 -30 31 -32 -33 -34 -35 -36 37 38 39 -40 -41 42 -43 44 45 -46 -47 -48 49 -50 -51 -52 -53 54 -55 56 -57 58 59 60 -61 62 -63 64 -65 66 67 68 -69 -70 71 72 73 -74 -75 -76 77 -78 79 80 -81 -82 83 84 -85 86 -87 88 89 90 -91 92 93 -94 95 -96 -97 -98 -99 100 0
100-440/output_75.cnf: c total solving time: 1.8982717990875244 c number of splits: 1011 s UNSATISFIABLE
100-440/output_76.cnf: c total solving time: 2.999236822128296 c number of splits: 1733 s UNSATISFIABLE
100-440/output_77.cnf: c total solving time: 1.40230131149292 c number of splits: 873 s SATISFIABLE v 1 -2 -3 -4 5 6 -7 -8 -9 10 11 -12 -13 14 -15 16 17 18 19 -20 21 -22 23 -24 -25 26 27 28 -29 30 31 32 -33 -34 35 -36 37 38 39 -40 -41 -42 -43 44 45 46 -47 -48 49 -50 -51 52 53 54 55 56 57 -58 59 60 61 62 63 -64 -65 66 67 -68 69 70 71 -72 -73 -74 75 -76 -77 78 -79 80 -81 -82 -83 84 85 -86 87 88 89 90 -91 -92 93 94 95 96 97 98 -99 -100 0
100-440/output_78.cnf: c total solving time: 1.59847092628479 c number of splits: 877 s UNSATISFIABLE
100-440/output_79.cnf: c total solving time: 2.5033812522888184 c number of splits: 1429 s UNSATISFIABLE
100-440/output_8.cnf: c total solving time: 4.351482629776001 c number of splits: 2541 s UNSATISFIABLE
100-440/output_80.cnf: c total solving time: 1.1008210182189941 c number of splits: 641 s SATISFIABLE v -1 -2 -3 -4 -5 6 -7 -8 -9 10 11 12 -13 -14 15 16 17 18 19 -20 21 -22 23 -24 25 26 -27 28 -29 30 31 -32 -33 -34 35 36 -37 -38 -39 -40 41 42 -43 -44 45 46 -47 48 49 50 51 -52 -53 54 -55 -56 57 -58 59 60 61 62 63 -64 -65 -66 -67 68 -69 70 -71 72 -73 74 75 -76 77 -78 79 -80 -81 82 -83 -84 85 86 -87 -88 -89 -90 -91 -92 93 -94 95 96 97 98 99 100 0
100-440/output_81.cnf: c total solving time: 2.0239851474761963 c number of splits: 1121 s UNSATISFIABLE
100-440/output_82.cnf: c total solving time: 2.5489323139190674 c number of splits: 1421 s UNSATISFIABLE
100-440/output_83.cnf: c total solving time: 0.9176454544067383 c number of splits: 537 s SATISFIABLE v -1 2 -3 4 5 -6 7 -8 -9 -10 -11 12 -13 -14 15 16 17 18 19 -20 21 22 -23 24 25 -26 -27 -28 29 30 -31 32 33 -34 -35 -36 37 38 39 40 -41 -42 43 -44 -45 -46 47 -48 49 -50 51 -52 53 -54 55 56 57 58 59 60 -61 62 63 64 65 -66 -67 -68 69 -70 71 72 -73 74 75 -76 77 78 -79 -80 81 -82 83 -84 -85 86 87 -88 89 -90 -91 -92 -93 -94 95 -96 -97 -98 -99 100 0
100-440/output_84.cnf: c total solving time: 1.4539275169372559 c number of splits: 777 s UNSATISFIABLE
100-440/output_85.cnf: c total solving time: 3.2268409729003906 c number of splits: 1805 s UNSATISFIABLE
100-440/output_86.cnf: c total solving time: 2.5262396335601807 c number of splits: 1401 s UNSATISFIABLE
100-440/output_87.cnf: c total solving time: 1.8250033855438232 c number of splits: 977 s UNSATISFIABLE
100-440/output_88.cnf: c total solving time: 4.236905336380005 c number of splits: 2451 s UNSATISFIABLE
100-440/output_89.cnf: c total solving time: 1.3419060707092285 c number of splits: 840 s SATISFIABLE v 1 -2 -3 -4 5 -6 7 -8 9 -10 11 12 13 -14 -15 16 17 18 19 20 -21 22 -23 24 -25 26 27 28 29 -30 -31 -32 -33 34 -35 -36 37 -38 -39 40 -41 -42 -43 -44 45 -46 47 -48 -49 -50 -51 -52 -53 -54 -55 -56 -57 58 -59 -60 61 62 -63 -64 65 -66 -67 68 -69 70 71 72 73 -74 -75 76 77 -78 -79 -80 -81 -82 83 84 -85 -86 -87 88 -89 -90 -91 -92 -93 -94 -95 -96 97 -98 -99 -100 0
100-440/output_9.cnf: c total solving time: 1.9076554775238037 c number of splits: 1129 s UNSATISFIABLE
100-440/output_90.cnf: c total solving time: 2.0326623916625977 c number of splits: 1071 s UNSATISFIABLE
100-440/output_91.cnf: c total solving time: 4.314885139465332 c number of splits: 2501 s UNSATISFIABLE
100-440/output_92.cnf: c total solving time: 2.2475430965423584 c number of splits: 1384 s SATISFIABLE v -1 2 -3 -4 -5 -6 -7 8 9 -10 11 -12 13 -14 15 16 17 18 19 -20 -21 22 23 -24 25 -26 27 28 29 30 31 -32 33 -34 35 -36 37 38 -39 40 -41 -42 43 44 45 46 -47 -48 49 50 -51 52 53 -54 -55 56 -57 58 59 60 -61 62 63 -64 65 66 -67 -68 -69 -70 71 -72 73 74 75 -76 77 78 -79 -80 -81 -82 83 -84 85 -86 87 -88 89 -90 91 92 -93 -94 95 -96 97 98 99 100 0
100-440/output_93.cnf: c total solving time: 1.3588969707489014 c number of splits: 830 s SATISFIABLE v 1 -2 -3 -4 -5 -6 -7 8 -9 10 -11 12 13 14 15 -16 -17 18 -19 20 21 -22 23 24 25 26 -27 28 29 -30 31 -32 -33 -34 35 -36 -37 38 -39 -40 41 -42 43 -44 -45 46 -47 -48 -49 50 51 52 -53 54 55 56 57 -58 59 60 -61 -62 -63 -64 65 -66 -67 68 69 -70 -71 -72 -73 -74 -75 76 77 78 -79 -80 81 -82 -83 -84 -85 86 -87 -88 89 90 91 -92 -93 -94 95 96 97 98 -99 100 0
100-440/output_94.cnf: c total solving time: 2.2388296127319336 c number of splits: 1239 s UNSATISFIABLE
100-440/output_95.cnf: c total solving time: 2.13082218170166 c number of splits: 1147 s UNSATISFIABLE
100-440/output_96.cnf: c total solving time: 0.13884782791137695 c number of splits: 103 s SATISFIABLE v 1 2 -3 -4 -5 6 -7 8 -9 -10 11 -12 13 -14 15 16 -17 -18 -19 -20 -21 22 -23 24 25 26 -27 28 29 -30 31 -32 -33 -34 -35 -36 -37 -38 39 -40 -41 -42 -43 44 45 -46 47 -48 49 -50 -51 -52 53 -54 -55 56 57 -58 -59 60 -61 62 -63 -64 65 -66 -67 -68 69 70 -71 72 -73 -74 -75 -76 77 78 -79 80 81 82 83 84 85 86 87 88 89 -90 -91 92 -93 -94 95 -96 97 98 99 100 0
100-440/output_97.cnf: c total solving time: 2.9934756755828857 c number of splits: 1609 s UNSATISFIABLE
100-440/output_98.cnf: c total solving time: 2.75148868560791 c number of splits: 1525 s UNSATISFIABLE
100-440/output_99.cnf: c total solving time: 0.7769792079925537 c number of splits: 441 s SATISFIABLE v 1 -2 -3 4 -5 6 7 -8 9 10 11 -12 13 14 15 -16 17 -18 -19 20 21 22 -23 -24 25 -26 27 28 -29 30 31 32 33 34 -35 -36 -37 -38 -39 40 41 42 43 -44 45 -46 47 -48 -49 50 -51 52 53 -54 55 56 57 58 -59 60 -61 -62 -63 64 65 -66 -67 68 69 -70 -71 72 73 74 75 76 -77 78 79 -80 -81 -82 83 -84 -85 -86 -87 88 89 90 91 -92 93 94 -95 96 97 98 -99 100 0
Total solving time: 220.69081950187683103
Median solving time: 2.19
Total number of splits: 126430
Median number of splits: 1230.00
Number of satisfiable: 27
