100-480/output_0.cnf: c total solving time: 1.168243408203125 c number of splits: 511 s UNSATISFIABLE
100-480/output_1.cnf: c total solving time: 1.9978315830230713 c number of splits: 985 s UNSATISFIABLE
100-480/output_10.cnf: c total solving time: 2.3978192806243896 c number of splits: 1185 s UNSATISFIABLE
100-480/output_11.cnf: c total solving time: 0.8072755336761475 c number of splits: 369 s UNSATISFIABLE
100-480/output_12.cnf: c total solving time: 1.5357720851898193 c number of splits: 733 s UNSATISFIABLE
100-480/output_13.cnf: c total solving time: 2.53000545501709 c number of splits: 1211 s UNSATISFIABLE
100-480/output_14.cnf: c total solving time: 0.8384263515472412 c number of splits: 405 s UNSATISFIABLE
100-480/output_15.cnf: c total solving time: 1.1353867053985596 c number of splits: 525 s UNSATISFIABLE
100-480/output_16.cnf: c total solving time: 2.4126548767089844 c number of splits: 1211 s UNSATISFIABLE
100-480/output_17.cnf: c total solving time: 1.7990758419036865 c number of splits: 873 s UNSATISFIABLE
100-480/output_18.cnf: c total solving time: 3.0690343379974365 c number of splits: 1587 s UNSATISFIABLE
100-480/output_19.cnf: c total solving time: 1.5633015632629395 c number of splits: 783 s UNSATISFIABLE
100-480/output_2.cnf: c total solving time: 1.1093196868896484 c number of splits: 517 s UNSATISFIABLE
100-480/output_20.cnf: c total solving time: 1.9539821147918701 c number of splits: 959 s UNSATISFIABLE
100-480/output_21.cnf: c total solving time: 1.4449176788330078 c number of splits: 751 s UNSATISFIABLE
100-480/output_22.cnf: c total solving time: 2.2042744159698486 c number of splits: 1049 s UNSATISFIABLE
100-480/output_23.cnf: c total solving time: 0.8612244129180908 c number of splits: 432 s SATISFIABLE v -1 -2 3 -4 5 6 7 8 -9 -10 -11 -12 -13 14 -15 16 17 18 -19 20 -21 -22 -23 -24 -25 -26 -27 28 -29 30 31 32 -33 34 35 -36 37 -38 -39 40 -41 -42 43 44 45 46 -47 -48 49 50 -51 -52 -53 54 -55 -56 -57 -58 59 -60 -61 -62 -63 64 65 -66 67 -68 -69 70 71 72 -73 74 75 76 77 78 79 80 -81 -82 -83 -84 85 -86 -87 88 -89 90 -91 92 93 94 -95 96 -97 98 -99 100 0
100-480/output_24.cnf: c total solving time: 0.9828526973724365 c number of splits: 431 s UNSATISFIABLE
100-480/output_25.cnf: c total solving time: 1.3377068042755127 c number of splits: 627 s UNSATISFIABLE
100-480/output_26.cnf: c total solving time: 1.1014630794525146 c number of splits: 517 s UNSATISFIABLE
100-480/output_27.cnf: c total solving time: 2.2494351863861084 c number of splits: 1093 s UNSATISFIABLE
100-480/output_28.cnf: c total solving time: 1.6929857730865479 c number of splits: 849 s UNSATISFIABLE
100-480/output_29.cnf: c total solving time: 2.598015785217285 c number of splits: 1213 s UNSATISFIABLE
100-480/output_3.cnf: c total solving time: 1.6970820426940918 c number of splits: 765 s UNSATISFIABLE
100-480/output_30.cnf: c total solving time: 1.2635164260864258 c number of splits: 525 s UNSATISFIABLE
100-480/output_31.cnf: c total solving time: 1.7226624488830566 c number of splits: 873 s UNSATISFIABLE
100-480/output_32.cnf: c total solving time: 2.191791534423828 c number of splits: 1059 s UNSATISFIABLE
100-480/output_33.cnf: c total solving time: 1.3373072147369385 c number of splits: 615 s UNSATISFIABLE
100-480/output_34.cnf: c total solving time: 1.2774975299835205 c number of splits: 621 s UNSATISFIABLE
100-480/output_35.cnf: c total solving time: 3.0110490322113037 c number of splits: 1545 s UNSATISFIABLE
100-480/output_36.cnf: c total solving time: 2.2232916355133057 c number of splits: 1077 s UNSATISFIABLE
100-480/output_37.cnf: c total solving time: 2.314236879348755 c number of splits: 1123 s UNSATISFIABLE
100-480/output_38.cnf: c total solving time: 1.4470295906066895 c number of splits: 619 s UNSATISFIABLE
100-480/output_39.cnf: c total solving time: 1.660140037536621 c number of splits: 723 s UNSATISFIABLE
100-480/output_4.cnf: c total solving time: 1.6807403564453125 c number of splits: 791 s UNSATISFIABLE
100-480/output_40.cnf: c total solving time: 2.0114002227783203 c number of splits: 957 s UNSATISFIABLE
100-480/output_41.cnf: c total solving time: 1.568967342376709 c number of splits: 709 s UNSATISFIABLE
100-480/output_42.cnf: c total solving time: 3.817500114440918 c number of splits: 2101 s UNSATISFIABLE
100-480/output_43.cnf: c total solving time: 1.0151994228363037 c number of splits: 467 s UNSATISFIABLE
100-480/output_44.cnf: c total solving time: 1.761401653289795 c number of splits: 839 s UNSATISFIABLE
100-480/output_45.cnf: c total solving time: 1.4730470180511475 c number of splits: 703 s UNSATISFIABLE
100-480/output_46.cnf: c total solving time: 1.0998609066009521 c number of splits: 529 s UNSATISFIABLE
100-480/output_47.cnf: c total solving time: 1.890166997909546 c number of splits: 951 s UNSATISFIABLE
100-480/output_48.cnf: c total solving time: 1.5689592361450195 c number of splits: 765 s UNSATISFIABLE
100-480/output_49.cnf: c total solving time: 1.4213664531707764 c number of splits: 669 s UNSATISFIABLE
100-480/output_5.cnf: c total solving time: 1.1405775547027588 c number of splits: 517 s UNSATISFIABLE
100-480/output_50.cnf: c total solving time: 2.0409793853759766 c number of splits: 943 s UNSATISFIABLE
100-480/output_51.cnf: c total solving time: 1.7492554187774658 c number of splits: 879 s UNSATISFIABLE
100-480/output_52.cnf: c total solving time: 1.703817367553711 c number of splits: 799 s UNSATISFIABLE
100-480/output_53.cnf: c total solving time: 1.9934196472167969 c number of splits: 1011 s UNSATISFIABLE
100-480/output_54.cnf: c total solving time: 1.0007834434509277 c number of splits: 449 s UNSATISFIABLE
100-480/output_55.cnf: c total solving time: 1.3230338096618652 c number of splits: 601 s UNSATISFIABLE
100-480/output_56.cnf: c total solving time: 1.0716423988342285 c number of splits: 507 s UNSATISFIABLE
100-480/output_57.cnf: c total solving time: 1.424720287322998 c number of splits: 707 s UNSATISFIABLE
100-480/output_58.cnf: c total solving time: 2.0205562114715576 c number of splits: 971 s UNSATISFIABLE
100-480/output_59.cnf: c total solving time: 1.5092535018920898 c number of splits: 689 s UNSATISFIABLE
100-480/output_6.cnf: c total solving time: 1.8640592098236084 c number of splits: 855 s UNSATISFIABLE
100-480/output_60.cnf: c total solving time: 0.6774592399597168 c number of splits: 281 s UNSATISFIABLE
100-480/output_61.cnf: c total solving time: 2.648451328277588 c number of splits: 1271 s UNSATISFIABLE
100-480/output_62.cnf: c total solving time: 2.584904670715332 c number of splits: 1255 s UNSATISFIABLE
100-480/output_63.cnf: c total solving time: 0.9580812454223633 c number of splits: 447 s UNSATISFIABLE
100-480/output_64.cnf: c total solving time: 1.5719883441925049 c number of splits: 743 s UNSATISFIABLE
100-480/output_65.cnf: c total solving time: 1.7026875019073486 c number of splits: 815 s UNSATISFIABLE
100-480/output_66.cnf: c total solving time: 0.37958788871765137 c number of splits: 186 s SATISFIABLE v -1 2 3 4 5 6 7 -8 9 -10 -11 -12 13 14 -15 16 -17 -18 19 -20 -21 -22 23 -24 -25 26 -27 28 29 30 31 32 -33 -34 35 36 37 38 -39 40 41 42 -43 44 -45 -46 -47 -48 -49 50 -51 52 -53 54 55 56 57 -58 -59 -60 -61 62 63 64 -65 66 67 68 -69 70 -71 -72 73 74 75 -76 77 -78 79 80 -81 82 -83 84 -85 86 87 -88 -89 90 -91 -92 -93 -94 95 -96 97 -98 99 -100 0
100-480/output_67.cnf: c total solving time: 1.912625789642334 c number of splits: 941 s UNSATISFIABLE
100-480/output_68.cnf: c total solving time: 1.2273054122924805 c number of splits: 587 s UNSATISFIABLE
100-480/output_69.cnf: c total solving time: 2.4407715797424316 c number of splits: 1211 s UNSATISFIABLE
100-480/output_7.cnf: c total solving time: 1.714141607284546 c number of splits: 799 s UNSATISFIABLE
100-480/output_70.cnf: c total solving time: 1.5799012184143066 c number of splits: 761 s UNSATISFIABLE
100-480/output_71.cnf: c total solving time: 1.5543808937072754 c number of splits: 771 s UNSATISFIABLE
100-480/output_72.cnf: c total solving time: 1.7302565574645996 c number of splits: 823 s UNSATISFIABLE
100-480/output_73.cnf: c total solving time: 2.637972831726074 c number of splits: 1177 s UNSATISFIABLE
100-480/output_74.cnf: c total solving time: 2.1202218532562256 c number of splits: 1027 s UNSATISFIABLE
100-480/output_75.cnf: c total solving time: 3.762948989868164 c number of splits: 1989 s UNSATISFIABLE
100-480/output_76.cnf: c total solving time: 1.5327770709991455 c number of splits: 697 s UNSATISFIABLE
100-480/output_77.cnf: c total solving time: 1.4946308135986328 c number of splits: 743 s UNSATISFIABLE
100-480/output_78.cnf: c total solving time: 2.8139145374298096 c number of splits: 1455 s UNSATISFIABLE
100-480/output_79.cnf: c total solving time: 1.9306061267852783 c number of splits: 907 s UNSATISFIABLE
100-480/output_8.cnf: c total solving time: 2.095803737640381 c number of splits: 979 s UNSATISFIABLE
100-480/output_80.cnf: c total solving time: 1.6042084693908691 c number of splits: 777 s UNSATISFIABLE
100-480/output_81.cnf: c total solving time: 1.8773524761199951 c number of splits: 977 s UNSATISFIABLE
100-480/output_82.cnf: c total solving time: 2.0011134147644043 c number of splits: 935 s UNSATISFIABLE
100-480/output_83.cnf: c total solving time: 2.078589677810669 c number of splits: 985 s UNSATISFIABLE
100-480/output_84.cnf: c total solving time: 3.5154407024383545 c number of splits: 1925 s UNSATISFIABLE
100-480/output_85.cnf: c total solving time: 1.6499953269958496 c number of splits: 833 s UNSATISFIABLE
100-480/output_86.cnf: c total solving time: 0.7292590141296387 c number of splits: 309 s UNSATISFIABLE
100-480/output_87.cnf: c total solving time: 2.089024782180786 c number of splits: 1019 s UNSATISFIABLE
100-480/output_88.cnf: c total solving time: 2.626359462738037 c number of splits: 1419 s UNSATISFIABLE
100-480/output_89.cnf: c total solving time: 1.387007474899292 c number of splits: 665 s UNSATISFIABLE
100-480/output_9.cnf: c total solving time: 0.4034993648529053 c number of splits: 197 s SATISFIABLE v 1 -2 3 4 5 6 -7 8 -9 -10 11 12 -13 14 15 -16 17 -18 19 -20 -21 22 23 -24 25 26 -27 28 -29 30 -31 32 -33 -34 35 36 -37 38 39 -40 41 42 43 44 -45 -46 47 -48 -49 50 -51 -52 53 54 -55 56 57 -58 59 60 -61 62 63 64 65 -66 -67 -68 -69 70 -71 -72 73 -74 -75 76 77 78 -79 -80 81 -82 -83 84 85 -86 -87 -88 89 90 -91 92 -93 94 -95 96 97 98 99 -100 0
100-480/output_90.cnf: c total solving time: 1.9186503887176514 c number of splits: 909 s UNSATISFIABLE
100-480/output_91.cnf: c total solving time: 3.052971124649048 c number of splits: 1573 s UNSATISFIABLE
100-480/output_92.cnf: c total solving time: 2.59085750579834 c number of splits: 1279 s UNSATISFIABLE
100-480/output_93.cnf: c total solving time: 1.4728002548217773 c number of splits: 691 s UNSATISFIABLE
100-480/output_94.cnf: c total solving time: 1.625854253768921 c number of splits: 775 s UNSATISFIABLE
100-480/output_95.cnf: c total solving time: 1.2475605010986328 c number of splits: 621 s UNSATISFIABLE
100-480/output_96.cnf: c total solving time: 1.6624295711517334 c number of splits: 781 s UNSATISFIABLE
100-480/output_97.cnf: c total solving time: 1.5151469707489014 c number of splits: 741 s UNSATISFIABLE
100-480/output_98.cnf: c total solving time: 1.9609029293060303 c number of splits: 925 s UNSATISFIABLE
100-480/output_99.cnf: c total solving time: 1.4820919036865234 c number of splits: 709 s UNSATISFIABLE
Total solving time: 176.64985179901123067
Median solving time: 1.68
Total number of splits: 85680
Median number of splits: 787.00
Number of satisfiable: 3
