100-580/output_0.cnf: c total solving time: 0.6052272319793701 c number of splits: 221 s UNSATISFIABLE
100-580/output_1.cnf: c total solving time: 0.6835019588470459 c number of splits: 241 s UNSATISFIABLE
100-580/output_10.cnf: c total solving time: 0.8583290576934814 c number of splits: 307 s UNSATISFIABLE
100-580/output_11.cnf: c total solving time: 0.8830609321594238 c number of splits: 317 s UNSATISFIABLE
100-580/output_12.cnf: c total solving time: 0.6304640769958496 c number of splits: 231 s UNSATISFIABLE
100-580/output_13.cnf: c total solving time: 0.8952491283416748 c number of splits: 323 s UNSATISFIABLE
100-580/output_14.cnf: c total solving time: 0.6805760860443115 c number of splits: 231 s UNSATISFIABLE
100-580/output_15.cnf: c total solving time: 0.8249313831329346 c number of splits: 321 s UNSATISFIABLE
100-580/output_16.cnf: c total solving time: 1.1259896755218506 c number of splits: 417 s UNSATISFIABLE
100-580/output_17.cnf: c total solving time: 0.6044921875 c number of splits: 231 s UNSATISFIABLE
100-580/output_18.cnf: c total solving time: 0.6856434345245361 c number of splits: 243 s UNSATISFIABLE
100-580/output_19.cnf: c total solving time: 1.0282049179077148 c number of splits: 391 s UNSATISFIABLE
100-580/output_2.cnf: c total solving time: 0.7606310844421387 c number of splits: 277 s UNSATISFIABLE
100-580/output_20.cnf: c total solving time: 0.6722755432128906 c number of splits: 237 s UNSATISFIABLE
100-580/output_21.cnf: c total solving time: 0.8889226913452148 c number of splits: 319 s UNSATISFIABLE
100-580/output_22.cnf: c total solving time: 0.8621165752410889 c number of splits: 321 s UNSATISFIABLE
100-580/output_23.cnf: c total solving time: 0.7602596282958984 c number of splits: 283 s UNSATISFIABLE
100-580/output_24.cnf: c total solving time: 1.1744177341461182 c number of splits: 435 s UNSATISFIABLE
100-580/output_25.cnf: c total solving time: 0.6077971458435059 c number of splits: 219 s UNSATISFIABLE
100-580/output_26.cnf: c total solving time: 0.726921558380127 c number of splits: 265 s UNSATISFIABLE
100-580/output_27.cnf: c total solving time: 0.7512984275817871 c number of splits: 265 s UNSATISFIABLE
100-580/output_28.cnf: c total solving time: 0.7295618057250977 c number of splits: 259 s UNSATISFIABLE
100-580/output_29.cnf: c total solving time: 0.9491782188415527 c number of splits: 343 s UNSATISFIABLE
100-580/output_3.cnf: c total solving time: 1.169877529144287 c number of splits: 437 s UNSATISFIABLE
100-580/output_30.cnf: c total solving time: 0.6144869327545166 c number of splits: 221 s UNSATISFIABLE
100-580/output_31.cnf: c total solving time: 0.8816399574279785 c number of splits: 269 s UNSATISFIABLE
100-580/output_32.cnf: c total solving time: 0.6514248847961426 c number of splits: 185 s UNSATISFIABLE
100-580/output_33.cnf: c total solving time: 0.7328090667724609 c number of splits: 225 s UNSATISFIABLE
100-580/output_34.cnf: c total solving time: 0.7570028305053711 c number of splits: 221 s UNSATISFIABLE
100-580/output_35.cnf: c total solving time: 0.6239984035491943 c number of splits: 175 s UNSATISFIABLE
100-580/output_36.cnf: c total solving time: 0.9306089878082275 c number of splits: 297 s UNSATISFIABLE
100-580/output_37.cnf: c total solving time: 0.9955360889434814 c number of splits: 311 s UNSATISFIABLE
100-580/output_38.cnf: c total solving time: 0.7830231189727783 c number of splits: 239 s UNSATISFIABLE
100-580/output_39.cnf: c total solving time: 0.6563446521759033 c number of splits: 199 s UNSATISFIABLE
100-580/output_4.cnf: c total solving time: 1.125725507736206 c number of splits: 359 s UNSATISFIABLE
100-580/output_40.cnf: c total solving time: 1.0275542736053467 c number of splits: 345 s UNSATISFIABLE
100-580/output_41.cnf: c total solving time: 0.8969926834106445 c number of splits: 273 s UNSATISFIABLE
100-580/output_42.cnf: c total solving time: 0.9868264198303223 c number of splits: 307 s UNSATISFIABLE
100-580/output_43.cnf: c total solving time: 1.0772202014923096 c number of splits: 343 s UNSATISFIABLE
100-580/output_44.cnf: c total solving time: 0.9714548587799072 c number of splits: 311 s UNSATISFIABLE
100-580/output_45.cnf: c total solving time: 0.6933481693267822 c number of splits: 201 s UNSATISFIABLE
100-580/output_46.cnf: c total solving time: 0.7558395862579346 c number of splits: 225 s UNSATISFIABLE
100-580/output_47.cnf: c total solving time: 1.2492880821228027 c number of splits: 431 s UNSATISFIABLE
100-580/output_48.cnf: c total solving time: 1.267897129058838 c number of splits: 421 s UNSATISFIABLE
100-580/output_49.cnf: c total solving time: 0.7359638214111328 c number of splits: 221 s UNSATISFIABLE
100-580/output_5.cnf: c total solving time: 0.9260358810424805 c number of splits: 301 s UNSATISFIABLE
100-580/output_50.cnf: c total solving time: 0.7752108573913574 c number of splits: 241 s UNSATISFIABLE
100-580/output_51.cnf: c total solving time: 1.285510778427124 c number of splits: 429 s UNSATISFIABLE
100-580/output_52.cnf: c total solving time: 0.7148945331573486 c number of splits: 217 s UNSATISFIABLE
100-580/output_53.cnf: c total solving time: 0.7450096607208252 c number of splits: 217 s UNSATISFIABLE
100-580/output_54.cnf: c total solving time: 0.9065639972686768 c number of splits: 275 s UNSATISFIABLE
100-580/output_55.cnf: c total solving time: 1.0908522605895996 c number of splits: 359 s UNSATISFIABLE
100-580/output_56.cnf: c total solving time: 1.1622662544250488 c number of splits: 379 s UNSATISFIABLE
100-580/output_57.cnf: c total solving time: 1.3111610412597656 c number of splits: 445 s UNSATISFIABLE
100-580/output_58.cnf: c total solving time: 0.917238712310791 c number of splits: 285 s UNSATISFIABLE
100-580/output_59.cnf: c total solving time: 0.7642786502838135 c number of splits: 217 s UNSATISFIABLE
100-580/output_6.cnf: c total solving time: 0.7993936538696289 c number of splits: 239 s UNSATISFIABLE
100-580/output_60.cnf: c total solving time: 1.0675151348114014 c number of splits: 351 s UNSATISFIABLE
100-580/output_61.cnf: c total solving time: 0.6574270725250244 c number of splits: 231 s UNSATISFIABLE
100-580/output_62.cnf: c total solving time: 0.7047569751739502 c number of splits: 261 s UNSATISFIABLE
100-580/output_63.cnf: c total solving time: 0.8379719257354736 c number of splits: 265 s UNSATISFIABLE
100-580/output_64.cnf: c total solving time: 0.7795670032501221 c number of splits: 233 s UNSATISFIABLE
100-580/output_65.cnf: c total solving time: 1.156369686126709 c number of splits: 365 s UNSATISFIABLE
100-580/output_66.cnf: c total solving time: 0.6728334426879883 c number of splits: 185 s UNSATISFIABLE
100-580/output_67.cnf: c total solving time: 0.6298778057098389 c number of splits: 187 s UNSATISFIABLE
100-580/output_68.cnf: c total solving time: 0.9322371482849121 c number of splits: 279 s UNSATISFIABLE
100-580/output_69.cnf: c total solving time: 0.8729782104492188 c number of splits: 329 s UNSATISFIABLE
100-580/output_7.cnf: c total solving time: 0.7713160514831543 c number of splits: 239 s UNSATISFIABLE
100-580/output_70.cnf: c total solving time: 1.0942513942718506 c number of splits: 339 s UNSATISFIABLE
100-580/output_71.cnf: c total solving time: 0.7180547714233398 c number of splits: 201 s UNSATISFIABLE
100-580/output_72.cnf: c total solving time: 1.3577110767364502 c number of splits: 481 s UNSATISFIABLE
100-580/output_73.cnf: c total solving time: 0.7476963996887207 c number of splits: 217 s UNSATISFIABLE
100-580/output_74.cnf: c total solving time: 0.791480541229248 c number of splits: 241 s UNSATISFIABLE
100-580/output_75.cnf: c total solving time: 1.1682369709014893 c number of splits: 405 s UNSATISFIABLE
100-580/output_76.cnf: c total solving time: 1.018195629119873 c number of splits: 393 s UNSATISFIABLE
100-580/output_77.cnf: c total solving time: 0.787921667098999 c number of splits: 289 s UNSATISFIABLE
100-580/output_78.cnf: c total solving time: 0.8876597881317139 c number of splits: 273 s UNSATISFIABLE
100-580/output_79.cnf: c total solving time: 0.6410727500915527 c number of splits: 239 s UNSATISFIABLE
100-580/output_8.cnf: c total solving time: 1.3012926578521729 c number of splits: 439 s UNSATISFIABLE
100-580/output_80.cnf: c total solving time: 0.7482349872589111 c number of splits: 217 s UNSATISFIABLE
100-580/output_81.cnf: c total solving time: 0.8550927639007568 c number of splits: 259 s UNSATISFIABLE
100-580/output_82.cnf: c total solving time: 0.5041120052337646 c number of splits: 139 s UNSATISFIABLE
100-580/output_83.cnf: c total solving time: 1.0386452674865723 c number of splits: 331 s UNSATISFIABLE
100-580/output_84.cnf: c total solving time: 0.7632718086242676 c number of splits: 279 s UNSATISFIABLE
100-580/output_85.cnf: c total solving time: 0.6609997749328613 c number of splits: 201 s UNSATISFIABLE
100-580/output_86.cnf: c total solving time: 0.8443875312805176 c number of splits: 297 s UNSATISFIABLE
100-580/output_87.cnf: c total solving time: 1.0532615184783936 c number of splits: 323 s UNSATISFIABLE
100-580/output_88.cnf: c total solving time: 0.7214748859405518 c number of splits: 257 s UNSATISFIABLE
100-580/output_89.cnf: c total solving time: 0.8616025447845459 c number of splits: 301 s UNSATISFIABLE
100-580/output_9.cnf: c total solving time: 0.5684163570404053 c number of splits: 185 s UNSATISFIABLE
100-580/output_90.cnf: c total solving time: 0.8327791690826416 c number of splits: 247 s UNSATISFIABLE
100-580/output_91.cnf: c total solving time: 0.7550594806671143 c number of splits: 223 s UNSATISFIABLE
100-580/output_92.cnf: c total solving time: 1.0453648567199707 c number of splits: 351 s UNSATISFIABLE
100-580/output_93.cnf: c total solving time: 0.5011496543884277 c number of splits: 129 s UNSATISFIABLE
100-580/output_94.cnf: c total solving time: 0.7895653247833252 c number of splits: 229 s UNSATISFIABLE
100-580/output_95.cnf: c total solving time: 0.5702829360961914 c number of splits: 173 s UNSATISFIABLE
100-580/output_96.cnf: c total solving time: 1.2650582790374756 c number of splits: 437 s UNSATISFIABLE
100-580/output_97.cnf: c total solving time: 0.9991006851196289 c number of splits: 361 s UNSATISFIABLE
100-580/output_98.cnf: c total solving time: 0.8717472553253174 c number of splits: 299 s UNSATISFIABLE
100-580/output_99.cnf: c total solving time: 0.5594637393951416 c number of splits: 193 s UNSATISFIABLE
Total solving time: 85.7778248786926267
Median solving time: .81
Total number of splits: 28390
Median number of splits: 267.00
Number of satisfiable: 0
