150-660/output_0.cnf: c total solving time: 21.38053297996521 c number of splits: 6897 s SATISFIABLE v 1 -2 -3 4 5 6 -7 -8 -9 10 -11 12 13 14 -15 16 17 -18 -19 20 21 -22 -23 -24 -25 -26 -27 -28 -29 -30 -31 32 33 -34 35 -36 -37 -38 39 40 41 42 -43 44 45 46 47 -48 -49 50 -51 -52 53 54 55 56 57 -58 -59 60 -61 -62 63 -64 65 66 -67 -68 69 -70 -71 -72 73 74 75 -76 77 -78 -79 -80 -81 82 -83 84 85 -86 -87 88 89 90 91 92 93 -94 -95 -96 97 98 99 100 -101 -102 -103 -104 -105 106 -107 -108 109 -110 -111 -112 113 114 -115 -116 -117 -118 -119 -120 121 122 123 -124 125 126 -127 128 -129 -130 -131 -132 133 134 135 136 137 -138 -139 -140 -141 142 -143 -144 -145 146 147 -148 -149 150 0
150-660/output_1.cnf: c total solving time: 52.9778208732605 c number of splits: 17631 s UNSATISFIABLE
150-660/output_10.cnf: c total solving time: 31.16316318511963 c number of splits: 9509 s UNSATISFIABLE
150-660/output_11.cnf: c total solving time: 18.47214102745056 c number of splits: 6334 s SATISFIABLE v 1 -2 -3 -4 -5 6 7 8 -9 10 11 12 13 14 -15 16 -17 -18 19 20 -21 22 -23 -24 -25 -26 -27 -28 -29 -30 -31 -32 33 -34 35 -36 37 38 -39 -40 41 42 43 44 45 46 -47 -48 49 50 -51 52 53 54 55 56 57 58 59 60 -61 62 63 -64 -65 -66 67 68 -69 -70 -71 72 73 -74 75 76 77 78 -79 80 81 82 83 84 -85 -86 87 -88 -89 -90 -91 -92 -93 -94 95 -96 97 -98 -99 100 -101 102 103 104 -105 106 107 108 109 -110 111 -112 113 -114 -115 116 -117 -118 -119 120 -121 122 123 -124 125 126 -127 128 -129 130 -131 132 133 134 -135 136 -137 -138 139 140 141 -142 143 144 145 146 147 -148 -149 150 0
150-660/output_12.cnf: c total solving time: 25.87116241455078 c number of splits: 9015 s SATISFIABLE v 1 -2 3 4 -5 -6 -7 8 -9 -10 -11 12 13 -14 15 16 -17 18 19 20 21 -22 -23 -24 25 -26 -27 -28 -29 -30 31 -32 -33 34 35 36 37 -38 39 40 -41 -42 43 44 45 46 -47 -48 -49 -50 51 52 53 -54 55 56 57 -58 -59 -60 61 -62 -63 -64 65 -66 67 -68 69 70 71 -72 73 74 75 -76 -77 78 -79 -80 -81 82 -83 84 -85 86 -87 -88 89 90 -91 -92 -93 94 95 96 -97 98 -99 100 101 -102 -103 -104 105 -106 -107 108 109 -110 111 112 -113 -114 -115 -116 117 -118 119 -120 -121 -122 -123 -124 -125 126 -127 128 -129 -130 131 132 133 134 -135 -136 137 -138 -139 -140 141 142 -143 144 -145 -146 -147 -148 -149 150 0
150-660/output_13.cnf: c total solving time: 87.88999629020691 c number of splits: 29201 s UNSATISFIABLE
150-660/output_14.cnf: c total solving time: 34.757819175720215 c number of splits: 10809 s UNSATISFIABLE
150-660/output_15.cnf: c total solving time: 45.69741368293762 c number of splits: 14913 s UNSATISFIABLE
150-660/output_16.cnf: c total solving time: 27.66290307044983 c number of splits: 8287 s UNSATISFIABLE
150-660/output_17.cnf: c total solving time: 21.398514986038208 c number of splits: 6687 s UNSATISFIABLE
150-660/output_18.cnf: c total solving time: 65.59023070335388 c number of splits: 21439 s UNSATISFIABLE
150-660/output_19.cnf: c total solving time: 56.751009702682495 c number of splits: 19457 s UNSATISFIABLE
150-660/output_2.cnf: c total solving time: 27.381616353988647 c number of splits: 8553 s UNSATISFIABLE
150-660/output_20.cnf: c total solving time: 15.978266716003418 c number of splits: 5396 s SATISFIABLE v 1 2 3 -4 -5 6 7 -8 9 -10 11 12 -13 -14 15 -16 -17 -18 19 -20 21 -22 -23 24 -25 26 -27 28 -29 -30 31 -32 -33 34 35 36 37 38 39 40 -41 -42 43 44 45 46 -47 48 49 50 51 -52 53 54 -55 56 57 -58 59 60 61 62 63 -64 -65 -66 67 -68 -69 70 -71 -72 -73 -74 -75 -76 77 78 -79 -80 81 -82 -83 -84 -85 86 87 -88 89 90 91 92 -93 -94 95 -96 -97 -98 99 100 -101 102 -103 104 105 -106 107 -108 -109 110 111 -112 113 114 115 -116 117 -118 119 120 -121 122 123 -124 -125 126 -127 -128 129 -130 -131 -132 133 -134 135 -136 -137 138 139 140 141 -142 143 -144 -145 146 -147 -148 -149 -150 0
150-660/output_21.cnf: c total solving time: 33.54604482650757 c number of splits: 10157 s UNSATISFIABLE
150-660/output_22.cnf: c total solving time: 27.146512031555176 c number of splits: 8670 s SATISFIABLE v -1 2 3 -4 -5 6 7 -8 9 -10 11 12 13 -14 15 16 17 -18 -19 20 -21 22 -23 -24 25 26 27 -28 29 -30 -31 32 -33 -34 -35 36 -37 38 39 40 41 42 43 44 45 46 -47 48 49 -50 51 52 -53 -54 55 -56 -57 58 59 -60 -61 -62 63 64 -65 66 67 -68 -69 -70 71 -72 73 74 75 -76 -77 -78 79 80 81 82 83 -84 85 86 -87 -88 -89 -90 -91 -92 -93 -94 -95 96 97 -98 -99 100 101 102 -103 -104 105 106 -107 -108 109 110 -111 112 113 -114 -115 116 -117 118 119 -120 121 122 -123 124 -125 126 -127 128 129 130 -131 132 -133 -134 135 -136 137 -138 -139 140 -141 142 143 -144 145 -146 147 -148 -149 -150 0
150-660/output_23.cnf: c total solving time: 72.16160893440247 c number of splits: 23779 s UNSATISFIABLE
150-660/output_24.cnf: c total solving time: 31.33935046195984 c number of splits: 9683 s UNSATISFIABLE
150-660/output_25.cnf: c total solving time: 12.749011993408203 c number of splits: 3769 s UNSATISFIABLE
150-660/output_26.cnf: c total solving time: 28.468486309051514 c number of splits: 8713 s UNSATISFIABLE
150-660/output_27.cnf: c total solving time: 12.702868700027466 c number of splits: 4026 s SATISFIABLE v 1 -2 3 -4 -5 6 7 -8 9 -10 11 12 -13 -14 15 16 17 -18 -19 -20 -21 22 -23 -24 25 26 27 28 -29 30 31 32 33 34 35 36 -37 -38 39 -40 -41 -42 43 -44 -45 -46 47 48 -49 -50 -51 -52 53 -54 55 56 -57 -58 59 -60 61 62 63 -64 -65 66 67 -68 -69 70 -71 72 73 -74 -75 -76 -77 78 79 80 81 82 83 84 -85 -86 -87 88 89 90 -91 -92 -93 -94 95 96 -97 98 -99 100 101 -102 -103 104 -105 -106 107 108 -109 -110 111 112 -113 114 -115 -116 -117 118 -119 120 121 122 123 -124 -125 -126 -127 -128 129 -130 -131 -132 133 134 -135 136 -137 -138 139 140 141 -142 143 144 -145 -146 147 148 -149 150 0
150-660/output_28.cnf: c total solving time: 39.221364974975586 c number of splits: 12165 s UNSATISFIABLE
150-660/output_29.cnf: c total solving time: 29.852394819259644 c number of splits: 10217 s SATISFIABLE v -1 2 -3 4 5 6 7 8 9 10 11 12 -13 -14 15 16 -17 -18 -19 -20 21 -22 -23 -24 25 -26 27 28 29 30 31 -32 33 34 35 36 -37 38 -39 40 41 42 -43 44 -45 46 47 -48 49 -50 51 52 -53 54 -55 -56 57 -58 -59 60 61 62 -63 -64 -65 -66 -67 68 69 70 -71 -72 73 74 -75 -76 77 78 79 80 -81 82 -83 84 85 86 -87 -88 -89 90 -91 -92 -93 94 -95 96 97 -98 99 100 -101 -102 103 -104 -105 -106 -107 108 -109 -110 111 112 -113 114 -115 -116 -117 118 119 120 121 -122 -123 124 -125 -126 127 128 -129 130 -131 -132 133 -134 135 136 -137 138 -139 -140 -141 142 143 144 -145 146 147 148 -149 -150 0
150-660/output_3.cnf: c total solving time: 4.570091247558594 c number of splits: 1697 s SATISFIABLE v 1 -2 -3 4 -5 -6 7 -8 9 -10 -11 12 13 -14 -15 -16 17 -18 19 -20 -21 -22 -23 24 25 -26 -27 28 -29 -30 -31 32 33 34 -35 36 -37 38 -39 40 -41 42 -43 44 45 46 47 48 -49 50 51 -52 -53 54 -55 -56 -57 -58 59 60 61 62 -63 -64 65 66 -67 68 69 -70 -71 72 73 74 -75 76 -77 -78 79 80 -81 -82 -83 84 -85 86 -87 -88 89 -90 -91 -92 93 94 95 -96 97 -98 -99 -100 -101 -102 -103 104 105 106 107 -108 109 110 111 -112 -113 -114 -115 116 117 -118 -119 120 121 -122 123 124 125 126 127 -128 -129 130 -131 -132 133 134 -135 -136 137 138 139 -140 141 -142 143 144 145 146 -147 148 -149 -150 0
150-660/output_30.cnf: c total solving time: 14.959550857543945 c number of splits: 4571 s UNSATISFIABLE
150-660/output_31.cnf: c total solving time: 61.776817083358765 c number of splits: 19769 s UNSATISFIABLE
150-660/output_32.cnf: c total solving time: 22.79998207092285 c number of splits: 7162 s SATISFIABLE v -1 -2 3 -4 5 6 -7 -8 -9 -10 11 12 13 14 -15 16 -17 -18 -19 20 21 22 -23 24 -25 -26 27 28 -29 30 31 32 33 -34 35 36 -37 38 39 -40 41 42 -43 44 -45 46 47 -48 -49 50 -51 52 -53 54 55 -56 -57 -58 59 -60 61 62 -63 -64 65 66 67 -68 -69 -70 -71 -72 -73 -74 75 76 77 -78 79 -80 81 -82 83 84 -85 -86 -87 88 89 90 -91 -92 -93 94 95 -96 97 -98 -99 100 101 102 -103 104 -105 106 107 108 109 -110 111 112 -113 114 -115 116 117 118 119 -120 -121 122 -123 -124 125 -126 127 128 -129 130 -131 132 -133 -134 135 -136 137 138 -139 -140 141 142 -143 144 -145 146 147 -148 -149 -150 0
150-660/output_33.cnf: c total solving time: 54.48977255821228 c number of splits: 16747 s UNSATISFIABLE
150-660/output_34.cnf: c total solving time: 42.471378803253174 c number of splits: 13987 s UNSATISFIABLE
150-660/output_35.cnf: c total solving time: 11.234992504119873 c number of splits: 3746 s SATISFIABLE v 1 -2 -3 4 5 6 -7 8 9 -10 -11 12 13 14 -15 16 -17 18 19 20 -21 -22 23 -24 -25 26 -27 28 -29 -30 -31 -32 -33 -34 35 36 37 -38 39 40 -41 -42 43 -44 -45 46 -47 48 49 -50 51 -52 53 54 -55 -56 -57 58 -59 -60 -61 -62 63 64 -65 66 67 -68 69 -70 71 72 -73 -74 75 76 -77 -78 -79 -80 81 -82 -83 -84 -85 86 87 88 89 90 -91 92 -93 -94 95 -96 -97 98 99 100 101 102 103 -104 -105 106 -107 -108 109 110 111 -112 -113 -114 -115 116 117 -118 -119 -120 121 122 123 -124 125 -126 -127 128 -129 -130 131 -132 133 134 -135 -136 137 138 139 140 141 -142 -143 144 -145 146 -147 -148 -149 -150 0
150-660/output_36.cnf: c total solving time: 27.168317317962646 c number of splits: 8485 s UNSATISFIABLE
150-660/output_37.cnf: c total solving time: 37.222983598709106 c number of splits: 11849 s UNSATISFIABLE
150-660/output_38.cnf: c total solving time: 19.541110515594482 c number of splits: 6055 s UNSATISFIABLE
150-660/output_39.cnf: c total solving time: 37.41936659812927 c number of splits: 11945 s UNSATISFIABLE
150-660/output_4.cnf: c total solving time: 12.927144050598145 c number of splits: 3763 s UNSATISFIABLE
150-660/output_40.cnf: c total solving time: 20.888652086257935 c number of splits: 6251 s UNSATISFIABLE
150-660/output_41.cnf: c total solving time: 27.543296575546265 c number of splits: 8813 s UNSATISFIABLE
150-660/output_42.cnf: c total solving time: 14.380336046218872 c number of splits: 4994 s SATISFIABLE v 1 2 3 4 5 -6 -7 -8 -9 10 11 -12 -13 14 15 16 -17 18 -19 -20 21 -22 -23 24 25 -26 -27 -28 29 -30 31 32 33 -34 35 36 37 -38 39 -40 -41 -42 43 44 45 -46 47 48 49 50 51 -52 53 54 -55 -56 57 58 -59 -60 -61 62 63 64 -65 -66 -67 -68 -69 70 -71 -72 -73 74 75 -76 77 78 -79 80 81 82 83 84 85 -86 -87 88 89 -90 91 -92 -93 94 -95 -96 97 98 99 -100 -101 -102 103 104 105 -106 107 -108 -109 110 111 112 113 -114 -115 -116 117 118 119 120 121 122 -123 -124 125 -126 -127 128 129 -130 131 -132 133 -134 135 -136 -137 -138 -139 -140 -141 -142 143 -144 -145 146 147 -148 149 150 0
150-660/output_43.cnf: c total solving time: 35.347618103027344 c number of splits: 11143 s UNSATISFIABLE
150-660/output_44.cnf: c total solving time: 20.592529773712158 c number of splits: 6225 s UNSATISFIABLE
150-660/output_45.cnf: c total solving time: 16.522913932800293 c number of splits: 4969 s UNSATISFIABLE
150-660/output_46.cnf: c total solving time: 30.36074185371399 c number of splits: 9211 s UNSATISFIABLE
150-660/output_47.cnf: c total solving time: 28.889920711517334 c number of splits: 9153 s UNSATISFIABLE
150-660/output_48.cnf: c total solving time: 51.81934475898743 c number of splits: 16135 s UNSATISFIABLE
150-660/output_49.cnf: c total solving time: 63.691256523132324 c number of splits: 21549 s UNSATISFIABLE
150-660/output_5.cnf: c total solving time: 1.5191409587860107 c number of splits: 520 s SATISFIABLE v -1 -2 3 4 5 -6 7 8 9 10 -11 -12 -13 14 15 16 17 -18 19 -20 -21 -22 23 24 -25 -26 -27 28 29 -30 -31 32 33 34 35 -36 -37 -38 39 40 -41 -42 43 44 45 -46 -47 48 -49 50 51 -52 53 -54 55 -56 57 58 -59 60 -61 62 -63 -64 -65 -66 67 68 -69 70 71 72 -73 74 75 -76 77 -78 79 80 -81 82 -83 84 85 -86 87 -88 -89 90 91 92 -93 94 -95 -96 -97 -98 -99 100 -101 -102 103 -104 105 -106 -107 108 109 110 111 -112 -113 -114 115 116 -117 118 119 120 -121 -122 -123 124 125 -126 127 -128 129 130 131 -132 -133 134 135 -136 -137 138 139 -140 -141 142 143 144 145 146 -147 148 149 150 0
150-660/output_50.cnf: c total solving time: 20.781523942947388 c number of splits: 6119 s UNSATISFIABLE
150-660/output_51.cnf: c total solving time: 39.2732355594635 c number of splits: 12091 s UNSATISFIABLE
150-660/output_52.cnf: c total solving time: 16.657798528671265 c number of splits: 5434 s SATISFIABLE v 1 2 -3 4 -5 -6 -7 8 -9 -10 -11 -12 -13 -14 15 16 -17 18 19 20 -21 22 -23 -24 25 26 27 28 -29 -30 -31 -32 33 34 -35 -36 37 38 -39 40 41 -42 -43 -44 45 46 -47 48 49 -50 -51 52 53 54 -55 56 57 -58 59 -60 61 62 -63 64 65 -66 -67 -68 -69 -70 71 -72 -73 -74 -75 -76 77 -78 -79 80 81 82 83 84 85 -86 87 88 89 90 91 -92 93 -94 -95 -96 97 98 -99 -100 -101 102 103 104 105 106 -107 -108 -109 110 -111 112 113 114 -115 116 117 118 119 120 121 -122 123 -124 125 126 -127 128 129 130 -131 -132 133 134 135 136 137 -138 -139 -140 141 142 -143 144 145 146 147 -148 -149 -150 0
150-660/output_53.cnf: c total solving time: 39.17799973487854 c number of splits: 12083 s UNSATISFIABLE
150-660/output_54.cnf: c total solving time: 25.691737174987793 c number of splits: 7897 s UNSATISFIABLE
150-660/output_55.cnf: c total solving time: 51.35888051986694 c number of splits: 16755 s UNSATISFIABLE
150-660/output_56.cnf: c total solving time: 69.41507887840271 c number of splits: 21355 s UNSATISFIABLE
150-660/output_57.cnf: c total solving time: 37.5008180141449 c number of splits: 12169 s UNSATISFIABLE
150-660/output_58.cnf: c total solving time: 33.665807008743286 c number of splits: 10761 s UNSATISFIABLE
150-660/output_59.cnf: c total solving time: 41.0893611907959 c number of splits: 12557 s UNSATISFIABLE
150-660/output_6.cnf: c total solving time: 38.347379207611084 c number of splits: 11931 s UNSATISFIABLE
150-660/output_60.cnf: c total solving time: 48.39935231208801 c number of splits: 15723 s UNSATISFIABLE
150-660/output_61.cnf: c total solving time: 32.459710121154785 c number of splits: 10423 s UNSATISFIABLE
150-660/output_62.cnf: c total solving time: 57.54358434677124 c number of splits: 19579 s UNSATISFIABLE
150-660/output_63.cnf: c total solving time: 50.939772605895996 c number of splits: 16861 s UNSATISFIABLE
150-660/output_64.cnf: c total solving time: 52.4615752696991 c number of splits: 16245 s UNSATISFIABLE
150-660/output_65.cnf: c total solving time: 34.76242995262146 c number of splits: 11063 s UNSATISFIABLE
150-660/output_66.cnf: c total solving time: 10.211058616638184 c number of splits: 3333 s SATISFIABLE v 1 2 3 4 5 -6 -7 -8 9 10 11 -12 -13 -14 15 16 17 18 -19 20 21 22 23 -24 -25 -26 -27 -28 -29 30 -31 32 33 34 35 -36 37 -38 -39 40 -41 42 -43 -44 -45 -46 -47 48 -49 -50 51 52 53 54 -55 56 -57 -58 59 -60 -61 -62 -63 64 -65 66 -67 68 -69 70 71 72 -73 -74 -75 76 -77 78 -79 80 -81 -82 -83 -84 -85 86 87 88 -89 90 91 -92 -93 -94 95 -96 -97 98 99 -100 -101 102 103 104 105 -106 107 -108 109 110 -111 112 113 114 -115 116 -117 -118 119 -120 121 -122 123 124 125 -126 127 -128 -129 -130 -131 -132 133 134 135 136 137 -138 -139 140 141 142 143 144 145 146 -147 148 -149 -150 0
150-660/output_67.cnf: c total solving time: 25.671210289001465 c number of splits: 7971 s UNSATISFIABLE
150-660/output_68.cnf: c total solving time: 29.519218683242798 c number of splits: 8943 s UNSATISFIABLE
150-660/output_69.cnf: c total solving time: 6.7053327560424805 c number of splits: 2224 s SATISFIABLE v 1 -2 -3 -4 -5 6 -7 -8 -9 -10 -11 12 13 -14 -15 16 -17 18 19 20 -21 22 23 24 25 26 27 28 29 30 31 -32 -33 -34 35 36 37 38 39 40 41 42 -43 44 -45 46 47 48 -49 50 51 52 53 -54 -55 56 -57 -58 59 -60 -61 -62 63 -64 -65 -66 67 -68 69 -70 -71 -72 -73 -74 -75 -76 -77 -78 -79 -80 81 -82 -83 84 85 86 87 88 -89 -90 -91 92 93 94 -95 -96 97 98 -99 100 101 102 -103 104 105 106 -107 -108 109 -110 111 -112 113 -114 115 -116 117 -118 -119 -120 -121 122 123 -124 125 126 -127 -128 129 -130 -131 132 133 -134 -135 -136 137 -138 -139 140 -141 142 -143 -144 145 -146 147 -148 -149 150 0
150-660/output_7.cnf: c total solving time: 22.472439765930176 c number of splits: 7005 s UNSATISFIABLE
150-660/output_70.cnf: c total solving time: 25.63513708114624 c number of splits: 7773 s UNSATISFIABLE
150-660/output_71.cnf: c total solving time: 41.34236979484558 c number of splits: 13099 s UNSATISFIABLE
150-660/output_72.cnf: c total solving time: 35.617820739746094 c number of splits: 11967 s UNSATISFIABLE
150-660/output_73.cnf: c total solving time: 19.429582357406616 c number of splits: 6240 s SATISFIABLE v 1 -2 -3 -4 5 -6 7 8 -9 10 -11 12 -13 -14 15 16 17 18 19 -20 -21 -22 23 -24 25 26 -27 28 29 30 -31 32 -33 34 -35 -36 -37 38 -39 40 41 -42 43 -44 45 -46 -47 48 -49 -50 51 -52 53 -54 55 56 -57 -58 59 60 -61 62 -63 64 65 66 67 -68 -69 -70 71 72 73 74 -75 -76 77 78 79 80 81 -82 83 84 85 86 87 -88 -89 -90 -91 -92 93 94 -95 -96 97 -98 -99 100 -101 102 -103 -104 105 106 -107 -108 109 -110 111 112 113 -114 115 116 -117 118 -119 120 121 122 -123 124 125 126 -127 128 129 130 131 132 -133 -134 -135 -136 137 -138 139 140 -141 142 -143 -144 -145 146 147 -148 -149 -150 0
150-660/output_74.cnf: c total solving time: 35.52032732963562 c number of splits: 11957 s UNSATISFIABLE
150-660/output_75.cnf: c total solving time: 23.98829436302185 c number of splits: 7317 s UNSATISFIABLE
150-660/output_76.cnf: c total solving time: 39.36168909072876 c number of splits: 12621 s UNSATISFIABLE
150-660/output_77.cnf: c total solving time: 66.2843668460846 c number of splits: 21909 s UNSATISFIABLE
150-660/output_78.cnf: c total solving time: 9.249625205993652 c number of splits: 3204 s SATISFIABLE v -1 -2 -3 4 5 -6 7 8 -9 -10 -11 -12 -13 -14 -15 -16 -17 18 19 -20 -21 22 23 24 25 26 27 -28 29 30 31 -32 33 -34 -35 -36 37 -38 -39 40 -41 -42 -43 44 45 -46 47 -48 49 -50 51 52 53 -54 55 -56 57 58 59 60 -61 -62 -63 64 -65 -66 -67 -68 69 70 -71 72 73 74 -75 76 -77 78 -79 80 81 82 -83 84 85 -86 87 88 -89 90 -91 -92 -93 94 95 96 -97 -98 -99 -100 -101 -102 -103 -104 105 -106 -107 108 109 -110 -111 112 113 -114 -115 -116 117 -118 119 120 121 122 -123 -124 -125 -126 -127 -128 129 130 -131 132 133 134 135 -136 137 -138 -139 -140 -141 142 143 -144 -145 -146 -147 -148 149 150 0
150-660/output_79.cnf: c total solving time: 30.839970111846924 c number of splits: 9175 s UNSATISFIABLE
150-660/output_8.cnf: c total solving time: 36.825886487960815 c number of splits: 11575 s UNSATISFIABLE
150-660/output_80.cnf: c total solving time: 40.58859825134277 c number of splits: 13369 s SATISFIABLE v -1 -2 3 4 -5 -6 -7 8 -9 10 -11 -12 -13 -14 15 -16 -17 18 -19 20 21 -22 23 24 -25 -26 27 -28 29 30 31 -32 33 34 35 36 37 -38 -39 -40 41 42 43 -44 -45 -46 -47 48 49 -50 51 -52 -53 54 55 56 -57 58 -59 60 -61 62 63 64 65 -66 -67 -68 69 70 -71 72 73 74 75 76 -77 78 79 80 -81 -82 83 84 85 86 -87 88 89 90 -91 -92 -93 -94 95 -96 -97 -98 -99 100 101 102 -103 104 -105 106 107 -108 -109 -110 -111 -112 113 114 115 -116 117 118 119 -120 -121 122 123 -124 -125 -126 -127 -128 129 130 -131 -132 -133 134 135 -136 -137 138 139 140 -141 142 143 -144 145 146 147 -148 -149 150 0
150-660/output_81.cnf: c total solving time: 12.815241813659668 c number of splits: 3907 s SATISFIABLE v 1 -2 3 4 5 -6 -7 -8 -9 -10 -11 12 -13 -14 15 -16 -17 -18 19 20 21 22 -23 -24 25 -26 27 28 -29 -30 -31 32 -33 -34 35 36 37 38 39 -40 -41 -42 43 44 -45 -46 47 48 -49 50 51 -52 -53 -54 55 -56 57 -58 59 60 61 62 63 -64 -65 66 -67 -68 69 70 71 72 -73 -74 75 -76 -77 78 -79 -80 81 82 -83 84 85 -86 87 88 89 90 91 -92 -93 94 95 96 -97 -98 99 -100 -101 102 103 -104 -105 -106 -107 108 -109 110 -111 112 113 114 115 -116 117 118 -119 -120 121 -122 -123 -124 125 126 127 -128 129 -130 -131 -132 -133 -134 -135 136 -137 -138 -139 -140 -141 142 -143 144 -145 -146 147 148 -149 -150 0
150-660/output_82.cnf: c total solving time: 37.65343165397644 c number of splits: 12043 s UNSATISFIABLE
150-660/output_83.cnf: c total solving time: 78.18577313423157 c number of splits: 25497 s UNSATISFIABLE
150-660/output_84.cnf: c total solving time: 0.8873062133789062 c number of splits: 275 s SATISFIABLE v 1 -2 3 4 5 -6 7 -8 9 -10 11 12 13 -14 15 16 17 -18 19 20 -21 22 23 -24 25 26 -27 -28 -29 30 31 32 33 -34 -35 -36 37 -38 39 -40 41 -42 -43 44 45 46 47 48 49 -50 -51 -52 53 54 55 56 -57 -58 59 60 -61 -62 63 64 65 -66 -67 -68 -69 -70 -71 72 73 74 -75 -76 77 -78 -79 -80 81 -82 -83 84 85 86 -87 88 89 90 91 92 93 -94 -95 -96 -97 98 99 -100 101 102 -103 -104 105 -106 107 108 -109 -110 111 -112 -113 -114 -115 -116 -117 118 119 -120 121 -122 -123 -124 125 -126 127 128 -129 130 -131 132 -133 -134 135 -136 137 -138 -139 -140 141 142 -143 144 -145 -146 -147 148 149 150 0
150-660/output_85.cnf: c total solving time: 76.30520582199097 c number of splits: 25359 s UNSATISFIABLE
150-660/output_86.cnf: c total solving time: 41.885942459106445 c number of splits: 13497 s UNSATISFIABLE
150-660/output_87.cnf: c total solving time: 30.942753553390503 c number of splits: 9413 s UNSATISFIABLE
150-660/output_88.cnf: c total solving time: 80.21743369102478 c number of splits: 25939 s UNSATISFIABLE
150-660/output_89.cnf: c total solving time: 17.897268295288086 c number of splits: 5317 s UNSATISFIABLE
150-660/output_9.cnf: c total solving time: 41.8214807510376 c number of splits: 13293 s UNSATISFIABLE
150-660/output_90.cnf: c total solving time: 27.79147958755493 c number of splits: 8747 s UNSATISFIABLE
150-660/output_91.cnf: c total solving time: 58.16195034980774 c number of splits: 17915 s UNSATISFIABLE
150-660/output_92.cnf: c total solving time: 43.49746870994568 c number of splits: 14063 s UNSATISFIABLE
150-660/output_93.cnf: c total solving time: 34.881927251815796 c number of splits: 10771 s UNSATISFIABLE
150-660/output_94.cnf: c total solving time: 71.60262155532837 c number of splits: 24079 s UNSATISFIABLE
150-660/output_95.cnf: c total solving time: 5.227047920227051 c number of splits: 1661 s SATISFIABLE v -1 -2 3 -4 5 6 -7 8 9 -10 -11 -12 -13 -14 -15 -16 -17 18 -19 -20 -21 22 -23 24 25 26 -27 28 29 -30 31 32 -33 -34 35 -36 37 38 39 -40 -41 -42 43 44 -45 46 -47 48 49 -50 -51 52 -53 -54 -55 56 -57 -58 59 -60 -61 -62 -63 64 -65 66 -67 -68 -69 70 -71 72 -73 -74 75 76 -77 -78 -79 -80 -81 -82 83 -84 85 -86 87 -88 89 90 -91 92 93 94 -95 96 -97 98 99 -100 101 102 103 104 -105 106 107 108 109 -110 -111 112 113 -114 -115 116 117 118 -119 -120 121 -122 -123 -124 125 126 127 -128 -129 130 131 132 -133 -134 135 -136 137 -138 -139 140 141 142 143 -144 145 146 -147 148 149 150 0
150-660/output_96.cnf: c total solving time: 37.95174479484558 c number of splits: 12095 s UNSATISFIABLE
150-660/output_97.cnf: c total solving time: 25.86965036392212 c number of splits: 7889 s UNSATISFIABLE
150-660/output_98.cnf: c total solving time: 29.77363109588623 c number of splits: 9171 s UNSATISFIABLE
150-660/output_99.cnf: c total solving time: 24.132451057434082 c number of splits: 7109 s UNSATISFIABLE
Total solving time: 3444.5882749557495264
Median solving time: 31.25
Total number of splits: 1100814
Median number of splits: 9596.00
Number of satisfiable: 21
