c total solving time: 16.812663316726685 c number of splits: 3481 s UNSATISFIABLE
c total solving time: 14.245238780975342 c number of splits: 2981 s UNSATISFIABLE
c total solving time: 14.5454421043396 c number of splits: 3001 s UNSATISFIABLE
c total solving time: 12.859594583511353 c number of splits: 2667 s UNSATISFIABLE
c total solving time: 25.307336568832397 c number of splits: 5477 s UNSATISFIABLE
c total solving time: 14.722359657287598 c number of splits: 3129 s UNSATISFIABLE
c total solving time: 12.577388763427734 c number of splits: 2517 s UNSATISFIABLE
c total solving time: 6.97554349899292 c number of splits: 1415 s UNSATISFIABLE
c total solving time: 17.50984787940979 c number of splits: 3689 s UNSATISFIABLE
c total solving time: 15.437079191207886 c number of splits: 3231 s UNSATISFIABLE
c total solving time: 10.775253057479858 c number of splits: 2295 s UNSATISFIABLE
c total solving time: 13.430239915847778 c number of splits: 2729 s UNSATISFIABLE
c total solving time: 7.248602867126465 c number of splits: 1435 s UNSATISFIABLE
c total solving time: 6.334617853164673 c number of splits: 1269 s UNSATISFIABLE
c total solving time: 9.696231365203857 c number of splits: 1949 s UNSATISFIABLE
c total solving time: 12.200915336608887 c number of splits: 2529 s UNSATISFIABLE
c total solving time: 16.1816303730011 c number of splits: 3299 s UNSATISFIABLE
c total solving time: 15.747633218765259 c number of splits: 3307 s UNSATISFIABLE
c total solving time: 9.79229736328125 c number of splits: 1979 s UNSATISFIABLE
c total solving time: 15.714736700057983 c number of splits: 3269 s UNSATISFIABLE
c total solving time: 13.359238386154175 c number of splits: 2857 s UNSATISFIABLE
c total solving time: 12.571262121200562 c number of splits: 2565 s UNSATISFIABLE
c total solving time: 11.8680100440979 c number of splits: 2451 s UNSATISFIABLE
c total solving time: 13.828287124633789 c number of splits: 2935 s UNSATISFIABLE
c total solving time: 22.466566801071167 c number of splits: 4901 s UNSATISFIABLE
c total solving time: 21.5139319896698 c number of splits: 4663 s UNSATISFIABLE
c total solving time: 13.649840354919434 c number of splits: 2947 s UNSATISFIABLE
c total solving time: 22.506640195846558 c number of splits: 4665 s UNSATISFIABLE
c total solving time: 17.872117280960083 c number of splits: 3899 s UNSATISFIABLE
c total solving time: 21.26817274093628 c number of splits: 4471 s UNSATISFIABLE
c total solving time: 12.755234241485596 c number of splits: 2615 s UNSATISFIABLE
c total solving time: 13.003788471221924 c number of splits: 2717 s UNSATISFIABLE
c total solving time: 16.27186393737793 c number of splits: 3375 s UNSATISFIABLE
c total solving time: 7.805761814117432 c number of splits: 1541 s UNSATISFIABLE
c total solving time: 10.347950458526611 c number of splits: 2057 s UNSATISFIABLE
c total solving time: 18.873228549957275 c number of splits: 4063 s UNSATISFIABLE
c total solving time: 16.441722869873047 c number of splits: 3297 s UNSATISFIABLE
c total solving time: 25.037031412124634 c number of splits: 5393 s UNSATISFIABLE
c total solving time: 13.086838960647583 c number of splits: 2737 s UNSATISFIABLE
c total solving time: 18.331445932388306 c number of splits: 3835 s UNSATISFIABLE
c total solving time: 15.335041522979736 c number of splits: 3015 s UNSATISFIABLE
c total solving time: 17.620421886444092 c number of splits: 3709 s UNSATISFIABLE
c total solving time: 17.98743510246277 c number of splits: 3793 s UNSATISFIABLE
c total solving time: 7.483364820480347 c number of splits: 1483 s UNSATISFIABLE
c total solving time: 10.02669382095337 c number of splits: 2101 s UNSATISFIABLE
c total solving time: 17.004174947738647 c number of splits: 3629 s UNSATISFIABLE
c total solving time: 17.590922832489014 c number of splits: 3849 s UNSATISFIABLE
c total solving time: 15.344219446182251 c number of splits: 3173 s UNSATISFIABLE
c total solving time: 15.999879598617554 c number of splits: 3347 s UNSATISFIABLE
c total solving time: 8.347517013549805 c number of splits: 1705 s UNSATISFIABLE
c total solving time: 11.68803882598877 c number of splits: 2319 s UNSATISFIABLE
c total solving time: 10.206366777420044 c number of splits: 2125 s UNSATISFIABLE
c total solving time: 9.930218935012817 c number of splits: 2071 s UNSATISFIABLE
c total solving time: 22.310785055160522 c number of splits: 4715 s UNSATISFIABLE
c total solving time: 26.505163431167603 c number of splits: 5575 s UNSATISFIABLE
c total solving time: 13.667375564575195 c number of splits: 2837 s UNSATISFIABLE
c total solving time: 6.6062867641448975 c number of splits: 1381 s UNSATISFIABLE
c total solving time: 16.545149564743042 c number of splits: 3377 s UNSATISFIABLE
c total solving time: 15.819879055023193 c number of splits: 3343 s UNSATISFIABLE
c total solving time: 11.934639692306519 c number of splits: 2411 s UNSATISFIABLE
c total solving time: 10.692596673965454 c number of splits: 2219 s UNSATISFIABLE
c total solving time: 25.958985805511475 c number of splits: 5631 s UNSATISFIABLE
c total solving time: 17.976078748703003 c number of splits: 3899 s UNSATISFIABLE
c total solving time: 11.616003036499023 c number of splits: 2417 s UNSATISFIABLE
c total solving time: 15.937047958374023 c number of splits: 3305 s UNSATISFIABLE
c total solving time: 13.861099481582642 c number of splits: 2865 s UNSATISFIABLE
c total solving time: 13.803771018981934 c number of splits: 2919 s UNSATISFIABLE
c total solving time: 7.807150363922119 c number of splits: 1533 s UNSATISFIABLE
c total solving time: 16.620492458343506 c number of splits: 3497 s UNSATISFIABLE
c total solving time: 12.433328628540039 c number of splits: 2577 s UNSATISFIABLE
c total solving time: 7.728696823120117 c number of splits: 1511 s UNSATISFIABLE
c total solving time: 20.509697198867798 c number of splits: 4289 s UNSATISFIABLE
c total solving time: 21.69567847251892 c number of splits: 4413 s UNSATISFIABLE
c total solving time: 6.87239670753479 c number of splits: 1389 s UNSATISFIABLE
c total solving time: 7.170805931091309 c number of splits: 1441 s UNSATISFIABLE
c total solving time: 13.403832197189331 c number of splits: 2769 s UNSATISFIABLE
c total solving time: 14.624736785888672 c number of splits: 3117 s UNSATISFIABLE
c total solving time: 17.753655910491943 c number of splits: 3637 s UNSATISFIABLE
c total solving time: 20.28553318977356 c number of splits: 4265 s UNSATISFIABLE
c total solving time: 9.407647132873535 c number of splits: 1901 s UNSATISFIABLE
c total solving time: 15.427429676055908 c number of splits: 3163 s UNSATISFIABLE
c total solving time: 13.737964153289795 c number of splits: 2867 s UNSATISFIABLE
c total solving time: 15.731963872909546 c number of splits: 3237 s UNSATISFIABLE
c total solving time: 9.153710126876831 c number of splits: 1819 s UNSATISFIABLE
c total solving time: 10.059233665466309 c number of splits: 2041 s UNSATISFIABLE
c total solving time: 20.147489309310913 c number of splits: 4229 s UNSATISFIABLE
c total solving time: 11.920170783996582 c number of splits: 2521 s UNSATISFIABLE
c total solving time: 14.177016019821167 c number of splits: 2983 s UNSATISFIABLE
c total solving time: 10.403466939926147 c number of splits: 2149 s UNSATISFIABLE
c total solving time: 26.556017875671387 c number of splits: 5423 s UNSATISFIABLE
c total solving time: 15.567692756652832 c number of splits: 3353 s UNSATISFIABLE
c total solving time: 15.253746032714844 c number of splits: 3193 s UNSATISFIABLE
c total solving time: 12.495777130126953 c number of splits: 2497 s UNSATISFIABLE
c total solving time: 11.696141719818115 c number of splits: 2405 s UNSATISFIABLE
c total solving time: 18.962614059448242 c number of splits: 4113 s UNSATISFIABLE
c total solving time: 10.093879222869873 c number of splits: 2107 s UNSATISFIABLE
c total solving time: 19.73469829559326 c number of splits: 4215 s UNSATISFIABLE
c total solving time: 13.678327083587646 c number of splits: 2821 s UNSATISFIABLE
c total solving time: 10.03659200668335 c number of splits: 2023 s UNSATISFIABLE
c total solving time: 18.922605752944946 c number of splits: 3937 s UNSATISFIABLE
Total solving time: 1458.8429317474365285
Median solving time: 14.01
Total number of splits: 304280
Median number of splits: 2964.00
Number of satisfiable: 0
