c total solving time: 9.463885307312012 c number of splits: 1617 s UNSATISFIABLE
c total solving time: 11.425519943237305 c number of splits: 1947 s UNSATISFIABLE
c total solving time: 9.917996406555176 c number of splits: 1737 s UNSATISFIABLE
c total solving time: 8.291918277740479 c number of splits: 1433 s UNSATISFIABLE
c total solving time: 9.982202768325806 c number of splits: 1785 s UNSATISFIABLE
c total solving time: 3.858750820159912 c number of splits: 645 s UNSATISFIABLE
c total solving time: 3.200690507888794 c number of splits: 543 s UNSATISFIABLE
c total solving time: 5.278132915496826 c number of splits: 915 s UNSATISFIABLE
c total solving time: 6.322938680648804 c number of splits: 1083 s UNSATISFIABLE
c total solving time: 11.220805883407593 c number of splits: 1961 s UNSATISFIABLE
c total solving time: 10.98569917678833 c number of splits: 1937 s UNSATISFIABLE
c total solving time: 7.19174861907959 c number of splits: 1265 s UNSATISFIABLE
c total solving time: 7.0170581340789795 c number of splits: 1209 s UNSATISFIABLE
c total solving time: 8.413540840148926 c number of splits: 1489 s UNSATISFIABLE
c total solving time: 7.291502952575684 c number of splits: 1223 s UNSATISFIABLE
c total solving time: 6.741590738296509 c number of splits: 1205 s UNSATISFIABLE
c total solving time: 10.274516344070435 c number of splits: 1763 s UNSATISFIABLE
c total solving time: 8.664794445037842 c number of splits: 1473 s UNSATISFIABLE
c total solving time: 9.021539688110352 c number of splits: 1511 s UNSATISFIABLE
c total solving time: 11.050610303878784 c number of splits: 1949 s UNSATISFIABLE
c total solving time: 10.451412200927734 c number of splits: 1835 s UNSATISFIABLE
c total solving time: 4.758727788925171 c number of splits: 821 s UNSATISFIABLE
c total solving time: 6.72282862663269 c number of splits: 1149 s UNSATISFIABLE
c total solving time: 8.367812633514404 c number of splits: 1463 s UNSATISFIABLE
c total solving time: 8.514970302581787 c number of splits: 1519 s UNSATISFIABLE
c total solving time: 9.999282360076904 c number of splits: 1811 s UNSATISFIABLE
c total solving time: 13.001516342163086 c number of splits: 2265 s UNSATISFIABLE
c total solving time: 10.051360368728638 c number of splits: 1771 s UNSATISFIABLE
c total solving time: 8.381048202514648 c number of splits: 1473 s UNSATISFIABLE
c total solving time: 5.3669092655181885 c number of splits: 909 s UNSATISFIABLE
c total solving time: 8.006707906723022 c number of splits: 1375 s UNSATISFIABLE
c total solving time: 12.248889446258545 c number of splits: 2107 s UNSATISFIABLE
c total solving time: 5.572500228881836 c number of splits: 969 s UNSATISFIABLE
c total solving time: 5.880978345870972 c number of splits: 1011 s UNSATISFIABLE
c total solving time: 7.470058917999268 c number of splits: 1333 s UNSATISFIABLE
c total solving time: 4.514021635055542 c number of splits: 781 s UNSATISFIABLE
c total solving time: 11.357051849365234 c number of splits: 1967 s UNSATISFIABLE
c total solving time: 7.18550705909729 c number of splits: 1201 s UNSATISFIABLE
c total solving time: 7.078987121582031 c number of splits: 1231 s UNSATISFIABLE
c total solving time: 4.657461881637573 c number of splits: 785 s UNSATISFIABLE
c total solving time: 7.407546520233154 c number of splits: 1287 s UNSATISFIABLE
c total solving time: 6.493407726287842 c number of splits: 1119 s UNSATISFIABLE
c total solving time: 7.084802627563477 c number of splits: 1237 s UNSATISFIABLE
c total solving time: 5.994723320007324 c number of splits: 1031 s UNSATISFIABLE
c total solving time: 6.153287887573242 c number of splits: 1063 s UNSATISFIABLE
c total solving time: 7.417387962341309 c number of splits: 1267 s UNSATISFIABLE
c total solving time: 11.822143316268921 c number of splits: 2095 s UNSATISFIABLE
c total solving time: 5.946511268615723 c number of splits: 1001 s UNSATISFIABLE
c total solving time: 9.99322509765625 c number of splits: 1777 s UNSATISFIABLE
c total solving time: 4.46687912940979 c number of splits: 767 s UNSATISFIABLE
c total solving time: 4.767175912857056 c number of splits: 821 s UNSATISFIABLE
c total solving time: 4.671895742416382 c number of splits: 773 s UNSATISFIABLE
c total solving time: 5.174525499343872 c number of splits: 891 s UNSATISFIABLE
c total solving time: 6.561645984649658 c number of splits: 1161 s UNSATISFIABLE
c total solving time: 15.606050968170166 c number of splits: 2793 s UNSATISFIABLE
c total solving time: 9.225313901901245 c number of splits: 1601 s UNSATISFIABLE
c total solving time: 4.170273542404175 c number of splits: 729 s UNSATISFIABLE
c total solving time: 6.2568113803863525 c number of splits: 1091 s UNSATISFIABLE
c total solving time: 9.770675897598267 c number of splits: 1699 s UNSATISFIABLE
c total solving time: 6.408430814743042 c number of splits: 1095 s UNSATISFIABLE
c total solving time: 10.884907007217407 c number of splits: 1889 s UNSATISFIABLE
c total solving time: 6.506403684616089 c number of splits: 1109 s UNSATISFIABLE
c total solving time: 8.064132690429688 c number of splits: 1431 s UNSATISFIABLE
c total solving time: 3.063535451889038 c number of splits: 509 s UNSATISFIABLE
c total solving time: 3.741716146469116 c number of splits: 633 s UNSATISFIABLE
c total solving time: 7.1992411613464355 c number of splits: 1239 s UNSATISFIABLE
c total solving time: 8.215157747268677 c number of splits: 1419 s UNSATISFIABLE
c total solving time: 10.145807981491089 c number of splits: 1745 s UNSATISFIABLE
c total solving time: 6.397807598114014 c number of splits: 1119 s UNSATISFIABLE
c total solving time: 4.785527229309082 c number of splits: 801 s UNSATISFIABLE
c total solving time: 3.4135172367095947 c number of splits: 575 s UNSATISFIABLE
c total solving time: 6.673988580703735 c number of splits: 1129 s UNSATISFIABLE
c total solving time: 6.158695220947266 c number of splits: 1069 s UNSATISFIABLE
c total solving time: 4.139915227890015 c number of splits: 717 s UNSATISFIABLE
c total solving time: 7.778508901596069 c number of splits: 1339 s UNSATISFIABLE
c total solving time: 9.093948602676392 c number of splits: 1569 s UNSATISFIABLE
c total solving time: 13.489038705825806 c number of splits: 2345 s UNSATISFIABLE
c total solving time: 8.410414934158325 c number of splits: 1455 s UNSATISFIABLE
c total solving time: 7.303256034851074 c number of splits: 1253 s UNSATISFIABLE
c total solving time: 4.242551326751709 c number of splits: 707 s UNSATISFIABLE
c total solving time: 4.498992204666138 c number of splits: 759 s UNSATISFIABLE
c total solving time: 8.412673711776733 c number of splits: 1419 s UNSATISFIABLE
c total solving time: 12.041634798049927 c number of splits: 2137 s UNSATISFIABLE
c total solving time: 5.692970275878906 c number of splits: 975 s UNSATISFIABLE
c total solving time: 7.9607133865356445 c number of splits: 1345 s UNSATISFIABLE
c total solving time: 7.564065933227539 c number of splits: 1301 s UNSATISFIABLE
c total solving time: 4.047998905181885 c number of splits: 683 s UNSATISFIABLE
c total solving time: 3.1579437255859375 c number of splits: 537 s UNSATISFIABLE
c total solving time: 9.336848258972168 c number of splits: 1625 s UNSATISFIABLE
c total solving time: 6.769777297973633 c number of splits: 1155 s UNSATISFIABLE
c total solving time: 9.123902320861816 c number of splits: 1573 s UNSATISFIABLE
c total solving time: 4.976043224334717 c number of splits: 869 s UNSATISFIABLE
c total solving time: 10.807868480682373 c number of splits: 1837 s UNSATISFIABLE
c total solving time: 10.846277952194214 c number of splits: 1827 s UNSATISFIABLE
c total solving time: 5.2659337520599365 c number of splits: 889 s UNSATISFIABLE
c total solving time: 4.745625734329224 c number of splits: 779 s UNSATISFIABLE
c total solving time: 8.443115472793579 c number of splits: 1409 s UNSATISFIABLE
c total solving time: 7.36016845703125 c number of splits: 1295 s UNSATISFIABLE
c total solving time: 5.049052953720093 c number of splits: 813 s UNSATISFIABLE
c total solving time: 13.499352931976318 c number of splits: 2347 s UNSATISFIABLE
Total solving time: 759.9052209854126022
Median solving time: 7.29
Total number of splits: 131390
Median number of splits: 1259.00
Number of satisfiable: 0
