c total solving time: 9.836995840072632 c number of splits: 1769 s UNSATISFIABLE
c total solving time: 9.683640241622925 c number of splits: 1759 s UNSATISFIABLE
c total solving time: 6.862903118133545 c number of splits: 1221 s UNSATISFIABLE
c total solving time: 16.05656862258911 c number of splits: 3011 s UNSATISFIABLE
c total solving time: 10.202960014343262 c number of splits: 1893 s UNSATISFIABLE
c total solving time: 8.9763503074646 c number of splits: 1613 s UNSATISFIABLE
c total solving time: 10.415329456329346 c number of splits: 1943 s UNSATISFIABLE
c total solving time: 7.026324987411499 c number of splits: 1295 s UNSATISFIABLE
c total solving time: 9.11789083480835 c number of splits: 1695 s UNSATISFIABLE
c total solving time: 9.063016653060913 c number of splits: 1599 s UNSATISFIABLE
c total solving time: 9.717400074005127 c number of splits: 1811 s UNSATISFIABLE
c total solving time: 10.404926061630249 c number of splits: 1929 s UNSATISFIABLE
c total solving time: 4.121754884719849 c number of splits: 725 s UNSATISFIABLE
c total solving time: 8.698394060134888 c number of splits: 1575 s UNSATISFIABLE
c total solving time: 7.5210700035095215 c number of splits: 1317 s UNSATISFIABLE
c total solving time: 9.732978582382202 c number of splits: 1769 s UNSATISFIABLE
c total solving time: 5.722705841064453 c number of splits: 999 s UNSATISFIABLE
c total solving time: 11.044535398483276 c number of splits: 1967 s UNSATISFIABLE
c total solving time: 5.01537561416626 c number of splits: 893 s UNSATISFIABLE
c total solving time: 9.875445365905762 c number of splits: 1769 s UNSATISFIABLE
c total solving time: 11.117920160293579 c number of splits: 2035 s UNSATISFIABLE
c total solving time: 8.030382871627808 c number of splits: 1473 s UNSATISFIABLE
c total solving time: 5.126655340194702 c number of splits: 927 s UNSATISFIABLE
c total solving time: 5.9448325634002686 c number of splits: 1045 s UNSATISFIABLE
c total solving time: 8.08742070198059 c number of splits: 1465 s UNSATISFIABLE
c total solving time: 10.612061023712158 c number of splits: 1937 s UNSATISFIABLE
c total solving time: 9.14766526222229 c number of splits: 1599 s UNSATISFIABLE
c total solving time: 8.43192434310913 c number of splits: 1503 s UNSATISFIABLE
c total solving time: 8.90236496925354 c number of splits: 1609 s UNSATISFIABLE
c total solving time: 6.898513078689575 c number of splits: 1203 s UNSATISFIABLE
c total solving time: 11.25548529624939 c number of splits: 2101 s UNSATISFIABLE
c total solving time: 6.981151103973389 c number of splits: 1231 s UNSATISFIABLE
c total solving time: 7.473202705383301 c number of splits: 1309 s UNSATISFIABLE
c total solving time: 4.543770790100098 c number of splits: 803 s UNSATISFIABLE
c total solving time: 11.186913251876831 c number of splits: 2027 s UNSATISFIABLE
c total solving time: 6.843064546585083 c number of splits: 1201 s UNSATISFIABLE
c total solving time: 6.853223562240601 c number of splits: 1199 s UNSATISFIABLE
c total solving time: 6.933136701583862 c number of splits: 1239 s UNSATISFIABLE
c total solving time: 5.91272234916687 c number of splits: 1047 s UNSATISFIABLE
c total solving time: 6.860901117324829 c number of splits: 1203 s UNSATISFIABLE
c total solving time: 9.6120765209198 c number of splits: 1761 s UNSATISFIABLE
c total solving time: 8.664588689804077 c number of splits: 1659 s UNSATISFIABLE
c total solving time: 5.190051317214966 c number of splits: 927 s UNSATISFIABLE
c total solving time: 5.641877174377441 c number of splits: 963 s UNSATISFIABLE
c total solving time: 5.944273948669434 c number of splits: 1049 s UNSATISFIABLE
c total solving time: 10.259093999862671 c number of splits: 1863 s UNSATISFIABLE
c total solving time: 6.247433185577393 c number of splits: 1059 s UNSATISFIABLE
c total solving time: 5.029527187347412 c number of splits: 893 s UNSATISFIABLE
c total solving time: 14.333421468734741 c number of splits: 2715 s UNSATISFIABLE
c total solving time: 7.1461615562438965 c number of splits: 1225 s UNSATISFIABLE
c total solving time: 10.873689651489258 c number of splits: 1963 s UNSATISFIABLE
c total solving time: 12.43791651725769 c number of splits: 2295 s UNSATISFIABLE
c total solving time: 9.779189348220825 c number of splits: 1759 s UNSATISFIABLE
c total solving time: 10.292724609375 c number of splits: 1855 s UNSATISFIABLE
c total solving time: 10.258711576461792 c number of splits: 1831 s UNSATISFIABLE
c total solving time: 7.463340520858765 c number of splits: 1339 s UNSATISFIABLE
c total solving time: 11.894189357757568 c number of splits: 2113 s UNSATISFIABLE
c total solving time: 7.377499580383301 c number of splits: 1327 s UNSATISFIABLE
c total solving time: 10.338898658752441 c number of splits: 1815 s UNSATISFIABLE
c total solving time: 12.743902444839478 c number of splits: 2363 s UNSATISFIABLE
c total solving time: 10.021963834762573 c number of splits: 1825 s UNSATISFIABLE
c total solving time: 9.563896179199219 c number of splits: 1677 s UNSATISFIABLE
c total solving time: 8.594895601272583 c number of splits: 1523 s UNSATISFIABLE
c total solving time: 8.565335273742676 c number of splits: 1539 s UNSATISFIABLE
c total solving time: 5.942192316055298 c number of splits: 1073 s UNSATISFIABLE
c total solving time: 9.01344609260559 c number of splits: 1645 s UNSATISFIABLE
c total solving time: 11.267730474472046 c number of splits: 2117 s UNSATISFIABLE
c total solving time: 11.157919645309448 c number of splits: 2005 s UNSATISFIABLE
c total solving time: 6.982252836227417 c number of splits: 1259 s UNSATISFIABLE
c total solving time: 6.426860809326172 c number of splits: 1155 s UNSATISFIABLE
c total solving time: 8.237004041671753 c number of splits: 1535 s UNSATISFIABLE
c total solving time: 10.8121018409729 c number of splits: 1969 s UNSATISFIABLE
c total solving time: 8.055848836898804 c number of splits: 1419 s UNSATISFIABLE
c total solving time: 8.300970315933228 c number of splits: 1499 s UNSATISFIABLE
c total solving time: 11.129682779312134 c number of splits: 2017 s UNSATISFIABLE
c total solving time: 10.492940664291382 c number of splits: 1843 s UNSATISFIABLE
c total solving time: 5.5365846157073975 c number of splits: 973 s UNSATISFIABLE
c total solving time: 4.22798490524292 c number of splits: 741 s UNSATISFIABLE
c total solving time: 5.1210854053497314 c number of splits: 895 s UNSATISFIABLE
c total solving time: 7.137619495391846 c number of splits: 1277 s UNSATISFIABLE
c total solving time: 6.880247592926025 c number of splits: 1281 s UNSATISFIABLE
c total solving time: 7.900267601013184 c number of splits: 1439 s UNSATISFIABLE
c total solving time: 9.555237770080566 c number of splits: 1773 s UNSATISFIABLE
c total solving time: 8.390587329864502 c number of splits: 1495 s UNSATISFIABLE
c total solving time: 11.521968841552734 c number of splits: 2065 s UNSATISFIABLE
c total solving time: 6.0730767250061035 c number of splits: 1101 s UNSATISFIABLE
c total solving time: 10.31580376625061 c number of splits: 1905 s UNSATISFIABLE
c total solving time: 7.643122673034668 c number of splits: 1399 s UNSATISFIABLE
c total solving time: 5.223490238189697 c number of splits: 905 s UNSATISFIABLE
c total solving time: 8.704837560653687 c number of splits: 1615 s UNSATISFIABLE
c total solving time: 7.973539590835571 c number of splits: 1429 s UNSATISFIABLE
c total solving time: 8.078773736953735 c number of splits: 1519 s UNSATISFIABLE
c total solving time: 7.205853223800659 c number of splits: 1271 s UNSATISFIABLE
c total solving time: 6.991109371185303 c number of splits: 1253 s UNSATISFIABLE
c total solving time: 8.534937858581543 c number of splits: 1505 s UNSATISFIABLE
c total solving time: 16.145695447921753 c number of splits: 3069 s UNSATISFIABLE
c total solving time: 4.364871025085449 c number of splits: 749 s UNSATISFIABLE
c total solving time: 13.359943866729736 c number of splits: 2407 s UNSATISFIABLE
c total solving time: 7.64127254486084 c number of splits: 1385 s UNSATISFIABLE
c total solving time: 5.725980520248413 c number of splits: 1013 s UNSATISFIABLE
Total solving time: 852.5873782634735100
Median solving time: 8.41
Total number of splits: 154046
Median number of splits: 1504.00
Number of satisfiable: 0
