150-690/output_0.cnf: c total solving time: 32.483001470565796 c number of splits: 9649 s UNSATISFIABLE
150-690/output_1.cnf: c total solving time: 26.504533052444458 c number of splits: 7427 s UNSATISFIABLE
150-690/output_10.cnf: c total solving time: 10.883748769760132 c number of splits: 3436 s SATISFIABLE v -1 -2 3 -4 5 6 7 8 9 -10 11 -12 -13 14 15 -16 17 -18 -19 20 -21 -22 23 24 25 26 -27 28 29 30 31 -32 33 -34 -35 -36 -37 38 -39 40 -41 -42 43 -44 45 -46 47 48 -49 50 51 52 -53 54 55 -56 57 58 59 60 -61 62 -63 -64 -65 66 67 -68 -69 -70 -71 -72 73 74 75 76 -77 78 -79 -80 -81 82 83 -84 85 86 -87 88 89 90 91 92 -93 94 -95 -96 97 98 99 -100 101 102 103 -104 105 106 -107 -108 -109 -110 -111 112 -113 -114 115 116 117 118 119 120 -121 122 123 -124 125 126 127 128 129 130 131 132 133 134 135 -136 -137 -138 139 140 -141 142 143 -144 -145 -146 -147 -148 -149 150 0
150-690/output_11.cnf: c total solving time: 14.791262865066528 c number of splits: 4041 s UNSATISFIABLE
150-690/output_12.cnf: c total solving time: 19.062535762786865 c number of splits: 5291 s UNSATISFIABLE
150-690/output_13.cnf: c total solving time: 44.61241030693054 c number of splits: 13731 s UNSATISFIABLE
150-690/output_14.cnf: c total solving time: 14.339166402816772 c number of splits: 3981 s UNSATISFIABLE
150-690/output_15.cnf: c total solving time: 31.34826421737671 c number of splits: 8993 s UNSATISFIABLE
150-690/output_16.cnf: c total solving time: 20.33658218383789 c number of splits: 5985 s UNSATISFIABLE
150-690/output_17.cnf: c total solving time: 34.85834074020386 c number of splits: 10233 s UNSATISFIABLE
150-690/output_18.cnf: c total solving time: 11.31968355178833 c number of splits: 3207 s UNSATISFIABLE
150-690/output_19.cnf: c total solving time: 27.762404680252075 c number of splits: 7703 s UNSATISFIABLE
150-690/output_2.cnf: c total solving time: 43.783231019973755 c number of splits: 14121 s UNSATISFIABLE
150-690/output_20.cnf: c total solving time: 24.961390495300293 c number of splits: 7289 s UNSATISFIABLE
150-690/output_21.cnf: c total solving time: 54.554036140441895 c number of splits: 16645 s UNSATISFIABLE
150-690/output_22.cnf: c total solving time: 18.611234664916992 c number of splits: 5317 s UNSATISFIABLE
150-690/output_23.cnf: c total solving time: 34.64366173744202 c number of splits: 10547 s UNSATISFIABLE
150-690/output_24.cnf: c total solving time: 33.958258867263794 c number of splits: 9707 s UNSATISFIABLE
150-690/output_25.cnf: c total solving time: 37.04919195175171 c number of splits: 11177 s UNSATISFIABLE
150-690/output_26.cnf: c total solving time: 74.75242710113525 c number of splits: 24125 s UNSATISFIABLE
150-690/output_27.cnf: c total solving time: 23.79824209213257 c number of splits: 6951 s UNSATISFIABLE
150-690/output_28.cnf: c total solving time: 64.45982146263123 c number of splits: 20349 s UNSATISFIABLE
150-690/output_29.cnf: c total solving time: 22.316753149032593 c number of splits: 6341 s UNSATISFIABLE
150-690/output_3.cnf: c total solving time: 16.117674112319946 c number of splits: 4675 s UNSATISFIABLE
150-690/output_30.cnf: c total solving time: 24.742642164230347 c number of splits: 7021 s UNSATISFIABLE
150-690/output_31.cnf: c total solving time: 12.422188520431519 c number of splits: 3445 s UNSATISFIABLE
150-690/output_32.cnf: c total solving time: 21.070310592651367 c number of splits: 6211 s UNSATISFIABLE
150-690/output_33.cnf: c total solving time: 30.510483980178833 c number of splits: 9549 s UNSATISFIABLE
150-690/output_34.cnf: c total solving time: 15.212063312530518 c number of splits: 4570 s SATISFIABLE v -1 2 3 4 -5 -6 7 8 9 10 -11 -12 -13 14 -15 16 -17 18 -19 -20 -21 22 23 -24 25 26 27 -28 29 30 31 -32 -33 -34 35 36 -37 -38 39 40 41 42 43 -44 -45 46 47 48 49 50 51 52 -53 -54 55 56 -57 58 -59 -60 61 -62 -63 64 65 66 67 -68 69 -70 -71 -72 -73 -74 75 76 -77 -78 79 80 81 82 -83 84 -85 -86 87 88 89 -90 -91 92 -93 94 95 -96 97 98 99 -100 101 102 103 104 105 -106 107 -108 -109 110 -111 -112 113 114 -115 -116 117 118 119 -120 121 -122 -123 -124 -125 -126 127 -128 -129 130 131 132 133 -134 -135 -136 137 138 139 140 141 -142 143 -144 145 146 147 -148 -149 150 0
150-690/output_35.cnf: c total solving time: 51.34021210670471 c number of splits: 15869 s UNSATISFIABLE
150-690/output_36.cnf: c total solving time: 44.05465650558472 c number of splits: 13099 s UNSATISFIABLE
150-690/output_37.cnf: c total solving time: 39.747987508773804 c number of splits: 12495 s UNSATISFIABLE
150-690/output_38.cnf: c total solving time: 42.464805364608765 c number of splits: 12097 s UNSATISFIABLE
150-690/output_39.cnf: c total solving time: 6.078161239624023 c number of splits: 2005 s SATISFIABLE v -1 -2 3 -4 5 6 7 8 -9 -10 11 -12 13 -14 -15 -16 -17 -18 -19 20 21 -22 23 24 25 -26 -27 28 29 30 -31 -32 -33 34 35 -36 37 -38 39 40 -41 -42 -43 -44 45 -46 47 -48 49 50 51 -52 -53 54 55 -56 57 -58 59 60 -61 -62 63 64 65 66 67 68 69 -70 71 -72 73 74 75 -76 77 -78 -79 -80 -81 82 83 -84 85 86 -87 -88 89 -90 91 -92 93 -94 95 96 -97 98 -99 100 -101 102 103 104 -105 106 107 -108 -109 110 -111 -112 113 -114 115 -116 -117 118 119 120 121 -122 -123 -124 -125 -126 127 128 -129 130 131 -132 133 134 -135 136 137 -138 139 140 -141 142 143 -144 -145 146 -147 148 -149 -150 0
150-690/output_4.cnf: c total solving time: 31.742335319519043 c number of splits: 9207 s UNSATISFIABLE
150-690/output_40.cnf: c total solving time: 30.20768094062805 c number of splits: 9121 s UNSATISFIABLE
150-690/output_41.cnf: c total solving time: 34.659677267074585 c number of splits: 10119 s UNSATISFIABLE
150-690/output_42.cnf: c total solving time: 30.36107063293457 c number of splits: 9287 s UNSATISFIABLE
150-690/output_43.cnf: c total solving time: 41.27229857444763 c number of splits: 13055 s UNSATISFIABLE
150-690/output_44.cnf: c total solving time: 16.08917546272278 c number of splits: 4627 s UNSATISFIABLE
150-690/output_45.cnf: c total solving time: 51.37415385246277 c number of splits: 15729 s UNSATISFIABLE
150-690/output_46.cnf: c total solving time: 18.41605281829834 c number of splits: 5193 s UNSATISFIABLE
150-690/output_47.cnf: c total solving time: 28.078144788742065 c number of splits: 8269 s UNSATISFIABLE
150-690/output_48.cnf: c total solving time: 19.545371532440186 c number of splits: 5977 s UNSATISFIABLE
150-690/output_49.cnf: c total solving time: 36.84072232246399 c number of splits: 10749 s UNSATISFIABLE
150-690/output_5.cnf: c total solving time: 22.833099842071533 c number of splits: 6529 s UNSATISFIABLE
150-690/output_50.cnf: c total solving time: 44.92502212524414 c number of splits: 13601 s UNSATISFIABLE
150-690/output_51.cnf: c total solving time: 19.949769020080566 c number of splits: 5641 s UNSATISFIABLE
150-690/output_52.cnf: c total solving time: 24.05222463607788 c number of splits: 7019 s UNSATISFIABLE
150-690/output_53.cnf: c total solving time: 0.27905797958374023 c number of splits: 97 s SATISFIABLE v 1 -2 3 4 5 -6 -7 8 9 -10 -11 12 13 14 -15 16 -17 -18 -19 20 -21 22 -23 24 -25 -26 27 -28 -29 -30 31 -32 -33 34 35 -36 37 38 -39 40 41 -42 -43 -44 -45 46 47 48 -49 -50 51 52 53 -54 -55 56 57 -58 59 60 -61 -62 63 64 -65 66 67 -68 69 70 71 72 73 -74 -75 76 -77 -78 -79 80 81 -82 -83 -84 85 -86 87 88 -89 90 91 92 -93 94 95 96 97 -98 -99 100 101 102 103 104 -105 106 107 108 109 -110 -111 112 -113 -114 115 116 117 118 119 -120 121 -122 -123 124 -125 126 -127 128 129 130 131 -132 133 -134 -135 136 137 -138 139 140 -141 -142 -143 144 145 -146 147 148 149 -150 0
150-690/output_54.cnf: c total solving time: 27.756232261657715 c number of splits: 8095 s UNSATISFIABLE
150-690/output_55.cnf: c total solving time: 24.47477436065674 c number of splits: 6895 s UNSATISFIABLE
150-690/output_56.cnf: c total solving time: 41.60399603843689 c number of splits: 12313 s UNSATISFIABLE
150-690/output_57.cnf: c total solving time: 30.907694578170776 c number of splits: 8813 s UNSATISFIABLE
150-690/output_58.cnf: c total solving time: 51.999940633773804 c number of splits: 15007 s UNSATISFIABLE
150-690/output_59.cnf: c total solving time: 14.990447759628296 c number of splits: 4323 s UNSATISFIABLE
150-690/output_6.cnf: c total solving time: 24.069196462631226 c number of splits: 7415 s UNSATISFIABLE
150-690/output_60.cnf: c total solving time: 37.44481062889099 c number of splits: 12119 s UNSATISFIABLE
150-690/output_61.cnf: c total solving time: 31.502476692199707 c number of splits: 10145 s SATISFIABLE v 1 2 3 4 -5 6 -7 -8 9 -10 11 -12 -13 14 -15 -16 17 18 -19 -20 21 -22 23 24 -25 -26 27 28 -29 30 -31 -32 33 34 -35 36 -37 38 39 40 -41 42 43 44 45 46 47 -48 -49 -50 51 52 -53 -54 55 56 57 -58 -59 60 61 62 -63 -64 -65 -66 -67 -68 69 -70 -71 72 73 -74 -75 76 -77 78 79 80 -81 82 83 84 -85 -86 87 88 -89 90 91 92 93 94 95 96 -97 -98 -99 -100 101 102 -103 -104 105 -106 -107 108 -109 -110 111 112 -113 -114 115 -116 117 -118 -119 120 -121 -122 -123 -124 125 -126 -127 128 -129 130 -131 -132 133 -134 135 136 137 138 139 140 -141 -142 143 144 145 -146 -147 -148 149 -150 0
150-690/output_62.cnf: c total solving time: 28.072590112686157 c number of splits: 8135 s UNSATISFIABLE
150-690/output_63.cnf: c total solving time: 27.258350133895874 c number of splits: 7947 s UNSATISFIABLE
150-690/output_64.cnf: c total solving time: 13.915680170059204 c number of splits: 3881 s UNSATISFIABLE
150-690/output_65.cnf: c total solving time: 2.82814884185791 c number of splits: 804 s SATISFIABLE v 1 -2 3 -4 -5 6 -7 8 9 10 -11 -12 -13 -14 -15 -16 17 18 -19 -20 21 -22 -23 -24 -25 -26 27 28 29 -30 31 -32 33 -34 -35 36 37 -38 39 40 41 42 43 -44 45 46 47 48 -49 50 -51 -52 53 54 55 -56 -57 -58 -59 60 -61 62 63 64 65 -66 67 68 69 70 -71 72 -73 74 -75 76 77 78 79 -80 81 82 -83 -84 -85 -86 87 88 89 90 -91 -92 -93 94 95 -96 -97 -98 99 100 101 -102 -103 104 105 -106 -107 108 -109 -110 -111 112 -113 114 -115 116 117 118 119 120 -121 -122 -123 124 125 -126 -127 128 129 130 131 132 133 134 -135 -136 137 -138 -139 140 -141 142 143 144 145 146 -147 148 -149 150 0
150-690/output_66.cnf: c total solving time: 1.879133939743042 c number of splits: 603 s SATISFIABLE v 1 -2 3 -4 -5 -6 -7 -8 9 10 -11 -12 -13 -14 -15 16 17 18 -19 20 21 -22 -23 24 25 -26 -27 -28 -29 -30 31 32 -33 34 -35 -36 -37 38 39 40 41 -42 -43 -44 -45 46 -47 -48 -49 -50 51 52 53 -54 -55 56 -57 58 59 60 61 -62 -63 -64 -65 66 67 68 69 70 -71 72 73 -74 75 -76 77 -78 -79 80 81 -82 83 -84 85 -86 -87 -88 -89 90 -91 -92 93 -94 -95 -96 97 -98 99 100 -101 -102 103 104 -105 106 -107 -108 109 110 -111 112 113 -114 -115 -116 -117 -118 119 120 -121 122 -123 124 -125 126 127 -128 -129 130 -131 -132 133 -134 -135 -136 137 -138 -139 140 141 -142 143 -144 -145 146 147 -148 149 150 0
150-690/output_67.cnf: c total solving time: 42.808197021484375 c number of splits: 12649 s UNSATISFIABLE
150-690/output_68.cnf: c total solving time: 16.57421350479126 c number of splits: 4597 s UNSATISFIABLE
150-690/output_69.cnf: c total solving time: 69.83449482917786 c number of splits: 21375 s UNSATISFIABLE
150-690/output_7.cnf: c total solving time: 53.71452283859253 c number of splits: 16101 s UNSATISFIABLE
150-690/output_70.cnf: c total solving time: 5.623871564865112 c number of splits: 1753 s SATISFIABLE v -1 -2 3 4 -5 -6 7 8 -9 10 -11 -12 13 14 -15 16 -17 -18 19 -20 -21 22 -23 24 -25 -26 -27 -28 29 30 31 32 33 -34 35 -36 -37 38 39 -40 41 -42 43 44 45 -46 -47 48 49 -50 -51 -52 53 -54 -55 -56 -57 58 -59 -60 -61 62 63 64 -65 -66 67 -68 69 70 71 72 73 -74 75 -76 77 78 -79 -80 -81 -82 83 84 -85 86 87 -88 89 90 91 -92 93 -94 95 -96 97 98 -99 100 101 -102 -103 104 -105 106 -107 -108 -109 110 -111 112 113 114 115 116 -117 118 -119 120 121 122 123 -124 125 126 127 -128 129 130 131 -132 133 134 135 136 -137 138 -139 -140 141 -142 143 -144 -145 -146 147 148 149 150 0
150-690/output_71.cnf: c total solving time: 24.823245763778687 c number of splits: 7049 s UNSATISFIABLE
150-690/output_72.cnf: c total solving time: 27.00408101081848 c number of splits: 7703 s UNSATISFIABLE
150-690/output_73.cnf: c total solving time: 27.368861198425293 c number of splits: 8681 s UNSATISFIABLE
150-690/output_74.cnf: c total solving time: 36.59886646270752 c number of splits: 11311 s UNSATISFIABLE
150-690/output_75.cnf: c total solving time: 14.254299640655518 c number of splits: 4049 s UNSATISFIABLE
150-690/output_76.cnf: c total solving time: 24.20859956741333 c number of splits: 7403 s UNSATISFIABLE
150-690/output_77.cnf: c total solving time: 44.36774754524231 c number of splits: 13795 s UNSATISFIABLE
150-690/output_78.cnf: c total solving time: 29.84195613861084 c number of splits: 8491 s UNSATISFIABLE
150-690/output_79.cnf: c total solving time: 19.661462783813477 c number of splits: 5879 s UNSATISFIABLE
150-690/output_8.cnf: c total solving time: 26.77964472770691 c number of splits: 7861 s UNSATISFIABLE
150-690/output_80.cnf: c total solving time: 26.228709936141968 c number of splits: 7385 s UNSATISFIABLE
150-690/output_81.cnf: c total solving time: 15.659759759902954 c number of splits: 4393 s UNSATISFIABLE
150-690/output_82.cnf: c total solving time: 57.16242289543152 c number of splits: 17761 s UNSATISFIABLE
150-690/output_83.cnf: c total solving time: 26.111973524093628 c number of splits: 7713 s UNSATISFIABLE
150-690/output_84.cnf: c total solving time: 19.332648515701294 c number of splits: 5601 s UNSATISFIABLE
150-690/output_85.cnf: c total solving time: 21.265755653381348 c number of splits: 6225 s UNSATISFIABLE
150-690/output_86.cnf: c total solving time: 56.93927192687988 c number of splits: 17405 s UNSATISFIABLE
150-690/output_87.cnf: c total solving time: 15.769971370697021 c number of splits: 4327 s UNSATISFIABLE
150-690/output_88.cnf: c total solving time: 30.395076036453247 c number of splits: 8759 s UNSATISFIABLE
150-690/output_89.cnf: c total solving time: 39.62623953819275 c number of splits: 11433 s UNSATISFIABLE
150-690/output_9.cnf: c total solving time: 19.76163601875305 c number of splits: 6231 s SATISFIABLE v 1 -2 3 4 5 6 -7 8 9 -10 11 -12 -13 14 15 -16 -17 -18 19 -20 -21 -22 -23 -24 -25 -26 -27 -28 -29 -30 31 32 33 34 35 -36 37 38 -39 40 -41 -42 43 -44 -45 46 -47 -48 -49 50 -51 -52 53 -54 -55 56 57 58 59 -60 61 -62 63 64 -65 66 67 -68 -69 -70 -71 -72 73 -74 75 -76 77 -78 79 80 81 82 83 84 85 -86 87 -88 89 -90 -91 92 -93 -94 -95 -96 -97 98 -99 -100 -101 -102 -103 -104 -105 -106 107 -108 109 110 -111 112 -113 -114 115 116 -117 118 -119 -120 -121 122 123 124 125 126 -127 -128 -129 130 131 -132 133 134 -135 136 137 138 139 -140 141 -142 143 -144 145 -146 147 -148 -149 150 0
150-690/output_90.cnf: c total solving time: 29.121580600738525 c number of splits: 9053 s UNSATISFIABLE
150-690/output_91.cnf: c total solving time: 17.50360417366028 c number of splits: 4793 s UNSATISFIABLE
150-690/output_92.cnf: c total solving time: 24.103435039520264 c number of splits: 6871 s UNSATISFIABLE
150-690/output_93.cnf: c total solving time: 17.63754439353943 c number of splits: 4909 s UNSATISFIABLE
150-690/output_94.cnf: c total solving time: 31.335087060928345 c number of splits: 9123 s UNSATISFIABLE
150-690/output_95.cnf: c total solving time: 28.054873943328857 c number of splits: 9673 s SATISFIABLE v -1 2 3 4 5 -6 -7 -8 -9 -10 11 12 13 -14 15 16 17 18 19 -20 -21 22 23 -24 -25 26 27 28 -29 30 -31 32 33 -34 35 -36 37 38 39 40 41 -42 43 44 45 46 -47 -48 49 50 51 52 53 -54 55 -56 -57 -58 59 60 -61 62 -63 64 65 66 -67 -68 69 -70 71 -72 73 -74 -75 76 -77 78 -79 80 81 -82 -83 84 -85 -86 87 88 89 90 91 -92 93 -94 95 -96 97 98 -99 -100 101 102 103 -104 105 -106 107 108 109 -110 111 112 113 -114 115 116 117 118 119 120 121 122 -123 -124 125 126 127 128 -129 130 131 132 -133 -134 135 -136 -137 -138 139 -140 141 -142 -143 144 -145 146 147 -148 149 -150 0
150-690/output_96.cnf: c total solving time: 37.557692766189575 c number of splits: 11113 s UNSATISFIABLE
150-690/output_97.cnf: c total solving time: 51.59463882446289 c number of splits: 15271 s UNSATISFIABLE
150-690/output_98.cnf: c total solving time: 47.04421639442444 c number of splits: 13815 s UNSATISFIABLE
150-690/output_99.cnf: c total solving time: 38.41534471511841 c number of splits: 11463 s UNSATISFIABLE
Total solving time: 2948.36624550819398723
Median solving time: 27.56
Total number of splits: 880011
Median number of splits: 8021.00
Number of satisfiable: 10
