150-840/output_0.cnf: c total solving time: 7.13202977180481 c number of splits: 1499 s UNSATISFIABLE
150-840/output_1.cnf: c total solving time: 9.028794050216675 c number of splits: 1927 s UNSATISFIABLE
150-840/output_10.cnf: c total solving time: 4.883088111877441 c number of splits: 1027 s UNSATISFIABLE
150-840/output_11.cnf: c total solving time: 10.788123846054077 c number of splits: 2503 s UNSATISFIABLE
150-840/output_12.cnf: c total solving time: 10.5503249168396 c number of splits: 2341 s UNSATISFIABLE
150-840/output_13.cnf: c total solving time: 7.366357803344727 c number of splits: 1531 s UNSATISFIABLE
150-840/output_14.cnf: c total solving time: 9.43180227279663 c number of splits: 2053 s UNSATISFIABLE
150-840/output_15.cnf: c total solving time: 8.995028257369995 c number of splits: 1989 s UNSATISFIABLE
150-840/output_16.cnf: c total solving time: 7.718695163726807 c number of splits: 1645 s UNSATISFIABLE
150-840/output_17.cnf: c total solving time: 7.346366882324219 c number of splits: 1543 s UNSATISFIABLE
150-840/output_18.cnf: c total solving time: 7.992411851882935 c number of splits: 1659 s UNSATISFIABLE
150-840/output_19.cnf: c total solving time: 6.181029319763184 c number of splits: 1331 s UNSATISFIABLE
150-840/output_2.cnf: c total solving time: 8.91282320022583 c number of splits: 1923 s UNSATISFIABLE
150-840/output_20.cnf: c total solving time: 11.357707023620605 c number of splits: 2499 s UNSATISFIABLE
150-840/output_21.cnf: c total solving time: 12.278146743774414 c number of splits: 2645 s UNSATISFIABLE
150-840/output_22.cnf: c total solving time: 9.567806005477905 c number of splits: 2015 s UNSATISFIABLE
150-840/output_23.cnf: c total solving time: 15.807581424713135 c number of splits: 3445 s UNSATISFIABLE
150-840/output_24.cnf: c total solving time: 11.603337526321411 c number of splits: 2481 s UNSATISFIABLE
150-840/output_25.cnf: c total solving time: 9.50505518913269 c number of splits: 2049 s UNSATISFIABLE
150-840/output_26.cnf: c total solving time: 6.2198121547698975 c number of splits: 1339 s UNSATISFIABLE
150-840/output_27.cnf: c total solving time: 9.850196599960327 c number of splits: 2185 s UNSATISFIABLE
150-840/output_28.cnf: c total solving time: 14.093359470367432 c number of splits: 3037 s UNSATISFIABLE
150-840/output_29.cnf: c total solving time: 14.464283227920532 c number of splits: 3155 s UNSATISFIABLE
150-840/output_3.cnf: c total solving time: 7.4225311279296875 c number of splits: 1659 s UNSATISFIABLE
150-840/output_30.cnf: c total solving time: 7.63893461227417 c number of splits: 1635 s UNSATISFIABLE
150-840/output_31.cnf: c total solving time: 7.649807929992676 c number of splits: 1681 s UNSATISFIABLE
150-840/output_32.cnf: c total solving time: 7.596787214279175 c number of splits: 1595 s UNSATISFIABLE
150-840/output_33.cnf: c total solving time: 10.098299980163574 c number of splits: 2273 s UNSATISFIABLE
150-840/output_34.cnf: c total solving time: 5.859840154647827 c number of splits: 1313 s UNSATISFIABLE
150-840/output_35.cnf: c total solving time: 8.684925317764282 c number of splits: 1881 s UNSATISFIABLE
150-840/output_36.cnf: c total solving time: 10.655756950378418 c number of splits: 2311 s UNSATISFIABLE
150-840/output_37.cnf: c total solving time: 7.16958212852478 c number of splits: 1527 s UNSATISFIABLE
150-840/output_38.cnf: c total solving time: 11.219224214553833 c number of splits: 2453 s UNSATISFIABLE
150-840/output_39.cnf: c total solving time: 17.721920490264893 c number of splits: 3945 s UNSATISFIABLE
150-840/output_4.cnf: c total solving time: 9.033736944198608 c number of splits: 1845 s UNSATISFIABLE
150-840/output_40.cnf: c total solving time: 13.23720932006836 c number of splits: 2909 s UNSATISFIABLE
150-840/output_41.cnf: c total solving time: 8.470047235488892 c number of splits: 1853 s UNSATISFIABLE
150-840/output_42.cnf: c total solving time: 5.720663547515869 c number of splits: 1221 s UNSATISFIABLE
150-840/output_43.cnf: c total solving time: 6.20878529548645 c number of splits: 1335 s UNSATISFIABLE
150-840/output_44.cnf: c total solving time: 8.36698603630066 c number of splits: 1763 s UNSATISFIABLE
150-840/output_45.cnf: c total solving time: 12.48231315612793 c number of splits: 2679 s UNSATISFIABLE
150-840/output_46.cnf: c total solving time: 9.011171102523804 c number of splits: 1937 s UNSATISFIABLE
150-840/output_47.cnf: c total solving time: 13.26017451286316 c number of splits: 2977 s UNSATISFIABLE
150-840/output_48.cnf: c total solving time: 8.114899158477783 c number of splits: 1805 s UNSATISFIABLE
150-840/output_49.cnf: c total solving time: 13.79422640800476 c number of splits: 2997 s UNSATISFIABLE
150-840/output_5.cnf: c total solving time: 11.540864944458008 c number of splits: 2551 s UNSATISFIABLE
150-840/output_50.cnf: c total solving time: 14.653526782989502 c number of splits: 3211 s UNSATISFIABLE
150-840/output_51.cnf: c total solving time: 9.056706428527832 c number of splits: 1951 s UNSATISFIABLE
150-840/output_52.cnf: c total solving time: 5.273107290267944 c number of splits: 1103 s UNSATISFIABLE
150-840/output_53.cnf: c total solving time: 9.970017433166504 c number of splits: 2237 s UNSATISFIABLE
150-840/output_54.cnf: c total solving time: 8.192855596542358 c number of splits: 1837 s UNSATISFIABLE
150-840/output_55.cnf: c total solving time: 3.3318045139312744 c number of splits: 677 s UNSATISFIABLE
150-840/output_56.cnf: c total solving time: 10.558553457260132 c number of splits: 2269 s UNSATISFIABLE
150-840/output_57.cnf: c total solving time: 8.488457918167114 c number of splits: 1803 s UNSATISFIABLE
150-840/output_58.cnf: c total solving time: 8.950440645217896 c number of splits: 1887 s UNSATISFIABLE
150-840/output_59.cnf: c total solving time: 8.289649486541748 c number of splits: 1731 s UNSATISFIABLE
150-840/output_6.cnf: c total solving time: 10.904091596603394 c number of splits: 2435 s UNSATISFIABLE
150-840/output_60.cnf: c total solving time: 10.072837114334106 c number of splits: 2141 s UNSATISFIABLE
150-840/output_61.cnf: c total solving time: 8.666244983673096 c number of splits: 1807 s UNSATISFIABLE
150-840/output_62.cnf: c total solving time: 5.596014976501465 c number of splits: 1143 s UNSATISFIABLE
150-840/output_63.cnf: c total solving time: 10.505112648010254 c number of splits: 2223 s UNSATISFIABLE
150-840/output_64.cnf: c total solving time: 8.484818935394287 c number of splits: 1747 s UNSATISFIABLE
150-840/output_65.cnf: c total solving time: 9.098488330841064 c number of splits: 1979 s UNSATISFIABLE
150-840/output_66.cnf: c total solving time: 5.480201482772827 c number of splits: 1145 s UNSATISFIABLE
150-840/output_67.cnf: c total solving time: 8.585803508758545 c number of splits: 1821 s UNSATISFIABLE
150-840/output_68.cnf: c total solving time: 8.93944764137268 c number of splits: 1983 s UNSATISFIABLE
150-840/output_69.cnf: c total solving time: 5.55391001701355 c number of splits: 1167 s UNSATISFIABLE
150-840/output_7.cnf: c total solving time: 4.105394601821899 c number of splits: 875 s UNSATISFIABLE
150-840/output_70.cnf: c total solving time: 12.947813272476196 c number of splits: 2851 s UNSATISFIABLE
150-840/output_71.cnf: c total solving time: 5.800664663314819 c number of splits: 1223 s UNSATISFIABLE
150-840/output_72.cnf: c total solving time: 9.868598461151123 c number of splits: 2089 s UNSATISFIABLE
150-840/output_73.cnf: c total solving time: 6.7113237380981445 c number of splits: 1473 s UNSATISFIABLE
150-840/output_74.cnf: c total solving time: 6.878071069717407 c number of splits: 1471 s UNSATISFIABLE
150-840/output_75.cnf: c total solving time: 7.2811973094940186 c number of splits: 1623 s UNSATISFIABLE
150-840/output_76.cnf: c total solving time: 5.602356433868408 c number of splits: 1203 s UNSATISFIABLE
150-840/output_77.cnf: c total solving time: 13.825928688049316 c number of splits: 3017 s UNSATISFIABLE
150-840/output_78.cnf: c total solving time: 4.791423559188843 c number of splits: 1007 s UNSATISFIABLE
150-840/output_79.cnf: c total solving time: 10.579023122787476 c number of splits: 2315 s UNSATISFIABLE
150-840/output_8.cnf: c total solving time: 9.927964925765991 c number of splits: 2179 s UNSATISFIABLE
150-840/output_80.cnf: c total solving time: 8.018321990966797 c number of splits: 1719 s UNSATISFIABLE
150-840/output_81.cnf: c total solving time: 8.812004804611206 c number of splits: 1853 s UNSATISFIABLE
150-840/output_82.cnf: c total solving time: 5.439394950866699 c number of splits: 1179 s UNSATISFIABLE
150-840/output_83.cnf: c total solving time: 12.0638587474823 c number of splits: 2599 s UNSATISFIABLE
150-840/output_84.cnf: c total solving time: 8.066729545593262 c number of splits: 1763 s UNSATISFIABLE
150-840/output_85.cnf: c total solving time: 6.733482122421265 c number of splits: 1479 s UNSATISFIABLE
150-840/output_86.cnf: c total solving time: 6.594844102859497 c number of splits: 1415 s UNSATISFIABLE
150-840/output_87.cnf: c total solving time: 12.815168619155884 c number of splits: 2925 s UNSATISFIABLE
150-840/output_88.cnf: c total solving time: 6.2860729694366455 c number of splits: 1329 s UNSATISFIABLE
150-840/output_89.cnf: c total solving time: 8.26954960823059 c number of splits: 1785 s UNSATISFIABLE
150-840/output_9.cnf: c total solving time: 16.091426372528076 c number of splits: 3669 s UNSATISFIABLE
150-840/output_90.cnf: c total solving time: 7.728169202804565 c number of splits: 1681 s UNSATISFIABLE
150-840/output_91.cnf: c total solving time: 10.281661987304688 c number of splits: 2211 s UNSATISFIABLE
150-840/output_92.cnf: c total solving time: 5.5620644092559814 c number of splits: 1159 s UNSATISFIABLE
150-840/output_93.cnf: c total solving time: 6.313033819198608 c number of splits: 1355 s UNSATISFIABLE
150-840/output_94.cnf: c total solving time: 6.97852635383606 c number of splits: 1477 s UNSATISFIABLE
150-840/output_95.cnf: c total solving time: 7.4959516525268555 c number of splits: 1605 s UNSATISFIABLE
150-840/output_96.cnf: c total solving time: 3.725433111190796 c number of splits: 793 s UNSATISFIABLE
150-840/output_97.cnf: c total solving time: 14.678521633148193 c number of splits: 3247 s UNSATISFIABLE
150-840/output_98.cnf: c total solving time: 9.165097713470459 c number of splits: 1961 s UNSATISFIABLE
150-840/output_99.cnf: c total solving time: 5.267677545547485 c number of splits: 1111 s UNSATISFIABLE
Total solving time: 895.3916904926300039
Median solving time: 8.62
Total number of splits: 193904
Median number of splits: 1829.00
Number of satisfiable: 0
