150-810/output_0.cnf: c total solving time: 15.199729204177856 c number of splits: 3609 s UNSATISFIABLE
150-810/output_1.cnf: c total solving time: 11.230902194976807 c number of splits: 2577 s UNSATISFIABLE
150-810/output_10.cnf: c total solving time: 6.371588945388794 c number of splits: 1425 s UNSATISFIABLE
150-810/output_11.cnf: c total solving time: 11.501402378082275 c number of splits: 2567 s UNSATISFIABLE
150-810/output_12.cnf: c total solving time: 10.777955532073975 c number of splits: 2399 s UNSATISFIABLE
150-810/output_13.cnf: c total solving time: 19.415287017822266 c number of splits: 4485 s UNSATISFIABLE
150-810/output_14.cnf: c total solving time: 13.920733213424683 c number of splits: 3083 s UNSATISFIABLE
150-810/output_15.cnf: c total solving time: 15.468744277954102 c number of splits: 3575 s UNSATISFIABLE
150-810/output_16.cnf: c total solving time: 7.204423904418945 c number of splits: 1583 s UNSATISFIABLE
150-810/output_17.cnf: c total solving time: 6.98179817199707 c number of splits: 1577 s UNSATISFIABLE
150-810/output_18.cnf: c total solving time: 10.768989562988281 c number of splits: 2483 s UNSATISFIABLE
150-810/output_19.cnf: c total solving time: 7.858067274093628 c number of splits: 1773 s UNSATISFIABLE
150-810/output_2.cnf: c total solving time: 8.944112062454224 c number of splits: 2033 s UNSATISFIABLE
150-810/output_20.cnf: c total solving time: 5.585723638534546 c number of splits: 1205 s UNSATISFIABLE
150-810/output_21.cnf: c total solving time: 20.890637636184692 c number of splits: 4961 s UNSATISFIABLE
150-810/output_22.cnf: c total solving time: 13.402380228042603 c number of splits: 3131 s UNSATISFIABLE
150-810/output_23.cnf: c total solving time: 8.072250127792358 c number of splits: 1793 s UNSATISFIABLE
150-810/output_24.cnf: c total solving time: 6.094646453857422 c number of splits: 1301 s UNSATISFIABLE
150-810/output_25.cnf: c total solving time: 9.750123500823975 c number of splits: 2157 s UNSATISFIABLE
150-810/output_26.cnf: c total solving time: 5.8939995765686035 c number of splits: 1297 s UNSATISFIABLE
150-810/output_27.cnf: c total solving time: 11.78121280670166 c number of splits: 2661 s UNSATISFIABLE
150-810/output_28.cnf: c total solving time: 9.497223377227783 c number of splits: 2073 s UNSATISFIABLE
150-810/output_29.cnf: c total solving time: 8.881250143051147 c number of splits: 2075 s UNSATISFIABLE
150-810/output_3.cnf: c total solving time: 23.152454137802124 c number of splits: 5247 s UNSATISFIABLE
150-810/output_30.cnf: c total solving time: 9.130165338516235 c number of splits: 1997 s UNSATISFIABLE
150-810/output_31.cnf: c total solving time: 12.14632248878479 c number of splits: 2825 s UNSATISFIABLE
150-810/output_32.cnf: c total solving time: 14.15593409538269 c number of splits: 3443 s UNSATISFIABLE
150-810/output_33.cnf: c total solving time: 9.261208295822144 c number of splits: 2063 s UNSATISFIABLE
150-810/output_34.cnf: c total solving time: 13.06090760231018 c number of splits: 2917 s UNSATISFIABLE
150-810/output_35.cnf: c total solving time: 12.672617435455322 c number of splits: 2973 s UNSATISFIABLE
150-810/output_36.cnf: c total solving time: 9.26120662689209 c number of splits: 2091 s UNSATISFIABLE
150-810/output_37.cnf: c total solving time: 9.631791353225708 c number of splits: 2227 s UNSATISFIABLE
150-810/output_38.cnf: c total solving time: 11.846885204315186 c number of splits: 2727 s UNSATISFIABLE
150-810/output_39.cnf: c total solving time: 18.522560596466064 c number of splits: 4297 s UNSATISFIABLE
150-810/output_4.cnf: c total solving time: 11.573781251907349 c number of splits: 2643 s UNSATISFIABLE
150-810/output_40.cnf: c total solving time: 23.08723211288452 c number of splits: 5417 s UNSATISFIABLE
150-810/output_41.cnf: c total solving time: 8.999662637710571 c number of splits: 2037 s UNSATISFIABLE
150-810/output_42.cnf: c total solving time: 8.834903001785278 c number of splits: 1937 s UNSATISFIABLE
150-810/output_43.cnf: c total solving time: 11.638080358505249 c number of splits: 2663 s UNSATISFIABLE
150-810/output_44.cnf: c total solving time: 15.845560312271118 c number of splits: 3667 s UNSATISFIABLE
150-810/output_45.cnf: c total solving time: 13.932822465896606 c number of splits: 3127 s UNSATISFIABLE
150-810/output_46.cnf: c total solving time: 11.54558777809143 c number of splits: 2535 s UNSATISFIABLE
150-810/output_47.cnf: c total solving time: 17.992364168167114 c number of splits: 4173 s UNSATISFIABLE
150-810/output_48.cnf: c total solving time: 7.53662109375 c number of splits: 1687 s UNSATISFIABLE
150-810/output_49.cnf: c total solving time: 12.445359945297241 c number of splits: 2885 s UNSATISFIABLE
150-810/output_5.cnf: c total solving time: 10.824389219284058 c number of splits: 2413 s UNSATISFIABLE
150-810/output_50.cnf: c total solving time: 7.694930791854858 c number of splits: 1683 s UNSATISFIABLE
150-810/output_51.cnf: c total solving time: 9.624835014343262 c number of splits: 2147 s UNSATISFIABLE
150-810/output_52.cnf: c total solving time: 14.15611720085144 c number of splits: 3319 s UNSATISFIABLE
150-810/output_53.cnf: c total solving time: 5.47990608215332 c number of splits: 1205 s UNSATISFIABLE
150-810/output_54.cnf: c total solving time: 6.3198511600494385 c number of splits: 1391 s UNSATISFIABLE
150-810/output_55.cnf: c total solving time: 3.923093557357788 c number of splits: 873 s UNSATISFIABLE
150-810/output_56.cnf: c total solving time: 9.927917003631592 c number of splits: 2209 s UNSATISFIABLE
150-810/output_57.cnf: c total solving time: 12.657922267913818 c number of splits: 2909 s UNSATISFIABLE
150-810/output_58.cnf: c total solving time: 10.437946557998657 c number of splits: 2381 s UNSATISFIABLE
150-810/output_59.cnf: c total solving time: 10.072089433670044 c number of splits: 2307 s UNSATISFIABLE
150-810/output_6.cnf: c total solving time: 13.045548439025879 c number of splits: 2957 s UNSATISFIABLE
150-810/output_60.cnf: c total solving time: 9.437981843948364 c number of splits: 2151 s UNSATISFIABLE
150-810/output_61.cnf: c total solving time: 12.438354730606079 c number of splits: 2747 s UNSATISFIABLE
150-810/output_62.cnf: c total solving time: 5.31654953956604 c number of splits: 1185 s UNSATISFIABLE
150-810/output_63.cnf: c total solving time: 7.065274238586426 c number of splits: 1633 s UNSATISFIABLE
150-810/output_64.cnf: c total solving time: 17.186403274536133 c number of splits: 4063 s UNSATISFIABLE
150-810/output_65.cnf: c total solving time: 7.903640031814575 c number of splits: 1769 s UNSATISFIABLE
150-810/output_66.cnf: c total solving time: 16.292356491088867 c number of splits: 3821 s UNSATISFIABLE
150-810/output_67.cnf: c total solving time: 13.498391389846802 c number of splits: 3269 s UNSATISFIABLE
150-810/output_68.cnf: c total solving time: 5.056370258331299 c number of splits: 1131 s UNSATISFIABLE
150-810/output_69.cnf: c total solving time: 17.34447741508484 c number of splits: 4043 s UNSATISFIABLE
150-810/output_7.cnf: c total solving time: 7.69865608215332 c number of splits: 1699 s UNSATISFIABLE
150-810/output_70.cnf: c total solving time: 10.116791248321533 c number of splits: 2255 s UNSATISFIABLE
150-810/output_71.cnf: c total solving time: 7.096185207366943 c number of splits: 1571 s UNSATISFIABLE
150-810/output_72.cnf: c total solving time: 9.83984661102295 c number of splits: 2215 s UNSATISFIABLE
150-810/output_73.cnf: c total solving time: 12.126704216003418 c number of splits: 2743 s UNSATISFIABLE
150-810/output_74.cnf: c total solving time: 6.589548826217651 c number of splits: 1471 s UNSATISFIABLE
150-810/output_75.cnf: c total solving time: 18.975852489471436 c number of splits: 4285 s UNSATISFIABLE
150-810/output_76.cnf: c total solving time: 11.451972484588623 c number of splits: 2551 s UNSATISFIABLE
150-810/output_77.cnf: c total solving time: 12.856045961380005 c number of splits: 2813 s UNSATISFIABLE
150-810/output_78.cnf: c total solving time: 10.694398880004883 c number of splits: 2429 s UNSATISFIABLE
150-810/output_79.cnf: c total solving time: 8.036832332611084 c number of splits: 1805 s UNSATISFIABLE
150-810/output_8.cnf: c total solving time: 5.634782552719116 c number of splits: 1281 s UNSATISFIABLE
150-810/output_80.cnf: c total solving time: 6.406684875488281 c number of splits: 1427 s UNSATISFIABLE
150-810/output_81.cnf: c total solving time: 14.658347845077515 c number of splits: 3315 s UNSATISFIABLE
150-810/output_82.cnf: c total solving time: 8.405362367630005 c number of splits: 1867 s UNSATISFIABLE
150-810/output_83.cnf: c total solving time: 14.43662977218628 c number of splits: 3319 s UNSATISFIABLE
150-810/output_84.cnf: c total solving time: 14.677574872970581 c number of splits: 3263 s UNSATISFIABLE
150-810/output_85.cnf: c total solving time: 19.301233768463135 c number of splits: 4563 s UNSATISFIABLE
150-810/output_86.cnf: c total solving time: 11.586817264556885 c number of splits: 2613 s UNSATISFIABLE
150-810/output_87.cnf: c total solving time: 10.677339792251587 c number of splits: 2405 s UNSATISFIABLE
150-810/output_88.cnf: c total solving time: 8.685383319854736 c number of splits: 1887 s UNSATISFIABLE
150-810/output_89.cnf: c total solving time: 13.752177715301514 c number of splits: 3089 s UNSATISFIABLE
150-810/output_9.cnf: c total solving time: 12.703510522842407 c number of splits: 2963 s UNSATISFIABLE
150-810/output_90.cnf: c total solving time: 9.446196794509888 c number of splits: 2169 s UNSATISFIABLE
150-810/output_91.cnf: c total solving time: 11.090165376663208 c number of splits: 2579 s UNSATISFIABLE
150-810/output_92.cnf: c total solving time: 8.206067323684692 c number of splits: 1761 s UNSATISFIABLE
150-810/output_93.cnf: c total solving time: 8.503401279449463 c number of splits: 1889 s UNSATISFIABLE
150-810/output_94.cnf: c total solving time: 8.791165351867676 c number of splits: 1947 s UNSATISFIABLE
150-810/output_95.cnf: c total solving time: 6.851729869842529 c number of splits: 1477 s UNSATISFIABLE
150-810/output_96.cnf: c total solving time: 8.754058122634888 c number of splits: 1937 s UNSATISFIABLE
150-810/output_97.cnf: c total solving time: 7.525935888290405 c number of splits: 1635 s UNSATISFIABLE
150-810/output_98.cnf: c total solving time: 3.335711717605591 c number of splits: 729 s UNSATISFIABLE
150-810/output_99.cnf: c total solving time: 14.187872171401978 c number of splits: 3187 s UNSATISFIABLE
Total solving time: 1100.5725383758544900
Median solving time: 10.55
Total number of splits: 250146
Median number of splits: 2390.00
Number of satisfiable: 0
