c total solving time: 30.517578601837158 c number of splits: 10422 s SATISFIABLE v 1 2 3 4 5 -6 -7 -8 -9 10 11 -12 -13 -14 15 -16 17 18 19 -20 21 -22 23 24 -25 26 27 28 -29 -30 -31 -32 33 34 35 36 -37 38 39 -40 -41 42 43 44 45 46 47 48 -49 50 -51 52 52 -53 54 55 -56 -57 58 59 -60 61 -62 63 64 65 66 -67 68 -69 -70 71 -72 -73 -74 75 76 77 78 -79 80 81 -82 83 84 85 -86 -87 88 -89 -90 91 92 -93 -94 -95 96 -97 98 99 -100 101 102 -103 104 105 106 -107 108 -109 -110 -111 -112 -113 114 115 116 -117 118 -119 120 121 122 123 -124 125 -126 -127 -128 -129 130 -131 -132 133 134 -135 136 -137 138 139 -140 -141 142 143 -144 -145 146 147 148 149 150 0
c total solving time: 2.7765071392059326 c number of splits: 998 s SATISFIABLE v -1 2 3 -4 -5 6 7 8 9 10 10 10 10 11 12 -13 14 -15 -16 -17 18 -19 -20 -21 -22 23 -24 -25 -26 -27 -28 -29 30 -31 32 33 -34 35 -36 37 -38 39 -40 41 -42 43 -44 45 -46 47 48 -49 -50 51 52 -53 -54 -55 56 57 57 57 -58 -59 -60 -61 62 63 -64 -65 66 -67 68 69 -70 -71 72 73 74 -75 76 -77 -78 79 -80 -81 -82 -83 -84 -85 -86 -87 88 89 -90 91 92 -93 -94 -95 96 97 98 99 -100 -101 -102 -103 104 -105 -106 -107 108 -109 -110 -111 -112 113 -114 -115 116 -117 118 -119 -120 121 -122 -123 -124 -125 -126 -127 128 129 130 131 -132 -133 134 135 136 -137 138 139 140 -141 142 143 144 145 146 -147 -148 -149 150 0
c total solving time: 45.81567430496216 c number of splits: 13693 s UNSATISFIABLE
c total solving time: 48.708598136901855 c number of splits: 14725 s UNSATISFIABLE
c total solving time: 37.85600686073303 c number of splits: 11413 s UNSATISFIABLE
c total solving time: 6.915367603302002 c number of splits: 1997 s SATISFIABLE v 1 -2 -3 -4 5 6 -7 8 -9 -10 -11 12 13 -14 15 -16 17 -18 19 -20 21 22 23 24 25 26 -27 28 -29 30 -31 -32 33 34 35 36 37 38 -39 40 -41 42 43 -44 -45 46 47 48 -49 -50 51 52 53 54 -55 56 -57 -58 59 60 61 61 61 62 63 -64 -65 -66 67 -68 -69 70 -71 -72 -73 -74 75 76 77 78 -79 -80 -81 -82 -83 -84 -85 86 -87 -88 -89 90 91 91 91 91 91 91 -92 -93 94 -95 -96 -97 98 99 -100 101 102 103 -104 105 -106 -107 108 -109 -110 111 -112 -113 114 115 116 -117 118 -119 120 -121 -122 -123 -124 -125 126 -127 128 129 130 131 -132 133 -134 -135 -136 137 137 138 -139 -140 -141 -142 -143 144 -145 146 -147 148 -149 -150 0
c total solving time: 33.55698895454407 c number of splits: 9977 s UNSATISFIABLE
c total solving time: 39.72383379936218 c number of splits: 12131 s UNSATISFIABLE
c total solving time: 78.2068247795105 c number of splits: 23317 s UNSATISFIABLE
c total solving time: 38.31408429145813 c number of splits: 10733 s UNSATISFIABLE
c total solving time: 13.075263738632202 c number of splits: 3740 s SATISFIABLE v -1 2 -3 4 -5 -6 7 -8 -9 -10 -11 12 -13 14 15 16 -17 -18 -19 -20 -21 -22 23 -24 25 26 -27 -28 29 -30 31 -32 -33 -34 35 36 37 -38 -39 40 41 -42 -43 44 45 -46 47 48 49 50 -51 -52 53 54 55 56 57 58 58 59 60 61 62 -63 64 65 66 -67 -68 69 70 71 72 73 74 75 76 -77 -78 -79 -80 -81 82 83 84 -85 -86 87 -88 89 -90 91 92 -93 94 -95 -96 97 -98 99 100 101 -102 -103 -104 105 -106 -107 108 -109 110 -111 -112 -113 -114 -115 116 117 -118 119 120 121 122 123 124 -125 126 -127 -128 -129 130 -131 -132 -133 134 135 136 -137 -138 139 140 -141 142 -143 144 145 -146 147 148 149 -150 0
c total solving time: 26.551445245742798 c number of splits: 7607 s UNSATISFIABLE
c total solving time: 56.46445274353027 c number of splits: 17207 s UNSATISFIABLE
c total solving time: 63.436702489852905 c number of splits: 18875 s UNSATISFIABLE
c total solving time: 51.98871207237244 c number of splits: 15445 s UNSATISFIABLE
c total solving time: 11.749762535095215 c number of splits: 3281 s UNSATISFIABLE
c total solving time: 11.252315282821655 c number of splits: 3485 s SATISFIABLE v 1 -2 -3 4 -5 6 -7 -8 -9 -10 11 12 13 14 14 14 14 -15 16 -17 18 -19 20 21 -22 -23 -24 -25 -26 -27 28 -29 -30 31 -32 33 -34 35 36 -37 -38 39 -40 41 41 -42 43 -44 45 46 47 -48 49 50 -51 -52 53 53 54 -55 -56 -57 58 -59 60 -61 -62 -63 64 65 -66 -67 68 69 -70 71 72 -73 -74 75 -76 -77 78 -79 -80 -81 82 -83 84 85 86 87 88 -89 90 91 -92 93 94 -95 -96 -97 -98 99 -100 -101 -102 -103 104 105 106 -107 108 -109 110 -111 -112 -113 -114 115 116 -117 -118 119 120 -121 122 -123 -124 -125 126 127 128 129 -130 -131 -132 -133 -134 135 136 137 138 139 -140 141 -142 -143 -144 145 -146 -147 -148 -149 150 0
c total solving time: 79.77360701560974 c number of splits: 24577 s UNSATISFIABLE
c total solving time: 1.5269241333007812 c number of splits: 450 s SATISFIABLE v 1 -2 3 4 5 6 -7 -8 9 -10 11 12 13 -14 -15 -16 -17 -18 -19 -20 -21 22 23 24 25 26 -27 -28 -29 -30 31 32 -33 34 -35 -36 37 38 -39 40 -41 -42 -43 -44 -45 46 47 48 49 50 51 -52 53 -54 -55 -56 57 -58 59 60 61 62 -63 64 65 66 -67 68 -69 70 71 -72 73 74 75 76 -77 78 79 79 -80 81 -82 83 -84 85 86 87 88 89 89 -90 -91 -92 93 -94 -95 -96 97 -98 99 99 99 -100 101 -102 -103 -104 -105 106 -107 -108 -109 -110 -111 112 -113 -114 -115 116 -117 118 119 120 -121 122 123 124 125 126 127 128 129 130 -131 -132 133 134 135 136 137 -138 -139 -140 -141 142 143 -144 145 -146 147 -148 -149 150 0
c total solving time: 4.903041124343872 c number of splits: 1714 s SATISFIABLE v 1 2 -3 4 5 6 -7 -8 -9 -10 -11 12 -13 14 15 16 -17 18 -19 -20 -21 22 23 24 25 26 -27 28 29 -30 -31 -32 33 -34 -35 36 -37 38 39 40 -41 42 -43 -44 -45 -46 -47 -48 -49 50 51 -52 53 -54 -55 56 -57 -58 59 -60 -61 -62 63 64 -65 66 -67 68 69 70 -71 72 73 -74 75 -76 -77 78 -79 80 -81 -82 -83 84 85 -86 87 88 -89 90 91 -92 93 94 -95 -96 97 98 -99 -100 101 102 -103 -104 -105 -106 107 108 -109 -110 -111 112 113 -114 115 116 117 118 -119 -120 121 122 123 124 125 126 -127 -128 129 -130 131 132 -133 -134 -135 136 137 -138 -139 -140 141 142 143 -144 145 146 147 148 -149 150 0
c total solving time: 22.79395580291748 c number of splits: 6831 s SATISFIABLE v 1 2 -3 -4 5 6 -7 -8 9 -10 11 12 -13 14 -15 -16 -17 -18 -19 20 21 -22 -23 -24 25 -26 -27 -28 -29 30 31 -32 33 -34 35 -36 -37 38 38 -39 40 -41 42 -43 -44 -45 -46 47 48 -49 -50 -51 -52 53 54 -55 56 57 -58 59 60 61 62 63 64 -65 -66 67 68 69 70 -71 72 -73 74 75 76 77 78 79 80 81 82 -83 84 84 -85 -86 87 -88 89 90 91 92 93 -94 95 95 95 95 95 95 95 -96 97 98 -99 100 101 -102 -103 -104 -105 106 -107 108 -109 -110 111 112 113 114 -115 -116 -117 -118 119 -120 121 122 -123 124 -125 126 -127 128 129 -130 -131 -132 -133 134 135 136 137 138 -139 140 141 -142 -143 144 145 146 -147 148 -149 -150 0
c total solving time: 30.279866695404053 c number of splits: 8679 s UNSATISFIABLE
c total solving time: 48.3821964263916 c number of splits: 14285 s UNSATISFIABLE
c total solving time: 94.52414298057556 c number of splits: 29001 s UNSATISFIABLE
c total solving time: 21.243952751159668 c number of splits: 6152 s SATISFIABLE v -1 2 3 4 -5 6 7 8 9 10 11 12 13 -14 15 -16 17 -18 -19 -20 -21 -22 23 23 23 23 23 -24 25 26 27 28 29 -30 -31 -32 33 -34 35 -36 37 -38 39 -40 41 -42 43 44 45 46 47 48 49 -50 51 52 53 -54 55 56 -57 58 -59 -60 61 -62 -63 -64 65 -66 -67 68 69 70 71 -72 -73 74 -75 -76 -77 -78 -79 -80 -81 82 -83 -84 85 -86 87 -88 -89 90 -91 -92 -93 94 -95 -96 -97 -98 99 -100 101 -102 103 -104 105 106 107 -108 -109 -110 -111 112 113 -114 -115 -116 117 118 -119 120 -121 122 123 124 125 126 127 -128 -129 -130 131 -132 133 -134 135 -136 137 138 -139 -140 141 142 143 144 -145 146 -147 148 149 150 0
c total solving time: 15.142629861831665 c number of splits: 4545 s UNSATISFIABLE
c total solving time: 63.17811369895935 c number of splits: 18703 s UNSATISFIABLE
c total solving time: 17.84266757965088 c number of splits: 6025 s SATISFIABLE v 1 -2 3 4 5 -6 -7 8 -9 -10 -11 12 13 14 15 16 17 -18 -19 -20 -21 22 -23 -24 -25 -26 -27 -28 -29 30 31 -32 -33 -34 -35 -36 37 -38 39 -40 41 42 -43 44 45 46 47 -48 -49 50 -51 -52 53 54 -55 -56 57 -58 -59 60 61 -62 63 -64 65 -66 67 68 69 70 71 -72 73 74 -75 -76 77 -78 -79 80 -81 82 83 -84 -85 -86 -87 -88 -89 -90 -91 -92 -93 94 -95 96 -97 98 -99 100 101 -102 103 104 -105 -106 -107 -108 109 -110 111 112 -113 114 115 116 117 118 119 -120 -121 -122 -123 -124 -125 -126 -127 128 129 130 131 -132 133 -134 135 136 -137 138 139 -140 141 142 -143 -144 -145 146 147 -148 -149 150 0
c total solving time: 4.934902191162109 c number of splits: 1788 s SATISFIABLE v -1 -2 3 -4 5 -6 7 8 9 -10 -11 12 -13 14 -15 -16 -17 18 19 20 21 -22 23 -24 25 -26 -27 -28 29 30 30 30 30 -31 32 -33 -34 35 35 -36 -37 -38 39 40 41 -42 -43 44 -45 -46 -47 48 49 50 -51 -52 53 -54 55 -56 57 58 59 60 61 -62 -63 64 -65 66 67 -68 69 -70 -71 -72 -73 -74 75 76 77 78 79 80 81 82 -83 -84 -85 -86 -87 88 89 -90 91 92 93 94 95 -96 -97 98 -99 100 -101 102 -103 -104 -105 -106 -107 -108 -109 110 -111 -112 113 114 115 116 -117 -118 -119 -120 121 122 123 -124 -125 -126 -127 128 129 130 131 132 133 -134 -135 136 137 138 139 140 141 142 -143 144 -145 -146 147 -148 149 -150 0
c total solving time: 25.74974513053894 c number of splits: 7301 s UNSATISFIABLE
c total solving time: 18.288153171539307 c number of splits: 5565 s UNSATISFIABLE
c total solving time: 28.095658540725708 c number of splits: 8167 s UNSATISFIABLE
c total solving time: 21.63218331336975 c number of splits: 6239 s UNSATISFIABLE
c total solving time: 5.61938214302063 c number of splits: 1969 s SATISFIABLE v -1 -2 3 4 -5 6 -7 8 -9 -10 -11 -12 -13 14 15 16 17 -18 -19 20 21 22 -23 -24 25 26 -27 -28 -29 -30 31 32 33 -34 35 -36 37 -38 -39 40 -41 42 -43 -44 -45 -46 47 -48 49 49 49 49 -50 -51 -52 -53 -54 -55 -56 -57 -58 59 -60 -61 62 62 -63 -64 -65 -66 -67 -68 -69 70 -71 72 73 74 75 75 75 75 75 76 -77 78 -79 -80 81 82 83 84 -85 86 87 -88 89 -90 91 92 -93 94 -95 96 -97 -98 99 -100 101 -102 -103 104 105 106 107 108 -109 -110 111 112 -113 -114 -115 -116 -117 118 119 120 -121 -122 -123 124 125 126 -127 128 129 130 131 -132 133 134 135 136 137 138 -139 -140 141 142 143 -144 145 146 147 -148 -149 150 0
c total solving time: 18.213647842407227 c number of splits: 5199 s SATISFIABLE v 1 1 1 1 1 -2 -3 4 -5 6 -7 8 -9 10 -11 12 12 12 12 12 13 14 -15 16 17 18 -19 20 -21 -22 23 24 25 26 27 28 -29 -30 31 -32 33 -34 35 -36 37 38 -39 40 -41 42 -43 44 45 -46 -47 48 49 -50 -51 52 52 52 52 -53 54 55 56 -57 -58 -59 60 -61 62 63 -64 65 -66 67 68 69 -70 -71 -72 -73 74 75 76 -77 -78 79 80 -81 -82 83 -84 -85 86 -87 88 89 90 90 90 -91 -92 93 -94 95 96 -97 98 99 100 101 102 -103 -104 -105 -106 -107 108 109 -110 -111 112 -113 114 -115 116 117 118 -119 120 -121 -122 -123 124 125 -126 127 -128 129 130 131 -132 -133 134 135 -136 137 138 -139 140 -141 -142 -143 -144 -145 146 147 148 -149 150 0
c total solving time: 25.026426076889038 c number of splits: 7037 s UNSATISFIABLE
c total solving time: 11.932584524154663 c number of splits: 3265 s UNSATISFIABLE
c total solving time: 30.09818458557129 c number of splits: 9370 s SATISFIABLE v -1 -2 3 4 -5 -6 -7 -8 -9 10 11 12 13 13 -14 -15 16 17 -18 19 20 21 22 23 24 25 -26 27 -28 29 30 -31 -32 33 -34 -35 36 36 37 -38 39 -40 -41 42 -43 -44 45 -46 -47 48 48 49 -50 51 52 53 54 -55 -56 57 -58 59 -60 61 -62 63 -64 65 -66 67 -68 -69 70 -71 72 -73 -74 -75 -76 -77 -78 79 -80 81 -82 -83 -84 -85 86 87 88 -89 -90 -91 92 93 -94 -95 -96 -97 98 -99 100 101 101 102 -103 -104 -105 106 107 108 -109 110 -111 -112 -113 114 115 116 -117 118 119 -120 -121 -122 -123 124 125 -126 127 -128 -129 130 -131 132 133 134 135 -136 -137 138 -139 140 -141 142 143 144 -145 146 -147 148 149 -150 0
c total solving time: 12.77190089225769 c number of splits: 3351 s UNSATISFIABLE
c total solving time: 69.60149836540222 c number of splits: 21513 s UNSATISFIABLE
c total solving time: 47.403971433639526 c number of splits: 14307 s UNSATISFIABLE
c total solving time: 9.378111124038696 c number of splits: 3177 s SATISFIABLE v 1 2 3 4 4 4 4 4 4 -5 6 -7 -8 9 -10 -11 -12 -13 14 15 -16 -17 18 -19 -20 21 22 -23 24 -25 26 -27 28 -29 30 -31 32 -33 34 -35 36 -37 38 -39 -40 41 -42 43 -44 -45 -46 47 47 48 49 -50 51 52 53 53 53 53 53 53 54 55 -56 -57 58 -59 -60 -61 -62 -63 64 -65 -66 67 -68 -69 -70 71 72 73 74 75 76 77 -78 -79 80 81 82 -83 84 85 -86 87 -88 89 -90 91 -92 93 94 -95 -96 -97 98 -99 100 101 -102 103 -104 -105 -106 107 108 109 110 111 -112 -113 114 -115 -116 117 118 -119 120 121 -122 123 -124 -125 126 127 -128 129 -130 -131 132 133 133 133 133 133 -134 -135 -136 137 -138 -139 140 -141 -142 -143 144 -145 146 146 -147 -148 -149 150 0
c total solving time: 60.9238965511322 c number of splits: 19169 s UNSATISFIABLE
c total solving time: 5.775873184204102 c number of splits: 2108 s SATISFIABLE v 1 2 -3 4 -5 6 -7 8 -9 -10 11 -12 13 14 -15 16 -17 18 -19 20 21 22 23 24 25 26 27 -28 29 30 31 32 -33 34 34 34 -35 -36 -37 38 -39 40 -41 -42 -43 44 -45 46 -47 -48 49 50 51 -52 -53 54 55 56 57 -58 59 -60 61 -62 63 64 -65 -66 67 -68 -69 -70 -71 72 73 -74 75 76 77 78 -79 -80 -81 82 83 -84 -85 86 87 -88 89 -90 -91 -92 93 -94 -95 96 97 -98 -99 -100 -101 102 103 -104 105 105 105 105 105 105 105 105 -106 -107 108 -109 110 111 112 113 -114 115 -116 117 118 119 120 121 122 -123 124 -125 126 127 128 -129 -130 -131 -132 133 -134 135 136 -137 138 -139 -140 -141 -142 143 -144 -145 -146 147 148 149 150 0
c total solving time: 62.623048543930054 c number of splits: 18837 s UNSATISFIABLE
c total solving time: 38.723642110824585 c number of splits: 11487 s UNSATISFIABLE
c total solving time: 45.18138909339905 c number of splits: 13875 s UNSATISFIABLE
c total solving time: 20.706295251846313 c number of splits: 5957 s UNSATISFIABLE
c total solving time: 24.841407299041748 c number of splits: 7013 s UNSATISFIABLE
c total solving time: 78.52823972702026 c number of splits: 24299 s UNSATISFIABLE
c total solving time: 12.19335389137268 c number of splits: 3539 s UNSATISFIABLE
c total solving time: 22.503745794296265 c number of splits: 6375 s UNSATISFIABLE
c total solving time: 10.324941158294678 c number of splits: 3110 s SATISFIABLE v -1 2 3 4 5 6 -7 8 -9 -10 11 12 13 -14 15 16 -17 -18 -19 -20 21 22 23 24 25 -26 -27 -28 29 -30 -31 -32 -33 34 -35 36 37 -38 39 40 -41 -42 -43 44 45 -46 47 48 -49 50 -51 52 53 54 55 -56 -57 58 59 60 -61 -62 -63 -64 -65 66 -67 -68 -69 70 -71 72 73 74 -75 -76 -77 -78 79 -80 -81 -82 83 84 85 -86 -87 -88 89 90 91 92 -93 94 -95 -96 -97 -98 99 100 101 -102 103 104 -105 106 106 106 106 106 106 106 106 106 106 -107 108 -109 110 -111 112 -113 -114 -115 116 117 -118 119 -120 -121 -122 123 -124 125 126 127 -128 -129 130 -131 132 133 -134 135 -136 -137 138 139 -140 -141 142 143 144 -145 146 147 -148 149 150 0
c total solving time: 21.87738013267517 c number of splits: 6277 s UNSATISFIABLE
c total solving time: 35.85287666320801 c number of splits: 10637 s UNSATISFIABLE
c total solving time: 41.66853046417236 c number of splits: 12653 s UNSATISFIABLE
c total solving time: 51.33350467681885 c number of splits: 15517 s UNSATISFIABLE
c total solving time: 24.8067045211792 c number of splits: 7199 s UNSATISFIABLE
c total solving time: 46.7165846824646 c number of splits: 13931 s UNSATISFIABLE
c total solving time: 26.948307275772095 c number of splits: 8015 s SATISFIABLE v -1 -2 -3 4 -5 -6 -7 -8 9 10 11 -12 -13 -14 15 16 17 -18 -19 20 -21 22 -23 24 -25 -26 27 -28 29 -30 31 -32 -33 34 35 -36 -37 -38 39 -40 -41 42 43 44 -45 46 -47 -48 49 50 -51 52 -53 54 -55 -56 57 58 59 60 -61 -62 -63 -64 65 66 67 -68 -69 70 -71 72 73 -74 75 -76 -77 -78 79 80 -81 -82 -83 -84 85 85 85 85 85 86 87 88 -89 90 91 92 -93 94 95 96 -97 -98 -99 100 -101 -102 -103 104 -105 -106 -107 108 -109 110 -111 112 113 114 115 -116 -117 -118 -119 120 121 122 -123 -124 125 -126 127 -128 -129 130 131 132 -133 134 135 136 137 -138 -139 -140 141 142 143 144 145 -146 147 -148 149 150 0
c total solving time: 63.991597414016724 c number of splits: 18759 s UNSATISFIABLE
c total solving time: 18.216294765472412 c number of splits: 5436 s SATISFIABLE v 1 2 3 4 5 6 -7 -8 9 -10 11 12 -13 -14 -15 16 17 18 -19 20 21 22 -23 24 -25 26 -27 28 -29 -30 -31 32 -33 -34 -35 36 -37 38 39 40 -41 -42 43 44 -45 -46 -47 -48 -49 50 51 -52 53 54 55 -56 57 -58 59 60 61 62 63 -64 -65 66 67 -68 -69 -70 71 -72 -73 74 75 76 -77 78 79 -80 81 82 83 84 -85 86 87 -88 89 90 91 -92 -93 -94 95 96 97 98 -99 -100 101 102 103 -104 -105 -106 -107 -108 109 -110 -111 112 -113 114 115 -116 -117 118 -119 120 121 -122 -123 -124 -125 -126 -127 128 -129 -130 131 -132 133 -134 -135 -136 137 138 139 140 -141 -142 143 -144 -145 -146 -147 -148 -149 -150 0
c total solving time: 26.72894263267517 c number of splits: 8338 s SATISFIABLE v 1 2 -3 -4 -5 -6 7 8 -9 10 -11 -12 -13 -14 -15 -16 -17 -18 19 19 19 19 20 -21 22 23 -24 25 26 27 -28 -29 30 -31 -32 33 34 -35 -36 -37 38 -39 40 41 42 43 44 45 46 46 46 -47 48 49 50 51 -52 53 54 -55 56 57 -58 59 60 -61 62 -63 64 -65 66 67 68 -69 70 -71 -72 73 -74 75 -76 -77 78 -79 -80 -81 -82 -83 84 85 -86 -87 -88 -89 90 91 92 93 -94 95 -96 97 -98 99 100 101 -102 103 -104 105 106 -107 -108 109 110 -111 112 113 -114 -115 116 117 118 -119 120 121 122 123 124 -125 126 127 128 129 -130 131 132 133 134 -135 136 137 138 -139 -140 -141 142 143 -144 -145 -146 147 148 -149 -150 0
c total solving time: 59.76150631904602 c number of splits: 18707 s UNSATISFIABLE
c total solving time: 55.985771894454956 c number of splits: 16015 s UNSATISFIABLE
c total solving time: 13.774041175842285 c number of splits: 3939 s UNSATISFIABLE
c total solving time: 18.130867958068848 c number of splits: 5393 s UNSATISFIABLE
c total solving time: 32.40988230705261 c number of splits: 9701 s UNSATISFIABLE
c total solving time: 16.692299842834473 c number of splits: 5409 s SATISFIABLE v 1 2 3 -4 -5 6 -7 8 -9 -10 -11 12 13 14 -15 16 -17 18 19 20 -21 22 22 23 -24 25 -26 27 28 -29 -30 31 32 -33 34 -35 -36 -37 -38 39 -40 41 -42 43 44 -45 -46 47 -48 -49 50 51 -52 53 54 55 -56 57 -58 -59 -60 61 62 62 62 62 62 63 64 -65 -66 -67 -68 69 70 71 -72 73 -74 75 -76 -77 -78 79 -80 -81 82 -83 84 -85 86 87 -88 89 -90 91 -92 93 94 95 -96 -97 98 99 -100 -101 102 102 103 104 -105 106 -107 -108 109 -110 111 112 -113 -114 -115 -116 117 -118 119 120 121 122 123 124 -125 -126 -127 128 -129 -130 131 -132 133 134 135 -136 -137 138 -139 140 -141 142 143 144 145 146 147 -148 149 150 0
c total solving time: 12.168560981750488 c number of splits: 3401 s UNSATISFIABLE
c total solving time: 18.658082962036133 c number of splits: 5269 s UNSATISFIABLE
c total solving time: 83.71532773971558 c number of splits: 26161 s UNSATISFIABLE
c total solving time: 61.71044659614563 c number of splits: 18095 s UNSATISFIABLE
c total solving time: 31.726593255996704 c number of splits: 9235 s UNSATISFIABLE
c total solving time: 50.50780725479126 c number of splits: 15079 s UNSATISFIABLE
c total solving time: 45.82167649269104 c number of splits: 13425 s UNSATISFIABLE
c total solving time: 8.055433511734009 c number of splits: 2477 s SATISFIABLE v -1 2 3 4 -5 6 7 -8 9 -10 11 12 -13 -14 -15 16 -17 18 19 20 21 22 -23 24 -25 26 27 -28 29 -30 -31 32 33 -34 35 -36 -37 -38 39 40 41 42 43 44 44 45 -46 47 47 48 49 49 49 49 49 -50 51 -52 -53 54 55 -56 57 58 59 -60 61 62 -63 64 65 -66 -67 -68 -69 -70 71 -72 -73 -74 75 -76 77 -78 -79 -80 81 82 83 -84 85 -86 87 -88 -89 90 -91 92 93 94 -95 96 97 98 99 100 -101 102 103 -104 -105 -106 -107 108 -109 110 -111 112 -113 114 -115 116 -117 -118 -119 120 121 -122 -123 124 -125 126 -127 128 -129 -130 131 132 -133 134 -135 136 -137 -138 139 140 141 142 143 -144 -145 146 -147 -148 149 -150 0
c total solving time: 52.86098289489746 c number of splits: 16017 s UNSATISFIABLE
c total solving time: 112.4961895942688 c number of splits: 35177 s UNSATISFIABLE
c total solving time: 43.40262508392334 c number of splits: 12995 s UNSATISFIABLE
c total solving time: 13.88032341003418 c number of splits: 4408 s SATISFIABLE v 1 2 -3 4 -5 6 -7 -8 -9 10 11 -12 -13 -14 15 16 -17 -18 -19 -20 -21 22 23 -24 25 26 27 -28 29 -30 31 -32 33 34 35 -36 -37 -38 -39 40 -41 42 -43 -44 45 46 47 48 49 -50 51 -52 -53 54 -55 -56 57 58 -59 60 -61 62 63 -64 -65 66 67 68 69 70 71 -72 -73 74 -75 -76 -77 -78 79 80 81 82 -83 84 85 -86 87 88 89 -90 91 92 93 -94 95 96 97 98 99 -100 101 102 103 104 105 106 106 106 107 108 109 110 111 -112 -113 -114 -115 -116 -117 118 119 120 121 122 123 124 -125 -126 127 -128 -129 130 -131 -132 -133 -134 -135 -136 -137 138 139 140 141 142 -143 144 -145 -146 147 148 -149 -150 0
c total solving time: 35.26788949966431 c number of splits: 11043 s SATISFIABLE v 1 -2 3 4 5 -6 7 -8 -9 10 -11 12 13 -14 15 16 -17 18 -19 -20 -21 22 22 22 22 23 -24 -25 -26 -27 28 29 30 -31 32 33 -34 35 36 37 -38 -39 -40 -41 -42 43 -44 -45 46 -47 -48 49 -50 -51 -52 -53 54 -55 56 57 -58 59 60 61 62 63 64 -65 66 -67 -68 69 70 71 -72 73 74 -75 76 77 78 -79 -80 81 82 83 84 85 -86 -87 88 89 90 91 -92 93 -94 95 -96 97 -98 -99 -100 -101 -102 -103 104 105 -106 -107 -108 -109 -110 -111 -112 -113 -114 -115 116 117 118 119 -120 -121 122 -123 -124 -125 126 127 -128 129 130 131 -132 -133 134 -135 136 137 138 139 140 141 -142 143 144 145 -146 147 -148 -149 -150 0
c total solving time: 7.019490003585815 c number of splits: 2112 s SATISFIABLE v -1 -2 3 -4 -5 6 -7 8 -9 -10 -11 12 -13 14 -15 16 -17 -18 19 -20 -21 -22 23 24 -25 26 -27 -28 29 -30 -31 -32 33 -34 -35 -36 37 38 39 40 -41 -42 43 -44 -45 -46 47 -48 -49 -50 -51 -52 53 -54 -55 56 -57 58 59 60 61 62 63 -64 65 -66 67 68 68 69 70 -71 72 -73 -74 75 -76 77 -78 -79 -80 -81 82 83 -84 -85 -86 87 -88 -89 -90 -91 92 -93 94 95 -96 -97 -98 99 100 100 -101 102 103 104 104 104 104 104 104 -105 -106 107 -108 -109 -110 111 -112 -113 114 115 115 -116 117 118 -119 120 -121 122 -123 -124 125 -126 127 128 129 -130 -131 -132 133 134 -135 136 137 138 139 140 141 142 142 143 -144 145 146 147 148 149 150 0
c total solving time: 37.876813888549805 c number of splits: 11099 s UNSATISFIABLE
c total solving time: 39.01634430885315 c number of splits: 12017 s UNSATISFIABLE
c total solving time: 27.112956047058105 c number of splits: 7799 s UNSATISFIABLE
c total solving time: 58.22881627082825 c number of splits: 16913 s UNSATISFIABLE
c total solving time: 61.89549541473389 c number of splits: 18915 s UNSATISFIABLE
c total solving time: 58.214704513549805 c number of splits: 18060 s SATISFIABLE v -1 2 -3 4 5 -6 7 -8 -9 10 11 -12 13 14 15 16 -17 18 19 20 21 -22 23 24 25 -26 27 -28 -29 30 31 -32 33 34 -35 36 37 -38 -39 40 -41 -42 43 44 45 -46 -47 -48 49 50 51 52 53 -54 -55 56 -57 58 59 60 61 62 -63 -64 65 66 -67 -68 69 -70 -71 72 -73 74 -75 76 77 -78 79 -80 -81 82 -83 84 -85 86 -87 88 89 90 -91 92 93 94 95 -96 -97 98 99 -100 -101 102 103 -104 105 106 107 108 109 110 111 112 -113 -114 115 116 -117 118 -119 -120 121 -122 123 -124 125 126 -127 -128 129 -130 131 132 133 -134 -135 136 -137 -138 -139 -140 -141 -142 -143 -144 145 146 -147 -148 149 -150 0
c total solving time: 13.58250880241394 c number of splits: 4273 s SATISFIABLE v -1 -2 -3 4 -5 -6 7 -8 9 10 11 -12 13 14 -15 -16 17 -18 -19 -20 21 22 -23 -24 -25 26 -27 28 29 30 -31 -32 33 34 -35 -36 -37 -38 -39 40 41 -42 -43 44 -45 46 47 -48 49 50 51 -52 -53 -54 55 -56 57 58 59 60 -61 62 -63 64 65 66 67 68 -69 70 71 -72 73 74 -75 76 77 -78 -79 80 81 -82 83 -84 85 86 87 88 89 -90 -91 -92 -93 -94 95 96 97 98 99 -100 101 102 -103 -104 105 106 107 -108 109 110 111 112 -113 -114 115 -116 -117 -118 119 -120 -121 122 123 -124 -125 126 -127 128 129 130 131 132 -133 134 135 136 137 -138 139 140 141 142 143 -144 -145 146 147 148 -149 150 0
c total solving time: 1.113050937652588 c number of splits: 362 s SATISFIABLE v 1 2 -3 -4 -5 6 7 8 -9 -10 11 -12 13 14 -15 16 -17 -18 -19 20 -21 -22 23 -24 -25 -26 27 28 -29 30 -31 -32 -33 -34 35 36 37 -38 39 40 -41 42 -43 -44 45 -46 -47 -48 49 50 50 -51 52 -53 54 -55 -56 57 58 -59 60 -61 62 63 64 65 66 -67 68 69 -70 -71 72 -73 74 -75 -76 -77 78 79 -80 81 82 83 -84 85 86 -87 -88 -89 90 -91 92 93 94 95 96 97 -98 -99 100 100 100 100 100 100 100 100 101 -102 103 -104 -105 106 107 108 -109 110 -111 -112 -113 114 -115 116 -117 118 119 -120 121 -122 123 -124 -125 126 127 128 129 130 -131 132 -133 134 135 -136 -137 -138 -139 140 141 142 -143 144 -145 146 147 148 149 150 0
c total solving time: 5.7297682762146 c number of splits: 1848 s SATISFIABLE v -1 -2 3 -4 5 6 7 8 -9 10 11 12 -13 14 15 16 -17 18 19 20 21 -22 -23 24 -25 -26 27 28 29 30 -31 32 33 -34 -35 -36 37 38 39 40 41 42 43 -44 45 -46 -47 -48 49 -50 -51 -52 53 54 55 56 -57 58 59 60 -61 -62 63 -64 -65 66 -67 68 69 -70 -71 72 73 -74 75 76 -77 -78 79 -80 -81 82 -83 -84 85 -86 -87 88 89 90 -91 92 -93 94 -95 -96 97 98 -99 -100 101 102 -103 104 -105 -106 107 -108 -109 110 -111 -112 -113 -114 115 -116 117 118 119 -120 121 -122 -123 124 124 125 126 127 128 -129 -130 131 132 -133 -134 -135 -136 -137 -138 -139 -140 141 142 -143 144 145 -146 -147 148 149 150 0
c total solving time: 13.400854349136353 c number of splits: 3709 s UNSATISFIABLE
c total solving time: 73.28536105155945 c number of splits: 22147 s UNSATISFIABLE
c total solving time: 19.073811054229736 c number of splits: 5377 s UNSATISFIABLE
c total solving time: 19.4534854888916 c number of splits: 5345 s UNSATISFIABLE
c total solving time: 43.333285331726074 c number of splits: 12129 s UNSATISFIABLE
c total solving time: 30.64679789543152 c number of splits: 8901 s UNSATISFIABLE
c total solving time: 27.231964588165283 c number of splits: 7936 s SATISFIABLE v 1 2 3 4 5 6 -7 8 9 -10 -11 12 12 12 12 -13 14 15 16 -17 18 -19 -20 21 -22 -23 24 -25 -26 -27 28 -29 30 31 -32 33 -34 35 -36 -37 38 -39 -40 -41 42 -43 -44 -45 -46 47 48 49 50 51 52 -53 54 -55 56 -57 -58 59 -60 -61 62 -63 -64 65 66 67 68 69 -70 71 72 73 74 -75 -76 -77 -78 79 -80 -81 -82 -83 -84 85 86 87 -88 89 -90 91 -92 93 -94 -95 -96 97 -98 99 -100 101 -102 103 104 105 106 -107 -108 109 110 111 112 -113 -114 -115 -116 117 -118 -119 -120 121 122 -123 124 125 126 127 128 -129 130 131 132 -133 134 -135 136 137 -138 -139 -140 -141 142 -143 -144 -145 146 147 -148 149 -150 0
c total solving time: 17.245713233947754 c number of splits: 5029 s UNSATISFIABLE
Total solving time: 3386.2016520500183158
Median solving time: 27.66
Total number of splits: 1016704
Median number of splits: 8091.00
Number of satisfiable: 30
