150-720/output_0.cnf: c total solving time: 47.97033333778381 c number of splits: 14323 s UNSATISFIABLE
150-720/output_1.cnf: c total solving time: 51.37342119216919 c number of splits: 14467 s UNSATISFIABLE
150-720/output_10.cnf: c total solving time: 21.53005838394165 c number of splits: 5731 s UNSATISFIABLE
150-720/output_11.cnf: c total solving time: 19.013991594314575 c number of splits: 5031 s UNSATISFIABLE
150-720/output_12.cnf: c total solving time: 24.096164226531982 c number of splits: 6753 s UNSATISFIABLE
150-720/output_13.cnf: c total solving time: 29.801280736923218 c number of splits: 8497 s UNSATISFIABLE
150-720/output_14.cnf: c total solving time: 18.82110023498535 c number of splits: 5103 s UNSATISFIABLE
150-720/output_15.cnf: c total solving time: 18.23503017425537 c number of splits: 4853 s UNSATISFIABLE
150-720/output_16.cnf: c total solving time: 38.072290658950806 c number of splits: 10531 s UNSATISFIABLE
150-720/output_17.cnf: c total solving time: 15.186477422714233 c number of splits: 4157 s UNSATISFIABLE
150-720/output_18.cnf: c total solving time: 26.817501068115234 c number of splits: 7081 s UNSATISFIABLE
150-720/output_19.cnf: c total solving time: 31.618162393569946 c number of splits: 8699 s UNSATISFIABLE
150-720/output_2.cnf: c total solving time: 14.499042749404907 c number of splits: 3971 s UNSATISFIABLE
150-720/output_20.cnf: c total solving time: 15.12657380104065 c number of splits: 3951 s UNSATISFIABLE
150-720/output_21.cnf: c total solving time: 29.491795778274536 c number of splits: 7819 s UNSATISFIABLE
150-720/output_22.cnf: c total solving time: 24.74220871925354 c number of splits: 6845 s UNSATISFIABLE
150-720/output_23.cnf: c total solving time: 25.870034217834473 c number of splits: 7099 s UNSATISFIABLE
150-720/output_24.cnf: c total solving time: 20.360363006591797 c number of splits: 5461 s UNSATISFIABLE
150-720/output_25.cnf: c total solving time: 25.49083638191223 c number of splits: 6853 s UNSATISFIABLE
150-720/output_26.cnf: c total solving time: 25.955001831054688 c number of splits: 6795 s UNSATISFIABLE
150-720/output_27.cnf: c total solving time: 26.20429301261902 c number of splits: 7719 s UNSATISFIABLE
150-720/output_28.cnf: c total solving time: 38.33126759529114 c number of splits: 10551 s UNSATISFIABLE
150-720/output_29.cnf: c total solving time: 30.613629817962646 c number of splits: 8447 s UNSATISFIABLE
150-720/output_3.cnf: c total solving time: 31.202253341674805 c number of splits: 8617 s UNSATISFIABLE
150-720/output_30.cnf: c total solving time: 13.501380443572998 c number of splits: 3807 s UNSATISFIABLE
150-720/output_31.cnf: c total solving time: 14.982825517654419 c number of splits: 3883 s UNSATISFIABLE
150-720/output_32.cnf: c total solving time: 23.256201028823853 c number of splits: 6235 s UNSATISFIABLE
150-720/output_33.cnf: c total solving time: 49.76479458808899 c number of splits: 14127 s UNSATISFIABLE
150-720/output_34.cnf: c total solving time: 21.949536323547363 c number of splits: 6023 s UNSATISFIABLE
150-720/output_35.cnf: c total solving time: 17.571268558502197 c number of splits: 5059 s UNSATISFIABLE
150-720/output_36.cnf: c total solving time: 22.679911613464355 c number of splits: 6213 s UNSATISFIABLE
150-720/output_37.cnf: c total solving time: 15.269331693649292 c number of splits: 4191 s UNSATISFIABLE
150-720/output_38.cnf: c total solving time: 15.837430238723755 c number of splits: 4395 s UNSATISFIABLE
150-720/output_39.cnf: c total solving time: 26.423759698867798 c number of splits: 7621 s UNSATISFIABLE
150-720/output_4.cnf: c total solving time: 25.697447776794434 c number of splits: 7137 s UNSATISFIABLE
150-720/output_40.cnf: c total solving time: 16.185076475143433 c number of splits: 4181 s UNSATISFIABLE
150-720/output_41.cnf: c total solving time: 20.491358757019043 c number of splits: 5545 s UNSATISFIABLE
150-720/output_42.cnf: c total solving time: 45.2182183265686 c number of splits: 12943 s UNSATISFIABLE
150-720/output_43.cnf: c total solving time: 24.228086948394775 c number of splits: 6511 s UNSATISFIABLE
150-720/output_44.cnf: c total solving time: 24.646112203598022 c number of splits: 6651 s UNSATISFIABLE
150-720/output_45.cnf: c total solving time: 17.518046855926514 c number of splits: 4681 s UNSATISFIABLE
150-720/output_46.cnf: c total solving time: 31.560181856155396 c number of splits: 8755 s UNSATISFIABLE
150-720/output_47.cnf: c total solving time: 10.68213415145874 c number of splits: 2847 s UNSATISFIABLE
150-720/output_48.cnf: c total solving time: 23.81696891784668 c number of splits: 6369 s UNSATISFIABLE
150-720/output_49.cnf: c total solving time: 45.55280685424805 c number of splits: 12759 s UNSATISFIABLE
150-720/output_5.cnf: c total solving time: 25.34455370903015 c number of splits: 7105 s UNSATISFIABLE
150-720/output_50.cnf: c total solving time: 7.408618450164795 c number of splits: 1927 s UNSATISFIABLE
150-720/output_51.cnf: c total solving time: 20.17094659805298 c number of splits: 5471 s UNSATISFIABLE
150-720/output_52.cnf: c total solving time: 21.160999059677124 c number of splits: 5945 s UNSATISFIABLE
150-720/output_53.cnf: c total solving time: 16.261258602142334 c number of splits: 4571 s UNSATISFIABLE
150-720/output_54.cnf: c total solving time: 25.153605937957764 c number of splits: 6847 s UNSATISFIABLE
150-720/output_55.cnf: c total solving time: 8.802176475524902 c number of splits: 2303 s UNSATISFIABLE
150-720/output_56.cnf: c total solving time: 22.880529165267944 c number of splits: 6371 s UNSATISFIABLE
150-720/output_57.cnf: c total solving time: 37.103315114974976 c number of splits: 10579 s UNSATISFIABLE
150-720/output_58.cnf: c total solving time: 19.748148679733276 c number of splits: 5227 s UNSATISFIABLE
150-720/output_59.cnf: c total solving time: 20.433258533477783 c number of splits: 5709 s UNSATISFIABLE
150-720/output_6.cnf: c total solving time: 19.916854858398438 c number of splits: 5261 s UNSATISFIABLE
150-720/output_60.cnf: c total solving time: 16.540103673934937 c number of splits: 4667 s UNSATISFIABLE
150-720/output_61.cnf: c total solving time: 14.00115418434143 c number of splits: 3715 s UNSATISFIABLE
150-720/output_62.cnf: c total solving time: 10.623653173446655 c number of splits: 2805 s UNSATISFIABLE
150-720/output_63.cnf: c total solving time: 25.343005418777466 c number of splits: 7101 s UNSATISFIABLE
150-720/output_64.cnf: c total solving time: 34.91981363296509 c number of splits: 10051 s UNSATISFIABLE
150-720/output_65.cnf: c total solving time: 13.814924240112305 c number of splits: 3599 s UNSATISFIABLE
150-720/output_66.cnf: c total solving time: 24.80452561378479 c number of splits: 6699 s UNSATISFIABLE
150-720/output_67.cnf: c total solving time: 30.419524669647217 c number of splits: 8439 s UNSATISFIABLE
150-720/output_68.cnf: c total solving time: 13.366454839706421 c number of splits: 3571 s UNSATISFIABLE
150-720/output_69.cnf: c total solving time: 15.967242002487183 c number of splits: 4345 s UNSATISFIABLE
150-720/output_7.cnf: c total solving time: 35.09064698219299 c number of splits: 9773 s UNSATISFIABLE
150-720/output_70.cnf: c total solving time: 13.220552682876587 c number of splits: 3641 s UNSATISFIABLE
150-720/output_71.cnf: c total solving time: 21.58042550086975 c number of splits: 6025 s UNSATISFIABLE
150-720/output_72.cnf: c total solving time: 21.58974027633667 c number of splits: 5757 s UNSATISFIABLE
150-720/output_73.cnf: c total solving time: 9.134939908981323 c number of splits: 2299 s UNSATISFIABLE
150-720/output_74.cnf: c total solving time: 16.50954556465149 c number of splits: 4627 s UNSATISFIABLE
150-720/output_75.cnf: c total solving time: 20.5943386554718 c number of splits: 5919 s UNSATISFIABLE
150-720/output_76.cnf: c total solving time: 31.170177698135376 c number of splits: 8499 s UNSATISFIABLE
150-720/output_77.cnf: c total solving time: 18.973180294036865 c number of splits: 5023 s UNSATISFIABLE
150-720/output_78.cnf: c total solving time: 22.52612018585205 c number of splits: 6435 s UNSATISFIABLE
150-720/output_79.cnf: c total solving time: 20.359787464141846 c number of splits: 5603 s UNSATISFIABLE
150-720/output_8.cnf: c total solving time: 23.796736478805542 c number of splits: 6425 s UNSATISFIABLE
150-720/output_80.cnf: c total solving time: 15.568437814712524 c number of splits: 4229 s UNSATISFIABLE
150-720/output_81.cnf: c total solving time: 22.38123846054077 c number of splits: 6151 s UNSATISFIABLE
150-720/output_82.cnf: c total solving time: 22.84812021255493 c number of splits: 6213 s UNSATISFIABLE
150-720/output_83.cnf: c total solving time: 25.471431016921997 c number of splits: 7109 s UNSATISFIABLE
150-720/output_84.cnf: c total solving time: 13.114171743392944 c number of splits: 3547 s UNSATISFIABLE
150-720/output_85.cnf: c total solving time: 26.720161199569702 c number of splits: 7385 s UNSATISFIABLE
150-720/output_86.cnf: c total solving time: 19.152865171432495 c number of splits: 5025 s UNSATISFIABLE
150-720/output_87.cnf: c total solving time: 20.471457719802856 c number of splits: 5447 s UNSATISFIABLE
150-720/output_88.cnf: c total solving time: 20.883840084075928 c number of splits: 5479 s UNSATISFIABLE
150-720/output_89.cnf: c total solving time: 48.74578642845154 c number of splits: 14397 s UNSATISFIABLE
150-720/output_9.cnf: c total solving time: 18.351218938827515 c number of splits: 5057 s UNSATISFIABLE
150-720/output_90.cnf: c total solving time: 14.886055946350098 c number of splits: 3889 s UNSATISFIABLE
150-720/output_91.cnf: c total solving time: 19.338080406188965 c number of splits: 5405 s UNSATISFIABLE
150-720/output_92.cnf: c total solving time: 32.94679570198059 c number of splits: 8935 s UNSATISFIABLE
150-720/output_93.cnf: c total solving time: 34.03227353096008 c number of splits: 9407 s UNSATISFIABLE
150-720/output_94.cnf: c total solving time: 18.91476011276245 c number of splits: 5009 s UNSATISFIABLE
150-720/output_95.cnf: c total solving time: 19.096521377563477 c number of splits: 5039 s UNSATISFIABLE
150-720/output_96.cnf: c total solving time: 16.21639657020569 c number of splits: 4207 s UNSATISFIABLE
150-720/output_97.cnf: c total solving time: 36.03066539764404 c number of splits: 10713 s UNSATISFIABLE
150-720/output_98.cnf: c total solving time: 15.968915700912476 c number of splits: 4279 s UNSATISFIABLE
150-720/output_99.cnf: c total solving time: 56.59369993209839 c number of splits: 16565 s UNSATISFIABLE
Total solving time: 2373.719742298126209
Median solving time: 21.58
Total number of splits: 655108
Median number of splits: 5984.00
Number of satisfiable: 0
