150-750/output_0.cnf: c total solving time: 15.249927520751953 c number of splits: 3969 s UNSATISFIABLE
150-750/output_1.cnf: c total solving time: 16.548667669296265 c number of splits: 4217 s UNSATISFIABLE
150-750/output_10.cnf: c total solving time: 17.708669185638428 c number of splits: 4433 s UNSATISFIABLE
150-750/output_11.cnf: c total solving time: 16.144731044769287 c number of splits: 4117 s UNSATISFIABLE
150-750/output_12.cnf: c total solving time: 19.77037239074707 c number of splits: 5035 s UNSATISFIABLE
150-750/output_13.cnf: c total solving time: 10.84484076499939 c number of splits: 2731 s UNSATISFIABLE
150-750/output_14.cnf: c total solving time: 26.72951340675354 c number of splits: 6909 s UNSATISFIABLE
150-750/output_15.cnf: c total solving time: 20.630847692489624 c number of splits: 5239 s UNSATISFIABLE
150-750/output_16.cnf: c total solving time: 8.138621807098389 c number of splits: 2057 s UNSATISFIABLE
150-750/output_17.cnf: c total solving time: 10.885214805603027 c number of splits: 2691 s UNSATISFIABLE
150-750/output_18.cnf: c total solving time: 30.44392466545105 c number of splits: 7823 s UNSATISFIABLE
150-750/output_19.cnf: c total solving time: 15.94466233253479 c number of splits: 4037 s UNSATISFIABLE
150-750/output_2.cnf: c total solving time: 13.062564611434937 c number of splits: 3277 s UNSATISFIABLE
150-750/output_20.cnf: c total solving time: 27.082399368286133 c number of splits: 6975 s UNSATISFIABLE
150-750/output_21.cnf: c total solving time: 11.680475950241089 c number of splits: 3017 s UNSATISFIABLE
150-750/output_22.cnf: c total solving time: 14.347430229187012 c number of splits: 3575 s UNSATISFIABLE
150-750/output_23.cnf: c total solving time: 20.289809942245483 c number of splits: 5185 s UNSATISFIABLE
150-750/output_24.cnf: c total solving time: 21.15065360069275 c number of splits: 5409 s UNSATISFIABLE
150-750/output_25.cnf: c total solving time: 18.212159872055054 c number of splits: 4455 s UNSATISFIABLE
150-750/output_26.cnf: c total solving time: 13.513197183609009 c number of splits: 3359 s UNSATISFIABLE
150-750/output_27.cnf: c total solving time: 10.887264966964722 c number of splits: 2743 s UNSATISFIABLE
150-750/output_28.cnf: c total solving time: 18.1212420463562 c number of splits: 4643 s UNSATISFIABLE
150-750/output_29.cnf: c total solving time: 10.750883340835571 c number of splits: 2629 s UNSATISFIABLE
150-750/output_3.cnf: c total solving time: 11.667579174041748 c number of splits: 2899 s UNSATISFIABLE
150-750/output_30.cnf: c total solving time: 15.651437044143677 c number of splits: 3957 s UNSATISFIABLE
150-750/output_31.cnf: c total solving time: 12.516357898712158 c number of splits: 3097 s UNSATISFIABLE
150-750/output_32.cnf: c total solving time: 14.701837062835693 c number of splits: 3697 s UNSATISFIABLE
150-750/output_33.cnf: c total solving time: 8.537926197052002 c number of splits: 2165 s UNSATISFIABLE
150-750/output_34.cnf: c total solving time: 13.365390539169312 c number of splits: 3331 s UNSATISFIABLE
150-750/output_35.cnf: c total solving time: 18.485188245773315 c number of splits: 4671 s UNSATISFIABLE
150-750/output_36.cnf: c total solving time: 25.744160890579224 c number of splits: 6401 s UNSATISFIABLE
150-750/output_37.cnf: c total solving time: 12.11794900894165 c number of splits: 2991 s UNSATISFIABLE
150-750/output_38.cnf: c total solving time: 19.268643856048584 c number of splits: 5007 s UNSATISFIABLE
150-750/output_39.cnf: c total solving time: 9.85421109199524 c number of splits: 2413 s UNSATISFIABLE
150-750/output_4.cnf: c total solving time: 17.353683948516846 c number of splits: 4389 s UNSATISFIABLE
150-750/output_40.cnf: c total solving time: 37.92404532432556 c number of splits: 10449 s UNSATISFIABLE
150-750/output_41.cnf: c total solving time: 10.495212316513062 c number of splits: 2615 s UNSATISFIABLE
150-750/output_42.cnf: c total solving time: 12.7763831615448 c number of splits: 3181 s UNSATISFIABLE
150-750/output_43.cnf: c total solving time: 21.52884578704834 c number of splits: 5603 s UNSATISFIABLE
150-750/output_44.cnf: c total solving time: 21.283936738967896 c number of splits: 5589 s UNSATISFIABLE
150-750/output_45.cnf: c total solving time: 17.055541276931763 c number of splits: 4283 s UNSATISFIABLE
150-750/output_46.cnf: c total solving time: 30.278992414474487 c number of splits: 7931 s UNSATISFIABLE
150-750/output_47.cnf: c total solving time: 18.358481645584106 c number of splits: 4457 s UNSATISFIABLE
150-750/output_48.cnf: c total solving time: 13.370486974716187 c number of splits: 3433 s UNSATISFIABLE
150-750/output_49.cnf: c total solving time: 13.46509861946106 c number of splits: 3471 s UNSATISFIABLE
150-750/output_5.cnf: c total solving time: 13.799542665481567 c number of splits: 3487 s UNSATISFIABLE
150-750/output_50.cnf: c total solving time: 14.715539693832397 c number of splits: 3679 s UNSATISFIABLE
150-750/output_51.cnf: c total solving time: 16.713877201080322 c number of splits: 4347 s UNSATISFIABLE
150-750/output_52.cnf: c total solving time: 17.61606526374817 c number of splits: 4501 s UNSATISFIABLE
150-750/output_53.cnf: c total solving time: 15.092659950256348 c number of splits: 3649 s UNSATISFIABLE
150-750/output_54.cnf: c total solving time: 15.426642656326294 c number of splits: 3793 s UNSATISFIABLE
150-750/output_55.cnf: c total solving time: 19.15295958518982 c number of splits: 4779 s UNSATISFIABLE
150-750/output_56.cnf: c total solving time: 10.189119338989258 c number of splits: 2623 s UNSATISFIABLE
150-750/output_57.cnf: c total solving time: 28.0825297832489 c number of splits: 7487 s UNSATISFIABLE
150-750/output_58.cnf: c total solving time: 13.986887454986572 c number of splits: 3489 s UNSATISFIABLE
150-750/output_59.cnf: c total solving time: 22.45046901702881 c number of splits: 5877 s UNSATISFIABLE
150-750/output_6.cnf: c total solving time: 11.496550559997559 c number of splits: 2873 s UNSATISFIABLE
150-750/output_60.cnf: c total solving time: 11.87755298614502 c number of splits: 3019 s UNSATISFIABLE
150-750/output_61.cnf: c total solving time: 24.99855399131775 c number of splits: 6421 s UNSATISFIABLE
150-750/output_62.cnf: c total solving time: 23.793588876724243 c number of splits: 6125 s UNSATISFIABLE
150-750/output_63.cnf: c total solving time: 8.995074033737183 c number of splits: 2259 s UNSATISFIABLE
150-750/output_64.cnf: c total solving time: 15.058965682983398 c number of splits: 3795 s UNSATISFIABLE
150-750/output_65.cnf: c total solving time: 10.203463315963745 c number of splits: 2541 s UNSATISFIABLE
150-750/output_66.cnf: c total solving time: 16.863094568252563 c number of splits: 4223 s UNSATISFIABLE
150-750/output_67.cnf: c total solving time: 8.397783994674683 c number of splits: 2087 s UNSATISFIABLE
150-750/output_68.cnf: c total solving time: 34.01706910133362 c number of splits: 8785 s UNSATISFIABLE
150-750/output_69.cnf: c total solving time: 22.3842556476593 c number of splits: 5457 s UNSATISFIABLE
150-750/output_7.cnf: c total solving time: 22.290340185165405 c number of splits: 5581 s UNSATISFIABLE
150-750/output_70.cnf: c total solving time: 19.20811939239502 c number of splits: 5231 s UNSATISFIABLE
150-750/output_71.cnf: c total solving time: 23.015453815460205 c number of splits: 5809 s UNSATISFIABLE
150-750/output_72.cnf: c total solving time: 20.36185383796692 c number of splits: 5187 s UNSATISFIABLE
150-750/output_73.cnf: c total solving time: 24.391263961791992 c number of splits: 6169 s UNSATISFIABLE
150-750/output_74.cnf: c total solving time: 26.273093700408936 c number of splits: 6841 s UNSATISFIABLE
150-750/output_75.cnf: c total solving time: 14.131568193435669 c number of splits: 3485 s UNSATISFIABLE
150-750/output_76.cnf: c total solving time: 25.87215280532837 c number of splits: 6697 s UNSATISFIABLE
150-750/output_77.cnf: c total solving time: 9.755587100982666 c number of splits: 2335 s UNSATISFIABLE
150-750/output_78.cnf: c total solving time: 15.400153160095215 c number of splits: 3903 s UNSATISFIABLE
150-750/output_79.cnf: c total solving time: 21.227293014526367 c number of splits: 5273 s UNSATISFIABLE
150-750/output_8.cnf: c total solving time: 25.82016682624817 c number of splits: 6473 s UNSATISFIABLE
150-750/output_80.cnf: c total solving time: 20.22767972946167 c number of splits: 5087 s UNSATISFIABLE
150-750/output_81.cnf: c total solving time: 10.611650943756104 c number of splits: 2731 s UNSATISFIABLE
150-750/output_82.cnf: c total solving time: 16.79521870613098 c number of splits: 4423 s UNSATISFIABLE
150-750/output_83.cnf: c total solving time: 18.8658664226532 c number of splits: 4887 s UNSATISFIABLE
150-750/output_84.cnf: c total solving time: 11.333722114562988 c number of splits: 2897 s UNSATISFIABLE
150-750/output_85.cnf: c total solving time: 20.90902829170227 c number of splits: 5573 s UNSATISFIABLE
150-750/output_86.cnf: c total solving time: 17.345518589019775 c number of splits: 4417 s UNSATISFIABLE
150-750/output_87.cnf: c total solving time: 19.213658809661865 c number of splits: 4975 s UNSATISFIABLE
150-750/output_88.cnf: c total solving time: 14.9366135597229 c number of splits: 3903 s UNSATISFIABLE
150-750/output_89.cnf: c total solving time: 35.358694314956665 c number of splits: 9581 s UNSATISFIABLE
150-750/output_9.cnf: c total solving time: 20.62734365463257 c number of splits: 5167 s UNSATISFIABLE
150-750/output_90.cnf: c total solving time: 18.994068384170532 c number of splits: 4663 s UNSATISFIABLE
150-750/output_91.cnf: c total solving time: 19.952932357788086 c number of splits: 5205 s UNSATISFIABLE
150-750/output_92.cnf: c total solving time: 28.72754669189453 c number of splits: 7307 s UNSATISFIABLE
150-750/output_93.cnf: c total solving time: 13.590925693511963 c number of splits: 3493 s UNSATISFIABLE
150-750/output_94.cnf: c total solving time: 20.28482484817505 c number of splits: 5237 s UNSATISFIABLE
150-750/output_95.cnf: c total solving time: 18.425573348999023 c number of splits: 4563 s UNSATISFIABLE
150-750/output_96.cnf: c total solving time: 11.775884866714478 c number of splits: 3129 s UNSATISFIABLE
150-750/output_97.cnf: c total solving time: 15.611833095550537 c number of splits: 4175 s UNSATISFIABLE
150-750/output_98.cnf: c total solving time: 19.90625262260437 c number of splits: 5251 s UNSATISFIABLE
150-750/output_99.cnf: c total solving time: 29.063485383987427 c number of splits: 7699 s UNSATISFIABLE
Total solving time: 1789.557077407836923
Median solving time: 17.20
Total number of splits: 457198
Median number of splits: 4403.00
Number of satisfiable: 0
