150-750/output_0.cnf: c total solving time: 14.491122484207153 c number of splits: 3709 s UNSATISFIABLE
150-750/output_1.cnf: c total solving time: 15.222254037857056 c number of splits: 3851 s UNSATISFIABLE
150-750/output_10.cnf: c total solving time: 17.594425678253174 c number of splits: 4467 s UNSATISFIABLE
150-750/output_11.cnf: c total solving time: 15.208144664764404 c number of splits: 3887 s UNSATISFIABLE
150-750/output_12.cnf: c total solving time: 19.5701425075531 c number of splits: 4957 s UNSATISFIABLE
150-750/output_13.cnf: c total solving time: 9.692015171051025 c number of splits: 2391 s UNSATISFIABLE
150-750/output_14.cnf: c total solving time: 29.388023853302002 c number of splits: 7487 s UNSATISFIABLE
150-750/output_15.cnf: c total solving time: 18.41124939918518 c number of splits: 4695 s UNSATISFIABLE
150-750/output_16.cnf: c total solving time: 8.725183248519897 c number of splits: 2199 s UNSATISFIABLE
150-750/output_17.cnf: c total solving time: 9.358999967575073 c number of splits: 2305 s UNSATISFIABLE
150-750/output_18.cnf: c total solving time: 31.758854389190674 c number of splits: 8089 s UNSATISFIABLE
150-750/output_19.cnf: c total solving time: 16.119575262069702 c number of splits: 4097 s UNSATISFIABLE
150-750/output_2.cnf: c total solving time: 11.980192184448242 c number of splits: 2955 s UNSATISFIABLE
150-750/output_20.cnf: c total solving time: 26.880786180496216 c number of splits: 7017 s UNSATISFIABLE
150-750/output_21.cnf: c total solving time: 9.711146593093872 c number of splits: 2411 s UNSATISFIABLE
150-750/output_22.cnf: c total solving time: 12.572172403335571 c number of splits: 3181 s UNSATISFIABLE
150-750/output_23.cnf: c total solving time: 15.371269226074219 c number of splits: 3793 s UNSATISFIABLE
150-750/output_24.cnf: c total solving time: 18.936407327651978 c number of splits: 4873 s UNSATISFIABLE
150-750/output_25.cnf: c total solving time: 17.391390800476074 c number of splits: 4203 s UNSATISFIABLE
150-750/output_26.cnf: c total solving time: 13.716861963272095 c number of splits: 3319 s UNSATISFIABLE
150-750/output_27.cnf: c total solving time: 11.299875736236572 c number of splits: 2867 s UNSATISFIABLE
150-750/output_28.cnf: c total solving time: 14.220110416412354 c number of splits: 3637 s UNSATISFIABLE
150-750/output_29.cnf: c total solving time: 9.173180341720581 c number of splits: 2233 s UNSATISFIABLE
150-750/output_3.cnf: c total solving time: 10.832874536514282 c number of splits: 2567 s UNSATISFIABLE
150-750/output_30.cnf: c total solving time: 14.897690296173096 c number of splits: 3777 s UNSATISFIABLE
150-750/output_31.cnf: c total solving time: 12.366901397705078 c number of splits: 3073 s UNSATISFIABLE
150-750/output_32.cnf: c total solving time: 15.801199674606323 c number of splits: 3995 s UNSATISFIABLE
150-750/output_33.cnf: c total solving time: 8.37892746925354 c number of splits: 2157 s UNSATISFIABLE
150-750/output_34.cnf: c total solving time: 11.0541090965271 c number of splits: 2777 s UNSATISFIABLE
150-750/output_35.cnf: c total solving time: 16.718288898468018 c number of splits: 4149 s UNSATISFIABLE
150-750/output_36.cnf: c total solving time: 23.668131828308105 c number of splits: 5949 s UNSATISFIABLE
150-750/output_37.cnf: c total solving time: 11.409849643707275 c number of splits: 2835 s UNSATISFIABLE
150-750/output_38.cnf: c total solving time: 13.847625255584717 c number of splits: 3587 s UNSATISFIABLE
150-750/output_39.cnf: c total solving time: 9.045533657073975 c number of splits: 2259 s UNSATISFIABLE
150-750/output_4.cnf: c total solving time: 15.191470623016357 c number of splits: 3921 s UNSATISFIABLE
150-750/output_40.cnf: c total solving time: 34.76634693145752 c number of splits: 9461 s UNSATISFIABLE
150-750/output_41.cnf: c total solving time: 10.345887422561646 c number of splits: 2621 s UNSATISFIABLE
150-750/output_42.cnf: c total solving time: 13.678096771240234 c number of splits: 3405 s UNSATISFIABLE
150-750/output_43.cnf: c total solving time: 21.701343059539795 c number of splits: 5575 s UNSATISFIABLE
150-750/output_44.cnf: c total solving time: 19.562499523162842 c number of splits: 5127 s UNSATISFIABLE
150-750/output_45.cnf: c total solving time: 16.879071950912476 c number of splits: 4255 s UNSATISFIABLE
150-750/output_46.cnf: c total solving time: 27.901598930358887 c number of splits: 7327 s UNSATISFIABLE
150-750/output_47.cnf: c total solving time: 16.624694108963013 c number of splits: 4021 s UNSATISFIABLE
150-750/output_48.cnf: c total solving time: 13.182993173599243 c number of splits: 3425 s UNSATISFIABLE
150-750/output_49.cnf: c total solving time: 13.654167175292969 c number of splits: 3471 s UNSATISFIABLE
150-750/output_5.cnf: c total solving time: 13.510925054550171 c number of splits: 3491 s UNSATISFIABLE
150-750/output_50.cnf: c total solving time: 15.261039733886719 c number of splits: 3887 s UNSATISFIABLE
150-750/output_51.cnf: c total solving time: 12.305454969406128 c number of splits: 3207 s UNSATISFIABLE
150-750/output_52.cnf: c total solving time: 15.360123872756958 c number of splits: 3943 s UNSATISFIABLE
150-750/output_53.cnf: c total solving time: 10.481031656265259 c number of splits: 2473 s UNSATISFIABLE
150-750/output_54.cnf: c total solving time: 15.964083671569824 c number of splits: 3875 s UNSATISFIABLE
150-750/output_55.cnf: c total solving time: 17.263304471969604 c number of splits: 4267 s UNSATISFIABLE
150-750/output_56.cnf: c total solving time: 10.557426452636719 c number of splits: 2701 s UNSATISFIABLE
150-750/output_57.cnf: c total solving time: 28.36895489692688 c number of splits: 7543 s UNSATISFIABLE
150-750/output_58.cnf: c total solving time: 14.711166381835938 c number of splits: 3685 s UNSATISFIABLE
150-750/output_59.cnf: c total solving time: 22.985411643981934 c number of splits: 5877 s UNSATISFIABLE
150-750/output_6.cnf: c total solving time: 10.90636658668518 c number of splits: 2667 s UNSATISFIABLE
150-750/output_60.cnf: c total solving time: 13.24613881111145 c number of splits: 3249 s UNSATISFIABLE
150-750/output_61.cnf: c total solving time: 23.622402667999268 c number of splits: 6051 s UNSATISFIABLE
150-750/output_62.cnf: c total solving time: 18.960021257400513 c number of splits: 4761 s UNSATISFIABLE
150-750/output_63.cnf: c total solving time: 9.140373229980469 c number of splits: 2281 s UNSATISFIABLE
150-750/output_64.cnf: c total solving time: 13.794443130493164 c number of splits: 3529 s UNSATISFIABLE
150-750/output_65.cnf: c total solving time: 8.146574020385742 c number of splits: 2011 s UNSATISFIABLE
150-750/output_66.cnf: c total solving time: 12.067747592926025 c number of splits: 3019 s UNSATISFIABLE
150-750/output_67.cnf: c total solving time: 7.9453816413879395 c number of splits: 1947 s UNSATISFIABLE
150-750/output_68.cnf: c total solving time: 29.760765552520752 c number of splits: 7703 s UNSATISFIABLE
150-750/output_69.cnf: c total solving time: 19.634675979614258 c number of splits: 4681 s UNSATISFIABLE
150-750/output_7.cnf: c total solving time: 18.687031030654907 c number of splits: 4615 s UNSATISFIABLE
150-750/output_70.cnf: c total solving time: 17.169820547103882 c number of splits: 4479 s UNSATISFIABLE
150-750/output_71.cnf: c total solving time: 20.37973117828369 c number of splits: 5109 s UNSATISFIABLE
150-750/output_72.cnf: c total solving time: 15.682128667831421 c number of splits: 3955 s UNSATISFIABLE
150-750/output_73.cnf: c total solving time: 15.285059928894043 c number of splits: 3847 s UNSATISFIABLE
150-750/output_74.cnf: c total solving time: 25.393686294555664 c number of splits: 6667 s UNSATISFIABLE
150-750/output_75.cnf: c total solving time: 11.507939100265503 c number of splits: 2815 s UNSATISFIABLE
150-750/output_76.cnf: c total solving time: 23.943899393081665 c number of splits: 6159 s UNSATISFIABLE
150-750/output_77.cnf: c total solving time: 9.46809720993042 c number of splits: 2261 s UNSATISFIABLE
150-750/output_78.cnf: c total solving time: 14.011345148086548 c number of splits: 3591 s UNSATISFIABLE
150-750/output_79.cnf: c total solving time: 16.957539558410645 c number of splits: 4287 s UNSATISFIABLE
150-750/output_8.cnf: c total solving time: 16.425228357315063 c number of splits: 4109 s UNSATISFIABLE
150-750/output_80.cnf: c total solving time: 15.726978540420532 c number of splits: 3995 s UNSATISFIABLE
150-750/output_81.cnf: c total solving time: 9.828689575195312 c number of splits: 2471 s UNSATISFIABLE
150-750/output_82.cnf: c total solving time: 14.455129384994507 c number of splits: 3805 s UNSATISFIABLE
150-750/output_83.cnf: c total solving time: 20.775463104248047 c number of splits: 5409 s UNSATISFIABLE
150-750/output_84.cnf: c total solving time: 9.169203758239746 c number of splits: 2351 s UNSATISFIABLE
150-750/output_85.cnf: c total solving time: 20.512805223464966 c number of splits: 5489 s UNSATISFIABLE
150-750/output_86.cnf: c total solving time: 15.35585331916809 c number of splits: 3991 s UNSATISFIABLE
150-750/output_87.cnf: c total solving time: 22.564595699310303 c number of splits: 5939 s UNSATISFIABLE
150-750/output_88.cnf: c total solving time: 11.783500671386719 c number of splits: 3065 s UNSATISFIABLE
150-750/output_89.cnf: c total solving time: 21.357967138290405 c number of splits: 5577 s UNSATISFIABLE
150-750/output_9.cnf: c total solving time: 18.755889892578125 c number of splits: 4641 s UNSATISFIABLE
150-750/output_90.cnf: c total solving time: 17.678150177001953 c number of splits: 4279 s UNSATISFIABLE
150-750/output_91.cnf: c total solving time: 19.943377256393433 c number of splits: 5179 s UNSATISFIABLE
150-750/output_92.cnf: c total solving time: 27.95246148109436 c number of splits: 7079 s UNSATISFIABLE
150-750/output_93.cnf: c total solving time: 14.38640832901001 c number of splits: 3659 s UNSATISFIABLE
150-750/output_94.cnf: c total solving time: 20.070541620254517 c number of splits: 5153 s UNSATISFIABLE
150-750/output_95.cnf: c total solving time: 14.374095678329468 c number of splits: 3501 s UNSATISFIABLE
150-750/output_96.cnf: c total solving time: 12.22753620147705 c number of splits: 3237 s UNSATISFIABLE
150-750/output_97.cnf: c total solving time: 14.586051940917969 c number of splits: 3939 s UNSATISFIABLE
150-750/output_98.cnf: c total solving time: 16.237951278686523 c number of splits: 4287 s UNSATISFIABLE
150-750/output_99.cnf: c total solving time: 26.91060471534729 c number of splits: 6691 s UNSATISFIABLE
Total solving time: 1631.8612599372863755
Median solving time: 15.27
Total number of splits: 414836
Median number of splits: 3887.00
Number of satisfiable: 0
