c total solving time: 0.7831447124481201 c number of splits: 278 s SATISFIABLE v -1 -2 -3 4 5 -6 -7 8 9 -10 11 -12 13 14 15 16 -17 -18 -19 20 21 22 23 24 -25 26 27 28 29 -30 -31 -32 -33 34 -35 -36 -37 -38 39 40 41 -42 -43 44 -45 -46 47 -48 -49 50 51 52 -53 54 55 56 -57 58 -59 60 -61 -62 -63 64 65 66 -67 68 69 -70 71 -72 -73 74 75 76 77 78 -79 80 -81 82 83 -84 85 86 -87 88 89 -90 -91 92 93 94 -95 96 97 98 -99 100 -101 -102 -103 -104 105 106 -107 -108 -109 -110 111 112 113 114 -115 116 -117 -118 -119 -120 121 122 -123 124 125 -126 -127 128 -129 130 131 -132 133 134 135 -136 137 138 -139 -140 -141 142 143 -144 145 146 -147 148 149 -150 0
c total solving time: 4.56246542930603 c number of splits: 1529 s SATISFIABLE v -1 2 3 -4 -5 6 7 8 9 10 10 10 10 10 11 12 -13 14 15 16 -17 18 -19 -20 21 -22 23 -24 -25 -26 -27 -28 -29 30 31 32 33 34 35 -36 37 -38 39 -40 41 -42 43 -44 45 -46 47 48 -49 50 51 -52 -53 -54 -55 56 57 57 58 -59 -60 61 62 63 -64 -65 66 -67 68 69 -70 -71 72 -73 74 -75 76 -77 -78 -79 -80 -81 -82 -83 -84 -85 -86 -87 -88 89 -90 91 92 -93 -94 -95 96 97 -98 -99 -100 -101 -102 -103 104 105 -106 -107 108 -109 -110 111 -112 113 -114 -115 -116 -117 118 -119 -120 121 -122 123 -124 -125 -126 -127 128 129 130 131 131 131 -132 -133 134 135 136 137 138 139 140 -141 -142 143 144 145 146 -147 -148 -149 150 0
c total solving time: 35.70540118217468 c number of splits: 10389 s UNSATISFIABLE
c total solving time: 44.96599197387695 c number of splits: 13481 s UNSATISFIABLE
c total solving time: 31.684224128723145 c number of splits: 9339 s UNSATISFIABLE
c total solving time: 13.94669771194458 c number of splits: 3957 s SATISFIABLE v 1 -2 -3 -4 5 6 -7 8 -9 -10 -11 12 13 -14 15 -16 17 -18 19 -20 21 22 23 24 25 26 -27 28 -29 30 -31 -32 33 34 35 36 37 38 -39 40 -41 -42 43 -44 -45 46 47 48 -49 -50 51 52 53 54 -55 56 -57 -58 59 60 61 61 61 61 62 63 -64 -65 -66 67 -68 -69 70 -71 -72 -73 -74 75 76 77 78 -79 -80 -81 -82 -83 -84 -85 86 -87 -88 -89 90 91 91 91 91 91 91 91 -92 -93 94 -95 -96 -97 98 99 -100 101 102 103 -104 105 -106 -107 108 -109 -110 111 -112 -113 114 115 116 -117 118 -119 120 121 -122 -123 -124 -125 126 -127 128 129 130 131 -132 133 -134 -135 -136 -137 138 -139 -140 -141 -142 -143 144 -145 146 -147 148 -149 -150 0
c total solving time: 31.274489641189575 c number of splits: 9269 s UNSATISFIABLE
c total solving time: 37.866300106048584 c number of splits: 11617 s UNSATISFIABLE
c total solving time: 74.8657488822937 c number of splits: 22287 s UNSATISFIABLE
c total solving time: 32.31710648536682 c number of splits: 9115 s UNSATISFIABLE
c total solving time: 34.13015270233154 c number of splits: 9795 s UNSATISFIABLE
c total solving time: 24.07956290245056 c number of splits: 6997 s UNSATISFIABLE
c total solving time: 51.465691566467285 c number of splits: 15121 s UNSATISFIABLE
c total solving time: 54.75683856010437 c number of splits: 15963 s UNSATISFIABLE
c total solving time: 52.211339473724365 c number of splits: 15473 s UNSATISFIABLE
c total solving time: 9.190021753311157 c number of splits: 2531 s UNSATISFIABLE
c total solving time: 31.639709949493408 c number of splits: 9277 s UNSATISFIABLE
c total solving time: 60.637125968933105 c number of splits: 18793 s UNSATISFIABLE
c total solving time: 64.65541458129883 c number of splits: 20999 s SATISFIABLE v 1 2 3 -4 5 -6 7 8 9 -10 -11 -12 13 14 15 -16 -17 -18 -19 -20 21 22 23 -24 -25 -26 27 -28 29 30 31 -32 33 34 -35 -36 37 38 -39 40 41 -42 -43 -44 45 -46 -47 48 -49 -50 -51 -52 53 -54 -55 -56 57 -58 59 60 61 62 -63 -64 65 66 67 -68 69 70 71 -72 73 74 -75 76 -77 78 79 -80 -81 -82 -83 -84 85 -86 87 -88 89 90 -91 92 93 93 93 93 94 -95 -96 -97 -98 99 -100 101 -102 -103 -104 105 -106 107 -108 -109 -110 -111 -112 -113 -114 -115 116 117 118 -119 120 -121 -122 -123 -124 125 126 -127 128 -129 -130 -131 -132 -133 134 -135 136 137 138 -139 -140 -141 -142 143 -144 145 -146 -147 -148 149 150 0
c total solving time: 4.504309892654419 c number of splits: 1303 s SATISFIABLE v -1 -2 3 4 5 6 -7 -8 9 -10 -11 -12 13 14 15 -16 -17 -18 19 20 -21 -22 -23 -24 25 26 27 28 29 -30 31 31 31 31 32 -33 34 -35 -36 -37 38 39 40 -41 -42 43 -44 45 -46 47 48 49 -50 51 52 53 -54 -55 -56 57 58 -59 -60 -61 62 -63 64 -65 -66 67 68 -69 70 71 -72 73 -74 -75 -76 -77 -78 -79 -80 -81 82 -83 84 -85 -86 87 -88 89 90 91 -92 93 94 -95 96 97 98 -99 -100 101 -102 -103 -104 105 -106 -107 108 -109 110 -111 112 113 -114 115 -116 117 118 -119 -120 -121 122 123 124 125 126 127 128 -129 130 -131 132 -133 -134 -135 -136 137 -138 -139 140 141 -142 -143 144 145 146 -147 -148 149 150 0
c total solving time: 50.82123804092407 c number of splits: 15269 s UNSATISFIABLE
c total solving time: 27.8450825214386 c number of splits: 7939 s UNSATISFIABLE
c total solving time: 43.615312576293945 c number of splits: 12871 s UNSATISFIABLE
c total solving time: 91.12530279159546 c number of splits: 27941 s UNSATISFIABLE
c total solving time: 47.32828140258789 c number of splits: 13311 s SATISFIABLE v -1 2 3 4 -5 6 7 8 9 10 11 12 13 -14 15 -16 17 -18 -19 -20 -21 -22 23 23 23 23 23 -24 -25 26 27 28 29 -30 -31 -32 33 -34 35 -36 37 -38 39 -40 41 -42 43 44 45 46 47 48 49 -50 51 52 53 -54 55 56 -57 58 -59 60 61 -62 -63 -64 65 -66 -67 68 69 69 69 69 69 69 69 70 71 -72 -73 74 -75 -76 -77 -78 -79 -80 -81 82 -83 -84 85 -86 87 -88 -89 90 -91 -92 -93 94 -95 -96 -97 -98 99 -100 101 -102 103 -104 -105 106 107 -108 -109 -110 -111 112 113 -114 -115 -116 117 118 -119 120 -121 122 123 124 125 126 127 -128 -129 -130 131 -132 133 -134 135 -136 137 138 -139 -140 141 142 143 144 -145 146 -147 148 149 150 0
c total solving time: 16.175634145736694 c number of splits: 4821 s UNSATISFIABLE
c total solving time: 61.07030415534973 c number of splits: 17563 s UNSATISFIABLE
c total solving time: 6.27353572845459 c number of splits: 2060 s SATISFIABLE v 1 -2 -3 4 5 6 -7 -8 9 10 -11 12 13 14 15 -16 17 18 19 -20 -21 22 -23 24 -25 26 27 28 29 30 31 -32 -33 -34 -35 -36 37 -38 39 -40 41 42 43 44 45 -46 -47 -48 49 50 -51 52 53 54 -55 56 57 -58 -59 60 61 -62 -63 64 -65 66 -67 68 69 -70 71 72 73 74 -75 76 -77 -78 -79 80 80 -81 -82 -83 -84 85 86 -87 -88 -89 -90 91 -92 -93 94 -95 96 -97 -98 99 100 101 -102 103 104 -105 106 -107 -108 109 -110 -111 -112 -113 114 115 -116 117 118 -119 -120 -121 -122 -123 -124 -125 126 -127 128 129 130 -131 132 133 133 133 -134 135 136 137 138 139 140 141 142 143 -144 -145 146 -147 148 -149 150 0
c total solving time: 23.453431129455566 c number of splits: 7814 s SATISFIABLE v -1 -2 3 4 5 6 -7 8 9 -10 -11 12 -13 14 -15 -16 -17 18 19 20 21 -22 23 -24 -25 -26 27 -28 -29 30 30 30 30 -31 -32 -33 -34 35 36 -37 -38 39 39 39 40 41 41 41 -42 43 44 45 -46 -47 -48 -49 -50 -51 -52 -53 -54 55 -56 57 58 59 -60 61 -62 -63 64 -65 -66 67 -68 69 70 -71 72 -73 74 75 -76 77 78 79 80 81 82 -83 -84 -85 -86 -87 88 89 90 91 92 -93 94 95 -96 -97 -98 99 100 -101 102 -103 -104 -105 -106 107 -108 109 110 -111 112 113 -114 115 116 116 116 116 -117 -118 -119 120 -121 122 -123 124 125 -126 -127 128 129 130 131 -132 133 -134 -135 136 137 138 -139 140 141 142 -143 -144 145 146 147 -148 149 150 0
c total solving time: 26.090174436569214 c number of splits: 7167 s UNSATISFIABLE
c total solving time: 17.945709228515625 c number of splits: 5501 s UNSATISFIABLE
c total solving time: 22.842068910598755 c number of splits: 6661 s UNSATISFIABLE
c total solving time: 18.03981924057007 c number of splits: 5193 s UNSATISFIABLE
c total solving time: 3.495339870452881 c number of splits: 1231 s SATISFIABLE v 1 -2 3 4 -5 -6 7 8 -9 -10 -11 -12 -13 14 15 -16 17 -18 -19 -20 21 -22 -23 -24 -25 26 -27 -28 29 -30 31 32 33 34 -35 36 37 -38 -39 40 -41 42 43 -44 -45 46 47 48 49 50 -51 -52 -53 -54 55 56 -57 -58 59 60 61 62 -63 -64 -65 -66 -67 68 69 -70 71 -72 -73 74 75 76 77 -78 -79 80 81 -82 83 84 -85 86 87 -88 89 90 91 -92 -93 94 -95 -96 97 -98 99 100 101 -102 -103 104 105 106 107 108 -109 110 111 112 -113 -114 115 116 117 118 119 -120 121 122 -123 124 -125 126 -127 128 -129 130 131 -132 -133 -134 -135 136 137 138 -139 140 141 -142 143 -144 145 146 -147 -148 -149 150 0
c total solving time: 20.454514980316162 c number of splits: 5825 s UNSATISFIABLE
c total solving time: 25.78174352645874 c number of splits: 7209 s UNSATISFIABLE
c total solving time: 9.45558214187622 c number of splits: 2577 s UNSATISFIABLE
c total solving time: 49.16959095001221 c number of splits: 14826 s SATISFIABLE v -1 -2 3 4 -5 -6 -7 -8 -9 10 11 12 13 13 -14 -15 16 17 -18 19 20 21 22 23 24 25 -26 27 -28 29 30 -31 -32 33 -34 -35 36 36 37 -38 39 -40 -41 42 -43 -44 45 -46 -47 48 48 49 -50 51 52 53 54 -55 -56 57 -58 59 -60 61 -62 63 -64 65 -66 67 -68 -69 70 -71 72 -73 -74 -75 -76 -77 -78 79 -80 81 -82 -83 -84 -85 86 87 88 -89 -90 -91 92 93 -94 -95 -96 -97 98 -99 100 101 101 102 -103 -104 -105 106 107 108 -109 110 -111 -112 -113 114 115 116 -117 118 119 -120 -121 -122 -123 124 125 -126 127 -128 -129 130 -131 132 133 134 135 -136 -137 138 -139 140 -141 142 143 144 -145 146 -147 148 149 -150 0
c total solving time: 9.014610767364502 c number of splits: 2395 s UNSATISFIABLE
c total solving time: 60.570371866226196 c number of splits: 18451 s UNSATISFIABLE
c total solving time: 34.900779724121094 c number of splits: 10342 s SATISFIABLE v -1 2 3 4 5 6 -7 8 9 -10 11 12 13 14 15 -16 17 18 -19 20 21 22 23 -24 25 26 27 -28 -29 30 -31 -32 33 34 35 36 -37 -38 -39 40 -41 42 -43 -44 45 46 47 47 48 49 -50 51 -52 53 -54 -55 -56 57 -58 59 60 61 62 63 -64 -65 66 -67 68 69 70 -71 72 -73 -74 -75 76 -77 78 -79 -80 -81 82 -83 84 85 86 87 -88 89 -90 -91 -92 93 94 -95 -96 -97 -98 -99 100 101 102 103 -104 -105 106 107 108 109 -110 -111 112 -113 114 -115 -116 -117 -118 -119 120 -121 122 -123 -124 125 -126 127 128 -129 -130 131 132 -133 134 -135 136 137 138 -139 140 -141 -142 -143 144 -145 146 147 148 149 -150 0
c total solving time: 1.0082192420959473 c number of splits: 391 s SATISFIABLE v 1 2 3 4 -5 6 -7 -8 9 10 11 -12 13 14 15 -16 -17 -18 -19 20 21 22 -23 -24 25 26 -27 28 -29 30 -31 -32 -33 34 -35 36 37 -38 -39 40 41 -42 43 44 -45 -46 47 -48 -49 -50 51 -52 53 54 -55 56 57 58 -59 -60 -61 -62 -63 -64 -65 -66 67 68 -69 70 71 72 73 74 75 76 -77 -78 -79 80 -81 -82 83 -84 -85 -86 87 88 89 -90 91 -92 93 -94 95 -96 -97 98 99 -100 101 -102 103 104 -105 -106 107 108 109 -110 111 -112 113 114 115 -116 117 118 119 -120 121 -122 123 -124 -125 -126 -127 -128 -129 130 -131 132 133 133 133 133 133 134 -135 -136 -137 -138 -139 -140 -141 142 143 144 145 -146 -147 -148 -149 150 0
c total solving time: 53.72132182121277 c number of splits: 16541 s UNSATISFIABLE
c total solving time: 34.31696939468384 c number of splits: 11268 s SATISFIABLE v 1 2 3 -4 5 -6 -7 8 -9 10 11 12 13 14 15 -16 -17 -18 19 20 21 -22 23 -24 25 26 -27 28 29 -30 31 32 -33 -34 35 36 37 38 39 40 -41 42 43 -44 -45 46 47 -48 49 50 51 -52 53 54 -55 56 57 58 59 -60 61 -62 -63 -64 -65 -66 67 67 67 68 -69 -70 71 -72 73 74 75 76 -77 78 79 -80 -81 82 83 -84 -85 -86 87 -88 -89 -90 -91 92 -93 94 95 96 97 98 -99 -100 101 102 102 102 102 -103 -104 105 105 105 105 105 105 105 -106 107 108 109 -110 111 -112 113 114 -115 116 117 118 119 -120 -121 -122 123 124 125 -126 127 127 127 127 127 128 -129 -130 -131 -132 -133 -134 135 136 137 -138 -139 -140 141 -142 143 -144 -145 -146 147 -148 149 -150 0
c total solving time: 57.350703954696655 c number of splits: 17177 s UNSATISFIABLE
c total solving time: 24.27391529083252 c number of splits: 7032 s SATISFIABLE v -1 2 -3 -4 -5 -6 7 8 -9 -10 -11 -12 -13 14 15 -16 17 -18 -19 20 -21 22 23 -24 -25 26 27 -28 29 30 31 -32 33 -34 35 36 37 -38 -39 40 41 -42 -43 44 45 -46 47 -48 -49 -50 -51 52 53 54 -55 -56 57 58 -59 -60 61 -62 63 -64 -65 66 67 68 -69 -70 71 72 -73 -74 75 76 -77 78 79 80 -81 82 -83 84 -85 -86 -87 88 89 -90 -91 -92 -93 -94 -95 96 -97 -98 -99 -100 -101 -102 -103 -104 105 -106 107 108 -109 110 -111 112 -113 114 -115 -116 -117 -118 -119 120 -121 122 123 -124 125 -126 -127 128 129 -130 131 132 133 134 135 136 137 -138 139 140 141 -142 -143 -144 -145 146 -147 -148 149 -150 0
c total solving time: 45.49567651748657 c number of splits: 13715 s UNSATISFIABLE
c total solving time: 19.45003032684326 c number of splits: 5483 s UNSATISFIABLE
c total solving time: 24.510793209075928 c number of splits: 6949 s UNSATISFIABLE
c total solving time: 67.07085919380188 c number of splits: 20491 s UNSATISFIABLE
c total solving time: 11.611388921737671 c number of splits: 3341 s UNSATISFIABLE
c total solving time: 21.000815629959106 c number of splits: 5887 s UNSATISFIABLE
c total solving time: 45.536110401153564 c number of splits: 13829 s SATISFIABLE v -1 2 -3 4 5 6 -7 -8 -9 10 11 11 11 11 11 11 11 -12 13 -14 15 16 -17 -18 -19 -20 21 22 23 -24 25 26 -27 -28 29 -30 -31 -32 33 -34 -35 36 -37 -38 39 -40 41 -42 -43 44 45 -46 -47 48 49 50 51 -52 -53 54 55 55 -56 -57 58 59 -60 -61 62 -63 -64 65 66 67 -68 69 70 -71 72 73 -74 -75 76 -77 -78 -79 -80 -81 -82 83 84 85 -86 87 88 89 90 91 92 93 -94 -95 -96 -97 -98 99 100 101 102 -103 104 -105 106 -107 108 -109 110 -111 -112 113 -114 -115 116 -117 -118 119 120 121 -122 123 124 -125 -126 127 128 -129 130 -131 132 133 -134 135 -136 -137 138 139 140 -141 142 143 144 145 146 147 148 149 150 0
c total solving time: 20.162079572677612 c number of splits: 5959 s UNSATISFIABLE
c total solving time: 32.225361585617065 c number of splits: 9473 s UNSATISFIABLE
c total solving time: 45.60702443122864 c number of splits: 13545 s UNSATISFIABLE
c total solving time: 49.26649451255798 c number of splits: 14741 s UNSATISFIABLE
c total solving time: 2.204397201538086 c number of splits: 636 s SATISFIABLE v -1 -2 -3 -4 5 6 7 -8 9 10 -11 -12 -13 -14 -15 -16 17 18 -19 -20 -21 -22 23 24 25 26 27 -28 -29 -30 -31 32 33 -34 35 36 -37 38 38 38 -39 40 41 42 -43 44 -45 46 47 48 -49 50 51 -52 -53 -54 55 56 57 58 59 60 60 60 60 60 -61 62 63 63 63 63 63 63 63 63 63 63 63 63 -64 65 -66 -67 -68 69 70 -71 72 73 74 -75 -76 -77 78 -79 80 81 81 81 82 -83 84 85 86 87 -88 89 90 91 92 -93 94 -95 96 97 -98 -99 100 101 -102 103 104 -105 106 107 108 -109 110 111 112 113 -114 -115 -116 117 -118 -119 120 -121 -122 123 -124 -125 126 127 128 -129 -130 -131 -132 -133 134 -135 -136 137 138 139 -140 141 142 143 -144 145 -146 -147 -148 149 -150 0
c total solving time: 41.26850605010986 c number of splits: 12345 s UNSATISFIABLE
c total solving time: 32.77524471282959 c number of splits: 9593 s UNSATISFIABLE
c total solving time: 45.45473289489746 c number of splits: 13073 s UNSATISFIABLE
c total solving time: 38.914939165115356 c number of splits: 11543 s UNSATISFIABLE
c total solving time: 32.60032773017883 c number of splits: 9891 s SATISFIABLE v 1 2 -3 -4 -5 -6 7 8 -9 10 -11 -12 -13 -14 -15 -16 -17 -18 19 20 -21 22 23 -24 25 26 27 -28 -29 30 -31 -32 33 34 -35 -36 -37 38 -39 40 41 42 43 44 45 46 -47 48 49 50 51 -52 53 -54 -55 56 57 -58 59 60 -61 62 -63 64 -65 66 67 68 -69 70 -71 -72 73 -74 75 -76 -77 78 -79 -80 -81 -82 -83 84 85 -86 -87 -88 -89 90 91 92 93 -94 95 -96 97 -98 99 -100 101 -102 103 -104 105 -106 -107 -108 109 110 -111 112 113 -114 -115 116 117 118 -119 120 121 122 123 124 -125 126 127 128 -129 -130 131 132 133 134 135 136 137 138 -139 -140 -141 142 143 -144 -145 -146 147 148 -149 -150 0
c total solving time: 55.15701341629028 c number of splits: 17197 s UNSATISFIABLE
c total solving time: 52.49458360671997 c number of splits: 14761 s UNSATISFIABLE
c total solving time: 12.093627214431763 c number of splits: 3381 s UNSATISFIABLE
c total solving time: 17.141427278518677 c number of splits: 5033 s UNSATISFIABLE
c total solving time: 26.939160108566284 c number of splits: 8005 s UNSATISFIABLE
c total solving time: 41.733277797698975 c number of splits: 12461 s UNSATISFIABLE
c total solving time: 1.1937365531921387 c number of splits: 341 s SATISFIABLE v 1 2 3 -4 5 6 -7 8 -9 10 11 12 13 14 15 -16 -17 18 18 18 18 18 18 18 19 20 -21 -22 23 24 -25 -26 27 28 -29 30 31 -32 -33 34 35 -36 37 38 -39 40 41 -42 -43 -44 45 46 -47 -48 -49 -50 51 -52 53 -54 55 56 57 -58 59 60 -61 -62 63 -64 65 -66 -67 -68 69 -70 71 72 73 -74 -75 -76 -77 -78 79 -80 81 -82 83 83 83 83 83 83 83 83 83 83 -84 85 -86 -87 88 -89 90 -91 -92 -93 -94 95 -96 -97 -98 -99 100 101 -102 -103 -104 -105 106 107 108 109 -110 111 112 113 114 -115 116 117 -118 119 -120 121 -122 -123 124 125 126 127 -128 129 -130 -131 132 133 133 -134 -135 -136 137 -138 -139 140 -141 -142 143 -144 145 -146 147 -148 149 -150 0
c total solving time: 13.787766218185425 c number of splits: 3909 s UNSATISFIABLE
c total solving time: 63.253809690475464 c number of splits: 19705 s UNSATISFIABLE
c total solving time: 56.92454934120178 c number of splits: 16563 s UNSATISFIABLE
c total solving time: 31.387526512145996 c number of splits: 9125 s UNSATISFIABLE
c total solving time: 41.08533000946045 c number of splits: 12199 s UNSATISFIABLE
c total solving time: 39.394405126571655 c number of splits: 11413 s UNSATISFIABLE
c total solving time: 15.951109886169434 c number of splits: 4716 s SATISFIABLE v 1 -2 -3 -4 5 6 -7 -8 -9 -10 -11 -12 13 14 15 16 -17 18 -19 -20 21 -22 -23 24 25 26 26 -27 -28 -29 30 -31 32 33 33 -34 35 36 -37 -38 39 40 41 42 43 44 44 45 -46 -47 48 49 50 -51 -52 53 54 55 56 57 58 59 60 60 61 62 -63 64 65 66 -67 -68 69 -70 71 -72 -73 74 75 76 77 78 -79 80 -81 82 83 84 -85 86 87 88 -89 90 91 -92 -93 94 95 96 97 -98 99 -100 101 -102 -103 -104 -105 -106 -107 108 109 110 -111 -112 -113 114 115 116 117 -118 119 -120 -121 122 -123 -124 125 126 -127 128 -129 130 131 132 -133 134 135 136 -137 -138 139 140 -141 -142 143 144 -145 -146 -147 -148 149 -150 0
c total solving time: 42.86725473403931 c number of splits: 12837 s UNSATISFIABLE
c total solving time: 31.67472195625305 c number of splits: 9858 s SATISFIABLE v -1 2 -3 -4 -5 6 7 8 -9 10 11 -12 13 14 -15 16 -17 -18 19 -20 -21 -22 23 24 25 26 27 -28 -29 30 31 -32 -33 -34 -35 36 -37 38 -39 40 41 42 43 -44 -45 46 -47 -48 49 50 50 50 51 52 -53 54 55 56 -57 58 -59 -60 61 62 63 64 -65 66 -67 -68 69 -70 -71 -72 73 74 -75 76 -77 -78 79 -80 -81 -82 83 84 -85 -86 87 88 89 -90 91 -92 93 94 -95 -96 97 -98 -99 -100 101 -102 103 104 -105 106 -107 -108 109 110 111 -112 -113 -114 115 -116 117 118 -119 120 -121 122 -123 -124 -125 126 127 -128 -129 -130 -131 -132 -133 134 -135 -136 -137 -138 -139 -140 141 142 143 144 145 -146 -147 148 149 -150 0
c total solving time: 40.13421368598938 c number of splits: 12189 s UNSATISFIABLE
c total solving time: 5.350751638412476 c number of splits: 1482 s SATISFIABLE v 1 2 3 4 5 6 -7 -8 -9 10 11 -12 13 -14 -15 16 -17 -18 -19 -20 -21 -22 23 -24 -25 26 27 -28 -29 -30 31 -32 33 34 35 -36 -37 -38 -39 40 -41 42 -43 44 -45 -46 47 48 49 50 51 -52 -53 54 -55 56 57 -58 -59 -60 -61 62 -63 -64 -65 -66 67 68 69 70 71 -72 -73 74 -75 76 -77 -78 79 80 81 82 -83 84 85 -86 87 88 89 90 91 92 -93 -94 -95 -96 97 97 97 98 -99 100 101 102 103 103 103 103 103 103 103 103 104 -105 106 107 108 -109 110 111 -112 -113 -114 115 -116 -117 118 119 120 121 -122 -123 -124 125 -126 127 128 -129 130 -131 -132 -133 134 135 -136 -137 138 -139 140 141 142 -143 144 -145 146 147 148 -149 -150 0
c total solving time: 14.291675090789795 c number of splits: 4451 s SATISFIABLE v 1 -2 -3 4 -5 6 7 -8 -9 10 11 -12 -13 14 -15 16 -17 18 -19 -20 -21 22 22 22 22 23 -24 25 -26 -27 28 29 30 -31 32 33 34 35 36 37 -38 -39 -40 -41 -42 43 -44 -45 46 -47 -48 49 -50 -51 -52 -53 54 -55 56 57 -58 59 60 61 62 -63 64 -65 66 67 67 -68 69 70 71 -72 73 74 -75 76 77 78 -79 -80 81 82 -83 84 -85 -86 87 -88 89 90 91 -92 93 -94 -95 -96 -97 98 -99 -100 -101 -102 103 104 -105 -106 -107 108 -109 110 -111 -112 113 -114 -115 -116 117 118 -119 -120 121 122 -123 -124 -125 126 127 -128 129 130 -131 -132 133 134 135 -136 137 -138 -139 140 141 -142 -143 144 145 -146 147 148 -149 -150 0
c total solving time: 20.046953916549683 c number of splits: 5743 s SATISFIABLE v -1 -2 3 -4 -5 6 -7 -8 -9 -10 -11 12 -13 14 14 14 -15 16 -17 -18 19 -20 -21 -22 23 24 -25 26 -27 -28 29 -30 31 -32 33 -34 -35 -36 37 38 39 40 -41 -42 43 -44 -45 -46 47 -48 -49 -50 -51 -52 53 -54 -55 56 -57 58 59 60 61 62 63 -64 65 -66 67 68 68 69 70 -71 72 -73 -74 75 -76 77 -78 -79 -80 -81 82 83 -84 -85 -86 87 -88 -89 -90 -91 92 -93 94 95 -96 -97 -98 99 100 100 -101 102 103 104 104 104 104 104 -105 -106 107 -108 -109 -110 111 -112 -113 114 115 115 -116 117 118 -119 120 -121 122 -123 -124 125 -126 127 128 129 -130 -131 -132 133 134 -135 136 137 138 139 140 141 142 142 143 -144 145 146 147 148 149 150 0
c total solving time: 34.276687145233154 c number of splits: 9933 s UNSATISFIABLE
c total solving time: 35.42053985595703 c number of splits: 10999 s UNSATISFIABLE
c total solving time: 22.618592977523804 c number of splits: 6491 s UNSATISFIABLE
c total solving time: 54.24996066093445 c number of splits: 15673 s UNSATISFIABLE
c total solving time: 59.64276170730591 c number of splits: 17791 s UNSATISFIABLE
c total solving time: 94.66741156578064 c number of splits: 29783 s UNSATISFIABLE
c total solving time: 19.84050488471985 c number of splits: 6209 s SATISFIABLE v -1 -2 -3 4 -5 -6 7 8 -9 -10 11 12 13 14 -15 -16 17 -18 -19 -20 -21 22 -23 -24 -25 26 -27 -28 -29 30 -31 -32 33 34 -35 -36 -37 38 39 40 41 -42 -43 -44 -45 46 47 -48 49 50 51 52 -53 -54 55 -56 57 58 59 -60 61 62 -63 -64 -65 -66 67 68 69 -70 71 72 -73 74 -75 76 77 -78 79 -80 -81 -82 83 -84 -85 86 87 -88 89 -90 91 -92 -93 -94 -95 -96 -97 -98 99 -100 101 102 -103 104 105 106 107 -108 109 -110 111 112 113 -114 -115 -116 -117 118 119 -120 -121 -122 -123 -124 -125 -126 -127 128 -129 -130 -131 -132 -133 134 135 136 137 -138 139 140 141 142 143 144 145 -146 -147 -148 -149 -150 0
c total solving time: 16.101289987564087 c number of splits: 4887 s SATISFIABLE v 1 2 -3 -4 -5 6 7 8 -9 -10 11 -12 13 14 -15 16 -17 -18 -19 20 -21 -22 23 -24 -25 -26 27 28 -29 30 -31 -32 -33 -34 35 36 37 -38 39 40 -41 42 -43 -44 45 -46 -47 -48 49 50 50 -51 52 -53 54 -55 -56 57 58 -59 60 -61 62 63 64 65 66 -67 68 69 -70 -71 72 -73 74 -75 -76 -77 78 79 -80 81 82 83 -84 85 86 -87 -88 -89 90 -91 92 93 94 95 96 97 -98 -99 100 100 101 -102 103 -104 -105 106 107 108 -109 110 -111 -112 -113 114 -115 116 -117 118 119 -120 121 -122 123 -124 -125 126 127 128 129 130 -131 132 -133 134 135 -136 -137 -138 -139 140 141 142 -143 144 -145 146 147 148 149 150 0
c total solving time: 1.7111601829528809 c number of splits: 524 s SATISFIABLE v 1 2 -3 -4 5 6 7 -8 9 10 -11 12 13 14 15 16 17 18 -19 20 21 22 -23 24 -25 -26 -27 28 -29 30 31 -32 -33 34 35 -36 37 38 39 -40 -41 42 43 44 -45 -46 47 48 49 -50 51 52 53 54 54 55 56 -57 -58 -59 60 -61 62 63 -64 -65 -66 67 -68 69 70 -71 72 73 -74 75 76 77 78 -79 80 81 -82 -83 -84 85 86 -87 -88 89 -90 -91 92 -93 94 95 -96 -97 98 -99 100 101 102 -103 104 -105 -106 107 -108 -109 110 -111 112 113 -114 115 -116 -117 -118 -119 120 121 122 123 -124 -125 -126 -127 128 129 -130 131 -132 133 -134 -135 136 -137 138 -139 140 -141 -142 -143 -144 -145 146 147 148 149 149 149 150 0
c total solving time: 12.854354619979858 c number of splits: 3621 s UNSATISFIABLE
c total solving time: 45.61575770378113 c number of splits: 13793 s SATISFIABLE v -1 2 -3 -4 -5 -6 -7 8 9 10 11 12 13 -14 15 16 -17 -18 -19 20 21 -22 -23 24 -25 26 -27 -28 29 -30 31 -32 33 34 -35 -36 -37 38 -39 40 41 -42 -43 -44 -45 -46 47 48 -49 -50 -51 52 53 -54 55 56 -57 58 59 60 -61 -62 63 64 65 -66 67 68 69 70 71 72 73 74 75 75 75 75 75 -76 -77 -78 -79 -80 81 82 -83 -84 85 85 85 86 87 -88 89 -90 91 92 93 -94 95 96 -97 98 99 -100 -101 102 -103 104 -105 106 107 -108 109 110 111 -112 -113 114 115 -116 117 -118 119 -120 -121 122 123 -124 125 -126 127 128 129 -130 131 -132 -133 134 135 136 137 138 139 140 141 -142 143 144 144 145 -146 147 -148 149 150 0
c total solving time: 17.75186038017273 c number of splits: 4851 s UNSATISFIABLE
c total solving time: 18.944116353988647 c number of splits: 5225 s UNSATISFIABLE
c total solving time: 35.93229031562805 c number of splits: 9971 s UNSATISFIABLE
c total solving time: 23.11966872215271 c number of splits: 6637 s UNSATISFIABLE
c total solving time: 45.42185592651367 c number of splits: 13111 s UNSATISFIABLE
c total solving time: 17.990983247756958 c number of splits: 5227 s UNSATISFIABLE
Total solving time: 3285.5987675189971720
Median solving time: 31.95
Total number of splits: 977478
Median number of splits: 9308.00
Number of satisfiable: 27
