150-720/output_0.cnf: c total solving time: 41.478076457977295 c number of splits: 12323 s UNSATISFIABLE
150-720/output_1.cnf: c total solving time: 43.068864822387695 c number of splits: 11841 s UNSATISFIABLE
150-720/output_10.cnf: c total solving time: 22.482321739196777 c number of splits: 5905 s UNSATISFIABLE
150-720/output_11.cnf: c total solving time: 16.173829793930054 c number of splits: 4307 s UNSATISFIABLE
150-720/output_12.cnf: c total solving time: 19.149071216583252 c number of splits: 5355 s UNSATISFIABLE
150-720/output_13.cnf: c total solving time: 28.688344478607178 c number of splits: 8003 s UNSATISFIABLE
150-720/output_14.cnf: c total solving time: 18.45387840270996 c number of splits: 4937 s UNSATISFIABLE
150-720/output_15.cnf: c total solving time: 17.292377948760986 c number of splits: 4611 s UNSATISFIABLE
150-720/output_16.cnf: c total solving time: 37.483985900878906 c number of splits: 10559 s UNSATISFIABLE
150-720/output_17.cnf: c total solving time: 14.70671558380127 c number of splits: 3989 s UNSATISFIABLE
150-720/output_18.cnf: c total solving time: 25.227104425430298 c number of splits: 6755 s UNSATISFIABLE
150-720/output_19.cnf: c total solving time: 32.176722049713135 c number of splits: 8953 s UNSATISFIABLE
150-720/output_2.cnf: c total solving time: 12.352673053741455 c number of splits: 3261 s UNSATISFIABLE
150-720/output_20.cnf: c total solving time: 12.159968376159668 c number of splits: 3179 s UNSATISFIABLE
150-720/output_21.cnf: c total solving time: 25.965513944625854 c number of splits: 7047 s UNSATISFIABLE
150-720/output_22.cnf: c total solving time: 23.215346813201904 c number of splits: 6385 s UNSATISFIABLE
150-720/output_23.cnf: c total solving time: 21.311403036117554 c number of splits: 5749 s UNSATISFIABLE
150-720/output_24.cnf: c total solving time: 18.615896463394165 c number of splits: 4871 s UNSATISFIABLE
150-720/output_25.cnf: c total solving time: 20.845876216888428 c number of splits: 5627 s UNSATISFIABLE
150-720/output_26.cnf: c total solving time: 26.97648334503174 c number of splits: 6785 s UNSATISFIABLE
150-720/output_27.cnf: c total solving time: 22.569418907165527 c number of splits: 6547 s UNSATISFIABLE
150-720/output_28.cnf: c total solving time: 28.23552656173706 c number of splits: 7775 s UNSATISFIABLE
150-720/output_29.cnf: c total solving time: 24.656256437301636 c number of splits: 6709 s UNSATISFIABLE
150-720/output_3.cnf: c total solving time: 28.325782537460327 c number of splits: 7735 s UNSATISFIABLE
150-720/output_30.cnf: c total solving time: 13.222427129745483 c number of splits: 3627 s UNSATISFIABLE
150-720/output_31.cnf: c total solving time: 13.414045333862305 c number of splits: 3519 s UNSATISFIABLE
150-720/output_32.cnf: c total solving time: 21.49144434928894 c number of splits: 5735 s UNSATISFIABLE
150-720/output_33.cnf: c total solving time: 48.415130376815796 c number of splits: 13941 s UNSATISFIABLE
150-720/output_34.cnf: c total solving time: 17.071950912475586 c number of splits: 4649 s UNSATISFIABLE
150-720/output_35.cnf: c total solving time: 19.775003671646118 c number of splits: 5649 s UNSATISFIABLE
150-720/output_36.cnf: c total solving time: 22.8927264213562 c number of splits: 6257 s UNSATISFIABLE
150-720/output_37.cnf: c total solving time: 14.241484642028809 c number of splits: 3927 s UNSATISFIABLE
150-720/output_38.cnf: c total solving time: 16.228870391845703 c number of splits: 4539 s UNSATISFIABLE
150-720/output_39.cnf: c total solving time: 24.867606163024902 c number of splits: 7069 s UNSATISFIABLE
150-720/output_4.cnf: c total solving time: 27.756988048553467 c number of splits: 7505 s UNSATISFIABLE
150-720/output_40.cnf: c total solving time: 13.539911270141602 c number of splits: 3567 s UNSATISFIABLE
150-720/output_41.cnf: c total solving time: 19.036409854888916 c number of splits: 5261 s UNSATISFIABLE
150-720/output_42.cnf: c total solving time: 46.740464210510254 c number of splits: 13281 s UNSATISFIABLE
150-720/output_43.cnf: c total solving time: 20.30803680419922 c number of splits: 5371 s UNSATISFIABLE
150-720/output_44.cnf: c total solving time: 21.039196968078613 c number of splits: 5665 s UNSATISFIABLE
150-720/output_45.cnf: c total solving time: 18.365647077560425 c number of splits: 4999 s UNSATISFIABLE
150-720/output_46.cnf: c total solving time: 27.16123080253601 c number of splits: 7557 s UNSATISFIABLE
150-720/output_47.cnf: c total solving time: 9.257558822631836 c number of splits: 2499 s UNSATISFIABLE
150-720/output_48.cnf: c total solving time: 18.626982927322388 c number of splits: 4891 s UNSATISFIABLE
150-720/output_49.cnf: c total solving time: 42.01960015296936 c number of splits: 11583 s UNSATISFIABLE
150-720/output_5.cnf: c total solving time: 25.27581763267517 c number of splits: 6853 s UNSATISFIABLE
150-720/output_50.cnf: c total solving time: 7.6287243366241455 c number of splits: 1967 s UNSATISFIABLE
150-720/output_51.cnf: c total solving time: 17.41082215309143 c number of splits: 4725 s UNSATISFIABLE
150-720/output_52.cnf: c total solving time: 17.97031307220459 c number of splits: 4959 s UNSATISFIABLE
150-720/output_53.cnf: c total solving time: 17.59599471092224 c number of splits: 4993 s UNSATISFIABLE
150-720/output_54.cnf: c total solving time: 25.16263246536255 c number of splits: 6967 s UNSATISFIABLE
150-720/output_55.cnf: c total solving time: 9.06627345085144 c number of splits: 2385 s UNSATISFIABLE
150-720/output_56.cnf: c total solving time: 17.626378297805786 c number of splits: 4907 s UNSATISFIABLE
150-720/output_57.cnf: c total solving time: 36.609373807907104 c number of splits: 10159 s UNSATISFIABLE
150-720/output_58.cnf: c total solving time: 18.077840089797974 c number of splits: 4701 s UNSATISFIABLE
150-720/output_59.cnf: c total solving time: 17.41096568107605 c number of splits: 4873 s UNSATISFIABLE
150-720/output_6.cnf: c total solving time: 17.90499234199524 c number of splits: 4659 s UNSATISFIABLE
150-720/output_60.cnf: c total solving time: 18.205207109451294 c number of splits: 5017 s UNSATISFIABLE
150-720/output_61.cnf: c total solving time: 17.181350708007812 c number of splits: 4477 s UNSATISFIABLE
150-720/output_62.cnf: c total solving time: 9.891910314559937 c number of splits: 2529 s UNSATISFIABLE
150-720/output_63.cnf: c total solving time: 25.762478351593018 c number of splits: 7053 s UNSATISFIABLE
150-720/output_64.cnf: c total solving time: 31.225678205490112 c number of splits: 9155 s UNSATISFIABLE
150-720/output_65.cnf: c total solving time: 15.04869294166565 c number of splits: 3919 s UNSATISFIABLE
150-720/output_66.cnf: c total solving time: 21.566081762313843 c number of splits: 5753 s UNSATISFIABLE
150-720/output_67.cnf: c total solving time: 25.93098545074463 c number of splits: 7263 s UNSATISFIABLE
150-720/output_68.cnf: c total solving time: 12.567432641983032 c number of splits: 3345 s UNSATISFIABLE
150-720/output_69.cnf: c total solving time: 12.903143882751465 c number of splits: 3585 s UNSATISFIABLE
150-720/output_7.cnf: c total solving time: 32.56125330924988 c number of splits: 8975 s UNSATISFIABLE
150-720/output_70.cnf: c total solving time: 12.2463960647583 c number of splits: 3319 s UNSATISFIABLE
150-720/output_71.cnf: c total solving time: 20.77598237991333 c number of splits: 5729 s UNSATISFIABLE
150-720/output_72.cnf: c total solving time: 19.848162412643433 c number of splits: 5285 s UNSATISFIABLE
150-720/output_73.cnf: c total solving time: 7.297528028488159 c number of splits: 1855 s UNSATISFIABLE
150-720/output_74.cnf: c total solving time: 17.02243709564209 c number of splits: 4581 s UNSATISFIABLE
150-720/output_75.cnf: c total solving time: 21.4974467754364 c number of splits: 6211 s UNSATISFIABLE
150-720/output_76.cnf: c total solving time: 26.94822883605957 c number of splits: 7087 s UNSATISFIABLE
150-720/output_77.cnf: c total solving time: 17.458159685134888 c number of splits: 4719 s UNSATISFIABLE
150-720/output_78.cnf: c total solving time: 20.849050998687744 c number of splits: 5859 s UNSATISFIABLE
150-720/output_79.cnf: c total solving time: 21.574851989746094 c number of splits: 5819 s UNSATISFIABLE
150-720/output_8.cnf: c total solving time: 25.813989877700806 c number of splits: 6917 s UNSATISFIABLE
150-720/output_80.cnf: c total solving time: 11.590010404586792 c number of splits: 3119 s UNSATISFIABLE
150-720/output_81.cnf: c total solving time: 16.634143590927124 c number of splits: 4453 s UNSATISFIABLE
150-720/output_82.cnf: c total solving time: 19.872985363006592 c number of splits: 5341 s UNSATISFIABLE
150-720/output_83.cnf: c total solving time: 27.99276351928711 c number of splits: 7661 s UNSATISFIABLE
150-720/output_84.cnf: c total solving time: 10.010011911392212 c number of splits: 2641 s UNSATISFIABLE
150-720/output_85.cnf: c total solving time: 24.795387983322144 c number of splits: 6961 s UNSATISFIABLE
150-720/output_86.cnf: c total solving time: 15.842752933502197 c number of splits: 4159 s UNSATISFIABLE
150-720/output_87.cnf: c total solving time: 22.04748511314392 c number of splits: 5873 s UNSATISFIABLE
150-720/output_88.cnf: c total solving time: 20.5735821723938 c number of splits: 5403 s UNSATISFIABLE
150-720/output_89.cnf: c total solving time: 45.62102437019348 c number of splits: 13145 s UNSATISFIABLE
150-720/output_9.cnf: c total solving time: 13.812382459640503 c number of splits: 3825 s UNSATISFIABLE
150-720/output_90.cnf: c total solving time: 14.960861682891846 c number of splits: 3921 s UNSATISFIABLE
150-720/output_91.cnf: c total solving time: 19.236066341400146 c number of splits: 5347 s UNSATISFIABLE
150-720/output_92.cnf: c total solving time: 34.03809928894043 c number of splits: 9337 s UNSATISFIABLE
150-720/output_93.cnf: c total solving time: 33.14682173728943 c number of splits: 9177 s UNSATISFIABLE
150-720/output_94.cnf: c total solving time: 18.877002477645874 c number of splits: 4865 s UNSATISFIABLE
150-720/output_95.cnf: c total solving time: 18.236658096313477 c number of splits: 4847 s UNSATISFIABLE
150-720/output_96.cnf: c total solving time: 14.035730600357056 c number of splits: 3687 s UNSATISFIABLE
150-720/output_97.cnf: c total solving time: 32.45940709114075 c number of splits: 9539 s UNSATISFIABLE
150-720/output_98.cnf: c total solving time: 11.771016120910645 c number of splits: 3153 s UNSATISFIABLE
150-720/output_99.cnf: c total solving time: 51.50646924972534 c number of splits: 14871 s UNSATISFIABLE
Total solving time: 2196.0613942146301315
Median solving time: 19.86
Total number of splits: 602224
Median number of splits: 5363.00
Number of satisfiable: 0
