150-840/output_0.cnf: c total solving time: 7.766769886016846 c number of splits: 1703 s UNSATISFIABLE
150-840/output_1.cnf: c total solving time: 8.544885396957397 c number of splits: 1759 s UNSATISFIABLE
150-840/output_10.cnf: c total solving time: 4.707531213760376 c number of splits: 983 s UNSATISFIABLE
150-840/output_11.cnf: c total solving time: 9.69149398803711 c number of splits: 2191 s UNSATISFIABLE
150-840/output_12.cnf: c total solving time: 8.367769956588745 c number of splits: 1857 s UNSATISFIABLE
150-840/output_13.cnf: c total solving time: 5.0691022872924805 c number of splits: 1085 s UNSATISFIABLE
150-840/output_14.cnf: c total solving time: 9.233026504516602 c number of splits: 1979 s UNSATISFIABLE
150-840/output_15.cnf: c total solving time: 9.510069370269775 c number of splits: 2071 s UNSATISFIABLE
150-840/output_16.cnf: c total solving time: 8.94147777557373 c number of splits: 1921 s UNSATISFIABLE
150-840/output_17.cnf: c total solving time: 6.749746084213257 c number of splits: 1413 s UNSATISFIABLE
150-840/output_18.cnf: c total solving time: 6.293456554412842 c number of splits: 1317 s UNSATISFIABLE
150-840/output_19.cnf: c total solving time: 6.540788173675537 c number of splits: 1461 s UNSATISFIABLE
150-840/output_2.cnf: c total solving time: 6.9946129322052 c number of splits: 1495 s UNSATISFIABLE
150-840/output_20.cnf: c total solving time: 12.654608249664307 c number of splits: 2713 s UNSATISFIABLE
150-840/output_21.cnf: c total solving time: 10.706057071685791 c number of splits: 2313 s UNSATISFIABLE
150-840/output_22.cnf: c total solving time: 8.544562816619873 c number of splits: 1799 s UNSATISFIABLE
150-840/output_23.cnf: c total solving time: 14.047728300094604 c number of splits: 3041 s UNSATISFIABLE
150-840/output_24.cnf: c total solving time: 11.312857389450073 c number of splits: 2363 s UNSATISFIABLE
150-840/output_25.cnf: c total solving time: 7.487966775894165 c number of splits: 1577 s UNSATISFIABLE
150-840/output_26.cnf: c total solving time: 5.135824680328369 c number of splits: 1079 s UNSATISFIABLE
150-840/output_27.cnf: c total solving time: 7.7323315143585205 c number of splits: 1667 s UNSATISFIABLE
150-840/output_28.cnf: c total solving time: 13.0330069065094 c number of splits: 2741 s UNSATISFIABLE
150-840/output_29.cnf: c total solving time: 14.914067506790161 c number of splits: 3221 s UNSATISFIABLE
150-840/output_3.cnf: c total solving time: 7.195664882659912 c number of splits: 1585 s UNSATISFIABLE
150-840/output_30.cnf: c total solving time: 7.0026280879974365 c number of splits: 1529 s UNSATISFIABLE
150-840/output_31.cnf: c total solving time: 7.276345729827881 c number of splits: 1549 s UNSATISFIABLE
150-840/output_32.cnf: c total solving time: 6.739129066467285 c number of splits: 1475 s UNSATISFIABLE
150-840/output_33.cnf: c total solving time: 9.000219821929932 c number of splits: 1971 s UNSATISFIABLE
150-840/output_34.cnf: c total solving time: 7.954805135726929 c number of splits: 1711 s UNSATISFIABLE
150-840/output_35.cnf: c total solving time: 8.777044296264648 c number of splits: 1871 s UNSATISFIABLE
150-840/output_36.cnf: c total solving time: 10.744144439697266 c number of splits: 2327 s UNSATISFIABLE
150-840/output_37.cnf: c total solving time: 7.334950923919678 c number of splits: 1553 s UNSATISFIABLE
150-840/output_38.cnf: c total solving time: 11.046227931976318 c number of splits: 2379 s UNSATISFIABLE
150-840/output_39.cnf: c total solving time: 17.04325556755066 c number of splits: 3771 s UNSATISFIABLE
150-840/output_4.cnf: c total solving time: 8.884647607803345 c number of splits: 1865 s UNSATISFIABLE
150-840/output_40.cnf: c total solving time: 12.755607604980469 c number of splits: 2755 s UNSATISFIABLE
150-840/output_41.cnf: c total solving time: 8.957424640655518 c number of splits: 1913 s UNSATISFIABLE
150-840/output_42.cnf: c total solving time: 4.6998608112335205 c number of splits: 983 s UNSATISFIABLE
150-840/output_43.cnf: c total solving time: 6.221687078475952 c number of splits: 1357 s UNSATISFIABLE
150-840/output_44.cnf: c total solving time: 6.321887969970703 c number of splits: 1297 s UNSATISFIABLE
150-840/output_45.cnf: c total solving time: 12.654209852218628 c number of splits: 2743 s UNSATISFIABLE
150-840/output_46.cnf: c total solving time: 8.088231801986694 c number of splits: 1703 s UNSATISFIABLE
150-840/output_47.cnf: c total solving time: 15.914403200149536 c number of splits: 3565 s UNSATISFIABLE
150-840/output_48.cnf: c total solving time: 7.710098743438721 c number of splits: 1649 s UNSATISFIABLE
150-840/output_49.cnf: c total solving time: 13.129664659500122 c number of splits: 2779 s UNSATISFIABLE
150-840/output_5.cnf: c total solving time: 9.650646448135376 c number of splits: 2077 s UNSATISFIABLE
150-840/output_50.cnf: c total solving time: 13.673983812332153 c number of splits: 2971 s UNSATISFIABLE
150-840/output_51.cnf: c total solving time: 9.092084646224976 c number of splits: 1917 s UNSATISFIABLE
150-840/output_52.cnf: c total solving time: 6.559256553649902 c number of splits: 1387 s UNSATISFIABLE
150-840/output_53.cnf: c total solving time: 9.45097303390503 c number of splits: 2053 s UNSATISFIABLE
150-840/output_54.cnf: c total solving time: 8.337917804718018 c number of splits: 1847 s UNSATISFIABLE
150-840/output_55.cnf: c total solving time: 3.3413994312286377 c number of splits: 655 s UNSATISFIABLE
150-840/output_56.cnf: c total solving time: 11.07921290397644 c number of splits: 2343 s UNSATISFIABLE
150-840/output_57.cnf: c total solving time: 6.421341896057129 c number of splits: 1359 s UNSATISFIABLE
150-840/output_58.cnf: c total solving time: 7.605583667755127 c number of splits: 1599 s UNSATISFIABLE
150-840/output_59.cnf: c total solving time: 7.966312408447266 c number of splits: 1721 s UNSATISFIABLE
150-840/output_6.cnf: c total solving time: 12.835916996002197 c number of splits: 2837 s UNSATISFIABLE
150-840/output_60.cnf: c total solving time: 9.662274837493896 c number of splits: 2053 s UNSATISFIABLE
150-840/output_61.cnf: c total solving time: 6.235967636108398 c number of splits: 1335 s UNSATISFIABLE
150-840/output_62.cnf: c total solving time: 4.776923894882202 c number of splits: 989 s UNSATISFIABLE
150-840/output_63.cnf: c total solving time: 10.230425119400024 c number of splits: 2159 s UNSATISFIABLE
150-840/output_64.cnf: c total solving time: 7.802133083343506 c number of splits: 1651 s UNSATISFIABLE
150-840/output_65.cnf: c total solving time: 7.405924558639526 c number of splits: 1559 s UNSATISFIABLE
150-840/output_66.cnf: c total solving time: 5.851851224899292 c number of splits: 1235 s UNSATISFIABLE
150-840/output_67.cnf: c total solving time: 8.125612735748291 c number of splits: 1719 s UNSATISFIABLE
150-840/output_68.cnf: c total solving time: 9.88415241241455 c number of splits: 2177 s UNSATISFIABLE
150-840/output_69.cnf: c total solving time: 5.928468942642212 c number of splits: 1229 s UNSATISFIABLE
150-840/output_7.cnf: c total solving time: 3.8168351650238037 c number of splits: 803 s UNSATISFIABLE
150-840/output_70.cnf: c total solving time: 12.725836753845215 c number of splits: 2765 s UNSATISFIABLE
150-840/output_71.cnf: c total solving time: 6.094526529312134 c number of splits: 1283 s UNSATISFIABLE
150-840/output_72.cnf: c total solving time: 10.248364210128784 c number of splits: 2127 s UNSATISFIABLE
150-840/output_73.cnf: c total solving time: 5.657853841781616 c number of splits: 1219 s UNSATISFIABLE
150-840/output_74.cnf: c total solving time: 5.501488208770752 c number of splits: 1155 s UNSATISFIABLE
150-840/output_75.cnf: c total solving time: 6.790897846221924 c number of splits: 1501 s UNSATISFIABLE
150-840/output_76.cnf: c total solving time: 4.90914249420166 c number of splits: 1047 s UNSATISFIABLE
150-840/output_77.cnf: c total solving time: 12.144956111907959 c number of splits: 2643 s UNSATISFIABLE
150-840/output_78.cnf: c total solving time: 5.33082127571106 c number of splits: 1133 s UNSATISFIABLE
150-840/output_79.cnf: c total solving time: 9.282723426818848 c number of splits: 2011 s UNSATISFIABLE
150-840/output_8.cnf: c total solving time: 9.084319114685059 c number of splits: 1921 s UNSATISFIABLE
150-840/output_80.cnf: c total solving time: 7.852492570877075 c number of splits: 1615 s UNSATISFIABLE
150-840/output_81.cnf: c total solving time: 7.627404689788818 c number of splits: 1611 s UNSATISFIABLE
150-840/output_82.cnf: c total solving time: 4.193880558013916 c number of splits: 909 s UNSATISFIABLE
150-840/output_83.cnf: c total solving time: 10.42996883392334 c number of splits: 2201 s UNSATISFIABLE
150-840/output_84.cnf: c total solving time: 6.2356178760528564 c number of splits: 1367 s UNSATISFIABLE
150-840/output_85.cnf: c total solving time: 8.050557136535645 c number of splits: 1727 s UNSATISFIABLE
150-840/output_86.cnf: c total solving time: 6.766908407211304 c number of splits: 1467 s UNSATISFIABLE
150-840/output_87.cnf: c total solving time: 10.17459225654602 c number of splits: 2255 s UNSATISFIABLE
150-840/output_88.cnf: c total solving time: 6.253756761550903 c number of splits: 1339 s UNSATISFIABLE
150-840/output_89.cnf: c total solving time: 7.747411489486694 c number of splits: 1675 s UNSATISFIABLE
150-840/output_9.cnf: c total solving time: 15.971713542938232 c number of splits: 3561 s UNSATISFIABLE
150-840/output_90.cnf: c total solving time: 7.887156009674072 c number of splits: 1685 s UNSATISFIABLE
150-840/output_91.cnf: c total solving time: 6.803697824478149 c number of splits: 1491 s UNSATISFIABLE
150-840/output_92.cnf: c total solving time: 6.280995607376099 c number of splits: 1369 s UNSATISFIABLE
150-840/output_93.cnf: c total solving time: 5.116639852523804 c number of splits: 1107 s UNSATISFIABLE
150-840/output_94.cnf: c total solving time: 5.564871788024902 c number of splits: 1219 s UNSATISFIABLE
150-840/output_95.cnf: c total solving time: 9.412269592285156 c number of splits: 1947 s UNSATISFIABLE
150-840/output_96.cnf: c total solving time: 3.5012269020080566 c number of splits: 731 s UNSATISFIABLE
150-840/output_97.cnf: c total solving time: 14.693090438842773 c number of splits: 3193 s UNSATISFIABLE
150-840/output_98.cnf: c total solving time: 7.428081035614014 c number of splits: 1567 s UNSATISFIABLE
150-840/output_99.cnf: c total solving time: 5.084144830703735 c number of splits: 1053 s UNSATISFIABLE
Total solving time: 846.0144882202148424
Median solving time: 7.86
Total number of splits: 181648
Median number of splits: 1680.00
Number of satisfiable: 0
