c total solving time: 11.606627702713013 c number of splits: 2051 s UNSATISFIABLE
c total solving time: 9.151145219802856 c number of splits: 1637 s UNSATISFIABLE
c total solving time: 5.504486322402954 c number of splits: 1005 s UNSATISFIABLE
c total solving time: 13.35448694229126 c number of splits: 2435 s UNSATISFIABLE
c total solving time: 9.278844594955444 c number of splits: 1699 s UNSATISFIABLE
c total solving time: 7.549597501754761 c number of splits: 1391 s UNSATISFIABLE
c total solving time: 9.462937355041504 c number of splits: 1719 s UNSATISFIABLE
c total solving time: 7.392692804336548 c number of splits: 1347 s UNSATISFIABLE
c total solving time: 8.436112642288208 c number of splits: 1527 s UNSATISFIABLE
c total solving time: 8.45130181312561 c number of splits: 1479 s UNSATISFIABLE
c total solving time: 7.901093482971191 c number of splits: 1431 s UNSATISFIABLE
c total solving time: 8.755815744400024 c number of splits: 1597 s UNSATISFIABLE
c total solving time: 3.8363993167877197 c number of splits: 663 s UNSATISFIABLE
c total solving time: 9.063024282455444 c number of splits: 1645 s UNSATISFIABLE
c total solving time: 9.081482410430908 c number of splits: 1611 s UNSATISFIABLE
c total solving time: 10.910339832305908 c number of splits: 1965 s UNSATISFIABLE
c total solving time: 8.90574049949646 c number of splits: 1585 s UNSATISFIABLE
c total solving time: 8.14541482925415 c number of splits: 1481 s UNSATISFIABLE
c total solving time: 4.819714307785034 c number of splits: 829 s UNSATISFIABLE
c total solving time: 7.397520303726196 c number of splits: 1299 s UNSATISFIABLE
c total solving time: 10.857267141342163 c number of splits: 1943 s UNSATISFIABLE
c total solving time: 8.208301067352295 c number of splits: 1527 s UNSATISFIABLE
c total solving time: 5.351648330688477 c number of splits: 967 s UNSATISFIABLE
c total solving time: 6.16866397857666 c number of splits: 1097 s UNSATISFIABLE
c total solving time: 8.701556921005249 c number of splits: 1555 s UNSATISFIABLE
c total solving time: 9.567906618118286 c number of splits: 1731 s UNSATISFIABLE
c total solving time: 8.515026807785034 c number of splits: 1457 s UNSATISFIABLE
c total solving time: 8.040015935897827 c number of splits: 1415 s UNSATISFIABLE
c total solving time: 8.942181587219238 c number of splits: 1561 s UNSATISFIABLE
c total solving time: 5.931679964065552 c number of splits: 1051 s UNSATISFIABLE
c total solving time: 10.936237812042236 c number of splits: 2011 s UNSATISFIABLE
c total solving time: 6.194081544876099 c number of splits: 1079 s UNSATISFIABLE
c total solving time: 6.909074306488037 c number of splits: 1209 s UNSATISFIABLE
c total solving time: 4.809919357299805 c number of splits: 833 s UNSATISFIABLE
c total solving time: 13.588409423828125 c number of splits: 2447 s UNSATISFIABLE
c total solving time: 5.225456476211548 c number of splits: 911 s UNSATISFIABLE
c total solving time: 7.51301383972168 c number of splits: 1321 s UNSATISFIABLE
c total solving time: 7.660089731216431 c number of splits: 1361 s UNSATISFIABLE
c total solving time: 6.544750452041626 c number of splits: 1143 s UNSATISFIABLE
c total solving time: 6.968499660491943 c number of splits: 1201 s UNSATISFIABLE
c total solving time: 8.805274486541748 c number of splits: 1587 s UNSATISFIABLE
c total solving time: 9.019180059432983 c number of splits: 1697 s UNSATISFIABLE
c total solving time: 4.684946775436401 c number of splits: 813 s UNSATISFIABLE
c total solving time: 5.358545541763306 c number of splits: 927 s UNSATISFIABLE
c total solving time: 6.474175691604614 c number of splits: 1137 s UNSATISFIABLE
c total solving time: 5.408163070678711 c number of splits: 1001 s UNSATISFIABLE
c total solving time: 6.310542821884155 c number of splits: 1097 s UNSATISFIABLE
c total solving time: 4.934569835662842 c number of splits: 899 s UNSATISFIABLE
c total solving time: 10.581154584884644 c number of splits: 1957 s UNSATISFIABLE
c total solving time: 7.262837886810303 c number of splits: 1341 s UNSATISFIABLE
c total solving time: 10.146259307861328 c number of splits: 1873 s UNSATISFIABLE
c total solving time: 11.733864784240723 c number of splits: 2163 s UNSATISFIABLE
c total solving time: 8.19109058380127 c number of splits: 1435 s UNSATISFIABLE
c total solving time: 8.557319164276123 c number of splits: 1535 s UNSATISFIABLE
c total solving time: 11.577582359313965 c number of splits: 2035 s UNSATISFIABLE
c total solving time: 7.27061653137207 c number of splits: 1329 s UNSATISFIABLE
c total solving time: 8.473696231842041 c number of splits: 1489 s UNSATISFIABLE
c total solving time: 4.255684852600098 c number of splits: 729 s UNSATISFIABLE
c total solving time: 9.537054538726807 c number of splits: 1693 s UNSATISFIABLE
c total solving time: 13.157520532608032 c number of splits: 2435 s UNSATISFIABLE
c total solving time: 10.67887258529663 c number of splits: 1957 s UNSATISFIABLE
c total solving time: 7.038234233856201 c number of splits: 1253 s UNSATISFIABLE
c total solving time: 7.890037775039673 c number of splits: 1425 s UNSATISFIABLE
c total solving time: 7.672297477722168 c number of splits: 1401 s UNSATISFIABLE
c total solving time: 5.363281488418579 c number of splits: 999 s UNSATISFIABLE
c total solving time: 10.38031268119812 c number of splits: 1935 s UNSATISFIABLE
c total solving time: 9.621286630630493 c number of splits: 1765 s UNSATISFIABLE
c total solving time: 10.814892530441284 c number of splits: 1927 s UNSATISFIABLE
c total solving time: 9.634543657302856 c number of splits: 1755 s UNSATISFIABLE
c total solving time: 6.468656539916992 c number of splits: 1135 s UNSATISFIABLE
c total solving time: 7.267035007476807 c number of splits: 1323 s UNSATISFIABLE
c total solving time: 10.131455898284912 c number of splits: 1881 s UNSATISFIABLE
c total solving time: 6.412929534912109 c number of splits: 1125 s UNSATISFIABLE
c total solving time: 6.2672483921051025 c number of splits: 1147 s UNSATISFIABLE
c total solving time: 10.726575374603271 c number of splits: 2001 s UNSATISFIABLE
c total solving time: 8.013686895370483 c number of splits: 1471 s UNSATISFIABLE
c total solving time: 5.271422863006592 c number of splits: 939 s UNSATISFIABLE
c total solving time: 3.792680263519287 c number of splits: 671 s UNSATISFIABLE
c total solving time: 4.513521671295166 c number of splits: 797 s UNSATISFIABLE
c total solving time: 7.549299001693726 c number of splits: 1337 s UNSATISFIABLE
c total solving time: 5.680346488952637 c number of splits: 1061 s UNSATISFIABLE
c total solving time: 6.630368232727051 c number of splits: 1237 s UNSATISFIABLE
c total solving time: 7.234794616699219 c number of splits: 1323 s UNSATISFIABLE
c total solving time: 8.096233367919922 c number of splits: 1417 s UNSATISFIABLE
c total solving time: 11.575092315673828 c number of splits: 2089 s UNSATISFIABLE
c total solving time: 7.410345077514648 c number of splits: 1343 s UNSATISFIABLE
c total solving time: 9.99381971359253 c number of splits: 1813 s UNSATISFIABLE
c total solving time: 7.484211444854736 c number of splits: 1339 s UNSATISFIABLE
c total solving time: 5.175336599349976 c number of splits: 917 s UNSATISFIABLE
c total solving time: 10.383297681808472 c number of splits: 1995 s UNSATISFIABLE
c total solving time: 6.226914882659912 c number of splits: 1125 s UNSATISFIABLE
c total solving time: 5.815062999725342 c number of splits: 1097 s UNSATISFIABLE
c total solving time: 5.707311391830444 c number of splits: 1023 s UNSATISFIABLE
c total solving time: 6.955902099609375 c number of splits: 1317 s UNSATISFIABLE
c total solving time: 7.0590808391571045 c number of splits: 1251 s UNSATISFIABLE
c total solving time: 16.5956871509552 c number of splits: 3191 s UNSATISFIABLE
c total solving time: 3.8543124198913574 c number of splits: 679 s UNSATISFIABLE
c total solving time: 11.812469482421875 c number of splits: 2093 s UNSATISFIABLE
c total solving time: 5.023173570632935 c number of splits: 879 s UNSATISFIABLE
c total solving time: 3.8351874351501465 c number of splits: 667 s UNSATISFIABLE
Total solving time: 795.4358568191528296
Median solving time: 7.66
Total number of splits: 143488
Median number of splits: 1376.00
Number of satisfiable: 0
