c total solving time: 6.514222621917725 c number of splits: 1099 s UNSATISFIABLE
c total solving time: 9.339492321014404 c number of splits: 1593 s UNSATISFIABLE
c total solving time: 10.238566398620605 c number of splits: 1771 s UNSATISFIABLE
c total solving time: 6.9173972606658936 c number of splits: 1183 s UNSATISFIABLE
c total solving time: 6.758813381195068 c number of splits: 1189 s UNSATISFIABLE
c total solving time: 3.2619166374206543 c number of splits: 527 s UNSATISFIABLE
c total solving time: 2.954366683959961 c number of splits: 513 s UNSATISFIABLE
c total solving time: 5.3049476146698 c number of splits: 919 s UNSATISFIABLE
c total solving time: 6.4395833015441895 c number of splits: 1099 s UNSATISFIABLE
c total solving time: 7.337732553482056 c number of splits: 1239 s UNSATISFIABLE
c total solving time: 8.714314460754395 c number of splits: 1527 s UNSATISFIABLE
c total solving time: 8.147720098495483 c number of splits: 1449 s UNSATISFIABLE
c total solving time: 5.162728548049927 c number of splits: 907 s UNSATISFIABLE
c total solving time: 7.9486165046691895 c number of splits: 1395 s UNSATISFIABLE
c total solving time: 6.499581575393677 c number of splits: 1089 s UNSATISFIABLE
c total solving time: 5.99614691734314 c number of splits: 1027 s UNSATISFIABLE
c total solving time: 9.23969554901123 c number of splits: 1587 s UNSATISFIABLE
c total solving time: 8.187336206436157 c number of splits: 1375 s UNSATISFIABLE
c total solving time: 7.218308925628662 c number of splits: 1235 s UNSATISFIABLE
c total solving time: 8.338255405426025 c number of splits: 1451 s UNSATISFIABLE
c total solving time: 8.96306848526001 c number of splits: 1579 s UNSATISFIABLE
c total solving time: 4.93126654624939 c number of splits: 871 s UNSATISFIABLE
c total solving time: 7.786371946334839 c number of splits: 1321 s UNSATISFIABLE
c total solving time: 7.203436374664307 c number of splits: 1257 s UNSATISFIABLE
c total solving time: 7.842670202255249 c number of splits: 1393 s UNSATISFIABLE
c total solving time: 10.822711944580078 c number of splits: 1949 s UNSATISFIABLE
c total solving time: 12.66067123413086 c number of splits: 2259 s UNSATISFIABLE
c total solving time: 8.33293080329895 c number of splits: 1445 s UNSATISFIABLE
c total solving time: 6.1336095333099365 c number of splits: 1069 s UNSATISFIABLE
c total solving time: 6.255589485168457 c number of splits: 1057 s UNSATISFIABLE
c total solving time: 6.924852609634399 c number of splits: 1175 s UNSATISFIABLE
c total solving time: 11.555485248565674 c number of splits: 2011 s UNSATISFIABLE
c total solving time: 6.271432638168335 c number of splits: 1125 s UNSATISFIABLE
c total solving time: 6.242963552474976 c number of splits: 1043 s UNSATISFIABLE
c total solving time: 8.484562397003174 c number of splits: 1501 s UNSATISFIABLE
c total solving time: 3.9224369525909424 c number of splits: 651 s UNSATISFIABLE
c total solving time: 8.884871244430542 c number of splits: 1521 s UNSATISFIABLE
c total solving time: 7.567514181137085 c number of splits: 1271 s UNSATISFIABLE
c total solving time: 5.750412464141846 c number of splits: 973 s UNSATISFIABLE
c total solving time: 3.670642375946045 c number of splits: 607 s UNSATISFIABLE
c total solving time: 7.07760214805603 c number of splits: 1163 s UNSATISFIABLE
c total solving time: 6.5694944858551025 c number of splits: 1105 s UNSATISFIABLE
c total solving time: 5.760060787200928 c number of splits: 985 s UNSATISFIABLE
c total solving time: 5.445256233215332 c number of splits: 935 s UNSATISFIABLE
c total solving time: 9.580421209335327 c number of splits: 1683 s UNSATISFIABLE
c total solving time: 7.0880286693573 c number of splits: 1209 s UNSATISFIABLE
c total solving time: 9.547753810882568 c number of splits: 1675 s UNSATISFIABLE
c total solving time: 6.702601909637451 c number of splits: 1127 s UNSATISFIABLE
c total solving time: 6.275704383850098 c number of splits: 1105 s UNSATISFIABLE
c total solving time: 4.166095733642578 c number of splits: 687 s UNSATISFIABLE
c total solving time: 5.82520604133606 c number of splits: 971 s UNSATISFIABLE
c total solving time: 5.061936616897583 c number of splits: 835 s UNSATISFIABLE
c total solving time: 4.379767179489136 c number of splits: 765 s UNSATISFIABLE
c total solving time: 5.9830992221832275 c number of splits: 1035 s UNSATISFIABLE
c total solving time: 11.205683469772339 c number of splits: 1979 s UNSATISFIABLE
c total solving time: 5.6617255210876465 c number of splits: 971 s UNSATISFIABLE
c total solving time: 3.616506576538086 c number of splits: 613 s UNSATISFIABLE
c total solving time: 5.615526914596558 c number of splits: 977 s UNSATISFIABLE
c total solving time: 10.115485906600952 c number of splits: 1747 s UNSATISFIABLE
c total solving time: 6.647080898284912 c number of splits: 1143 s UNSATISFIABLE
c total solving time: 6.578727960586548 c number of splits: 1125 s UNSATISFIABLE
c total solving time: 5.3385841846466064 c number of splits: 903 s UNSATISFIABLE
c total solving time: 7.639623641967773 c number of splits: 1337 s UNSATISFIABLE
c total solving time: 2.3832762241363525 c number of splits: 385 s UNSATISFIABLE
c total solving time: 4.423613786697388 c number of splits: 755 s UNSATISFIABLE
c total solving time: 5.320574760437012 c number of splits: 875 s UNSATISFIABLE
c total solving time: 8.684422492980957 c number of splits: 1509 s UNSATISFIABLE
c total solving time: 9.387123107910156 c number of splits: 1589 s UNSATISFIABLE
c total solving time: 5.811039447784424 c number of splits: 1011 s UNSATISFIABLE
c total solving time: 5.645918130874634 c number of splits: 945 s UNSATISFIABLE
c total solving time: 2.458143949508667 c number of splits: 411 s UNSATISFIABLE
c total solving time: 5.846552133560181 c number of splits: 1001 s UNSATISFIABLE
c total solving time: 5.2978127002716064 c number of splits: 919 s UNSATISFIABLE
c total solving time: 3.675737142562866 c number of splits: 627 s UNSATISFIABLE
c total solving time: 9.042249917984009 c number of splits: 1543 s UNSATISFIABLE
c total solving time: 8.197615623474121 c number of splits: 1397 s UNSATISFIABLE
c total solving time: 14.009442329406738 c number of splits: 2401 s UNSATISFIABLE
c total solving time: 8.287314891815186 c number of splits: 1435 s UNSATISFIABLE
c total solving time: 6.667141914367676 c number of splits: 1131 s UNSATISFIABLE
c total solving time: 4.074092149734497 c number of splits: 693 s UNSATISFIABLE
c total solving time: 4.660532712936401 c number of splits: 783 s UNSATISFIABLE
c total solving time: 7.418853282928467 c number of splits: 1269 s UNSATISFIABLE
c total solving time: 11.119564771652222 c number of splits: 1939 s UNSATISFIABLE
c total solving time: 3.7612721920013428 c number of splits: 603 s UNSATISFIABLE
c total solving time: 6.767292737960815 c number of splits: 1101 s UNSATISFIABLE
c total solving time: 4.6078267097473145 c number of splits: 753 s UNSATISFIABLE
c total solving time: 4.130941390991211 c number of splits: 695 s UNSATISFIABLE
c total solving time: 3.748044729232788 c number of splits: 623 s UNSATISFIABLE
c total solving time: 8.442714214324951 c number of splits: 1487 s UNSATISFIABLE
c total solving time: 8.651411056518555 c number of splits: 1525 s UNSATISFIABLE
c total solving time: 7.931643009185791 c number of splits: 1361 s UNSATISFIABLE
c total solving time: 4.823291301727295 c number of splits: 829 s UNSATISFIABLE
c total solving time: 8.833880424499512 c number of splits: 1539 s UNSATISFIABLE
c total solving time: 9.79637885093689 c number of splits: 1667 s UNSATISFIABLE
c total solving time: 3.6409921646118164 c number of splits: 623 s UNSATISFIABLE
c total solving time: 4.345621109008789 c number of splits: 705 s UNSATISFIABLE
c total solving time: 9.129075527191162 c number of splits: 1541 s UNSATISFIABLE
c total solving time: 6.31394362449646 c number of splits: 1123 s UNSATISFIABLE
c total solving time: 3.7708938121795654 c number of splits: 625 s UNSATISFIABLE
c total solving time: 12.86632251739502 c number of splits: 2273 s UNSATISFIABLE
Total solving time: 686.5817835330963177
Median solving time: 6.61
Total number of splits: 118018
Median number of splits: 1125.00
Number of satisfiable: 0
