c total solving time: 14.524002313613892 c number of splits: 2953 s UNSATISFIABLE
c total solving time: 16.451675415039062 c number of splits: 3453 s UNSATISFIABLE
c total solving time: 14.934426069259644 c number of splits: 3029 s UNSATISFIABLE
c total solving time: 11.80461311340332 c number of splits: 2411 s UNSATISFIABLE
c total solving time: 23.032365322113037 c number of splits: 4801 s UNSATISFIABLE
c total solving time: 14.202364206314087 c number of splits: 2995 s UNSATISFIABLE
c total solving time: 9.550057172775269 c number of splits: 1963 s UNSATISFIABLE
c total solving time: 9.696736335754395 c number of splits: 2011 s UNSATISFIABLE
c total solving time: 15.427101373672485 c number of splits: 3181 s UNSATISFIABLE
c total solving time: 12.88495397567749 c number of splits: 2675 s UNSATISFIABLE
c total solving time: 11.453505992889404 c number of splits: 2445 s UNSATISFIABLE
c total solving time: 13.808902263641357 c number of splits: 2853 s UNSATISFIABLE
c total solving time: 5.347275733947754 c number of splits: 1049 s UNSATISFIABLE
c total solving time: 5.642932176589966 c number of splits: 1127 s UNSATISFIABLE
c total solving time: 7.970233678817749 c number of splits: 1587 s UNSATISFIABLE
c total solving time: 11.958269834518433 c number of splits: 2429 s UNSATISFIABLE
c total solving time: 15.234047174453735 c number of splits: 3169 s UNSATISFIABLE
c total solving time: 16.191267251968384 c number of splits: 3373 s UNSATISFIABLE
c total solving time: 9.07630443572998 c number of splits: 1833 s UNSATISFIABLE
c total solving time: 21.818275690078735 c number of splits: 4573 s UNSATISFIABLE
c total solving time: 14.965540885925293 c number of splits: 3119 s UNSATISFIABLE
c total solving time: 13.688465356826782 c number of splits: 2693 s UNSATISFIABLE
c total solving time: 11.608317613601685 c number of splits: 2409 s UNSATISFIABLE
c total solving time: 15.457602977752686 c number of splits: 3229 s UNSATISFIABLE
c total solving time: 25.179094552993774 c number of splits: 5417 s UNSATISFIABLE
c total solving time: 23.41778540611267 c number of splits: 5167 s UNSATISFIABLE
c total solving time: 10.753259420394897 c number of splits: 2251 s UNSATISFIABLE
c total solving time: 21.960455417633057 c number of splits: 4563 s UNSATISFIABLE
c total solving time: 16.773608207702637 c number of splits: 3577 s UNSATISFIABLE
c total solving time: 22.052796840667725 c number of splits: 4621 s UNSATISFIABLE
c total solving time: 8.127945899963379 c number of splits: 1635 s UNSATISFIABLE
c total solving time: 11.158788919448853 c number of splits: 2271 s UNSATISFIABLE
c total solving time: 11.06035327911377 c number of splits: 2311 s UNSATISFIABLE
c total solving time: 6.13299036026001 c number of splits: 1197 s UNSATISFIABLE
c total solving time: 9.24100923538208 c number of splits: 1859 s UNSATISFIABLE
c total solving time: 16.715279579162598 c number of splits: 3631 s UNSATISFIABLE
c total solving time: 13.137396097183228 c number of splits: 2589 s UNSATISFIABLE
c total solving time: 25.090436220169067 c number of splits: 5305 s UNSATISFIABLE
c total solving time: 12.562235355377197 c number of splits: 2537 s UNSATISFIABLE
c total solving time: 16.888137102127075 c number of splits: 3519 s UNSATISFIABLE
c total solving time: 11.089506387710571 c number of splits: 2217 s UNSATISFIABLE
c total solving time: 15.818480253219604 c number of splits: 3367 s UNSATISFIABLE
c total solving time: 9.856165409088135 c number of splits: 2059 s UNSATISFIABLE
c total solving time: 7.677547454833984 c number of splits: 1543 s UNSATISFIABLE
c total solving time: 7.890843629837036 c number of splits: 1615 s UNSATISFIABLE
c total solving time: 17.823582410812378 c number of splits: 3705 s UNSATISFIABLE
c total solving time: 18.851215362548828 c number of splits: 4121 s UNSATISFIABLE
c total solving time: 14.545518636703491 c number of splits: 3025 s UNSATISFIABLE
c total solving time: 16.473819971084595 c number of splits: 3423 s UNSATISFIABLE
c total solving time: 8.056766748428345 c number of splits: 1627 s UNSATISFIABLE
c total solving time: 9.379361629486084 c number of splits: 1905 s UNSATISFIABLE
c total solving time: 8.560211420059204 c number of splits: 1739 s UNSATISFIABLE
c total solving time: 8.29868197441101 c number of splits: 1713 s UNSATISFIABLE
c total solving time: 16.341370344161987 c number of splits: 3381 s UNSATISFIABLE
c total solving time: 23.29244041442871 c number of splits: 4865 s UNSATISFIABLE
c total solving time: 13.30532956123352 c number of splits: 2805 s UNSATISFIABLE
c total solving time: 6.687015056610107 c number of splits: 1411 s UNSATISFIABLE
c total solving time: 16.69643998146057 c number of splits: 3527 s UNSATISFIABLE
c total solving time: 14.610074520111084 c number of splits: 3037 s UNSATISFIABLE
c total solving time: 10.187095642089844 c number of splits: 1969 s UNSATISFIABLE
c total solving time: 10.109336376190186 c number of splits: 2079 s UNSATISFIABLE
c total solving time: 16.800487995147705 c number of splits: 3631 s UNSATISFIABLE
c total solving time: 14.185173988342285 c number of splits: 3017 s UNSATISFIABLE
c total solving time: 12.55990219116211 c number of splits: 2647 s UNSATISFIABLE
c total solving time: 15.972041130065918 c number of splits: 3277 s UNSATISFIABLE
c total solving time: 12.778058290481567 c number of splits: 2681 s UNSATISFIABLE
c total solving time: 11.48362946510315 c number of splits: 2365 s UNSATISFIABLE
c total solving time: 7.404152870178223 c number of splits: 1447 s UNSATISFIABLE
c total solving time: 14.271726131439209 c number of splits: 2985 s UNSATISFIABLE
c total solving time: 11.25547456741333 c number of splits: 2271 s UNSATISFIABLE
c total solving time: 6.600049734115601 c number of splits: 1343 s UNSATISFIABLE
c total solving time: 18.6456298828125 c number of splits: 3891 s UNSATISFIABLE
c total solving time: 16.64175844192505 c number of splits: 3411 s UNSATISFIABLE
c total solving time: 6.55219578742981 c number of splits: 1295 s UNSATISFIABLE
c total solving time: 8.614160060882568 c number of splits: 1755 s UNSATISFIABLE
c total solving time: 12.706881284713745 c number of splits: 2625 s UNSATISFIABLE
c total solving time: 16.275211334228516 c number of splits: 3441 s UNSATISFIABLE
c total solving time: 15.683335781097412 c number of splits: 3223 s UNSATISFIABLE
c total solving time: 16.947607040405273 c number of splits: 3547 s UNSATISFIABLE
c total solving time: 7.562744379043579 c number of splits: 1529 s UNSATISFIABLE
c total solving time: 14.047387838363647 c number of splits: 2855 s UNSATISFIABLE
c total solving time: 12.333743572235107 c number of splits: 2569 s UNSATISFIABLE
c total solving time: 16.15490746498108 c number of splits: 3303 s UNSATISFIABLE
c total solving time: 8.565021753311157 c number of splits: 1707 s UNSATISFIABLE
c total solving time: 9.772562265396118 c number of splits: 1991 s UNSATISFIABLE
c total solving time: 20.985572338104248 c number of splits: 4347 s UNSATISFIABLE
c total solving time: 11.538741827011108 c number of splits: 2429 s UNSATISFIABLE
c total solving time: 15.211928844451904 c number of splits: 3223 s UNSATISFIABLE
c total solving time: 9.393646478652954 c number of splits: 1973 s UNSATISFIABLE
c total solving time: 28.56756353378296 c number of splits: 5833 s UNSATISFIABLE
c total solving time: 12.655409097671509 c number of splits: 2717 s UNSATISFIABLE
c total solving time: 11.96087098121643 c number of splits: 2539 s UNSATISFIABLE
c total solving time: 11.451828479766846 c number of splits: 2337 s UNSATISFIABLE
c total solving time: 8.311190366744995 c number of splits: 1699 s UNSATISFIABLE
c total solving time: 19.880834817886353 c number of splits: 4231 s UNSATISFIABLE
c total solving time: 8.645012617111206 c number of splits: 1791 s UNSATISFIABLE
c total solving time: 17.90087127685547 c number of splits: 3783 s UNSATISFIABLE
c total solving time: 13.489482879638672 c number of splits: 2831 s UNSATISFIABLE
c total solving time: 8.683688640594482 c number of splits: 1697 s UNSATISFIABLE
c total solving time: 19.05299162864685 c number of splits: 3965 s UNSATISFIABLE
Total solving time: 1354.075088500976561
Median solving time: 13.01
Total number of splits: 281144
Median number of splits: 2687.00
Number of satisfiable: 0
