150-810/output_0.cnf: c total solving time: 13.852795124053955 c number of splits: 3241 s UNSATISFIABLE
150-810/output_1.cnf: c total solving time: 9.284082412719727 c number of splits: 2135 s UNSATISFIABLE
150-810/output_10.cnf: c total solving time: 5.9615702629089355 c number of splits: 1321 s UNSATISFIABLE
150-810/output_11.cnf: c total solving time: 9.835005521774292 c number of splits: 2207 s UNSATISFIABLE
150-810/output_12.cnf: c total solving time: 9.388126850128174 c number of splits: 2121 s UNSATISFIABLE
150-810/output_13.cnf: c total solving time: 18.91128444671631 c number of splits: 4325 s UNSATISFIABLE
150-810/output_14.cnf: c total solving time: 13.803478956222534 c number of splits: 3015 s UNSATISFIABLE
150-810/output_15.cnf: c total solving time: 10.414173603057861 c number of splits: 2435 s UNSATISFIABLE
150-810/output_16.cnf: c total solving time: 6.039238452911377 c number of splits: 1351 s UNSATISFIABLE
150-810/output_17.cnf: c total solving time: 5.938098192214966 c number of splits: 1351 s UNSATISFIABLE
150-810/output_18.cnf: c total solving time: 10.162097930908203 c number of splits: 2341 s UNSATISFIABLE
150-810/output_19.cnf: c total solving time: 6.937322378158569 c number of splits: 1539 s UNSATISFIABLE
150-810/output_2.cnf: c total solving time: 7.962207794189453 c number of splits: 1799 s UNSATISFIABLE
150-810/output_20.cnf: c total solving time: 5.061059236526489 c number of splits: 1081 s UNSATISFIABLE
150-810/output_21.cnf: c total solving time: 19.628223657608032 c number of splits: 4615 s UNSATISFIABLE
150-810/output_22.cnf: c total solving time: 13.732562780380249 c number of splits: 3219 s UNSATISFIABLE
150-810/output_23.cnf: c total solving time: 8.100555896759033 c number of splits: 1793 s UNSATISFIABLE
150-810/output_24.cnf: c total solving time: 5.463565111160278 c number of splits: 1149 s UNSATISFIABLE
150-810/output_25.cnf: c total solving time: 9.507418632507324 c number of splits: 2115 s UNSATISFIABLE
150-810/output_26.cnf: c total solving time: 5.628305196762085 c number of splits: 1225 s UNSATISFIABLE
150-810/output_27.cnf: c total solving time: 9.439935445785522 c number of splits: 2077 s UNSATISFIABLE
150-810/output_28.cnf: c total solving time: 5.218220233917236 c number of splits: 1123 s UNSATISFIABLE
150-810/output_29.cnf: c total solving time: 7.443576335906982 c number of splits: 1761 s UNSATISFIABLE
150-810/output_3.cnf: c total solving time: 22.28429889678955 c number of splits: 5139 s UNSATISFIABLE
150-810/output_30.cnf: c total solving time: 8.226735830307007 c number of splits: 1855 s UNSATISFIABLE
150-810/output_31.cnf: c total solving time: 10.644144058227539 c number of splits: 2359 s UNSATISFIABLE
150-810/output_32.cnf: c total solving time: 16.367119789123535 c number of splits: 3897 s UNSATISFIABLE
150-810/output_33.cnf: c total solving time: 9.22575044631958 c number of splits: 2025 s UNSATISFIABLE
150-810/output_34.cnf: c total solving time: 10.621201515197754 c number of splits: 2389 s UNSATISFIABLE
150-810/output_35.cnf: c total solving time: 13.841529846191406 c number of splits: 3307 s UNSATISFIABLE
150-810/output_36.cnf: c total solving time: 8.084079265594482 c number of splits: 1753 s UNSATISFIABLE
150-810/output_37.cnf: c total solving time: 8.823972463607788 c number of splits: 2055 s UNSATISFIABLE
150-810/output_38.cnf: c total solving time: 10.222299814224243 c number of splits: 2299 s UNSATISFIABLE
150-810/output_39.cnf: c total solving time: 21.127349853515625 c number of splits: 4811 s UNSATISFIABLE
150-810/output_4.cnf: c total solving time: 7.996302366256714 c number of splits: 1813 s UNSATISFIABLE
150-810/output_40.cnf: c total solving time: 19.95139479637146 c number of splits: 4625 s UNSATISFIABLE
150-810/output_41.cnf: c total solving time: 9.187648296356201 c number of splits: 2031 s UNSATISFIABLE
150-810/output_42.cnf: c total solving time: 7.2908101081848145 c number of splits: 1655 s UNSATISFIABLE
150-810/output_43.cnf: c total solving time: 10.193320274353027 c number of splits: 2355 s UNSATISFIABLE
150-810/output_44.cnf: c total solving time: 14.016175270080566 c number of splits: 3219 s UNSATISFIABLE
150-810/output_45.cnf: c total solving time: 12.381473779678345 c number of splits: 2875 s UNSATISFIABLE
150-810/output_46.cnf: c total solving time: 10.1371328830719 c number of splits: 2261 s UNSATISFIABLE
150-810/output_47.cnf: c total solving time: 16.20069169998169 c number of splits: 3715 s UNSATISFIABLE
150-810/output_48.cnf: c total solving time: 8.606798648834229 c number of splits: 1907 s UNSATISFIABLE
150-810/output_49.cnf: c total solving time: 11.487439632415771 c number of splits: 2639 s UNSATISFIABLE
150-810/output_5.cnf: c total solving time: 9.796565771102905 c number of splits: 2201 s UNSATISFIABLE
150-810/output_50.cnf: c total solving time: 8.018176317214966 c number of splits: 1787 s UNSATISFIABLE
150-810/output_51.cnf: c total solving time: 9.134397745132446 c number of splits: 2059 s UNSATISFIABLE
150-810/output_52.cnf: c total solving time: 15.92579984664917 c number of splits: 3619 s UNSATISFIABLE
150-810/output_53.cnf: c total solving time: 6.211467027664185 c number of splits: 1357 s UNSATISFIABLE
150-810/output_54.cnf: c total solving time: 6.180081129074097 c number of splits: 1349 s UNSATISFIABLE
150-810/output_55.cnf: c total solving time: 4.190009593963623 c number of splits: 915 s UNSATISFIABLE
150-810/output_56.cnf: c total solving time: 8.0714111328125 c number of splits: 1815 s UNSATISFIABLE
150-810/output_57.cnf: c total solving time: 13.66276502609253 c number of splits: 3069 s UNSATISFIABLE
150-810/output_58.cnf: c total solving time: 11.615586280822754 c number of splits: 2609 s UNSATISFIABLE
150-810/output_59.cnf: c total solving time: 8.682677984237671 c number of splits: 1993 s UNSATISFIABLE
150-810/output_6.cnf: c total solving time: 10.881042242050171 c number of splits: 2469 s UNSATISFIABLE
150-810/output_60.cnf: c total solving time: 10.42896842956543 c number of splits: 2369 s UNSATISFIABLE
150-810/output_61.cnf: c total solving time: 8.786036252975464 c number of splits: 1939 s UNSATISFIABLE
150-810/output_62.cnf: c total solving time: 5.265955209732056 c number of splits: 1207 s UNSATISFIABLE
150-810/output_63.cnf: c total solving time: 8.247400760650635 c number of splits: 1853 s UNSATISFIABLE
150-810/output_64.cnf: c total solving time: 18.63277530670166 c number of splits: 4225 s UNSATISFIABLE
150-810/output_65.cnf: c total solving time: 7.636291980743408 c number of splits: 1729 s UNSATISFIABLE
150-810/output_66.cnf: c total solving time: 15.012024164199829 c number of splits: 3459 s UNSATISFIABLE
150-810/output_67.cnf: c total solving time: 12.711621284484863 c number of splits: 3071 s UNSATISFIABLE
150-810/output_68.cnf: c total solving time: 4.864443063735962 c number of splits: 1059 s UNSATISFIABLE
150-810/output_69.cnf: c total solving time: 19.072849988937378 c number of splits: 4509 s UNSATISFIABLE
150-810/output_7.cnf: c total solving time: 7.497437953948975 c number of splits: 1667 s UNSATISFIABLE
150-810/output_70.cnf: c total solving time: 6.635216951370239 c number of splits: 1467 s UNSATISFIABLE
150-810/output_71.cnf: c total solving time: 6.304303884506226 c number of splits: 1403 s UNSATISFIABLE
150-810/output_72.cnf: c total solving time: 6.7269511222839355 c number of splits: 1525 s UNSATISFIABLE
150-810/output_73.cnf: c total solving time: 11.695739507675171 c number of splits: 2715 s UNSATISFIABLE
150-810/output_74.cnf: c total solving time: 5.6784820556640625 c number of splits: 1243 s UNSATISFIABLE
150-810/output_75.cnf: c total solving time: 16.604641914367676 c number of splits: 3611 s UNSATISFIABLE
150-810/output_76.cnf: c total solving time: 12.129534721374512 c number of splits: 2759 s UNSATISFIABLE
150-810/output_77.cnf: c total solving time: 10.668492317199707 c number of splits: 2369 s UNSATISFIABLE
150-810/output_78.cnf: c total solving time: 9.422428369522095 c number of splits: 2133 s UNSATISFIABLE
150-810/output_79.cnf: c total solving time: 7.031537055969238 c number of splits: 1549 s UNSATISFIABLE
150-810/output_8.cnf: c total solving time: 6.764915466308594 c number of splits: 1535 s UNSATISFIABLE
150-810/output_80.cnf: c total solving time: 5.634662866592407 c number of splits: 1217 s UNSATISFIABLE
150-810/output_81.cnf: c total solving time: 11.069267511367798 c number of splits: 2507 s UNSATISFIABLE
150-810/output_82.cnf: c total solving time: 8.492656230926514 c number of splits: 1831 s UNSATISFIABLE
150-810/output_83.cnf: c total solving time: 14.290717601776123 c number of splits: 3241 s UNSATISFIABLE
150-810/output_84.cnf: c total solving time: 11.446422576904297 c number of splits: 2535 s UNSATISFIABLE
150-810/output_85.cnf: c total solving time: 19.21731209754944 c number of splits: 4357 s UNSATISFIABLE
150-810/output_86.cnf: c total solving time: 10.143246173858643 c number of splits: 2259 s UNSATISFIABLE
150-810/output_87.cnf: c total solving time: 8.960014581680298 c number of splits: 1991 s UNSATISFIABLE
150-810/output_88.cnf: c total solving time: 7.658151865005493 c number of splits: 1675 s UNSATISFIABLE
150-810/output_89.cnf: c total solving time: 11.404155492782593 c number of splits: 2553 s UNSATISFIABLE
150-810/output_9.cnf: c total solving time: 11.979188203811646 c number of splits: 2733 s UNSATISFIABLE
150-810/output_90.cnf: c total solving time: 8.993323564529419 c number of splits: 2003 s UNSATISFIABLE
150-810/output_91.cnf: c total solving time: 11.627135992050171 c number of splits: 2731 s UNSATISFIABLE
150-810/output_92.cnf: c total solving time: 7.265904188156128 c number of splits: 1595 s UNSATISFIABLE
150-810/output_93.cnf: c total solving time: 9.021886348724365 c number of splits: 2051 s UNSATISFIABLE
150-810/output_94.cnf: c total solving time: 8.096362352371216 c number of splits: 1803 s UNSATISFIABLE
150-810/output_95.cnf: c total solving time: 6.522732257843018 c number of splits: 1449 s UNSATISFIABLE
150-810/output_96.cnf: c total solving time: 7.51717734336853 c number of splits: 1675 s UNSATISFIABLE
150-810/output_97.cnf: c total solving time: 7.064077854156494 c number of splits: 1509 s UNSATISFIABLE
150-810/output_98.cnf: c total solving time: 3.777472972869873 c number of splits: 829 s UNSATISFIABLE
150-810/output_99.cnf: c total solving time: 13.745163679122925 c number of splits: 3071 s UNSATISFIABLE
Total solving time: 1018.7456336021423380
Median solving time: 9.25
Total number of splits: 230576
Median number of splits: 2068.00
Number of satisfiable: 0
