150-660/output_0.cnf: c total solving time: 22.402231693267822 c number of splits: 7178 s SATISFIABLE v 1 -2 -3 -4 5 6 -7 -8 -9 10 -11 12 13 14 -15 16 17 -18 -19 20 21 -22 -23 -24 -25 -26 -27 -28 -29 -30 -31 32 33 -34 35 -36 -37 -38 39 40 41 42 -43 44 45 46 47 -48 49 50 -51 -52 53 54 55 56 57 -58 -59 60 -61 -62 63 -64 -65 66 -67 68 69 -70 -71 -72 73 74 75 -76 77 -78 -79 -80 -81 82 -83 84 85 -86 -87 88 89 90 91 92 93 -94 -95 -96 97 98 99 100 -101 -102 -103 -104 -105 106 -107 -108 109 -110 111 -112 113 114 -115 -116 -117 -118 -119 -120 121 122 123 -124 125 126 -127 128 -129 -130 -131 -132 133 134 135 136 137 -138 -139 -140 -141 142 -143 -144 -145 146 147 -148 -149 150 0
150-660/output_1.cnf: c total solving time: 44.248454570770264 c number of splits: 14779 s UNSATISFIABLE
150-660/output_10.cnf: c total solving time: 27.070175886154175 c number of splits: 8341 s UNSATISFIABLE
150-660/output_11.cnf: c total solving time: 22.865716695785522 c number of splits: 7468 s SATISFIABLE v 1 -2 -3 -4 5 6 7 8 -9 10 11 12 13 14 -15 16 -17 -18 19 20 -21 22 -23 -24 -25 -26 -27 -28 -29 -30 -31 -32 33 -34 35 -36 37 -38 -39 -40 41 42 43 44 45 46 -47 -48 49 50 -51 52 53 54 55 56 57 58 59 60 -61 62 63 64 -65 -66 67 68 -69 -70 -71 72 73 -74 75 76 77 78 -79 80 81 82 83 84 -85 -86 87 88 89 -90 -91 -92 -93 -94 95 -96 97 -98 -99 100 -101 102 103 104 -105 106 107 108 109 -110 111 -112 113 -114 -115 116 -117 -118 -119 120 -121 122 123 -124 125 126 -127 128 -129 130 -131 132 133 134 -135 136 -137 -138 139 140 141 -142 143 144 145 146 147 -148 -149 150 0
150-660/output_12.cnf: c total solving time: 29.7026846408844 c number of splits: 10261 s SATISFIABLE v 1 -2 3 4 -5 -6 -7 8 -9 -10 -11 12 13 -14 15 16 -17 18 19 20 21 -22 23 -24 25 -26 -27 -28 -29 -30 31 -32 -33 34 35 36 37 -38 39 40 -41 -42 43 44 45 46 -47 -48 -49 -50 51 52 53 -54 55 56 57 -58 -59 -60 61 -62 -63 -64 65 -66 67 -68 69 70 71 -72 73 74 75 -76 -77 78 79 -80 -81 -82 -83 84 -85 86 -87 -88 89 90 -91 -92 -93 94 95 96 -97 98 -99 100 101 -102 -103 -104 105 -106 -107 108 109 -110 111 112 -113 -114 -115 -116 -117 -118 119 -120 -121 -122 -123 -124 -125 126 -127 128 -129 -130 131 132 133 134 -135 -136 137 -138 -139 -140 141 142 -143 144 -145 -146 -147 -148 -149 -150 0
150-660/output_13.cnf: c total solving time: 88.39618396759033 c number of splits: 29231 s UNSATISFIABLE
150-660/output_14.cnf: c total solving time: 33.86691069602966 c number of splits: 10283 s UNSATISFIABLE
150-660/output_15.cnf: c total solving time: 42.924933195114136 c number of splits: 13773 s UNSATISFIABLE
150-660/output_16.cnf: c total solving time: 22.074340105056763 c number of splits: 6567 s UNSATISFIABLE
150-660/output_17.cnf: c total solving time: 16.57762598991394 c number of splits: 5225 s UNSATISFIABLE
150-660/output_18.cnf: c total solving time: 61.152313232421875 c number of splits: 20549 s UNSATISFIABLE
150-660/output_19.cnf: c total solving time: 54.364556074142456 c number of splits: 18323 s UNSATISFIABLE
150-660/output_2.cnf: c total solving time: 24.378369331359863 c number of splits: 7651 s UNSATISFIABLE
150-660/output_20.cnf: c total solving time: 24.151468753814697 c number of splits: 8153 s SATISFIABLE v 1 2 3 -4 -5 6 7 -8 9 -10 11 12 -13 -14 15 -16 -17 -18 19 -20 21 -22 -23 24 -25 26 -27 28 -29 -30 31 -32 -33 34 35 36 37 38 39 40 -41 -42 43 44 45 46 -47 48 49 50 51 -52 53 54 -55 56 57 -58 59 60 61 62 63 -64 -65 -66 67 -68 -69 70 -71 -72 -73 -74 -75 -76 77 78 -79 -80 81 -82 -83 -84 -85 86 87 -88 89 90 91 92 -93 -94 95 -96 -97 -98 99 100 -101 102 -103 104 105 -106 107 -108 -109 110 111 112 113 114 115 -116 117 -118 119 120 -121 122 123 -124 -125 126 -127 -128 129 -130 -131 -132 133 -134 135 -136 -137 138 139 140 141 -142 143 -144 -145 146 -147 -148 -149 -150 0
150-660/output_21.cnf: c total solving time: 29.21381402015686 c number of splits: 8603 s UNSATISFIABLE
150-660/output_22.cnf: c total solving time: 20.92345929145813 c number of splits: 6759 s SATISFIABLE v -1 2 3 -4 -5 6 7 -8 9 -10 11 12 13 -14 15 16 17 -18 -19 20 -21 22 -23 -24 25 26 27 -28 29 -30 -31 32 -33 -34 -35 36 -37 38 39 40 41 42 43 44 45 46 -47 48 49 -50 51 52 -53 -54 55 -56 -57 58 59 -60 -61 -62 63 64 -65 66 67 -68 -69 -70 71 -72 73 74 75 -76 -77 -78 79 80 81 82 83 -84 85 86 -87 -88 -89 -90 -91 -92 -93 -94 -95 96 97 -98 -99 100 101 102 -103 -104 105 106 -107 -108 109 110 -111 112 113 -114 -115 116 -117 118 119 -120 121 122 -123 124 -125 126 -127 128 129 130 -131 132 -133 134 135 136 137 -138 -139 140 -141 142 143 -144 145 -146 147 -148 -149 -150 0
150-660/output_23.cnf: c total solving time: 68.6452784538269 c number of splits: 22571 s UNSATISFIABLE
150-660/output_24.cnf: c total solving time: 25.09991955757141 c number of splits: 7773 s UNSATISFIABLE
150-660/output_25.cnf: c total solving time: 11.862582921981812 c number of splits: 3481 s UNSATISFIABLE
150-660/output_26.cnf: c total solving time: 29.591617584228516 c number of splits: 9033 s UNSATISFIABLE
150-660/output_27.cnf: c total solving time: 13.148918867111206 c number of splits: 4134 s SATISFIABLE v 1 -2 3 -4 -5 6 7 -8 9 -10 11 12 -13 -14 15 16 17 -18 -19 -20 -21 22 -23 -24 25 26 27 28 -29 30 31 32 33 34 35 36 -37 -38 39 -40 -41 -42 43 -44 -45 -46 47 48 -49 -50 -51 -52 53 -54 55 56 -57 -58 59 -60 61 62 63 -64 -65 66 67 -68 -69 70 -71 72 73 -74 -75 -76 -77 78 79 80 81 82 83 84 -85 -86 -87 88 89 90 -91 -92 -93 -94 95 96 -97 98 -99 100 101 -102 -103 104 -105 -106 107 108 -109 -110 111 112 -113 114 -115 -116 -117 118 -119 120 121 122 123 -124 -125 -126 -127 -128 129 -130 -131 -132 133 134 -135 136 -137 -138 139 140 141 -142 143 144 -145 -146 147 148 -149 150 0
150-660/output_28.cnf: c total solving time: 40.24184703826904 c number of splits: 12491 s UNSATISFIABLE
150-660/output_29.cnf: c total solving time: 28.8666090965271 c number of splits: 9673 s SATISFIABLE v -1 2 -3 4 5 6 7 8 9 10 11 12 -13 -14 15 16 -17 -18 -19 -20 21 -22 -23 -24 25 -26 27 28 29 30 31 -32 33 34 35 36 -37 38 -39 40 41 42 -43 44 -45 46 47 -48 49 -50 51 52 -53 54 -55 -56 57 -58 -59 60 61 62 -63 -64 -65 -66 -67 68 69 70 -71 -72 73 74 -75 -76 77 78 79 80 -81 82 -83 84 85 86 -87 -88 -89 90 -91 -92 -93 94 -95 96 97 -98 99 100 -101 -102 103 -104 -105 -106 -107 108 -109 -110 111 112 -113 114 -115 -116 -117 118 119 120 121 -122 -123 124 -125 -126 127 128 -129 130 -131 -132 133 -134 135 136 -137 138 -139 -140 -141 142 143 144 -145 146 147 148 -149 -150 0
150-660/output_3.cnf: c total solving time: 3.640852451324463 c number of splits: 1312 s SATISFIABLE v 1 -2 -3 4 -5 -6 7 -8 9 -10 11 12 -13 -14 -15 -16 -17 -18 19 -20 -21 22 -23 24 -25 -26 27 28 29 -30 -31 -32 33 34 -35 36 -37 -38 39 40 -41 42 43 44 45 46 -47 48 -49 50 -51 -52 -53 54 -55 -56 -57 -58 59 -60 61 62 63 -64 65 -66 -67 68 -69 -70 -71 72 73 74 -75 -76 -77 -78 -79 -80 -81 82 -83 84 -85 86 -87 -88 89 90 91 92 93 94 95 -96 97 -98 -99 -100 101 102 103 -104 105 106 -107 -108 109 110 111 -112 -113 114 115 -116 117 -118 119 120 121 -122 123 -124 -125 126 127 -128 -129 130 -131 132 133 134 -135 -136 -137 138 139 -140 141 142 143 144 -145 146 -147 148 -149 -150 0
150-660/output_30.cnf: c total solving time: 14.958104848861694 c number of splits: 4583 s UNSATISFIABLE
150-660/output_31.cnf: c total solving time: 49.945043087005615 c number of splits: 15929 s UNSATISFIABLE
150-660/output_32.cnf: c total solving time: 30.06197690963745 c number of splits: 9551 s SATISFIABLE v -1 -2 3 -4 5 6 -7 -8 -9 -10 11 12 13 14 -15 16 -17 -18 -19 20 21 22 -23 24 -25 -26 27 28 29 30 31 32 33 -34 35 -36 -37 38 39 -40 41 -42 -43 44 -45 46 47 -48 -49 50 -51 52 -53 54 -55 -56 -57 -58 59 -60 61 -62 -63 -64 65 66 67 -68 -69 70 -71 -72 -73 -74 75 76 77 -78 -79 -80 81 -82 83 84 -85 -86 -87 88 89 90 -91 92 -93 94 95 96 97 -98 -99 100 101 102 -103 104 -105 106 107 108 109 -110 111 112 -113 114 -115 116 117 118 119 -120 -121 122 -123 -124 125 126 127 128 129 130 -131 132 -133 -134 135 -136 137 138 -139 -140 141 142 -143 144 -145 146 147 -148 -149 -150 0
150-660/output_33.cnf: c total solving time: 36.39316010475159 c number of splits: 11027 s UNSATISFIABLE
150-660/output_34.cnf: c total solving time: 41.5575110912323 c number of splits: 13379 s UNSATISFIABLE
150-660/output_35.cnf: c total solving time: 19.428030014038086 c number of splits: 6158 s SATISFIABLE v 1 -2 -3 4 5 6 -7 8 9 -10 -11 12 13 14 -15 16 -17 18 19 20 -21 -22 23 -24 -25 26 -27 28 -29 -30 -31 -32 -33 -34 35 36 37 -38 39 40 -41 -42 43 -44 -45 46 -47 48 49 -50 51 -52 53 54 -55 -56 -57 58 -59 -60 -61 -62 63 64 -65 66 67 -68 69 -70 71 72 -73 -74 75 76 -77 -78 -79 -80 81 -82 -83 -84 -85 86 87 88 89 90 -91 92 -93 -94 95 -96 -97 98 99 100 101 102 103 -104 -105 106 -107 -108 109 110 111 -112 -113 -114 -115 116 117 -118 -119 120 121 122 123 -124 125 -126 -127 128 -129 -130 131 -132 133 134 -135 -136 137 138 139 140 141 -142 -143 144 -145 146 -147 -148 -149 -150 0
150-660/output_36.cnf: c total solving time: 25.88420343399048 c number of splits: 8071 s UNSATISFIABLE
150-660/output_37.cnf: c total solving time: 38.10707116127014 c number of splits: 12095 s UNSATISFIABLE
150-660/output_38.cnf: c total solving time: 21.687594652175903 c number of splits: 6789 s UNSATISFIABLE
150-660/output_39.cnf: c total solving time: 34.705851554870605 c number of splits: 11151 s UNSATISFIABLE
150-660/output_4.cnf: c total solving time: 11.785808563232422 c number of splits: 3341 s UNSATISFIABLE
150-660/output_40.cnf: c total solving time: 22.895172834396362 c number of splits: 6799 s UNSATISFIABLE
150-660/output_41.cnf: c total solving time: 25.06206750869751 c number of splits: 8013 s UNSATISFIABLE
150-660/output_42.cnf: c total solving time: 45.384430170059204 c number of splits: 15130 s SATISFIABLE v 1 2 3 4 5 -6 -7 -8 -9 10 11 12 13 14 15 -16 -17 18 -19 -20 -21 -22 -23 24 -25 -26 -27 -28 29 -30 31 32 33 -34 35 36 37 38 39 -40 -41 -42 43 44 45 46 47 48 49 50 51 -52 53 54 -55 56 57 -58 -59 60 -61 62 63 64 -65 -66 -67 -68 -69 70 -71 -72 -73 74 75 -76 77 78 -79 80 81 82 83 84 85 -86 -87 88 89 -90 91 -92 -93 94 -95 -96 97 98 99 -100 -101 -102 103 104 105 -106 107 -108 -109 110 111 112 113 -114 -115 -116 117 118 119 -120 121 122 -123 -124 125 -126 -127 128 129 -130 131 -132 133 -134 135 -136 -137 -138 139 -140 141 -142 143 -144 -145 146 147 -148 149 150 0
150-660/output_43.cnf: c total solving time: 28.32843589782715 c number of splits: 8945 s UNSATISFIABLE
150-660/output_44.cnf: c total solving time: 20.76723837852478 c number of splits: 6263 s UNSATISFIABLE
150-660/output_45.cnf: c total solving time: 14.451874017715454 c number of splits: 4327 s UNSATISFIABLE
150-660/output_46.cnf: c total solving time: 25.405341625213623 c number of splits: 7533 s UNSATISFIABLE
150-660/output_47.cnf: c total solving time: 24.95032548904419 c number of splits: 7765 s UNSATISFIABLE
150-660/output_48.cnf: c total solving time: 44.2717764377594 c number of splits: 13789 s UNSATISFIABLE
150-660/output_49.cnf: c total solving time: 54.08976435661316 c number of splits: 18707 s UNSATISFIABLE
150-660/output_5.cnf: c total solving time: 8.297821998596191 c number of splits: 2608 s SATISFIABLE v -1 -2 3 4 5 -6 7 8 9 10 -11 -12 -13 14 15 16 17 -18 19 -20 -21 -22 23 24 -25 -26 -27 28 -29 -30 -31 32 33 34 35 -36 -37 -38 39 40 -41 -42 43 44 45 -46 -47 48 -49 50 51 -52 53 -54 55 -56 57 58 -59 -60 -61 62 -63 -64 -65 66 67 68 -69 70 71 72 -73 74 75 -76 77 -78 79 80 -81 82 -83 84 85 -86 87 -88 -89 90 91 92 -93 94 -95 -96 -97 -98 -99 100 -101 -102 103 -104 105 -106 -107 108 109 110 111 -112 -113 -114 115 116 -117 118 119 120 -121 -122 -123 124 125 -126 127 -128 129 130 131 -132 -133 134 135 -136 -137 138 139 -140 -141 142 143 144 145 146 -147 148 -149 150 0
150-660/output_50.cnf: c total solving time: 19.725329399108887 c number of splits: 5689 s UNSATISFIABLE
150-660/output_51.cnf: c total solving time: 36.06942582130432 c number of splits: 11005 s UNSATISFIABLE
150-660/output_52.cnf: c total solving time: 39.843326568603516 c number of splits: 12830 s SATISFIABLE v 1 2 -3 4 -5 -6 -7 8 -9 -10 -11 -12 -13 -14 15 16 -17 18 19 20 -21 22 -23 -24 25 26 27 28 -29 -30 -31 -32 33 34 -35 -36 37 38 -39 40 41 -42 -43 -44 45 46 -47 48 49 -50 -51 52 53 54 -55 56 57 -58 59 -60 61 62 -63 64 65 -66 -67 -68 -69 -70 71 -72 -73 -74 -75 -76 77 -78 -79 80 81 82 83 84 85 -86 87 88 89 90 91 -92 93 -94 -95 -96 97 98 -99 -100 -101 102 103 104 105 106 -107 -108 -109 110 -111 112 113 114 -115 116 117 118 119 120 121 -122 123 -124 125 126 -127 128 129 130 -131 -132 133 134 135 136 137 -138 -139 -140 141 142 -143 144 145 146 147 -148 -149 -150 0
150-660/output_53.cnf: c total solving time: 35.88866829872131 c number of splits: 11043 s UNSATISFIABLE
150-660/output_54.cnf: c total solving time: 24.541806936264038 c number of splits: 7471 s UNSATISFIABLE
150-660/output_55.cnf: c total solving time: 45.26332640647888 c number of splits: 14795 s UNSATISFIABLE
150-660/output_56.cnf: c total solving time: 66.30484366416931 c number of splits: 20687 s UNSATISFIABLE
150-660/output_57.cnf: c total solving time: 31.387402534484863 c number of splits: 9907 s UNSATISFIABLE
150-660/output_58.cnf: c total solving time: 33.63468289375305 c number of splits: 10689 s UNSATISFIABLE
150-660/output_59.cnf: c total solving time: 39.89486813545227 c number of splits: 12463 s UNSATISFIABLE
150-660/output_6.cnf: c total solving time: 27.75068163871765 c number of splits: 8591 s UNSATISFIABLE
150-660/output_60.cnf: c total solving time: 43.44410943984985 c number of splits: 13991 s UNSATISFIABLE
150-660/output_61.cnf: c total solving time: 28.798073768615723 c number of splits: 9043 s UNSATISFIABLE
150-660/output_62.cnf: c total solving time: 52.92486572265625 c number of splits: 17389 s UNSATISFIABLE
150-660/output_63.cnf: c total solving time: 42.8936288356781 c number of splits: 14311 s UNSATISFIABLE
150-660/output_64.cnf: c total solving time: 45.07103705406189 c number of splits: 13813 s UNSATISFIABLE
150-660/output_65.cnf: c total solving time: 26.6133074760437 c number of splits: 8369 s UNSATISFIABLE
150-660/output_66.cnf: c total solving time: 1.3198802471160889 c number of splits: 438 s SATISFIABLE v 1 2 3 4 5 -6 -7 -8 9 10 11 -12 -13 -14 15 16 17 18 -19 20 21 22 23 -24 -25 -26 -27 -28 -29 30 -31 32 33 34 35 -36 37 -38 -39 40 -41 42 -43 44 -45 -46 -47 48 -49 -50 51 52 53 54 -55 56 -57 -58 59 -60 -61 -62 63 64 -65 66 -67 68 -69 70 71 72 -73 -74 -75 76 -77 78 -79 80 -81 -82 -83 -84 -85 86 87 88 -89 90 91 -92 -93 -94 95 -96 -97 98 99 -100 -101 102 103 104 105 -106 107 -108 109 110 -111 112 113 114 -115 116 -117 -118 119 -120 121 -122 123 124 125 -126 127 -128 -129 -130 -131 -132 133 134 135 136 137 -138 -139 140 141 142 143 144 145 146 -147 148 -149 -150 0
150-660/output_67.cnf: c total solving time: 25.191860914230347 c number of splits: 7677 s UNSATISFIABLE
150-660/output_68.cnf: c total solving time: 25.8786563873291 c number of splits: 7737 s UNSATISFIABLE
150-660/output_69.cnf: c total solving time: 38.33604836463928 c number of splits: 12531 s SATISFIABLE v 1 -2 -3 -4 -5 6 -7 -8 -9 -10 -11 12 13 -14 -15 16 -17 18 19 20 -21 22 23 24 25 26 27 28 -29 30 31 -32 -33 -34 35 36 37 38 39 40 41 42 -43 44 -45 46 47 48 -49 50 51 52 53 -54 -55 56 -57 -58 59 -60 -61 -62 -63 -64 -65 -66 67 -68 69 -70 -71 -72 -73 -74 75 -76 -77 -78 -79 -80 81 -82 -83 84 85 86 87 88 -89 -90 -91 92 93 94 -95 -96 97 98 -99 100 101 102 -103 104 105 106 -107 -108 109 -110 111 -112 113 114 115 -116 117 -118 -119 -120 -121 122 123 -124 125 126 -127 -128 129 -130 -131 132 133 -134 -135 -136 137 -138 -139 140 -141 142 -143 -144 145 -146 147 -148 -149 150 0
150-660/output_7.cnf: c total solving time: 23.175007104873657 c number of splits: 7167 s UNSATISFIABLE
150-660/output_70.cnf: c total solving time: 24.511711835861206 c number of splits: 7305 s UNSATISFIABLE
150-660/output_71.cnf: c total solving time: 44.58171057701111 c number of splits: 14091 s UNSATISFIABLE
150-660/output_72.cnf: c total solving time: 29.97117590904236 c number of splits: 10081 s UNSATISFIABLE
150-660/output_73.cnf: c total solving time: 21.34636402130127 c number of splits: 6838 s SATISFIABLE v 1 -2 -3 -4 5 -6 7 8 -9 10 11 12 -13 -14 15 16 17 18 19 -20 -21 -22 23 -24 25 26 -27 28 29 30 -31 32 -33 34 -35 -36 -37 38 -39 40 41 -42 43 -44 45 -46 -47 48 -49 -50 -51 -52 53 -54 55 56 -57 58 -59 60 -61 62 -63 64 65 66 67 -68 -69 -70 71 72 73 74 75 -76 77 78 79 80 81 -82 83 84 85 86 87 -88 89 -90 -91 -92 93 94 -95 -96 97 -98 -99 100 -101 102 -103 -104 105 106 -107 -108 109 -110 111 112 -113 -114 115 116 -117 118 -119 120 121 122 -123 124 125 126 -127 128 -129 130 131 132 -133 -134 -135 -136 137 -138 139 140 -141 142 143 -144 -145 146 -147 -148 -149 -150 0
150-660/output_74.cnf: c total solving time: 33.727044343948364 c number of splits: 11303 s UNSATISFIABLE
150-660/output_75.cnf: c total solving time: 19.113656759262085 c number of splits: 5819 s UNSATISFIABLE
150-660/output_76.cnf: c total solving time: 40.175899028778076 c number of splits: 12691 s UNSATISFIABLE
150-660/output_77.cnf: c total solving time: 57.26557278633118 c number of splits: 18337 s UNSATISFIABLE
150-660/output_78.cnf: c total solving time: 20.797266244888306 c number of splits: 7039 s SATISFIABLE v -1 -2 -3 4 5 -6 7 8 -9 -10 -11 -12 -13 -14 -15 -16 -17 18 19 -20 -21 22 23 24 25 26 27 -28 29 30 31 -32 33 -34 -35 -36 37 -38 -39 40 -41 -42 -43 44 45 -46 47 -48 49 -50 51 52 53 -54 55 -56 57 58 59 60 61 -62 -63 64 -65 -66 -67 -68 69 70 -71 72 73 74 -75 76 -77 78 -79 80 81 82 -83 84 85 -86 87 88 -89 90 -91 -92 -93 94 95 96 -97 -98 -99 -100 -101 -102 -103 -104 105 -106 -107 108 109 -110 -111 112 113 -114 -115 -116 117 -118 119 120 121 122 -123 -124 -125 -126 -127 -128 129 130 -131 132 133 134 135 -136 137 -138 -139 -140 -141 142 143 -144 -145 -146 -147 -148 149 150 0
150-660/output_79.cnf: c total solving time: 24.058857917785645 c number of splits: 7007 s UNSATISFIABLE
150-660/output_8.cnf: c total solving time: 34.24862885475159 c number of splits: 10823 s UNSATISFIABLE
150-660/output_80.cnf: c total solving time: 73.40319204330444 c number of splits: 23130 s SATISFIABLE v -1 -2 3 4 -5 -6 7 8 -9 10 -11 -12 -13 -14 15 -16 -17 18 -19 20 21 -22 23 24 -25 -26 27 -28 29 -30 31 -32 33 34 35 36 37 -38 39 40 41 42 -43 -44 -45 -46 -47 48 49 -50 51 -52 -53 54 55 56 -57 58 -59 60 -61 62 63 64 65 -66 -67 -68 -69 70 -71 72 73 74 75 76 -77 78 79 80 -81 -82 83 84 85 86 -87 88 89 90 -91 -92 -93 -94 95 -96 -97 -98 -99 100 101 102 -103 104 -105 106 107 -108 -109 110 -111 -112 113 114 115 -116 117 -118 119 -120 121 -122 123 -124 -125 -126 127 128 129 130 131 -132 -133 134 135 -136 -137 138 139 140 -141 142 -143 -144 145 146 147 -148 -149 150 0
150-660/output_81.cnf: c total solving time: 7.612633943557739 c number of splits: 2403 s SATISFIABLE v 1 -2 3 4 5 6 -7 -8 -9 -10 -11 12 -13 -14 15 -16 -17 -18 19 20 21 22 -23 -24 25 -26 27 28 -29 -30 31 32 -33 -34 35 36 37 38 39 -40 -41 -42 43 44 -45 -46 47 48 -49 50 51 -52 -53 -54 55 56 57 -58 59 60 61 62 63 -64 -65 66 -67 -68 -69 70 71 72 -73 -74 75 -76 -77 78 -79 -80 81 82 -83 84 85 -86 87 88 89 90 91 -92 -93 94 95 96 -97 -98 99 -100 -101 102 103 -104 -105 -106 -107 108 -109 110 -111 112 113 114 115 -116 117 118 -119 -120 121 -122 -123 -124 125 126 127 -128 129 -130 -131 -132 -133 -134 -135 136 -137 -138 -139 -140 -141 142 -143 144 -145 -146 147 148 -149 -150 0
150-660/output_82.cnf: c total solving time: 34.825974464416504 c number of splits: 10985 s UNSATISFIABLE
150-660/output_83.cnf: c total solving time: 68.47570180892944 c number of splits: 22113 s UNSATISFIABLE
150-660/output_84.cnf: c total solving time: 0.06090211868286133 c number of splits: 21 s SATISFIABLE v 1 -2 3 4 5 -6 7 -8 9 -10 11 12 13 -14 15 16 17 -18 19 20 -21 22 23 -24 25 26 -27 -28 -29 30 31 32 33 -34 -35 -36 37 -38 39 -40 41 -42 -43 44 45 46 47 48 49 -50 -51 -52 53 54 55 56 -57 -58 59 60 -61 62 63 64 65 -66 -67 -68 -69 -70 -71 72 73 74 -75 -76 77 -78 -79 -80 81 -82 -83 84 85 86 -87 88 89 90 91 92 93 -94 -95 -96 -97 98 99 -100 101 102 -103 -104 105 -106 107 108 -109 -110 111 -112 -113 -114 -115 -116 -117 118 119 -120 121 -122 -123 -124 125 -126 127 128 -129 130 -131 132 -133 -134 135 -136 137 -138 -139 -140 141 142 -143 144 -145 -146 -147 148 149 150 0
150-660/output_85.cnf: c total solving time: 82.67872214317322 c number of splits: 27275 s UNSATISFIABLE
150-660/output_86.cnf: c total solving time: 34.15275955200195 c number of splits: 10871 s UNSATISFIABLE
150-660/output_87.cnf: c total solving time: 29.58905839920044 c number of splits: 8977 s UNSATISFIABLE
150-660/output_88.cnf: c total solving time: 81.28742408752441 c number of splits: 25511 s UNSATISFIABLE
150-660/output_89.cnf: c total solving time: 16.32766103744507 c number of splits: 4751 s UNSATISFIABLE
150-660/output_9.cnf: c total solving time: 38.8772189617157 c number of splits: 12025 s UNSATISFIABLE
150-660/output_90.cnf: c total solving time: 30.18575358390808 c number of splits: 9601 s UNSATISFIABLE
150-660/output_91.cnf: c total solving time: 55.102529525756836 c number of splits: 17079 s UNSATISFIABLE
150-660/output_92.cnf: c total solving time: 44.65629577636719 c number of splits: 14299 s UNSATISFIABLE
150-660/output_93.cnf: c total solving time: 26.95708727836609 c number of splits: 8179 s UNSATISFIABLE
150-660/output_94.cnf: c total solving time: 51.81636428833008 c number of splits: 17443 s UNSATISFIABLE
150-660/output_95.cnf: c total solving time: 32.099364280700684 c number of splits: 10141 s SATISFIABLE v -1 -2 3 -4 5 6 -7 8 9 -10 -11 -12 -13 -14 -15 16 -17 18 -19 -20 -21 22 -23 24 25 26 -27 28 29 -30 31 32 33 -34 35 -36 37 38 39 -40 -41 -42 43 44 -45 46 -47 48 49 -50 -51 52 -53 -54 -55 56 -57 -58 59 -60 -61 -62 -63 64 -65 66 -67 -68 -69 70 -71 72 -73 -74 75 76 -77 -78 -79 -80 -81 -82 83 -84 -85 -86 87 -88 89 90 -91 92 93 94 -95 96 -97 98 99 -100 101 102 103 104 -105 106 107 -108 109 -110 -111 112 113 -114 -115 116 117 118 -119 -120 121 -122 -123 -124 125 126 127 -128 -129 130 131 132 -133 -134 135 -136 137 -138 -139 140 141 142 143 -144 145 146 -147 148 149 150 0
150-660/output_96.cnf: c total solving time: 31.901663064956665 c number of splits: 9927 s UNSATISFIABLE
150-660/output_97.cnf: c total solving time: 25.935407400131226 c number of splits: 7755 s UNSATISFIABLE
150-660/output_98.cnf: c total solving time: 26.451550483703613 c number of splits: 7981 s UNSATISFIABLE
150-660/output_99.cnf: c total solving time: 24.247238636016846 c number of splits: 7213 s UNSATISFIABLE
Total solving time: 3344.22269701957700523
Median solving time: 29.64
Total number of splits: 1062215
Median number of splits: 9297.00
Number of satisfiable: 21
