c total solving time: 0.9899735450744629 c number of splits: 365 s UNSATISFIABLE
c total solving time: 1.9784369468688965 c number of splits: 749 s UNSATISFIABLE
c total solving time: 0.5804197788238525 c number of splits: 197 s UNSATISFIABLE
c total solving time: 0.6693623065948486 c number of splits: 227 s UNSATISFIABLE
c total solving time: 0.939500093460083 c number of splits: 323 s UNSATISFIABLE
c total solving time: 0.5554835796356201 c number of splits: 195 s UNSATISFIABLE
c total solving time: 1.5274643898010254 c number of splits: 561 s UNSATISFIABLE
c total solving time: 2.1704506874084473 c number of splits: 845 s UNSATISFIABLE
c total solving time: 1.49393892288208 c number of splits: 545 s UNSATISFIABLE
c total solving time: 1.336491584777832 c number of splits: 503 s UNSATISFIABLE
c total solving time: 1.0094287395477295 c number of splits: 351 s UNSATISFIABLE
c total solving time: 1.5379559993743896 c number of splits: 571 s UNSATISFIABLE
c total solving time: 0.6382789611816406 c number of splits: 233 s UNSATISFIABLE
c total solving time: 0.9643003940582275 c number of splits: 353 s UNSATISFIABLE
c total solving time: 1.0149147510528564 c number of splits: 359 s UNSATISFIABLE
c total solving time: 0.9616794586181641 c number of splits: 339 s UNSATISFIABLE
c total solving time: 0.953209638595581 c number of splits: 355 s UNSATISFIABLE
c total solving time: 0.9261984825134277 c number of splits: 347 s UNSATISFIABLE
c total solving time: 0.9360265731811523 c number of splits: 349 s UNSATISFIABLE
c total solving time: 0.952028751373291 c number of splits: 355 s UNSATISFIABLE
c total solving time: 1.5098960399627686 c number of splits: 575 s UNSATISFIABLE
c total solving time: 1.727867841720581 c number of splits: 583 s UNSATISFIABLE
c total solving time: 0.9518723487854004 c number of splits: 333 s UNSATISFIABLE
c total solving time: 0.7255275249481201 c number of splits: 251 s UNSATISFIABLE
c total solving time: 1.270869493484497 c number of splits: 479 s UNSATISFIABLE
c total solving time: 0.3110971450805664 c number of splits: 109 s UNSATISFIABLE
c total solving time: 0.5401232242584229 c number of splits: 187 s UNSATISFIABLE
c total solving time: 1.0190093517303467 c number of splits: 359 s UNSATISFIABLE
c total solving time: 1.761401653289795 c number of splits: 645 s UNSATISFIABLE
c total solving time: 0.703056812286377 c number of splits: 253 s UNSATISFIABLE
c total solving time: 1.6923744678497314 c number of splits: 659 s UNSATISFIABLE
c total solving time: 0.8655469417572021 c number of splits: 303 s UNSATISFIABLE
c total solving time: 1.5498340129852295 c number of splits: 577 s UNSATISFIABLE
c total solving time: 1.2609028816223145 c number of splits: 465 s UNSATISFIABLE
c total solving time: 0.9084773063659668 c number of splits: 333 s UNSATISFIABLE
c total solving time: 1.0475294589996338 c number of splits: 387 s UNSATISFIABLE
c total solving time: 0.6128554344177246 c number of splits: 213 s UNSATISFIABLE
c total solving time: 0.48840999603271484 c number of splits: 163 s UNSATISFIABLE
c total solving time: 1.5648183822631836 c number of splits: 615 s UNSATISFIABLE
c total solving time: 1.285107135772705 c number of splits: 477 s UNSATISFIABLE
c total solving time: 0.860701322555542 c number of splits: 303 s UNSATISFIABLE
c total solving time: 0.8254377841949463 c number of splits: 295 s UNSATISFIABLE
c total solving time: 1.1204493045806885 c number of splits: 453 s UNSATISFIABLE
c total solving time: 1.0508790016174316 c number of splits: 369 s UNSATISFIABLE
c total solving time: 1.1241426467895508 c number of splits: 411 s UNSATISFIABLE
c total solving time: 0.7352514266967773 c number of splits: 265 s UNSATISFIABLE
c total solving time: 1.8435280323028564 c number of splits: 671 s UNSATISFIABLE
c total solving time: 0.5359950065612793 c number of splits: 191 s UNSATISFIABLE
c total solving time: 0.9842019081115723 c number of splits: 347 s UNSATISFIABLE
c total solving time: 1.071152687072754 c number of splits: 407 s UNSATISFIABLE
c total solving time: 1.0002210140228271 c number of splits: 381 s UNSATISFIABLE
c total solving time: 1.4736127853393555 c number of splits: 505 s UNSATISFIABLE
c total solving time: 1.10874605178833 c number of splits: 413 s UNSATISFIABLE
c total solving time: 1.1967055797576904 c number of splits: 461 s UNSATISFIABLE
c total solving time: 0.497434139251709 c number of splits: 179 s UNSATISFIABLE
c total solving time: 1.4899394512176514 c number of splits: 557 s UNSATISFIABLE
c total solving time: 1.6379501819610596 c number of splits: 585 s UNSATISFIABLE
c total solving time: 1.4608252048492432 c number of splits: 541 s UNSATISFIABLE
c total solving time: 1.484705924987793 c number of splits: 553 s UNSATISFIABLE
c total solving time: 1.0873816013336182 c number of splits: 425 s UNSATISFIABLE
c total solving time: 1.2311804294586182 c number of splits: 445 s UNSATISFIABLE
c total solving time: 0.9493710994720459 c number of splits: 357 s UNSATISFIABLE
c total solving time: 1.280686616897583 c number of splits: 499 s UNSATISFIABLE
c total solving time: 0.5611128807067871 c number of splits: 193 s UNSATISFIABLE
c total solving time: 0.9814682006835938 c number of splits: 355 s UNSATISFIABLE
c total solving time: 1.1264469623565674 c number of splits: 431 s UNSATISFIABLE
c total solving time: 1.1320393085479736 c number of splits: 405 s UNSATISFIABLE
c total solving time: 1.458939552307129 c number of splits: 501 s UNSATISFIABLE
c total solving time: 0.528749942779541 c number of splits: 185 s UNSATISFIABLE
c total solving time: 0.5191118717193604 c number of splits: 187 s UNSATISFIABLE
c total solving time: 1.1887290477752686 c number of splits: 431 s UNSATISFIABLE
c total solving time: 0.990297794342041 c number of splits: 359 s UNSATISFIABLE
c total solving time: 1.0896286964416504 c number of splits: 395 s UNSATISFIABLE
c total solving time: 1.2525217533111572 c number of splits: 461 s UNSATISFIABLE
c total solving time: 0.9700155258178711 c number of splits: 339 s UNSATISFIABLE
c total solving time: 0.7767624855041504 c number of splits: 293 s UNSATISFIABLE
c total solving time: 0.8505892753601074 c number of splits: 289 s UNSATISFIABLE
c total solving time: 0.8409485816955566 c number of splits: 293 s UNSATISFIABLE
c total solving time: 1.1576237678527832 c number of splits: 445 s UNSATISFIABLE
c total solving time: 1.1735832691192627 c number of splits: 451 s UNSATISFIABLE
c total solving time: 1.3778610229492188 c number of splits: 507 s UNSATISFIABLE
c total solving time: 1.1965162754058838 c number of splits: 439 s UNSATISFIABLE
c total solving time: 1.676264762878418 c number of splits: 639 s UNSATISFIABLE
c total solving time: 1.0111494064331055 c number of splits: 365 s UNSATISFIABLE
c total solving time: 2.419020414352417 c number of splits: 881 s UNSATISFIABLE
c total solving time: 1.2508666515350342 c number of splits: 443 s UNSATISFIABLE
c total solving time: 1.3016259670257568 c number of splits: 485 s UNSATISFIABLE
c total solving time: 0.7394230365753174 c number of splits: 267 s UNSATISFIABLE
c total solving time: 1.1773147583007812 c number of splits: 411 s UNSATISFIABLE
c total solving time: 0.9772300720214844 c number of splits: 359 s UNSATISFIABLE
c total solving time: 0.7607395648956299 c number of splits: 293 s UNSATISFIABLE
c total solving time: 1.6500420570373535 c number of splits: 605 s UNSATISFIABLE
c total solving time: 1.7880151271820068 c number of splits: 667 s UNSATISFIABLE
c total solving time: 1.4769763946533203 c number of splits: 539 s UNSATISFIABLE
c total solving time: 1.7369086742401123 c number of splits: 643 s UNSATISFIABLE
c total solving time: 1.692204475402832 c number of splits: 635 s UNSATISFIABLE
c total solving time: 1.5839614868164062 c number of splits: 561 s UNSATISFIABLE
c total solving time: 1.1149108409881592 c number of splits: 403 s UNSATISFIABLE
c total solving time: 0.9837133884429932 c number of splits: 347 s UNSATISFIABLE
c total solving time: 1.2667689323425293 c number of splits: 461 s UNSATISFIABLE
Total solving time: 113.76270246505737294
Median solving time: 1.08
Total number of splits: 41664
Median number of splits: 404.00
Number of satisfiable: 0
