c total solving time: 0.950944185256958 c number of splits: 524 s SATISFIABLE v -1 -2 -3 4 -5 6 -7 -8 9 10 -11 12 -13 14 -15 -16 17 18 -19 20 21 -22 23 24 -25 -26 27 28 29 30 -31 -32 33 34 -35 36 -37 -38 -39 -40 -41 -42 -43 -44 -45 46 -47 -48 49 50 51 52 53 -54 55 56 57 58 -59 -60 61 62 63 64 65 -66 -67 68 -69 70 71 -72 -73 74 -75 -76 -77 -78 79 -80 81 -82 -83 84 85 86 -87 -88 89 -90 91 92 93 94 95 -96 -97 -98 99 100 0
c total solving time: 1.1208627223968506 c number of splits: 619 s UNSATISFIABLE
c total solving time: 1.3829481601715088 c number of splits: 739 s UNSATISFIABLE
c total solving time: 0.4039731025695801 c number of splits: 207 s SATISFIABLE v 1 -2 -3 4 5 -6 -7 -8 9 -10 -11 12 13 14 14 14 14 14 14 14 -15 16 17 18 19 -20 -21 -22 23 -24 -25 26 27 28 29 30 -31 32 33 34 -35 -36 -37 -38 39 -40 41 42 43 44 -45 46 -47 48 -49 -50 -51 52 53 54 55 56 -57 -58 59 60 -61 -62 63 64 65 -66 -67 -68 -69 -70 -71 -72 73 -74 75 76 -77 78 78 78 78 79 -80 -81 82 -83 84 -85 86 -87 -88 89 -90 91 -92 -93 -94 95 95 95 96 97 -98 99 -100 0
c total solving time: 0.6515252590179443 c number of splits: 387 s SATISFIABLE v -1 -2 -3 -4 5 5 5 -6 -7 8 9 10 -11 12 13 14 15 -16 -17 -18 -19 20 21 22 -23 -24 25 26 27 -28 -29 30 31 -32 33 -34 35 36 -37 -38 -39 -40 41 42 43 -44 45 -46 47 48 -49 -50 51 52 53 -54 -55 56 57 58 -59 60 60 60 61 62 -63 -64 -65 66 67 68 -69 -70 -71 -72 -73 74 75 -76 77 -78 79 80 81 -82 -83 84 85 86 -87 -88 89 90 91 -92 -93 94 -95 -96 -97 98 -99 -100 0
c total solving time: 0.862637996673584 c number of splits: 463 s SATISFIABLE v 1 2 3 -4 5 6 -7 8 -9 10 -11 -12 -13 14 15 16 -17 18 -19 20 20 20 -21 -22 -23 -24 -25 26 -27 28 29 29 30 -31 32 33 34 35 36 -37 -38 39 40 41 42 -43 -44 45 -46 -47 -48 -49 50 -51 -52 53 -54 -55 -56 -57 -58 -59 -60 -61 -62 63 64 -65 -66 67 -68 69 -70 -71 -72 -73 -74 75 76 -77 -78 -79 80 -81 -82 -83 84 85 -86 -87 88 88 88 88 89 -90 -91 92 93 94 -95 -96 -97 -98 -99 100 0
c total solving time: 1.0747411251068115 c number of splits: 612 s SATISFIABLE v -1 -2 3 4 -5 -6 7 8 -9 -10 11 -12 13 14 15 16 -17 -18 19 20 -21 -22 23 -24 25 26 -27 28 -29 -30 -31 32 33 34 -35 -36 -37 38 39 -40 -41 42 -43 44 -45 -46 -47 -48 49 50 -51 52 -53 -54 -55 56 57 58 59 -60 61 62 -63 64 -65 66 -67 68 -69 -70 71 72 73 74 75 76 -77 78 -79 80 -81 82 -83 84 -85 86 87 88 -89 90 91 92 93 94 95 -96 -97 98 99 -100 0
c total solving time: 2.1229240894317627 c number of splits: 1237 s UNSATISFIABLE
c total solving time: 2.039181709289551 c number of splits: 1035 s UNSATISFIABLE
c total solving time: 0.4211299419403076 c number of splits: 222 s SATISFIABLE v 1 -2 -3 -4 5 6 7 -8 9 10 11 -12 -13 14 -15 -16 -17 18 19 20 21 -22 -23 24 -25 26 -27 28 -29 -30 -31 32 33 -34 -35 -36 -37 38 39 40 41 -42 43 43 43 44 -45 -46 47 -48 49 50 51 -52 -53 -54 -55 -56 57 -58 -59 60 61 -62 -63 64 -65 66 -67 68 69 70 -71 72 73 -74 75 76 77 78 79 80 81 -82 83 -84 -85 -86 -87 88 89 90 -91 -92 93 94 95 96 97 -98 -99 100 0
c total solving time: 3.3115406036376953 c number of splits: 1867 s UNSATISFIABLE
c total solving time: 0.4212613105773926 c number of splits: 230 s SATISFIABLE v 1 -2 3 3 3 3 4 5 -6 -7 -8 9 10 -11 12 13 -14 15 -16 17 -18 -19 -20 -21 22 23 -24 -25 -26 -27 28 -29 30 31 32 -33 -34 -35 36 37 -38 39 40 41 42 43 -44 45 -46 47 48 49 50 51 -52 53 54 -55 56 57 -58 59 60 -61 -62 -63 -64 -65 -66 -67 -68 -69 -70 71 -72 73 -74 75 76 77 -78 -79 80 -81 82 83 84 85 86 87 88 -89 90 91 92 93 94 -95 -96 97 98 -99 100 0
c total solving time: 0.27912354469299316 c number of splits: 160 s SATISFIABLE v -1 -2 3 -4 5 6 -7 8 9 10 11 12 13 -14 15 -16 -17 -18 -19 -20 21 22 23 -24 25 26 27 28 29 30 31 32 -33 -34 35 -36 37 38 -39 40 41 -42 43 -44 45 46 47 -48 49 -50 -51 52 53 54 55 -56 57 58 -59 60 61 -62 63 64 65 66 67 68 69 70 -71 72 -73 74 -75 76 77 -78 79 80 81 -82 -83 84 -85 -86 -87 -88 89 90 -91 92 93 94 -95 -96 97 98 -99 -100 0
c total solving time: 0.7015767097473145 c number of splits: 355 s SATISFIABLE v -1 2 2 2 2 3 4 -5 6 -7 -8 9 -10 11 12 -13 -14 -15 -16 17 18 19 -20 21 22 23 24 -25 -26 -27 -28 -29 -30 -31 32 33 33 34 -35 -36 37 -38 39 40 -41 42 43 -44 -45 -46 47 48 49 50 -51 -52 -53 -54 55 56 -57 -58 59 -60 61 62 63 64 65 -66 -67 -68 -69 70 71 -72 73 74 -75 -76 77 78 -79 80 -81 82 -83 84 -85 -86 -87 88 89 -90 -91 -92 -93 -94 95 -96 97 98 99 100 0
c total solving time: 2.6612002849578857 c number of splits: 1490 s SATISFIABLE v -1 2 -3 4 -5 6 -7 -8 9 10 11 12 13 14 15 -16 17 -18 -19 20 -21 -22 23 -24 -25 -26 -27 -28 -29 30 31 -32 -33 34 -35 -36 37 -38 -39 40 41 -42 43 44 45 -46 -47 48 49 50 51 -52 53 -54 55 56 -57 58 59 60 -61 62 63 64 -65 -66 -67 -68 -69 70 71 72 73 -74 -75 -76 77 -78 -79 80 81 -82 83 -84 85 -86 -87 88 89 -90 -91 -92 93 94 95 -96 97 -98 -99 100 0
c total solving time: 2.688308000564575 c number of splits: 1370 s SATISFIABLE v 1 2 -3 -4 -5 -6 7 -8 -9 -10 -11 12 -13 14 -15 16 -17 -18 -19 20 21 22 23 -24 -25 -26 -27 28 -29 -30 31 32 32 -33 34 -35 -36 37 38 39 -40 41 42 -43 44 -45 46 47 48 49 50 51 52 -53 -54 55 -56 57 -58 59 -60 61 -62 63 64 65 66 -67 68 69 70 71 72 72 73 -74 -75 -76 77 -78 -79 -80 -81 82 83 -84 -85 -86 -87 88 89 90 91 92 -93 -94 -95 96 97 -98 99 100 0
c total solving time: 1.031491994857788 c number of splits: 568 s SATISFIABLE v 1 2 3 4 5 6 -7 8 -9 -10 11 12 -13 -14 -15 16 -17 -18 19 19 19 19 19 20 21 -22 23 24 25 26 27 28 -29 30 31 -32 -33 -34 -35 36 37 38 -39 40 -41 42 -43 -44 45 46 47 -48 49 50 51 -52 -53 54 -55 56 57 -58 59 60 61 -62 63 64 -65 -66 67 -68 -69 70 -71 72 73 74 75 -76 -77 -78 -79 -80 81 82 83 84 85 86 -87 -88 -89 -90 91 -92 93 94 -95 96 97 98 99 -100 0
c total solving time: 0.36761474609375 c number of splits: 187 s SATISFIABLE v 1 -2 3 4 4 4 4 4 5 -6 -7 -8 9 -10 -11 12 -13 14 15 16 17 18 19 20 21 -22 -23 -24 -25 -26 27 28 29 30 31 -32 -33 34 35 36 37 -38 39 40 -41 42 -43 44 45 46 47 48 -49 50 -51 52 53 54 55 56 57 58 59 -60 61 62 -63 64 65 66 -67 -68 -69 70 71 -72 73 -74 -75 -76 -77 -78 79 -80 -81 82 -83 84 85 -86 87 -88 89 90 -91 92 93 94 -95 -96 -97 -98 99 -100 0
c total solving time: 0.5152618885040283 c number of splits: 286 s SATISFIABLE v -1 2 2 2 2 2 2 -3 -4 -5 -6 -7 -8 9 10 11 -12 13 -14 -15 -16 -17 18 19 20 20 20 20 20 20 20 -21 -22 23 24 24 -25 26 -27 28 29 -30 31 32 33 33 33 33 -34 -35 -36 -37 -38 39 -40 -41 -42 43 44 45 46 47 -48 49 50 51 52 -53 54 55 56 57 58 59 -60 61 -62 -63 64 -65 66 67 -68 69 -70 -71 72 73 74 75 -76 77 78 79 -80 -81 -82 -83 84 -85 -86 87 -88 89 -90 -91 92 -93 94 -95 96 -97 -98 99 -100 0
c total solving time: 0.5696072578430176 c number of splits: 259 s UNSATISFIABLE
c total solving time: 3.070469856262207 c number of splits: 1645 s UNSATISFIABLE
c total solving time: 1.0274300575256348 c number of splits: 564 s SATISFIABLE v 1 -2 -3 4 5 -6 -7 8 9 -10 -11 -12 13 -14 -15 16 17 18 19 -20 21 -22 23 24 25 -26 -27 28 29 30 31 32 -33 -34 -35 36 -37 -38 39 -40 41 -42 -43 -44 -45 46 47 -48 -49 50 51 52 -53 54 -55 56 57 -58 -59 -60 61 -62 -63 64 -65 66 -67 -68 -69 -70 -71 72 73 74 75 76 -77 -78 79 80 81 -82 -83 -84 85 -86 -87 88 89 -90 -91 -92 -93 -94 -95 96 97 98 -99 -100 0
c total solving time: 1.594010353088379 c number of splits: 761 s UNSATISFIABLE
c total solving time: 0.47013282775878906 c number of splits: 203 s SATISFIABLE v -1 2 -3 -4 5 5 6 7 -8 -9 10 11 12 13 14 15 -16 17 -18 19 20 -21 22 22 22 22 -23 -24 -25 -26 -27 28 29 30 31 32 -33 -34 -35 -36 37 -38 39 -40 -41 -42 43 -44 -45 46 47 -48 -49 50 50 50 51 52 53 54 55 56 56 -57 58 58 58 -59 60 -61 62 63 -64 65 -66 -67 -68 -69 70 -71 72 73 -74 75 -76 77 78 78 -79 80 -81 82 -83 84 -85 86 87 -88 89 90 91 -92 -93 94 -95 -96 -97 -98 99 -100 0
c total solving time: 1.790733814239502 c number of splits: 845 s UNSATISFIABLE
c total solving time: 2.113175392150879 c number of splits: 1075 s UNSATISFIABLE
c total solving time: 0.05029463768005371 c number of splits: 11 s SATISFIABLE v 1 -2 3 4 5 -6 7 8 9 -10 -11 12 -13 14 15 -16 17 18 19 -20 -21 22 23 24 25 26 -27 -28 -29 30 31 -32 33 34 35 -36 -37 -38 -39 -40 -41 -42 43 -44 -45 46 47 -48 -49 50 51 51 51 51 51 52 -53 54 -55 -56 -57 58 -59 -60 61 62 63 -64 -65 66 67 -68 -69 -70 71 72 73 -74 75 76 -77 78 79 -80 -81 -82 83 84 -85 86 -87 -88 -89 90 91 -92 93 -94 95 96 97 98 -99 100 0
c total solving time: 1.0519826412200928 c number of splits: 590 s SATISFIABLE v -1 -2 3 -4 5 -6 7 -8 -9 10 11 12 -13 -14 15 16 17 -18 19 20 -21 22 -23 -24 -25 26 27 27 27 -28 29 30 -31 -32 33 -34 35 -36 37 -38 39 -40 -41 42 43 44 -45 46 47 48 49 50 51 52 53 54 -55 -56 -57 58 59 60 61 -62 63 64 -65 -66 -67 -68 -69 70 71 72 -73 -74 75 -76 77 78 -79 -80 81 -82 -83 -84 85 -86 87 -88 -89 -90 -91 -92 93 94 -95 -96 -97 -98 99 100 0
c total solving time: 0.8500051498413086 c number of splits: 422 s SATISFIABLE v 1 -2 -3 -4 -5 -6 7 8 -9 10 -11 12 13 14 -15 16 -17 -18 19 20 21 22 23 24 -25 -26 -27 -28 29 -30 -31 -32 -33 34 35 -36 37 38 -39 -40 41 42 43 -44 -45 -46 47 48 -49 50 -51 -52 53 54 55 56 57 -58 -59 60 61 -62 -63 -64 -65 -66 67 68 69 -70 71 -72 -73 -74 75 76 77 78 -79 -80 -81 82 83 84 -85 86 -87 -88 -89 -90 91 92 93 94 -95 96 -97 -98 -99 100 0
c total solving time: 1.4293341636657715 c number of splits: 664 s SATISFIABLE v 1 -2 -3 -4 5 -6 -7 8 -9 10 11 -12 -13 -14 -15 16 17 -18 19 20 21 22 23 23 23 23 23 23 -24 -25 -26 27 28 -29 -30 -31 -32 33 34 -35 -36 -37 38 -39 40 41 -42 -43 -44 45 46 -47 -48 49 50 51 -52 -53 54 55 56 -57 -58 -59 60 61 62 63 64 -65 66 -67 -68 69 70 71 72 73 -74 -75 76 77 78 79 80 -81 82 -83 84 -85 -86 87 88 -89 -90 91 92 93 -94 -95 -96 97 -98 99 -100 0
c total solving time: 4.000150442123413 c number of splits: 2171 s UNSATISFIABLE
c total solving time: 0.4199211597442627 c number of splits: 289 s SATISFIABLE v -1 -2 3 4 -5 -6 -7 -8 -9 -10 11 12 13 14 15 16 -17 18 19 20 21 -22 -23 24 25 26 27 -28 29 -30 31 32 33 34 35 36 -37 38 39 -40 -41 42 -43 44 45 46 47 -48 -49 50 51 52 53 54 55 56 57 -58 -59 60 61 62 -63 64 -65 66 67 68 69 70 71 72 -73 74 75 -76 77 -78 79 -80 -81 -82 83 -84 85 86 -87 -88 89 90 91 92 93 94 -95 -96 -97 -98 -99 -100 0
c total solving time: 3.1953134536743164 c number of splits: 1749 s UNSATISFIABLE
c total solving time: 1.7107977867126465 c number of splits: 891 s UNSATISFIABLE
c total solving time: 0.359905481338501 c number of splits: 133 s SATISFIABLE v -1 -2 3 4 5 6 -7 8 9 -10 11 12 13 14 15 -16 17 18 19 -20 -21 22 22 23 -24 25 -26 27 28 29 30 -31 32 -33 34 35 -36 37 38 39 -40 -41 -42 43 44 -45 46 -47 -48 -49 -50 51 -52 53 54 55 56 57 58 59 60 -61 -62 63 -64 -65 66 67 -68 69 70 71 -72 -73 -74 -75 76 -77 -78 79 79 79 80 -81 -82 -83 84 85 86 87 88 -89 90 -91 -92 93 94 -95 -96 -97 -98 99 -100 0
c total solving time: 2.364915132522583 c number of splits: 1167 s UNSATISFIABLE
c total solving time: 0.36353254318237305 c number of splits: 135 s UNSATISFIABLE
c total solving time: 1.4191467761993408 c number of splits: 775 s SATISFIABLE v 1 2 -3 -4 -5 -6 7 -8 -9 -10 -11 12 -13 -14 -15 16 17 18 19 -20 21 -22 -23 24 -25 -26 27 -28 29 30 -31 32 33 -34 35 36 -37 38 39 -40 41 41 42 -43 44 -45 46 47 -48 -49 50 51 -52 -53 -54 -55 -56 -57 58 -59 60 61 62 -63 64 65 66 -67 68 -69 -70 -71 72 -73 74 -75 76 -77 -78 -79 -80 81 82 -83 84 85 -86 87 -88 89 -90 -91 92 93 94 95 96 97 98 99 -100 0
c total solving time: 0.6907706260681152 c number of splits: 273 s SATISFIABLE v 1 2 -3 4 5 -6 7 8 9 10 11 -12 -13 -14 15 16 17 18 -19 -20 21 -22 -23 24 25 -26 -27 -28 -29 -30 -31 -32 33 34 -35 36 -37 -38 39 40 41 -42 -43 -44 45 -46 47 -48 49 50 51 52 -53 54 55 -56 57 -58 -59 60 -61 62 63 -64 -65 -66 -67 68 69 70 71 72 -73 -74 -75 76 -77 78 79 80 81 -82 83 -84 -85 -86 -87 88 89 90 -91 -92 93 -94 95 96 -97 -98 99 100 0
c total solving time: 1.2437267303466797 c number of splits: 598 s SATISFIABLE v 1 -2 3 4 5 -6 7 -8 -9 10 -11 12 13 -14 15 16 -17 18 19 -20 21 -22 23 24 -25 26 27 28 29 30 -31 32 -33 -34 -35 -36 37 38 -39 40 41 42 -43 44 -45 46 -47 -48 -49 -50 51 -52 53 54 -55 -56 -57 58 59 -60 61 62 -63 64 -65 -66 67 -68 69 69 70 -71 -72 -73 -74 -75 76 -77 -78 79 80 80 -81 82 -83 -84 85 86 -87 88 89 90 -91 -92 -93 -94 95 96 97 98 98 98 98 98 98 -99 -100 0
c total solving time: 3.2426607608795166 c number of splits: 1721 s SATISFIABLE v 1 -2 3 -4 5 -6 -7 8 8 8 8 8 9 -10 -11 -12 -13 -14 15 -16 -17 -18 -19 20 21 -22 23 24 -25 26 27 28 -29 -30 31 32 -33 -34 -35 -36 -37 -38 -39 -40 -41 42 -43 44 45 -46 47 -48 49 -50 51 52 53 54 55 -56 -57 58 -59 -60 -61 62 63 64 -65 -66 67 68 -69 -70 -71 -72 73 -74 -75 -76 77 -78 79 -80 81 82 83 84 -85 -86 -87 -88 -89 -90 91 -92 93 94 95 96 97 -98 99 100 0
c total solving time: 1.0358374118804932 c number of splits: 467 s UNSATISFIABLE
c total solving time: 1.334251880645752 c number of splits: 723 s SATISFIABLE v -1 -2 -3 4 -5 6 7 8 -9 -10 11 12 13 14 -15 16 -17 -18 19 -20 -21 22 23 24 25 -26 -27 28 -29 30 31 32 -33 34 -35 36 -37 -38 39 -40 -41 42 -43 -44 -45 46 -47 -48 -49 -50 51 52 52 -53 54 -55 56 57 58 -59 60 -61 62 63 64 64 64 -65 66 67 68 -69 70 -71 -72 -73 74 -75 76 77 -78 79 -80 81 -82 -83 84 -85 86 -87 -88 -89 -90 91 92 93 94 -95 -96 97 -98 -99 100 0
c total solving time: 2.920091390609741 c number of splits: 1545 s UNSATISFIABLE
c total solving time: 1.5399889945983887 c number of splits: 880 s SATISFIABLE v 1 2 3 -4 -5 6 -7 8 -9 10 -11 -12 13 14 -15 16 16 -17 18 19 20 21 22 23 24 25 26 -27 -28 -29 30 31 -32 33 -34 35 36 37 -38 39 -40 41 42 -43 44 -45 -46 47 48 49 50 -51 52 -53 -54 55 -56 -57 58 59 60 61 62 -63 64 65 66 67 -68 -69 70 71 72 -73 -74 -75 76 -77 78 79 -80 81 -82 -83 84 -85 -86 -87 88 -89 -90 -91 92 -93 -94 -95 -96 -97 98 99 100 0
c total solving time: 1.0311169624328613 c number of splits: 483 s SATISFIABLE v -1 2 3 4 -5 -6 7 8 -9 10 11 12 -13 -14 -15 -16 -17 18 19 -20 -21 -22 23 24 -25 -26 -27 28 -29 -30 -31 32 33 -34 -35 -36 37 -38 -39 40 41 42 -43 44 -45 -46 47 -48 49 -50 51 52 -53 -54 55 55 56 -57 58 -59 60 -61 62 -63 64 65 -66 67 68 69 70 71 -72 73 74 75 -76 -77 78 -79 80 81 81 81 81 -82 83 -84 -85 -86 87 88 -89 90 91 92 -93 -94 -95 -96 97 -98 -99 100 0
c total solving time: 2.9767913818359375 c number of splits: 1607 s SATISFIABLE v -1 -2 -3 -4 -5 6 -7 -8 -9 -10 -11 -12 -13 14 15 -16 17 -18 19 -20 -21 22 23 -24 25 26 27 -28 29 -30 31 32 33 -34 35 36 37 38 -39 -40 -41 42 43 -44 45 46 47 48 -49 -50 51 52 53 -54 55 56 57 58 59 -60 61 -62 63 -64 -65 66 66 66 66 67 68 68 68 68 68 68 69 -70 -71 72 73 74 75 -76 77 78 -79 80 81 82 -83 -84 -85 -86 -87 -88 -89 -90 91 92 93 -94 -95 96 97 98 -99 -100 0
c total solving time: 2.0569467544555664 c number of splits: 1123 s SATISFIABLE v -1 2 -3 -4 -5 6 -7 -8 -9 -10 -11 -12 13 -14 -15 -16 17 18 19 20 21 -22 -23 24 -25 -26 -27 -28 -29 -30 -31 -32 33 34 -35 36 -37 38 39 40 41 -42 -43 -44 -45 46 47 47 48 -49 -50 51 52 -53 54 -55 -56 -57 -58 -59 60 61 62 63 64 -65 -66 -67 68 -69 -70 -71 72 -73 74 75 -76 -77 -78 79 80 -81 82 -83 -84 -85 -86 87 88 89 -90 91 -92 93 -94 -95 -96 -97 98 99 -100 0
c total solving time: 0.21264028549194336 c number of splits: 73 s SATISFIABLE v 1 2 3 4 5 6 7 7 7 -8 -9 -10 -11 -12 -13 14 -15 16 17 18 -19 -20 -21 -22 23 -24 -25 -26 27 28 -29 -30 31 32 33 34 35 36 37 38 39 -40 -41 42 -43 44 45 -46 -47 -48 49 50 51 -52 53 54 -55 -56 57 58 -59 60 61 -62 -63 -64 65 66 67 68 69 -70 71 72 73 74 -75 76 77 78 79 80 81 -82 83 84 -85 86 87 -88 89 -90 -91 -92 -93 94 -95 96 97 98 -99 100 0
c total solving time: 1.9110825061798096 c number of splits: 917 s UNSATISFIABLE
c total solving time: 2.881709337234497 c number of splits: 1598 s SATISFIABLE v 1 2 -3 4 5 6 -7 8 9 -10 -11 12 13 14 15 16 -17 -18 -19 20 -21 22 -23 -24 25 -26 -27 28 29 -30 -31 32 33 34 -35 36 37 38 -39 -40 -41 -42 -43 -44 -45 -46 -47 48 49 50 51 -52 -53 -54 55 -56 -57 -58 -59 -60 61 -62 -63 -64 65 66 -67 -68 69 70 71 72 73 74 75 76 77 78 -79 -80 81 82 -83 -84 -85 86 86 86 -87 88 89 90 91 92 93 -94 -95 -96 97 -98 99 100 0
c total solving time: 0.9503581523895264 c number of splits: 409 s UNSATISFIABLE
c total solving time: 0.4504823684692383 c number of splits: 190 s SATISFIABLE v 1 2 -3 -4 -5 6 7 -8 -9 10 11 12 -13 -14 -15 16 -17 18 19 20 21 -22 23 -24 -25 -26 -27 28 -29 30 31 -32 33 -34 35 -36 37 38 -39 40 41 42 43 -44 -45 46 47 -48 49 -50 51 -52 53 54 -55 56 57 -58 59 -60 -61 62 -63 -64 -65 66 67 -68 -69 70 71 72 72 72 72 72 72 72 72 73 -74 75 76 77 77 78 -79 -80 81 82 83 -84 85 85 86 87 88 -89 90 -91 -92 93 -94 95 96 -97 98 99 99 100 0
c total solving time: 2.8047409057617188 c number of splits: 1493 s UNSATISFIABLE
c total solving time: 2.3950178623199463 c number of splits: 1233 s UNSATISFIABLE
c total solving time: 2.2464725971221924 c number of splits: 1169 s UNSATISFIABLE
c total solving time: 1.4912075996398926 c number of splits: 719 s UNSATISFIABLE
c total solving time: 1.5264289379119873 c number of splits: 781 s SATISFIABLE v 1 2 3 -4 -5 -6 -7 8 9 -10 -11 -12 13 -14 -15 -16 17 -18 -19 20 -21 22 23 24 -25 26 27 28 -29 -30 31 -32 33 34 -35 -36 37 -38 -39 -40 -41 -42 43 -44 45 46 -47 -48 49 50 51 52 53 -54 -55 56 57 -58 59 60 -61 62 63 -64 -65 -66 67 68 -69 70 71 -72 -73 74 -75 76 -77 78 -79 80 81 82 83 84 85 -86 87 88 -89 90 91 -92 -93 94 -95 96 97 98 99 -100 0
c total solving time: 0.26984524726867676 c number of splits: 104 s SATISFIABLE v -1 -2 -3 -4 5 -6 -7 -8 -9 -10 11 12 -13 14 15 -16 -17 -18 19 -20 -21 -22 23 24 25 26 27 -28 29 30 -31 -32 33 34 34 34 34 34 34 -35 -36 37 38 -39 40 -41 42 -43 44 45 46 -47 48 49 -50 -51 -52 -53 -54 55 56 57 -58 59 -60 61 61 61 61 -62 63 64 -65 -66 -67 68 69 -70 -71 -72 -73 -74 75 76 -77 -78 -79 80 81 -82 83 -84 -85 86 -87 -88 -89 90 91 92 93 94 95 -96 97 98 99 -100 0
c total solving time: 0.43683600425720215 c number of splits: 222 s SATISFIABLE v 1 2 -3 4 -5 6 7 -8 -9 -10 -11 12 13 14 15 16 17 -18 -19 20 20 21 22 23 24 -25 -26 27 -28 29 30 31 -32 33 34 -35 36 36 36 37 38 -39 -40 41 -42 43 -44 -45 46 47 -48 49 50 -51 52 -53 54 55 56 57 -58 -59 60 -61 62 63 -64 -65 66 67 -68 69 -70 71 72 -73 -74 75 76 77 -78 -79 -80 81 82 83 -84 -85 86 -87 88 89 -90 -91 92 -93 94 -95 -96 -97 -98 99 100 0
c total solving time: 2.6609630584716797 c number of splits: 1385 s UNSATISFIABLE
c total solving time: 3.226534128189087 c number of splits: 1823 s UNSATISFIABLE
c total solving time: 3.0128777027130127 c number of splits: 1631 s UNSATISFIABLE
c total solving time: 1.3210244178771973 c number of splits: 667 s UNSATISFIABLE
c total solving time: 1.3197672367095947 c number of splits: 679 s UNSATISFIABLE
c total solving time: 2.0790207386016846 c number of splits: 1069 s UNSATISFIABLE
c total solving time: 3.161393165588379 c number of splits: 1802 s SATISFIABLE v 1 2 3 4 -5 6 -7 8 9 10 -11 -12 -13 14 -15 -16 -17 18 19 -20 21 -22 23 -24 -25 -26 27 -28 -29 -30 31 32 -33 -34 35 36 -37 38 39 40 -41 -42 43 -44 -45 -46 -47 48 49 -50 51 52 -53 -54 -55 56 -57 58 59 60 -61 62 -63 64 65 66 -67 -68 -69 -70 71 -72 73 74 -75 -76 77 78 -79 80 81 82 -83 -84 85 86 87 88 -89 90 91 -92 93 94 95 96 97 98 99 100 0
c total solving time: 0.6054849624633789 c number of splits: 348 s SATISFIABLE v -1 -2 3 3 -4 5 6 7 8 -9 -10 11 11 -12 -13 14 -15 16 17 18 -19 -20 21 -22 23 23 23 24 -25 26 27 28 29 30 -31 32 33 -34 35 36 -37 38 -39 40 41 42 -43 44 -45 -46 47 48 -49 50 -51 52 -53 54 -55 56 -57 -58 59 -60 -61 -62 -63 64 -65 66 -67 -68 -69 -70 -71 72 73 74 -75 -76 -77 78 79 -80 81 82 83 84 -85 -86 -87 -88 -89 90 -91 -92 93 -94 -95 -96 97 -98 -99 -100 0
c total solving time: 0.28227901458740234 c number of splits: 146 s SATISFIABLE v 1 2 -3 4 -5 6 7 8 9 10 11 12 -13 -14 -15 16 17 -18 19 -20 -21 -22 -23 -24 25 -26 27 28 -29 -30 -31 -32 -33 -34 -35 36 37 37 37 38 -39 40 -41 -42 43 44 -45 46 47 -48 -49 -50 -51 -52 -53 -54 55 56 57 58 -59 -60 61 -62 63 -64 -65 66 -67 -68 69 -70 -71 72 73 -74 -75 76 77 78 -79 80 -81 82 -83 84 85 86 86 86 86 86 86 86 86 86 86 86 -87 88 -89 -90 91 -92 -93 94 -95 96 97 98 99 100 0
c total solving time: 1.0519258975982666 c number of splits: 537 s UNSATISFIABLE
c total solving time: 0.15378785133361816 c number of splits: 73 s SATISFIABLE v 1 -2 -3 -4 -5 -6 -7 -8 -9 -10 11 -12 -13 14 -15 -16 17 18 19 20 21 -22 23 -24 25 -26 -27 -28 29 -30 31 32 -33 34 35 36 37 38 39 -40 41 -42 43 -44 -45 -46 -47 48 -49 50 51 52 -53 54 -55 -56 -57 -58 59 60 -61 -62 -63 -64 65 66 67 68 69 70 -71 -72 73 -74 75 76 77 78 79 80 -81 82 -83 -84 -85 -86 87 88 -89 90 -91 92 -93 94 -95 96 97 98 -99 100 0
c total solving time: 0.3640718460083008 c number of splits: 227 s SATISFIABLE v -1 -2 -3 4 -5 -6 -7 8 9 -10 -11 12 13 14 15 16 17 -18 -19 20 -21 22 23 24 25 -26 -27 -28 -29 -30 -31 32 33 34 35 -36 37 38 -39 -40 -41 42 43 -44 -45 -46 -47 48 49 -50 -51 52 53 54 55 56 -57 58 -59 60 -61 62 -63 -64 65 -66 -67 68 69 70 71 72 73 -74 75 76 77 -78 -79 -80 81 82 -83 84 -85 -86 -87 88 -89 -90 -91 -92 -93 94 95 -96 97 98 99 -100 0
c total solving time: 0.6867203712463379 c number of splits: 380 s SATISFIABLE v -1 -2 3 -4 5 6 -7 8 -9 -10 11 12 13 -14 -15 16 -17 -18 -19 20 -21 -22 23 -24 -25 26 27 28 -29 -30 -31 -32 33 34 -35 36 37 -38 39 40 -41 42 -43 -44 45 -46 -47 48 -49 -50 51 52 52 52 52 52 52 -53 54 -55 -56 57 58 -59 -60 61 -62 63 -64 65 65 66 67 68 69 -70 71 72 73 -74 75 76 -77 78 79 80 -81 82 -83 -84 -85 -86 -87 -88 89 90 91 92 93 94 95 -96 -97 98 99 -100 0
c total solving time: 1.6593334674835205 c number of splits: 884 s SATISFIABLE v -1 2 3 4 5 6 7 8 9 -10 -11 -12 -13 -14 -15 -16 17 -18 19 -20 21 22 23 -24 -25 26 -27 28 -29 30 31 32 33 34 35 36 -37 38 39 -40 41 -42 43 44 45 46 47 48 49 -50 51 -52 -53 54 -55 -56 57 58 59 -60 61 -62 -63 -64 65 -66 -67 -68 -69 70 71 -72 73 -74 -75 76 -77 78 -79 -80 -81 82 83 84 85 86 87 -88 -89 90 91 91 91 91 91 92 -93 -94 95 -96 97 -98 -99 -100 0
c total solving time: 2.2433829307556152 c number of splits: 1200 s SATISFIABLE v -1 -2 3 4 -5 6 7 -8 9 -10 11 12 13 14 -15 16 -17 18 -19 20 21 -22 23 24 -25 -26 27 -28 29 -30 -31 -32 -33 34 35 36 -37 -38 39 -40 41 42 43 -44 -45 46 -47 48 49 -50 51 52 53 -54 55 56 -57 -58 59 -60 -61 62 -63 -64 65 66 -67 -68 69 -70 71 -72 73 74 74 75 -76 77 -78 79 79 79 79 79 80 -81 -82 -83 -84 85 -86 -87 88 89 89 89 -90 -91 92 -93 94 95 96 97 -98 -99 100 0
c total solving time: 0.6049039363861084 c number of splits: 337 s SATISFIABLE v -1 -2 3 4 -5 -6 -7 8 9 10 11 12 13 14 15 -16 -17 18 -19 -20 -21 22 23 23 23 24 -25 -26 27 28 29 -30 -31 -32 33 34 35 -36 -37 -38 39 40 -41 -42 -43 44 45 -46 47 48 49 50 51 52 53 -54 -55 56 -57 58 59 -60 61 62 63 -64 -65 -66 -67 -68 69 -70 71 -72 73 -74 75 76 -77 -78 79 -80 81 82 83 84 85 -86 87 -88 -89 -90 -91 -92 93 -94 -95 -96 -97 -98 -99 -100 0
c total solving time: 0.1753389835357666 c number of splits: 104 s SATISFIABLE v -1 2 3 4 -5 -6 7 8 -9 10 -11 12 -13 -14 -15 -16 17 -18 19 20 21 22 -23 24 -25 -26 27 28 29 -30 31 -32 -33 -34 -35 36 37 -38 39 -40 41 42 -43 44 45 -46 47 48 -49 -50 51 52 52 52 52 52 -53 -54 55 56 -57 -58 -59 -60 -61 -62 -63 64 65 -66 67 67 -68 -69 70 71 -72 -73 74 75 -76 -77 78 -79 80 81 -82 -83 84 -85 86 -87 88 89 -90 -91 -92 93 94 -95 96 -97 -98 99 -100 0
c total solving time: 2.5401625633239746 c number of splits: 1515 s SATISFIABLE v -1 -2 3 4 5 6 -7 -8 9 10 -11 12 -13 14 -15 16 -17 -18 19 -20 21 22 -23 -24 25 26 27 -28 29 -30 31 -32 -33 -34 35 36 37 -38 -39 -40 41 42 -43 44 -45 46 -47 -48 -49 -50 -51 52 -53 54 54 55 -56 57 -58 -59 -60 -61 -62 63 64 65 66 67 -68 69 70 71 -72 73 74 75 76 77 78 79 80 -81 -82 83 -84 -85 86 87 88 -89 90 -91 92 92 -93 -94 95 -96 -97 98 99 100 0
c total solving time: 3.6558330059051514 c number of splits: 2085 s UNSATISFIABLE
c total solving time: 0.31408047676086426 c number of splits: 156 s SATISFIABLE v -1 2 3 4 -5 -6 -7 8 9 -10 11 -12 13 14 15 16 17 -18 19 -20 -21 22 23 -24 25 25 25 -26 -27 -28 29 30 31 -32 -33 -34 35 36 37 38 39 40 -41 42 -43 44 -45 -46 -47 48 49 50 51 52 53 54 55 56 -57 58 -59 -60 61 62 -63 -64 -65 -66 67 68 69 -70 -71 -72 73 74 75 75 75 76 77 78 79 -80 -81 -82 83 -84 85 -86 87 88 88 88 -89 90 91 -92 93 94 -95 96 -97 98 99 -100 0
c total solving time: 0.8431308269500732 c number of splits: 472 s SATISFIABLE v 1 2 -3 4 -5 6 -7 8 -9 -10 11 -12 13 -14 15 16 -17 18 -19 20 21 -22 -23 24 25 -26 27 28 -29 30 31 32 -33 34 -35 36 -37 -38 39 -40 41 42 43 -44 45 -46 47 -48 -49 50 51 52 53 54 55 -56 -57 -58 59 -60 61 62 -63 -64 65 -66 67 68 69 -70 71 -72 -73 -74 -75 -76 77 -78 79 80 -81 82 83 84 85 86 87 -88 -89 90 91 91 91 91 91 -92 93 -94 95 -96 -97 -98 -99 100 0
c total solving time: 0.267719030380249 c number of splits: 158 s SATISFIABLE v -1 2 -3 -4 5 -6 -7 8 9 -10 -11 12 -13 -14 -15 16 -17 18 -19 20 21 22 23 24 -25 -26 -27 28 -29 -30 31 -32 -33 -34 -35 36 -37 38 -39 -40 -41 42 -43 -44 45 -46 -47 48 49 50 -51 52 53 54 -55 56 -57 -58 59 60 61 -62 -63 -64 65 -66 67 -68 69 70 71 72 73 -74 75 76 -77 -78 79 80 -81 -82 83 -84 85 86 -87 -88 89 -90 91 -92 93 93 93 93 94 -95 -96 97 98 99 100 0
c total solving time: 0.8030476570129395 c number of splits: 399 s UNSATISFIABLE
c total solving time: 2.3312063217163086 c number of splits: 1296 s SATISFIABLE v 1 2 3 -4 5 -6 7 -8 9 -10 11 -12 -13 -14 15 16 17 -18 19 20 -21 -22 23 24 25 26 -27 -28 -29 -30 31 -32 33 -34 -35 36 -37 38 39 -40 -41 42 43 44 -45 46 47 47 -48 49 -50 51 52 -53 -54 55 -56 -57 58 -59 60 -61 -62 63 64 -65 66 -67 68 -69 -70 -71 72 72 72 72 72 73 74 75 76 77 78 79 -80 81 82 83 84 84 84 -85 86 -87 88 -89 -90 91 -92 93 94 -95 96 97 -98 99 99 99 99 99 -100 0
c total solving time: 0.058767080307006836 c number of splits: 30 s SATISFIABLE v 1 -2 -3 -4 5 -6 -7 -8 -9 -10 11 -12 13 14 -15 16 -17 18 19 20 21 -22 23 -24 25 26 27 -28 -29 30 31 32 -33 -34 35 36 37 -38 39 -40 -41 -42 43 44 45 -46 -47 48 49 50 -51 52 -53 54 54 54 54 54 55 -56 -57 -58 59 60 -61 62 63 64 -65 66 -67 68 -69 70 -71 72 -73 -74 -75 -76 77 -78 -79 80 -81 -82 83 -84 85 -86 -87 -88 89 90 -91 -92 93 94 -95 96 -97 98 99 100 0
c total solving time: 2.755798101425171 c number of splits: 1425 s UNSATISFIABLE
c total solving time: 1.7155978679656982 c number of splits: 896 s SATISFIABLE v 1 2 -3 -4 -5 -6 -7 8 -9 10 11 12 -13 14 -15 -16 -17 18 -19 20 21 -22 -23 -24 25 26 27 27 -28 -29 30 31 32 33 34 -35 36 37 -38 39 40 -41 -42 -43 44 45 -46 47 -48 49 50 51 -52 -53 54 55 -56 57 58 -59 -60 -61 -62 -63 64 -65 66 -67 -68 -69 70 71 -72 -73 74 -75 -76 77 78 79 80 -81 -82 -83 -84 85 86 87 88 -89 90 91 92 93 93 -94 95 96 97 98 99 -100 0
c total solving time: 3.025580883026123 c number of splits: 1649 s UNSATISFIABLE
c total solving time: 0.04925346374511719 c number of splits: 24 s SATISFIABLE v -1 2 -3 4 -5 -6 7 8 -9 10 11 12 13 -14 15 16 17 -18 -19 20 21 22 23 -24 25 -26 27 -28 -29 -30 31 32 -33 -34 35 36 37 -38 39 40 41 42 -43 44 45 -46 -47 48 -49 -50 51 -52 53 54 55 55 55 56 57 58 59 -60 61 -62 -63 -64 65 -66 67 68 -69 70 -71 72 -73 -74 -75 -76 -77 78 79 -80 81 82 -83 84 -85 -86 -87 -88 89 90 91 -92 93 -94 95 96 97 98 99 100 0
c total solving time: 2.1304709911346436 c number of splits: 1173 s UNSATISFIABLE
c total solving time: 0.18233990669250488 c number of splits: 110 s SATISFIABLE v 1 2 3 4 -5 -6 -7 -8 -9 -10 -11 -12 -13 14 -15 -16 -17 -18 -19 20 -21 22 23 23 24 25 26 -27 -28 -29 30 31 32 33 -34 35 36 37 38 -39 40 41 -42 -43 44 -45 -46 47 -48 -49 -50 -51 -52 53 54 -55 56 -57 -58 -59 -60 -61 62 63 64 65 66 -67 68 -69 70 71 72 -73 -74 75 76 -77 -78 79 80 -81 -82 83 -84 85 -86 -87 -88 -89 -90 91 -92 93 -94 95 96 96 97 -98 -99 100 0
c total solving time: 2.313957929611206 c number of splits: 1313 s UNSATISFIABLE
c total solving time: 0.33319926261901855 c number of splits: 204 s SATISFIABLE v -1 2 -3 4 -5 6 7 8 9 -10 -11 -12 -13 14 -15 16 16 16 16 17 -18 19 -20 21 22 -23 24 25 26 -27 28 29 -30 -31 -32 33 -34 35 36 37 38 -39 -40 41 42 -43 44 -45 46 -47 -48 49 50 51 -52 53 54 -55 56 57 -58 -59 60 -61 -62 63 -64 -65 66 67 68 -69 -70 71 -72 -73 74 75 76 -77 -78 79 -80 81 82 -83 -84 85 -86 87 -88 89 90 -91 -92 -93 94 -95 96 97 -98 99 100 0
c total solving time: 1.742321491241455 c number of splits: 963 s UNSATISFIABLE
c total solving time: 0.5545680522918701 c number of splits: 315 s SATISFIABLE v 1 2 -3 -4 -5 -6 -7 8 9 -10 11 12 -13 14 -15 16 -17 18 19 -20 -21 22 -23 -24 25 26 27 28 -29 -30 31 32 -33 34 35 -36 -37 38 38 38 38 -39 -40 -41 -42 43 44 -45 -46 -47 -48 -49 -50 51 -52 53 54 -55 -56 57 58 59 60 61 -62 63 -64 -65 -66 67 67 67 -68 -69 70 71 -72 73 74 -75 -76 77 78 79 80 -81 82 -83 84 -85 86 -87 88 89 90 91 92 -93 -94 -95 -96 97 98 -99 100 0
c total solving time: 2.169682264328003 c number of splits: 1185 s UNSATISFIABLE
c total solving time: 1.5253372192382812 c number of splits: 871 s SATISFIABLE v 1 -2 -3 4 5 6 7 -8 -9 -10 -11 12 13 14 -15 16 -17 -18 19 20 -21 -22 -23 -24 25 -26 27 28 29 -30 31 32 -33 -34 35 -36 -37 -38 -39 40 -41 -42 -43 44 45 46 47 48 -49 50 -51 -52 53 54 -55 56 -57 58 59 -60 -61 -62 63 -64 -65 -66 67 68 -69 70 -71 -72 73 -74 75 -76 77 -78 -79 -80 -81 82 83 84 85 86 87 -88 -89 90 -91 92 -93 94 95 -96 -97 -98 99 100 0
c total solving time: 2.3341944217681885 c number of splits: 1331 s UNSATISFIABLE
c total solving time: 0.8709070682525635 c number of splits: 515 s SATISFIABLE v -1 2 -3 4 -5 -6 -7 -8 -9 -10 -11 -12 13 14 15 -16 17 -18 19 20 21 -22 -23 24 -25 26 27 -28 29 30 -31 32 33 34 35 -36 37 38 39 -40 -41 -42 -43 -44 45 46 -47 -48 -49 50 51 -52 53 54 -55 56 -57 58 -59 -60 61 -62 63 -64 -65 -66 67 68 -69 70 71 -72 73 74 75 76 77 78 79 80 -81 -82 -83 -84 -85 86 -87 88 89 -90 -91 92 93 94 -95 96 97 98 99 99 99 99 99 100 0
c total solving time: 2.205575466156006 c number of splits: 1171 s UNSATISFIABLE
Total solving time: 145.839652061462402766
Median solving time: 1.32
Total number of splits: 77783
Median number of splits: 665.50
Number of satisfiable: 60
