c total solving time: 1.372318983078003 c number of splits: 597 s UNSATISFIABLE
c total solving time: 2.1267621517181396 c number of splits: 949 s UNSATISFIABLE
c total solving time: 0.29243946075439453 c number of splits: 153 s SATISFIABLE v -1 -2 3 -4 -5 -6 7 8 -9 10 -11 12 13 -14 15 16 17 -18 -19 20 21 -22 23 24 25 -26 27 28 29 -30 -31 -32 -33 -34 35 -36 37 -38 39 -40 41 -42 -43 44 45 -46 -47 48 49 50 -51 52 53 54 55 56 57 -58 59 60 60 60 60 60 60 60 -61 62 -63 -64 65 -66 -67 68 69 -70 -71 -72 -73 -74 -75 76 77 -78 -79 80 81 -82 -83 84 85 86 87 88 89 90 91 -92 -93 -94 95 95 -96 -97 98 -99 100 0
c total solving time: 1.1049282550811768 c number of splits: 457 s UNSATISFIABLE
c total solving time: 1.595081090927124 c number of splits: 723 s UNSATISFIABLE
c total solving time: 1.3888490200042725 c number of splits: 613 s UNSATISFIABLE
c total solving time: 1.5686771869659424 c number of splits: 671 s UNSATISFIABLE
c total solving time: 2.038550853729248 c number of splits: 875 s UNSATISFIABLE
c total solving time: 2.0298705101013184 c number of splits: 905 s UNSATISFIABLE
c total solving time: 1.5421295166015625 c number of splits: 741 s SATISFIABLE v -1 2 -3 -4 -5 -6 -7 -8 9 -10 -11 12 13 -14 -15 -16 17 18 19 -20 -21 22 -23 24 -25 -26 27 -28 -29 30 -31 -32 -33 34 -35 -36 37 -38 -39 -40 -41 42 43 -44 45 -46 47 48 49 50 -51 -52 53 54 55 -56 -57 -58 -59 60 -61 62 -63 64 -65 66 -67 -68 -69 -70 71 -72 73 -74 -75 76 -77 78 79 80 -81 82 83 84 -85 -86 -87 -88 -89 -90 -91 92 -93 -94 95 96 97 98 99 100 0
c total solving time: 2.435286521911621 c number of splits: 1061 s UNSATISFIABLE
c total solving time: 1.1791963577270508 c number of splits: 485 s UNSATISFIABLE
c total solving time: 1.0275347232818604 c number of splits: 417 s UNSATISFIABLE
c total solving time: 1.5990500450134277 c number of splits: 709 s UNSATISFIABLE
c total solving time: 2.0632150173187256 c number of splits: 963 s UNSATISFIABLE
c total solving time: 2.301328420639038 c number of splits: 1025 s UNSATISFIABLE
c total solving time: 2.1743037700653076 c number of splits: 939 s UNSATISFIABLE
c total solving time: 2.7647500038146973 c number of splits: 1237 s UNSATISFIABLE
c total solving time: 1.6277790069580078 c number of splits: 707 s UNSATISFIABLE
c total solving time: 1.4915719032287598 c number of splits: 659 s UNSATISFIABLE
c total solving time: 0.8534080982208252 c number of splits: 361 s UNSATISFIABLE
c total solving time: 0.9815289974212646 c number of splits: 439 s UNSATISFIABLE
c total solving time: 1.4652183055877686 c number of splits: 663 s UNSATISFIABLE
c total solving time: 1.1623449325561523 c number of splits: 511 s UNSATISFIABLE
c total solving time: 2.982198715209961 c number of splits: 1359 s UNSATISFIABLE
c total solving time: 1.5661418437957764 c number of splits: 717 s UNSATISFIABLE
c total solving time: 1.9465148448944092 c number of splits: 869 s UNSATISFIABLE
c total solving time: 1.4619669914245605 c number of splits: 635 s UNSATISFIABLE
c total solving time: 2.2158591747283936 c number of splits: 979 s UNSATISFIABLE
c total solving time: 0.9413070678710938 c number of splits: 397 s UNSATISFIABLE
c total solving time: 1.5122599601745605 c number of splits: 661 s UNSATISFIABLE
c total solving time: 2.1699421405792236 c number of splits: 1001 s UNSATISFIABLE
c total solving time: 1.875702142715454 c number of splits: 841 s SATISFIABLE v -1 2 3 -4 5 -6 7 8 -9 10 -11 12 13 -14 15 -16 -17 18 19 20 -21 -22 -23 -24 -25 -26 27 -28 -29 -30 -31 32 -33 34 35 36 37 38 39 -40 -41 -42 43 44 -45 -46 -47 48 -49 -50 51 -52 53 -54 55 56 -57 58 -59 -60 -61 62 -63 64 -65 -66 -67 -68 69 70 71 -72 -73 -74 -75 -76 -77 -78 79 -80 -81 -82 83 -84 85 -86 -87 -88 89 -90 -91 92 -93 -94 -95 96 -97 -98 99 100 0
c total solving time: 2.656585454940796 c number of splits: 1119 s UNSATISFIABLE
c total solving time: 1.9909379482269287 c number of splits: 893 s UNSATISFIABLE
c total solving time: 0.9583053588867188 c number of splits: 411 s UNSATISFIABLE
c total solving time: 2.1142945289611816 c number of splits: 999 s UNSATISFIABLE
c total solving time: 1.5366137027740479 c number of splits: 661 s UNSATISFIABLE
c total solving time: 2.436976671218872 c number of splits: 1059 s UNSATISFIABLE
c total solving time: 2.801938056945801 c number of splits: 1375 s UNSATISFIABLE
c total solving time: 1.4468920230865479 c number of splits: 649 s UNSATISFIABLE
c total solving time: 1.3305821418762207 c number of splits: 575 s UNSATISFIABLE
c total solving time: 1.8901491165161133 c number of splits: 801 s UNSATISFIABLE
c total solving time: 0.7677605152130127 c number of splits: 263 s UNSATISFIABLE
c total solving time: 2.3942666053771973 c number of splits: 1075 s UNSATISFIABLE
c total solving time: 1.214900255203247 c number of splits: 453 s UNSATISFIABLE
c total solving time: 1.8627655506134033 c number of splits: 781 s UNSATISFIABLE
c total solving time: 1.3927271366119385 c number of splits: 563 s UNSATISFIABLE
c total solving time: 1.947371482849121 c number of splits: 801 s UNSATISFIABLE
c total solving time: 1.5809881687164307 c number of splits: 629 s UNSATISFIABLE
c total solving time: 2.1263692378997803 c number of splits: 917 s UNSATISFIABLE
c total solving time: 1.3340177536010742 c number of splits: 541 s UNSATISFIABLE
c total solving time: 2.3759968280792236 c number of splits: 1005 s UNSATISFIABLE
c total solving time: 2.8736982345581055 c number of splits: 1189 s UNSATISFIABLE
c total solving time: 1.6090846061706543 c number of splits: 623 s UNSATISFIABLE
c total solving time: 1.1691927909851074 c number of splits: 439 s UNSATISFIABLE
c total solving time: 1.9788587093353271 c number of splits: 779 s UNSATISFIABLE
c total solving time: 2.167267322540283 c number of splits: 877 s UNSATISFIABLE
c total solving time: 1.8238351345062256 c number of splits: 807 s UNSATISFIABLE
c total solving time: 1.60357666015625 c number of splits: 697 s UNSATISFIABLE
c total solving time: 1.8228166103363037 c number of splits: 783 s UNSATISFIABLE
c total solving time: 1.1211168766021729 c number of splits: 501 s UNSATISFIABLE
c total solving time: 1.5752952098846436 c number of splits: 709 s UNSATISFIABLE
c total solving time: 1.4670357704162598 c number of splits: 663 s UNSATISFIABLE
c total solving time: 2.253377676010132 c number of splits: 1031 s UNSATISFIABLE
c total solving time: 1.8780193328857422 c number of splits: 841 s UNSATISFIABLE
c total solving time: 2.3164243698120117 c number of splits: 1073 s UNSATISFIABLE
c total solving time: 1.5601849555969238 c number of splits: 661 s UNSATISFIABLE
c total solving time: 1.260685682296753 c number of splits: 547 s UNSATISFIABLE
c total solving time: 1.0259778499603271 c number of splits: 461 s SATISFIABLE v -1 2 -3 4 5 -6 -7 8 -9 10 11 -12 13 14 15 -16 -17 18 -19 20 -21 22 23 24 -25 -26 -27 28 29 -30 -31 32 -33 -34 -35 -36 -37 -38 -39 40 41 42 -43 -44 45 -46 47 48 -49 50 -51 52 53 54 55 -56 -57 58 59 -60 -61 -62 -63 64 65 -66 67 68 69 -70 71 -72 73 74 -75 -76 -77 -78 79 80 -81 -82 83 -84 -85 -86 87 88 89 -90 -91 -92 93 94 95 95 -96 97 97 97 98 99 100 0
c total solving time: 1.3532288074493408 c number of splits: 603 s UNSATISFIABLE
c total solving time: 1.2860743999481201 c number of splits: 525 s UNSATISFIABLE
c total solving time: 1.6722843647003174 c number of splits: 771 s UNSATISFIABLE
c total solving time: 1.7760529518127441 c number of splits: 773 s UNSATISFIABLE
c total solving time: 2.082104444503784 c number of splits: 915 s UNSATISFIABLE
c total solving time: 1.7652673721313477 c number of splits: 803 s UNSATISFIABLE
c total solving time: 1.4734680652618408 c number of splits: 641 s UNSATISFIABLE
c total solving time: 1.6191885471343994 c number of splits: 729 s UNSATISFIABLE
c total solving time: 1.6869096755981445 c number of splits: 717 s UNSATISFIABLE
c total solving time: 0.45067620277404785 c number of splits: 174 s SATISFIABLE v -1 2 3 4 5 6 7 8 9 10 -11 12 13 14 15 -16 -17 -18 19 -20 21 22 -23 24 25 26 -27 -28 -29 -30 -31 -32 33 -34 35 36 37 -38 -39 -40 -41 -42 -43 44 -45 46 -47 -48 49 50 51 52 -53 54 55 -56 -57 58 -59 60 -61 -62 63 -64 -65 -66 67 68 69 -70 71 -72 -73 74 -75 76 -77 78 79 -80 81 -82 -83 -84 -85 86 87 -88 89 90 91 92 93 -94 95 -96 97 98 99 100 0
c total solving time: 0.9475159645080566 c number of splits: 393 s UNSATISFIABLE
c total solving time: 1.6785190105438232 c number of splits: 713 s UNSATISFIABLE
c total solving time: 1.1231403350830078 c number of splits: 493 s UNSATISFIABLE
c total solving time: 2.082780122756958 c number of splits: 917 s UNSATISFIABLE
c total solving time: 2.7114007472991943 c number of splits: 1331 s UNSATISFIABLE
c total solving time: 1.382298469543457 c number of splits: 587 s UNSATISFIABLE
c total solving time: 1.1910436153411865 c number of splits: 549 s UNSATISFIABLE
c total solving time: 2.192643165588379 c number of splits: 991 s UNSATISFIABLE
c total solving time: 1.447826862335205 c number of splits: 641 s UNSATISFIABLE
c total solving time: 1.693392276763916 c number of splits: 763 s UNSATISFIABLE
c total solving time: 1.757524013519287 c number of splits: 779 s UNSATISFIABLE
c total solving time: 0.7347366809844971 c number of splits: 309 s UNSATISFIABLE
c total solving time: 1.9082896709442139 c number of splits: 879 s UNSATISFIABLE
c total solving time: 1.7373230457305908 c number of splits: 761 s UNSATISFIABLE
c total solving time: 1.7214055061340332 c number of splits: 727 s UNSATISFIABLE
c total solving time: 1.5024619102478027 c number of splits: 639 s UNSATISFIABLE
c total solving time: 3.6194074153900146 c number of splits: 1635 s UNSATISFIABLE
c total solving time: 1.2054648399353027 c number of splits: 463 s UNSATISFIABLE
c total solving time: 1.66044282913208 c number of splits: 723 s UNSATISFIABLE
c total solving time: 2.5863025188446045 c number of splits: 1197 s UNSATISFIABLE
Total solving time: 170.57407617568969678
Median solving time: 1.62
Total number of splits: 74711
Median number of splits: 720.00
Number of satisfiable: 5
