100-500/output_0.cnf: c total solving time: 1.0221278667449951 c number of splits: 441 s UNSATISFIABLE
100-500/output_1.cnf: c total solving time: 2.0627455711364746 c number of splits: 899 s UNSATISFIABLE
100-500/output_10.cnf: c total solving time: 0.7371511459350586 c number of splits: 301 s UNSATISFIABLE
100-500/output_11.cnf: c total solving time: 0.9182579517364502 c number of splits: 409 s UNSATISFIABLE
100-500/output_12.cnf: c total solving time: 0.6516709327697754 c number of splits: 285 s UNSATISFIABLE
100-500/output_13.cnf: c total solving time: 0.8261237144470215 c number of splits: 355 s UNSATISFIABLE
100-500/output_14.cnf: c total solving time: 0.7247986793518066 c number of splits: 287 s UNSATISFIABLE
100-500/output_15.cnf: c total solving time: 1.2295756340026855 c number of splits: 519 s UNSATISFIABLE
100-500/output_16.cnf: c total solving time: 1.2329401969909668 c number of splits: 521 s UNSATISFIABLE
100-500/output_17.cnf: c total solving time: 1.080906629562378 c number of splits: 497 s SATISFIABLE v -1 2 -3 4 -5 -6 7 -8 -9 10 -11 12 13 14 -15 -16 -17 18 19 20 21 22 -23 24 25 26 -27 -28 -29 30 -31 32 -33 34 -35 -36 37 -38 -39 40 41 42 -43 -44 45 46 47 -48 49 50 51 52 53 54 -55 -56 -57 -58 59 -60 -61 62 63 -64 65 -66 67 68 69 70 71 -72 73 74 -75 -76 77 78 79 80 81 82 83 84 85 86 87 -88 89 90 -91 -92 -93 -94 95 96 -97 -98 99 -100 0
100-500/output_18.cnf: c total solving time: 1.6996948719024658 c number of splits: 771 s UNSATISFIABLE
100-500/output_19.cnf: c total solving time: 0.6099240779876709 c number of splits: 257 s UNSATISFIABLE
100-500/output_2.cnf: c total solving time: 1.0635154247283936 c number of splits: 461 s UNSATISFIABLE
100-500/output_20.cnf: c total solving time: 1.8278584480285645 c number of splits: 921 s UNSATISFIABLE
100-500/output_21.cnf: c total solving time: 1.4945523738861084 c number of splits: 645 s UNSATISFIABLE
100-500/output_22.cnf: c total solving time: 1.805800437927246 c number of splits: 825 s UNSATISFIABLE
100-500/output_23.cnf: c total solving time: 0.7552938461303711 c number of splits: 305 s UNSATISFIABLE
100-500/output_24.cnf: c total solving time: 1.2794933319091797 c number of splits: 593 s UNSATISFIABLE
100-500/output_25.cnf: c total solving time: 0.8405237197875977 c number of splits: 345 s UNSATISFIABLE
100-500/output_26.cnf: c total solving time: 1.4085297584533691 c number of splits: 597 s UNSATISFIABLE
100-500/output_27.cnf: c total solving time: 1.098602533340454 c number of splits: 469 s UNSATISFIABLE
100-500/output_28.cnf: c total solving time: 1.2759573459625244 c number of splits: 543 s UNSATISFIABLE
100-500/output_29.cnf: c total solving time: 0.9073855876922607 c number of splits: 379 s UNSATISFIABLE
100-500/output_3.cnf: c total solving time: 1.0439589023590088 c number of splits: 419 s UNSATISFIABLE
100-500/output_30.cnf: c total solving time: 0.6188819408416748 c number of splits: 263 s SATISFIABLE v -1 -2 3 4 -5 -6 -7 8 -9 10 11 -12 13 -14 15 16 -17 18 19 20 -21 22 -23 -24 -25 -26 -27 -28 29 30 -31 -32 33 34 35 36 -37 -38 -39 -40 -41 42 -43 44 -45 -46 -47 48 -49 50 -51 52 53 54 55 -56 57 58 59 -60 61 62 63 64 -65 -66 67 -68 69 -70 -71 72 -73 74 -75 76 -77 -78 79 -80 81 82 83 84 -85 86 -87 88 -89 -90 -91 92 93 -94 95 -96 -97 -98 -99 100 0
100-500/output_31.cnf: c total solving time: 1.7065751552581787 c number of splits: 783 s UNSATISFIABLE
100-500/output_32.cnf: c total solving time: 0.9918651580810547 c number of splits: 409 s UNSATISFIABLE
100-500/output_33.cnf: c total solving time: 1.0033342838287354 c number of splits: 413 s UNSATISFIABLE
100-500/output_34.cnf: c total solving time: 1.0046801567077637 c number of splits: 409 s UNSATISFIABLE
100-500/output_35.cnf: c total solving time: 1.9960081577301025 c number of splits: 893 s UNSATISFIABLE
100-500/output_36.cnf: c total solving time: 0.9995138645172119 c number of splits: 427 s UNSATISFIABLE
100-500/output_37.cnf: c total solving time: 1.0268003940582275 c number of splits: 441 s UNSATISFIABLE
100-500/output_38.cnf: c total solving time: 1.4006133079528809 c number of splits: 593 s UNSATISFIABLE
100-500/output_39.cnf: c total solving time: 0.7911982536315918 c number of splits: 353 s UNSATISFIABLE
100-500/output_4.cnf: c total solving time: 0.8619890213012695 c number of splits: 359 s UNSATISFIABLE
100-500/output_40.cnf: c total solving time: 1.306973934173584 c number of splits: 577 s UNSATISFIABLE
100-500/output_41.cnf: c total solving time: 0.9104444980621338 c number of splits: 367 s UNSATISFIABLE
100-500/output_42.cnf: c total solving time: 1.072427749633789 c number of splits: 443 s UNSATISFIABLE
100-500/output_43.cnf: c total solving time: 1.481109619140625 c number of splits: 633 s UNSATISFIABLE
100-500/output_44.cnf: c total solving time: 1.0370993614196777 c number of splits: 457 s UNSATISFIABLE
100-500/output_45.cnf: c total solving time: 1.267056941986084 c number of splits: 633 s UNSATISFIABLE
100-500/output_46.cnf: c total solving time: 1.432631015777588 c number of splits: 637 s UNSATISFIABLE
100-500/output_47.cnf: c total solving time: 1.204451560974121 c number of splits: 457 s UNSATISFIABLE
100-500/output_48.cnf: c total solving time: 1.6037952899932861 c number of splits: 625 s UNSATISFIABLE
100-500/output_49.cnf: c total solving time: 1.0668532848358154 c number of splits: 421 s UNSATISFIABLE
100-500/output_5.cnf: c total solving time: 1.1378052234649658 c number of splits: 447 s UNSATISFIABLE
100-500/output_50.cnf: c total solving time: 1.5082955360412598 c number of splits: 605 s UNSATISFIABLE
100-500/output_51.cnf: c total solving time: 1.2134668827056885 c number of splits: 451 s UNSATISFIABLE
100-500/output_52.cnf: c total solving time: 1.8965675830841064 c number of splits: 783 s UNSATISFIABLE
100-500/output_53.cnf: c total solving time: 0.9354300498962402 c number of splits: 335 s UNSATISFIABLE
100-500/output_54.cnf: c total solving time: 1.3733582496643066 c number of splits: 521 s UNSATISFIABLE
100-500/output_55.cnf: c total solving time: 1.0420632362365723 c number of splits: 413 s UNSATISFIABLE
100-500/output_56.cnf: c total solving time: 1.1314232349395752 c number of splits: 449 s UNSATISFIABLE
100-500/output_57.cnf: c total solving time: 1.1241931915283203 c number of splits: 425 s UNSATISFIABLE
100-500/output_58.cnf: c total solving time: 1.5559697151184082 c number of splits: 623 s UNSATISFIABLE
100-500/output_59.cnf: c total solving time: 2.828090190887451 c number of splits: 1221 s UNSATISFIABLE
100-500/output_6.cnf: c total solving time: 1.2178864479064941 c number of splits: 487 s UNSATISFIABLE
100-500/output_60.cnf: c total solving time: 1.378340482711792 c number of splits: 547 s UNSATISFIABLE
100-500/output_61.cnf: c total solving time: 1.1641952991485596 c number of splits: 423 s UNSATISFIABLE
100-500/output_62.cnf: c total solving time: 1.012075662612915 c number of splits: 381 s UNSATISFIABLE
100-500/output_63.cnf: c total solving time: 1.8184301853179932 c number of splits: 743 s UNSATISFIABLE
100-500/output_64.cnf: c total solving time: 1.1549994945526123 c number of splits: 455 s UNSATISFIABLE
100-500/output_65.cnf: c total solving time: 2.3774967193603516 c number of splits: 1129 s UNSATISFIABLE
100-500/output_66.cnf: c total solving time: 1.2066690921783447 c number of splits: 469 s UNSATISFIABLE
100-500/output_67.cnf: c total solving time: 1.4649314880371094 c number of splits: 651 s UNSATISFIABLE
100-500/output_68.cnf: c total solving time: 1.0998196601867676 c number of splits: 451 s UNSATISFIABLE
100-500/output_69.cnf: c total solving time: 1.189769983291626 c number of splits: 443 s UNSATISFIABLE
100-500/output_7.cnf: c total solving time: 2.0075876712799072 c number of splits: 839 s UNSATISFIABLE
100-500/output_70.cnf: c total solving time: 1.3274867534637451 c number of splits: 505 s UNSATISFIABLE
100-500/output_71.cnf: c total solving time: 1.598144292831421 c number of splits: 647 s UNSATISFIABLE
100-500/output_72.cnf: c total solving time: 1.2286581993103027 c number of splits: 477 s UNSATISFIABLE
100-500/output_73.cnf: c total solving time: 0.9452173709869385 c number of splits: 351 s UNSATISFIABLE
100-500/output_74.cnf: c total solving time: 0.9727559089660645 c number of splits: 363 s UNSATISFIABLE
100-500/output_75.cnf: c total solving time: 0.9128029346466064 c number of splits: 389 s UNSATISFIABLE
100-500/output_76.cnf: c total solving time: 1.2675652503967285 c number of splits: 565 s UNSATISFIABLE
100-500/output_77.cnf: c total solving time: 1.148930549621582 c number of splits: 501 s UNSATISFIABLE
100-500/output_78.cnf: c total solving time: 1.2317287921905518 c number of splits: 549 s UNSATISFIABLE
100-500/output_79.cnf: c total solving time: 0.890446662902832 c number of splits: 399 s UNSATISFIABLE
100-500/output_8.cnf: c total solving time: 1.3334777355194092 c number of splits: 541 s UNSATISFIABLE
100-500/output_80.cnf: c total solving time: 1.2337276935577393 c number of splits: 549 s UNSATISFIABLE
100-500/output_81.cnf: c total solving time: 1.7948284149169922 c number of splits: 755 s UNSATISFIABLE
100-500/output_82.cnf: c total solving time: 1.1538901329040527 c number of splits: 455 s UNSATISFIABLE
100-500/output_83.cnf: c total solving time: 1.7284173965454102 c number of splits: 805 s UNSATISFIABLE
100-500/output_84.cnf: c total solving time: 1.3288614749908447 c number of splits: 621 s UNSATISFIABLE
100-500/output_85.cnf: c total solving time: 1.652740478515625 c number of splits: 745 s UNSATISFIABLE
100-500/output_86.cnf: c total solving time: 0.949777364730835 c number of splits: 421 s UNSATISFIABLE
100-500/output_87.cnf: c total solving time: 0.9043054580688477 c number of splits: 373 s UNSATISFIABLE
100-500/output_88.cnf: c total solving time: 1.654496669769287 c number of splits: 777 s UNSATISFIABLE
100-500/output_89.cnf: c total solving time: 0.7749159336090088 c number of splits: 331 s UNSATISFIABLE
100-500/output_9.cnf: c total solving time: 1.360713243484497 c number of splits: 617 s UNSATISFIABLE
100-500/output_90.cnf: c total solving time: 1.6778175830841064 c number of splits: 759 s UNSATISFIABLE
100-500/output_91.cnf: c total solving time: 1.4297618865966797 c number of splits: 659 s UNSATISFIABLE
100-500/output_92.cnf: c total solving time: 1.4906516075134277 c number of splits: 649 s UNSATISFIABLE
100-500/output_93.cnf: c total solving time: 0.9281740188598633 c number of splits: 417 s UNSATISFIABLE
100-500/output_94.cnf: c total solving time: 1.3801276683807373 c number of splits: 627 s UNSATISFIABLE
100-500/output_95.cnf: c total solving time: 1.0075945854187012 c number of splits: 441 s UNSATISFIABLE
100-500/output_96.cnf: c total solving time: 1.160749912261963 c number of splits: 497 s UNSATISFIABLE
100-500/output_97.cnf: c total solving time: 1.060671329498291 c number of splits: 429 s UNSATISFIABLE
100-500/output_98.cnf: c total solving time: 0.9861476421356201 c number of splits: 411 s UNSATISFIABLE
100-500/output_99.cnf: c total solving time: 1.3257615566253662 c number of splits: 635 s UNSATISFIABLE
Total solving time: 125.0619037151336666
Median solving time: 1.19
Total number of splits: 53188
Median number of splits: 473.00
Number of satisfiable: 2
