c total solving time: 1.905980110168457 c number of splits: 955 s UNSATISFIABLE
c total solving time: 0.9327187538146973 c number of splits: 460 s SATISFIABLE v -1 2 -3 -4 5 6 -7 -8 -9 10 11 12 13 14 15 16 17 18 19 20 21 21 21 21 21 21 -22 23 24 -25 26 27 28 -29 30 31 -32 33 -34 -35 -36 37 -38 39 40 -41 -42 -43 44 -45 -46 47 48 49 50 -51 52 53 54 -55 56 -57 -58 -59 60 61 -62 63 64 -65 66 -67 68 69 -70 -71 72 -73 74 75 -76 77 78 -79 80 81 82 -83 -84 -85 86 -87 88 -89 90 91 -92 93 -94 -95 96 97 98 99 100 0
c total solving time: 1.7160539627075195 c number of splits: 871 s UNSATISFIABLE
c total solving time: 0.31925082206726074 c number of splits: 212 s SATISFIABLE v 1 2 -3 -4 -5 6 7 -8 -9 -10 11 12 13 14 15 -16 17 18 -19 -20 -21 -22 -23 24 -25 26 -27 28 -29 -30 -31 32 33 -34 35 36 37 38 -39 40 41 42 43 -44 -45 -46 -47 -48 49 -50 -51 -52 -53 -54 -55 56 57 -58 59 -60 -61 -62 -63 64 -65 66 67 68 69 70 -71 -72 -73 -74 -75 76 77 78 -79 -80 81 -82 -83 84 -85 86 -87 88 89 90 -91 -92 -93 94 95 -96 97 98 99 -100 0
c total solving time: 1.2062625885009766 c number of splits: 557 s UNSATISFIABLE
c total solving time: 0.683823823928833 c number of splits: 321 s UNSATISFIABLE
c total solving time: 1.8691084384918213 c number of splits: 947 s UNSATISFIABLE
c total solving time: 3.136784076690674 c number of splits: 1531 s UNSATISFIABLE
c total solving time: 1.3444836139678955 c number of splits: 703 s UNSATISFIABLE
c total solving time: 1.685438632965088 c number of splits: 861 s UNSATISFIABLE
c total solving time: 0.21690917015075684 c number of splits: 112 s SATISFIABLE v -1 2 3 3 4 -5 6 7 -8 -9 -10 -11 12 13 14 15 -16 17 18 19 -20 -21 22 23 -24 -25 26 27 28 -29 30 31 32 -33 34 35 -36 -37 38 39 40 -41 42 43 44 45 -46 47 -48 -49 50 -51 52 53 54 55 -56 -57 -58 -59 60 61 62 -63 -64 65 -66 -67 68 -69 70 71 72 73 -74 -75 -76 77 -78 79 -80 -81 82 83 84 85 86 -87 88 89 -90 91 92 93 -94 95 -96 -97 98 98 98 98 99 100 0
c total solving time: 2.7395806312561035 c number of splits: 1440 s SATISFIABLE v -1 2 3 4 -5 -6 -7 -8 -9 -10 11 12 -13 14 -15 -16 17 18 19 -20 21 22 23 23 -24 -25 26 -27 -28 29 30 -31 -32 33 34 -35 -36 37 -38 -39 -40 -41 42 -43 -44 -45 -46 47 -48 49 50 -51 52 -53 -54 55 -56 57 -58 59 -60 -61 62 63 64 -65 -66 -67 -68 69 70 71 72 73 -74 -75 -76 77 -78 79 80 80 -81 82 -83 -84 -85 -86 -87 -88 89 -90 -91 -92 93 -94 95 -96 -97 -98 99 100 0
c total solving time: 2.141221523284912 c number of splits: 1089 s UNSATISFIABLE
c total solving time: 2.1613755226135254 c number of splits: 1133 s SATISFIABLE v 1 2 -3 4 -5 6 7 -8 -9 10 11 12 13 14 -15 -16 17 -18 19 20 21 -22 -23 -24 -25 -26 -27 28 -29 30 -31 -32 -33 -34 35 -36 -37 -38 39 40 41 -42 -43 44 45 46 -47 48 -49 50 51 52 53 -54 55 56 -57 58 59 -60 -61 -62 63 -64 65 66 67 -68 69 70 71 72 73 74 -75 76 77 -78 79 80 -81 82 83 84 85 86 -87 88 89 90 -91 -92 -93 -94 95 96 97 -98 -99 -100 0
c total solving time: 2.120237350463867 c number of splits: 1001 s UNSATISFIABLE
c total solving time: 0.5675230026245117 c number of splits: 273 s UNSATISFIABLE
c total solving time: 1.9235360622406006 c number of splits: 985 s SATISFIABLE v 1 -2 -3 4 5 -6 7 -8 9 10 -11 12 -13 14 -15 16 17 -18 19 -20 -21 -22 -23 -24 25 -26 27 28 -29 30 -31 32 -33 -34 -35 36 -37 38 39 -40 41 42 -43 44 45 46 47 -48 -49 50 -51 -52 53 -54 55 56 57 58 59 -60 -61 62 -63 64 65 66 67 -68 -69 70 -71 72 -73 74 -75 -76 -77 -78 79 -80 81 -82 83 84 85 86 87 -88 -89 -90 -91 92 93 94 -95 -96 -97 -98 99 100 0
c total solving time: 1.1708664894104004 c number of splits: 630 s SATISFIABLE v 1 2 -3 -4 -5 -6 -7 -8 -9 10 11 -12 -13 -14 -15 16 -17 18 -19 20 -21 -22 -23 24 25 26 -27 28 29 -30 31 32 33 -34 35 -36 -37 -38 39 -40 -41 -42 -43 -44 45 46 46 46 46 46 -47 48 49 -50 -51 -52 -53 -54 55 56 57 58 59 60 -61 62 -63 64 -65 -66 67 -68 69 -70 -71 72 73 74 75 -76 77 78 -79 80 81 82 -83 84 -85 -86 -87 88 89 90 -91 92 -93 94 95 96 -97 98 -99 -100 0
c total solving time: 0.5174946784973145 c number of splits: 273 s SATISFIABLE v -1 -2 3 -4 5 6 -7 8 9 -10 11 12 13 -14 -15 16 17 18 -19 20 21 22 -23 24 -25 -26 -27 28 29 30 31 -32 -33 34 -35 36 37 38 39 40 -41 42 43 44 -45 -46 -47 48 -49 50 51 -52 -53 54 -55 56 57 58 -59 60 -61 62 63 -64 -65 66 -67 68 69 70 71 72 73 -74 75 -76 -77 -78 79 -80 -81 -82 -83 84 85 -86 -87 -88 -89 -90 -91 -92 93 -94 95 -96 97 97 98 99 99 100 0
c total solving time: 1.4422240257263184 c number of splits: 741 s SATISFIABLE v -1 -2 3 -4 5 -6 7 8 -9 -10 -11 -12 13 -14 -15 -16 17 18 -19 -20 -21 22 -23 24 -25 -26 -27 28 -29 30 -31 32 -33 34 35 -36 -37 38 39 -40 41 42 43 -44 -45 46 -47 -48 49 50 -51 -52 53 54 -55 56 57 -58 59 60 61 62 63 64 65 -66 67 68 69 -70 71 72 73 -74 75 76 -77 78 79 80 81 82 -83 -84 -85 -86 -87 88 -89 -90 -91 -92 -93 94 95 96 97 98 -99 -100 0
c total solving time: 3.2735414505004883 c number of splits: 1695 s UNSATISFIABLE
c total solving time: 2.209766149520874 c number of splits: 1115 s UNSATISFIABLE
c total solving time: 3.6509318351745605 c number of splits: 1965 s UNSATISFIABLE
c total solving time: 1.3627033233642578 c number of splits: 671 s UNSATISFIABLE
c total solving time: 1.4803624153137207 c number of splits: 771 s UNSATISFIABLE
c total solving time: 1.6210157871246338 c number of splits: 864 s SATISFIABLE v 1 2 3 4 -5 6 7 -8 9 10 -11 12 -13 -14 -15 16 -17 -18 -19 -20 21 22 -23 24 25 -26 27 -28 29 30 31 32 -33 -34 35 -36 37 38 -39 -40 -41 42 43 44 45 -46 47 48 -49 -50 51 -52 -53 -54 -55 -56 57 58 59 -60 -61 62 62 -63 64 -65 66 67 -68 69 -70 71 72 -73 74 -75 -76 -77 -78 79 80 81 82 83 84 85 -86 -87 -88 89 90 -91 -92 -93 94 95 96 -97 98 -99 100 0
c total solving time: 0.7574656009674072 c number of splits: 387 s UNSATISFIABLE
c total solving time: 4.484518051147461 c number of splits: 2417 s UNSATISFIABLE
c total solving time: 1.2621498107910156 c number of splits: 642 s SATISFIABLE v 1 2 -3 4 -5 -6 7 -8 9 10 -11 -12 -13 14 -15 16 17 -18 -19 -20 21 -22 -23 -24 25 26 27 -28 -29 30 31 -32 33 34 35 -36 37 38 -39 -40 41 -42 43 44 45 46 -47 -48 -49 -50 51 52 -53 -54 -55 -56 -57 -58 59 -60 61 -62 -63 -64 65 -66 67 -68 -69 70 71 72 -73 74 -75 -76 77 -78 -79 -80 81 82 -83 84 85 -86 -87 88 -89 90 91 -92 -93 94 -95 96 -97 -98 99 -100 0
c total solving time: 0.8707642555236816 c number of splits: 441 s SATISFIABLE v 1 -2 3 -4 5 -6 7 -8 -9 -10 11 -12 13 -14 15 16 -17 -18 19 20 -21 22 -23 24 -25 26 -27 -28 -29 30 -31 32 33 -34 -35 -36 -37 38 -39 -40 -41 42 -43 -44 -45 46 47 -48 49 -50 51 52 -53 54 -55 -56 57 58 -59 -60 -61 62 -63 64 65 66 67 68 69 70 71 72 -73 -74 75 76 77 -78 -79 -80 81 -82 83 84 85 -86 87 -88 -89 -90 -91 -92 -93 -94 95 -96 97 98 99 100 0
c total solving time: 0.06365418434143066 c number of splits: 36 s SATISFIABLE v 1 -2 3 -4 -5 -6 -7 8 9 10 -11 -12 13 -14 15 16 -17 18 19 20 -21 22 -23 -24 -25 -26 27 -28 29 30 -31 32 33 34 35 -36 -37 -38 39 40 -41 42 -43 44 45 46 47 -48 49 50 -51 -52 53 54 55 -56 57 -58 59 -60 -61 -62 63 64 -65 66 67 68 -69 70 70 -71 72 -73 74 -75 -76 -77 -78 79 -80 81 82 -83 84 -85 86 87 88 -89 -90 -91 92 -93 -94 95 96 97 98 -99 100 0
c total solving time: 0.027245283126831055 c number of splits: 13 s SATISFIABLE v -1 2 3 -4 -5 6 -7 -8 9 10 -11 12 13 14 -15 16 17 18 -19 20 21 22 23 24 24 25 26 27 -28 -29 -30 31 -32 -33 34 -35 36 -37 -38 -39 40 41 -42 -43 -44 45 -46 -47 -48 49 -50 -51 52 -53 54 -55 -56 57 -58 -59 -60 -61 62 -63 -64 -65 66 67 -68 -69 70 71 72 73 74 75 -76 77 78 -79 -80 -81 -82 83 -84 85 86 87 88 89 90 91 -92 93 -94 -95 96 -97 98 -99 -100 0
c total solving time: 2.6280629634857178 c number of splits: 1365 s UNSATISFIABLE
c total solving time: 0.318253755569458 c number of splits: 147 s UNSATISFIABLE
c total solving time: 1.244818925857544 c number of splits: 585 s UNSATISFIABLE
c total solving time: 2.7408759593963623 c number of splits: 1512 s SATISFIABLE v -1 2 3 4 -5 -6 7 8 -9 -10 -11 -12 -13 14 15 16 17 -18 -19 20 21 22 -23 -24 -25 26 -27 28 29 30 -31 -32 33 -34 35 -36 -37 -38 39 -40 -41 42 43 44 -45 46 47 48 -49 50 51 -52 -53 -54 55 56 57 58 -59 -60 61 62 -63 -64 -65 66 67 68 -69 70 71 -72 -73 74 -75 -76 -77 78 79 80 81 82 83 84 -85 -86 -87 88 -89 -90 91 -92 93 94 95 -96 97 98 99 100 0
c total solving time: 0.376676082611084 c number of splits: 193 s SATISFIABLE v 1 2 -3 4 -5 6 7 -8 9 -10 -11 -12 -13 -14 15 16 17 18 -19 -20 -21 -22 23 24 -25 -26 -27 -28 -29 30 -31 -32 33 -34 -35 -36 -37 -38 39 40 -41 42 -43 44 45 -46 -47 48 49 50 -51 52 53 54 55 -56 57 58 -59 60 61 62 63 -64 -65 66 -67 -68 69 70 71 72 73 74 -75 76 -77 78 79 80 -81 -82 83 -84 85 86 87 -88 89 90 -91 -92 -93 -94 95 96 -97 98 99 -100 0
c total solving time: 1.1841990947723389 c number of splits: 615 s SATISFIABLE v 1 -2 3 -4 5 -6 7 -8 -9 -10 -11 12 13 14 15 -16 -17 18 -19 -20 -21 22 -23 -24 25 -26 -27 -28 -29 -30 31 -32 -33 -34 35 -36 -37 38 39 40 -41 -42 -43 -44 -45 46 47 -48 -49 -50 -51 -52 -53 54 55 56 -57 58 -59 60 61 -62 63 64 65 66 -67 -68 69 69 -70 71 -72 73 -74 -75 -76 77 -78 79 -80 -81 82 83 84 85 -86 -87 -88 89 -90 91 92 93 -94 95 96 97 98 99 -100 0
c total solving time: 2.1033377647399902 c number of splits: 1055 s UNSATISFIABLE
c total solving time: 1.6195027828216553 c number of splits: 829 s UNSATISFIABLE
c total solving time: 0.5972156524658203 c number of splits: 338 s SATISFIABLE v 1 -2 3 4 -5 6 7 8 9 10 11 -12 13 -14 15 -16 -17 18 -19 20 -21 -22 23 24 25 26 27 -28 -29 -30 31 -32 33 -34 35 36 -37 -38 39 -40 41 42 43 44 -45 -46 47 48 49 50 51 52 -53 54 55 56 -57 58 59 60 61 -62 63 64 -65 66 67 68 69 -70 71 72 -73 74 -75 76 77 -78 79 80 -81 82 -83 84 85 -86 87 88 89 -90 -91 -92 93 94 -95 96 97 -98 99 100 0
c total solving time: 0.2819705009460449 c number of splits: 143 s SATISFIABLE v 1 2 -3 4 5 -6 7 -8 9 10 11 11 -12 -13 -14 15 16 17 -18 19 20 -21 22 -23 24 25 26 -27 28 29 30 31 32 -33 34 -35 36 -37 -38 -39 -40 -41 -42 -43 -44 -45 46 -47 48 -49 -50 -51 52 -53 -54 -55 56 57 -58 -59 -60 -61 62 -63 64 65 66 -67 68 -69 70 71 -72 73 -74 -75 -76 -77 -78 -79 -80 81 82 83 84 -85 86 87 88 -89 90 -91 -92 -93 94 -95 -96 -97 -98 -99 -100 0
c total solving time: 0.9568767547607422 c number of splits: 479 s UNSATISFIABLE
c total solving time: 0.5751378536224365 c number of splits: 353 s SATISFIABLE v -1 -2 3 -4 5 6 -7 8 -9 10 11 -12 13 14 -15 -16 17 -18 -19 -20 21 -22 23 24 25 -26 -27 -28 -29 -30 31 -32 33 -34 -35 -36 -37 38 -39 -40 -41 -42 -43 44 -45 46 -47 48 -49 50 51 52 53 -54 55 56 -57 -58 59 60 60 60 61 62 63 64 -65 66 -67 68 -69 -70 -71 72 72 72 72 72 -73 74 75 -76 -77 -78 -79 80 -81 -82 83 -84 85 -86 87 88 88 88 88 88 88 88 -89 90 -91 92 93 -94 -95 -96 97 -98 -99 -100 0
c total solving time: 1.4953842163085938 c number of splits: 747 s UNSATISFIABLE
c total solving time: 1.786285400390625 c number of splits: 877 s UNSATISFIABLE
c total solving time: 2.0445797443389893 c number of splits: 989 s UNSATISFIABLE
c total solving time: 0.7343969345092773 c number of splits: 349 s UNSATISFIABLE
c total solving time: 1.8652770519256592 c number of splits: 899 s UNSATISFIABLE
c total solving time: 0.791053295135498 c number of splits: 401 s SATISFIABLE v 1 2 -3 -4 5 -6 -7 -8 -9 -10 11 12 13 14 -15 16 17 -18 19 -20 21 -22 -23 -24 25 -26 -27 28 29 -30 31 32 33 -34 35 36 -37 38 39 40 -41 42 43 44 -45 46 47 -48 49 -50 51 -52 53 -54 55 -56 57 58 -59 -60 61 62 -63 64 64 64 64 64 64 64 -65 66 67 -68 69 70 -71 72 -73 74 75 76 -77 -78 79 80 81 82 83 84 -85 86 -87 88 -89 90 -91 92 93 -94 -95 96 -97 98 99 99 99 99 99 -100 0
c total solving time: 2.9536075592041016 c number of splits: 1676 s SATISFIABLE v -1 2 -3 4 -5 6 7 -8 9 -10 -11 12 -13 -14 15 16 17 18 19 20 21 22 -23 -24 -25 -26 27 -28 -29 -30 -31 32 -33 34 -35 -36 37 -38 39 40 -41 -42 -43 44 45 46 47 48 -49 50 51 -52 -53 -54 55 -56 -57 58 59 60 -61 62 -63 64 -65 -66 67 -68 69 70 -71 72 72 72 72 72 72 72 73 74 -75 76 -77 -78 79 80 81 82 83 84 85 86 87 -88 -89 90 -91 -92 -93 -94 95 96 97 98 99 -100 0
c total solving time: 3.4275426864624023 c number of splits: 1803 s UNSATISFIABLE
c total solving time: 1.4173049926757812 c number of splits: 703 s UNSATISFIABLE
c total solving time: 2.9536261558532715 c number of splits: 1479 s UNSATISFIABLE
c total solving time: 1.934528112411499 c number of splits: 985 s UNSATISFIABLE
c total solving time: 2.098210573196411 c number of splits: 1176 s SATISFIABLE v -1 -2 3 4 -5 -6 7 8 9 10 11 -12 13 -14 -15 -16 17 18 19 -20 21 22 -23 24 -25 26 27 -28 -29 -30 31 31 -32 -33 34 -35 -36 37 38 -39 -40 -41 -42 -43 -44 -45 46 -47 -48 49 50 -51 -52 53 -54 -55 56 -57 58 -59 60 -61 -62 -63 64 -65 66 67 -68 69 70 -71 -72 -73 74 -75 76 -77 -78 -79 -80 -81 82 83 84 -85 86 -87 88 -89 -90 91 92 -93 -94 -95 -96 -97 98 -99 100 0
c total solving time: 1.2914090156555176 c number of splits: 601 s UNSATISFIABLE
c total solving time: 2.3292975425720215 c number of splits: 1171 s UNSATISFIABLE
c total solving time: 2.3055355548858643 c number of splits: 1155 s UNSATISFIABLE
c total solving time: 1.5993108749389648 c number of splits: 797 s UNSATISFIABLE
c total solving time: 1.2338032722473145 c number of splits: 597 s UNSATISFIABLE
c total solving time: 0.7976241111755371 c number of splits: 377 s UNSATISFIABLE
c total solving time: 1.1383609771728516 c number of splits: 555 s UNSATISFIABLE
c total solving time: 0.20621156692504883 c number of splits: 107 s SATISFIABLE v -1 2 3 4 -5 6 -7 8 9 10 11 -12 13 14 -15 -16 -17 18 19 20 21 -22 23 -24 -25 26 27 -28 -29 30 -31 32 -33 34 -35 36 36 36 36 -37 38 -39 40 -41 42 42 42 -43 44 45 46 -47 48 49 -50 -51 -52 53 -54 55 -56 57 58 -59 -60 -61 62 -63 -64 65 66 -67 -68 69 -70 -71 72 73 74 -75 76 77 78 79 -80 81 82 -83 -84 85 86 87 -88 -89 -90 91 -92 93 -94 95 -96 97 -98 99 100 0
c total solving time: 1.959742546081543 c number of splits: 1001 s UNSATISFIABLE
c total solving time: 0.054346323013305664 c number of splits: 27 s SATISFIABLE v 1 2 -3 -4 5 -6 -7 8 -9 -10 11 -12 13 -14 15 16 17 18 19 20 21 22 -23 24 25 -26 27 28 -29 30 -31 32 33 -34 -35 36 37 -38 39 -40 41 -42 -43 44 -45 -46 -47 -48 49 50 51 52 53 -54 -55 -56 57 58 59 60 61 -62 63 -64 -65 66 67 -68 -69 70 -71 72 73 -74 75 76 77 78 -79 80 81 82 83 -84 -85 -86 -87 88 -89 90 -91 92 -93 94 95 -96 -97 98 99 -100 0
c total solving time: 1.6378087997436523 c number of splits: 813 s UNSATISFIABLE
c total solving time: 1.2910771369934082 c number of splits: 641 s UNSATISFIABLE
c total solving time: 1.1126928329467773 c number of splits: 569 s UNSATISFIABLE
c total solving time: 1.618070125579834 c number of splits: 912 s SATISFIABLE v -1 2 3 4 -5 6 -7 8 -9 10 -11 12 -13 14 -15 -16 17 -18 19 20 21 22 -23 24 -25 -26 -27 28 -29 -30 31 32 33 34 35 36 -37 38 -39 40 41 -42 43 43 43 43 43 -44 45 46 47 48 48 49 -50 51 -52 -53 54 -55 -56 57 58 59 -60 -61 62 63 -64 65 -66 -67 -68 -69 -70 71 72 -73 -74 -75 -76 -77 78 79 80 80 80 -81 -82 83 -84 85 -86 87 -88 -89 -90 -91 -92 93 94 95 -96 97 98 -99 100 0
c total solving time: 1.3377470970153809 c number of splits: 639 s UNSATISFIABLE
c total solving time: 2.354498863220215 c number of splits: 1217 s SATISFIABLE v 1 -2 3 4 5 6 -7 8 9 -10 -11 -12 -13 -14 15 -16 17 18 -19 -20 -21 22 23 -24 25 -26 -27 28 29 -30 31 32 -33 34 35 -36 37 -38 -39 40 41 42 43 -44 45 46 47 -48 -49 -50 51 52 -53 54 55 56 -57 58 -59 -60 61 62 -63 -64 65 66 67 -68 69 -70 -71 -72 -73 74 -75 -76 77 -78 -79 -80 -81 82 83 -84 85 -86 87 -88 89 90 -91 -92 -93 94 95 96 97 -98 -99 -100 0
c total solving time: 0.4347667694091797 c number of splits: 237 s SATISFIABLE v -1 -2 -3 4 5 -6 -7 8 9 -10 -11 12 13 14 15 16 17 -18 -19 20 -21 22 -23 24 25 26 27 -28 -29 30 -31 -32 33 34 35 36 -37 -38 -39 -40 41 -42 -43 -44 45 -46 -47 -48 49 -50 -51 52 53 54 -55 56 -57 58 59 -60 61 -62 -63 -64 -65 66 -67 68 69 70 71 -72 73 74 -75 76 77 -78 -79 -80 81 -82 83 84 85 86 -87 88 -89 -90 91 -92 93 -94 -95 96 -97 -98 -99 -100 0
c total solving time: 0.32808494567871094 c number of splits: 170 s SATISFIABLE v -1 2 3 4 5 6 -7 8 9 -10 -11 12 13 14 15 16 17 -18 19 -20 21 22 23 -24 25 26 -27 28 -29 -30 31 32 -33 34 35 -36 -37 38 -39 40 41 42 -43 44 45 -46 -47 -48 49 -50 -51 52 -53 54 55 -56 57 -58 59 -60 -61 -62 63 64 -65 66 -67 68 69 -70 -71 -72 73 74 -75 -76 77 78 79 -80 -81 82 -83 -84 85 86 -87 88 -89 90 -91 -92 93 -94 95 -96 97 -98 99 100 0
c total solving time: 2.765803098678589 c number of splits: 1499 s UNSATISFIABLE
c total solving time: 2.290766954421997 c number of splits: 1177 s UNSATISFIABLE
c total solving time: 3.339660406112671 c number of splits: 1745 s UNSATISFIABLE
c total solving time: 1.7706661224365234 c number of splits: 859 s UNSATISFIABLE
c total solving time: 1.8356175422668457 c number of splits: 883 s SATISFIABLE v -1 2 -3 4 -5 6 7 -8 9 10 -11 -12 -13 -14 -15 16 -17 -18 19 20 21 22 -23 24 -25 26 -27 28 28 28 -29 30 -31 32 33 34 35 -36 -37 38 -39 40 -41 -42 43 44 44 -45 -46 47 48 49 -50 -51 -52 53 54 -55 -56 -57 58 59 -60 61 62 63 -64 -65 -66 -67 -68 -69 70 71 -72 -73 -74 75 -76 -77 78 79 79 79 79 79 79 79 -80 81 -82 83 -84 85 86 87 -88 -89 -90 91 -92 93 94 95 -96 97 97 97 97 97 97 97 -98 -99 -100 0
c total solving time: 1.5092780590057373 c number of splits: 776 s SATISFIABLE v 1 -2 3 -4 5 6 7 8 -9 10 10 11 -12 13 14 15 16 -17 -18 19 -20 -21 22 23 -24 25 -26 -27 28 -29 30 -31 32 33 34 34 34 35 36 37 -38 39 -40 -41 42 -43 44 -45 46 -47 -48 49 50 51 52 53 54 55 56 -57 58 59 -60 -61 62 63 64 65 66 -67 68 68 68 68 -69 -70 71 72 -73 -74 75 76 -77 78 79 80 81 82 83 84 85 86 87 -88 89 -90 91 92 93 -94 -95 -96 97 98 99 100 0
c total solving time: 2.6114354133605957 c number of splits: 1357 s UNSATISFIABLE
c total solving time: 2.027371883392334 c number of splits: 1011 s UNSATISFIABLE
c total solving time: 1.8831617832183838 c number of splits: 929 s UNSATISFIABLE
c total solving time: 3.2419538497924805 c number of splits: 1717 s UNSATISFIABLE
c total solving time: 0.9486746788024902 c number of splits: 463 s UNSATISFIABLE
c total solving time: 1.8515300750732422 c number of splits: 951 s UNSATISFIABLE
c total solving time: 0.6747689247131348 c number of splits: 357 s SATISFIABLE v -1 2 -3 4 5 -6 7 -8 -9 -10 -11 -12 13 14 -15 16 17 18 19 -20 21 22 23 24 25 -26 -27 -28 29 30 -31 32 33 -34 35 -36 37 38 39 -40 -41 -42 43 44 -45 -46 -47 -48 49 -50 51 52 53 -54 -55 56 57 58 59 -60 -61 62 63 64 65 -66 -67 -68 69 -70 71 72 -73 74 75 76 77 78 -79 -80 81 -82 83 -84 85 86 87 88 89 -90 -91 -92 93 -94 95 96 -97 -98 -99 100 0
c total solving time: 1.0145456790924072 c number of splits: 489 s UNSATISFIABLE
c total solving time: 1.6671407222747803 c number of splits: 835 s UNSATISFIABLE
c total solving time: 2.0742886066436768 c number of splits: 965 s UNSATISFIABLE
c total solving time: 1.7685730457305908 c number of splits: 881 s UNSATISFIABLE
c total solving time: 1.505871057510376 c number of splits: 735 s UNSATISFIABLE
c total solving time: 0.11541056632995605 c number of splits: 64 s SATISFIABLE v -1 2 -3 -4 5 6 7 8 9 10 11 -12 -13 -14 15 16 -17 -18 19 20 21 22 23 -24 -25 -26 -27 28 -29 30 -31 32 -33 -34 -35 36 37 38 39 40 -41 42 -43 44 -45 46 47 -48 49 50 -51 -52 -53 54 -55 56 57 58 -59 60 61 62 63 64 65 66 67 68 -69 70 71 -72 -73 74 75 -76 77 -78 -79 80 -81 82 83 -84 -85 -86 87 -88 89 -90 91 -92 -93 -94 95 96 97 98 99 -100 0
c total solving time: 0.23842144012451172 c number of splits: 161 s SATISFIABLE v 1 2 3 3 3 4 -5 6 -7 -8 9 -10 -11 -12 -13 -14 15 16 16 16 17 18 -19 20 -21 22 -23 24 -25 26 27 28 -29 30 31 32 33 34 35 -36 37 38 -39 -40 -41 -42 -43 -44 45 46 -47 -48 -49 50 51 52 -53 54 -55 -56 -57 58 -59 -60 61 62 63 64 -65 66 -67 68 69 70 -71 -72 73 74 75 76 76 -77 -78 -79 80 -81 -82 -83 84 -85 86 86 86 -87 -88 -89 -90 -91 -92 93 94 -95 96 97 98 99 100 0
c total solving time: 2.04390549659729 c number of splits: 1035 s UNSATISFIABLE
c total solving time: 2.1367104053497314 c number of splits: 1117 s UNSATISFIABLE
c total solving time: 0.7243165969848633 c number of splits: 398 s SATISFIABLE v 1 2 -3 -4 -5 -6 7 8 8 8 8 -9 -10 11 -12 13 14 -15 16 17 -18 -19 20 -21 22 -23 24 25 25 25 25 25 25 -26 27 28 29 -30 31 32 33 34 -35 36 37 -38 -39 -40 -41 -42 43 -44 45 46 -47 48 -49 50 -51 52 53 -54 -55 -56 57 -58 59 59 -60 -61 62 -63 -64 -65 66 66 66 66 67 68 69 -70 71 72 73 74 -75 76 77 78 79 80 -81 82 83 83 83 -84 -85 -86 87 -88 89 -90 91 92 -93 -94 -95 -96 97 98 -99 100 0
c total solving time: 2.5330846309661865 c number of splits: 1155 s UNSATISFIABLE
c total solving time: 0.5194730758666992 c number of splits: 273 s SATISFIABLE v 1 -2 -3 -4 5 -6 -7 8 9 -10 11 12 -13 -14 -15 16 17 -18 -19 -20 21 22 -23 -24 -25 -26 -27 28 -29 30 -31 -32 33 34 -35 -36 37 38 -39 -40 41 -42 -43 -44 45 -46 -47 -48 49 -50 51 -52 53 54 55 56 57 58 -59 -60 61 -62 -63 64 65 -66 67 -68 69 -70 71 -72 -73 74 -75 -76 77 78 79 80 81 -82 83 84 -85 -86 -87 -88 89 -90 91 -92 93 94 -95 -96 -97 98 99 -100 0
c total solving time: 1.0974504947662354 c number of splits: 600 s SATISFIABLE v -1 -2 -3 4 -5 -6 -7 8 9 10 11 -12 -13 -14 -15 16 -17 -18 19 -20 21 -22 -23 24 25 -26 -27 28 -29 -30 -31 32 33 34 -35 36 -37 38 -39 -40 41 42 -43 44 -45 46 -47 -48 49 -50 -51 52 53 -54 -55 56 57 -58 -59 -60 61 -62 -63 -64 -65 -66 -67 -68 -69 -70 71 72 -73 -74 -75 76 -77 78 -79 -80 -81 82 83 -84 85 86 -87 -88 89 90 91 92 93 -94 -95 -96 97 98 -99 -100 0
Total solving time: 156.213985204696655599
Median solving time: 1.55
Total number of splits: 79828
Median number of splits: 773.50
Number of satisfiable: 37
