100-540/output_0.cnf: c total solving time: 0.5051467418670654 c number of splits: 187 s UNSATISFIABLE
100-540/output_1.cnf: c total solving time: 1.507878303527832 c number of splits: 617 s UNSATISFIABLE
100-540/output_10.cnf: c total solving time: 0.7220861911773682 c number of splits: 275 s UNSATISFIABLE
100-540/output_11.cnf: c total solving time: 0.3936593532562256 c number of splits: 145 s UNSATISFIABLE
100-540/output_12.cnf: c total solving time: 0.9112977981567383 c number of splits: 355 s UNSATISFIABLE
100-540/output_13.cnf: c total solving time: 0.6087005138397217 c number of splits: 229 s UNSATISFIABLE
100-540/output_14.cnf: c total solving time: 1.193258285522461 c number of splits: 499 s UNSATISFIABLE
100-540/output_15.cnf: c total solving time: 1.0551652908325195 c number of splits: 403 s UNSATISFIABLE
100-540/output_16.cnf: c total solving time: 0.9802584648132324 c number of splits: 397 s UNSATISFIABLE
100-540/output_17.cnf: c total solving time: 0.9300096035003662 c number of splits: 367 s UNSATISFIABLE
100-540/output_18.cnf: c total solving time: 0.8164021968841553 c number of splits: 307 s UNSATISFIABLE
100-540/output_19.cnf: c total solving time: 0.7392382621765137 c number of splits: 291 s UNSATISFIABLE
100-540/output_2.cnf: c total solving time: 0.7015838623046875 c number of splits: 263 s UNSATISFIABLE
100-540/output_20.cnf: c total solving time: 0.7059769630432129 c number of splits: 281 s UNSATISFIABLE
100-540/output_21.cnf: c total solving time: 1.0209598541259766 c number of splits: 399 s UNSATISFIABLE
100-540/output_22.cnf: c total solving time: 1.0180251598358154 c number of splits: 393 s UNSATISFIABLE
100-540/output_23.cnf: c total solving time: 0.49668192863464355 c number of splits: 187 s UNSATISFIABLE
100-540/output_24.cnf: c total solving time: 0.9738471508026123 c number of splits: 389 s UNSATISFIABLE
100-540/output_25.cnf: c total solving time: 0.7045638561248779 c number of splits: 275 s UNSATISFIABLE
100-540/output_26.cnf: c total solving time: 1.1247782707214355 c number of splits: 451 s UNSATISFIABLE
100-540/output_27.cnf: c total solving time: 1.11313796043396 c number of splits: 423 s UNSATISFIABLE
100-540/output_28.cnf: c total solving time: 0.5932676792144775 c number of splits: 237 s UNSATISFIABLE
100-540/output_29.cnf: c total solving time: 0.8049631118774414 c number of splits: 321 s UNSATISFIABLE
100-540/output_3.cnf: c total solving time: 0.9305436611175537 c number of splits: 357 s UNSATISFIABLE
100-540/output_30.cnf: c total solving time: 1.2330896854400635 c number of splits: 485 s UNSATISFIABLE
100-540/output_31.cnf: c total solving time: 1.5385339260101318 c number of splits: 611 s UNSATISFIABLE
100-540/output_32.cnf: c total solving time: 0.9109840393066406 c number of splits: 359 s UNSATISFIABLE
100-540/output_33.cnf: c total solving time: 1.051295280456543 c number of splits: 413 s UNSATISFIABLE
100-540/output_34.cnf: c total solving time: 0.5110495090484619 c number of splits: 193 s UNSATISFIABLE
100-540/output_35.cnf: c total solving time: 0.726006269454956 c number of splits: 285 s UNSATISFIABLE
100-540/output_36.cnf: c total solving time: 0.7610206604003906 c number of splits: 309 s UNSATISFIABLE
100-540/output_37.cnf: c total solving time: 0.8927357196807861 c number of splits: 373 s UNSATISFIABLE
100-540/output_38.cnf: c total solving time: 0.789872407913208 c number of splits: 313 s UNSATISFIABLE
100-540/output_39.cnf: c total solving time: 0.7595548629760742 c number of splits: 275 s UNSATISFIABLE
100-540/output_4.cnf: c total solving time: 0.8635115623474121 c number of splits: 325 s UNSATISFIABLE
100-540/output_40.cnf: c total solving time: 0.8073070049285889 c number of splits: 315 s UNSATISFIABLE
100-540/output_41.cnf: c total solving time: 1.1183843612670898 c number of splits: 437 s UNSATISFIABLE
100-540/output_42.cnf: c total solving time: 1.2497599124908447 c number of splits: 515 s UNSATISFIABLE
100-540/output_43.cnf: c total solving time: 0.7130100727081299 c number of splits: 261 s UNSATISFIABLE
100-540/output_44.cnf: c total solving time: 0.7359907627105713 c number of splits: 303 s UNSATISFIABLE
100-540/output_45.cnf: c total solving time: 1.1750435829162598 c number of splits: 479 s UNSATISFIABLE
100-540/output_46.cnf: c total solving time: 0.9749755859375 c number of splits: 403 s UNSATISFIABLE
100-540/output_47.cnf: c total solving time: 1.3101186752319336 c number of splits: 519 s UNSATISFIABLE
100-540/output_48.cnf: c total solving time: 1.1228744983673096 c number of splits: 437 s UNSATISFIABLE
100-540/output_49.cnf: c total solving time: 0.6807405948638916 c number of splits: 253 s UNSATISFIABLE
100-540/output_5.cnf: c total solving time: 1.07291841506958 c number of splits: 419 s UNSATISFIABLE
100-540/output_50.cnf: c total solving time: 1.0714924335479736 c number of splits: 409 s UNSATISFIABLE
100-540/output_51.cnf: c total solving time: 0.814481258392334 c number of splits: 341 s UNSATISFIABLE
100-540/output_52.cnf: c total solving time: 0.7826595306396484 c number of splits: 317 s UNSATISFIABLE
100-540/output_53.cnf: c total solving time: 1.0391654968261719 c number of splits: 403 s UNSATISFIABLE
100-540/output_54.cnf: c total solving time: 0.7967782020568848 c number of splits: 321 s UNSATISFIABLE
100-540/output_55.cnf: c total solving time: 1.0998356342315674 c number of splits: 455 s UNSATISFIABLE
100-540/output_56.cnf: c total solving time: 0.9899561405181885 c number of splits: 377 s UNSATISFIABLE
100-540/output_57.cnf: c total solving time: 0.8308343887329102 c number of splits: 313 s UNSATISFIABLE
100-540/output_58.cnf: c total solving time: 0.5623328685760498 c number of splits: 217 s UNSATISFIABLE
100-540/output_59.cnf: c total solving time: 1.3278021812438965 c number of splits: 529 s UNSATISFIABLE
100-540/output_6.cnf: c total solving time: 0.9591705799102783 c number of splits: 369 s UNSATISFIABLE
100-540/output_60.cnf: c total solving time: 1.336853265762329 c number of splits: 533 s UNSATISFIABLE
100-540/output_61.cnf: c total solving time: 0.9493424892425537 c number of splits: 361 s UNSATISFIABLE
100-540/output_62.cnf: c total solving time: 1.2687993049621582 c number of splits: 493 s UNSATISFIABLE
100-540/output_63.cnf: c total solving time: 0.7543008327484131 c number of splits: 289 s UNSATISFIABLE
100-540/output_64.cnf: c total solving time: 1.1181085109710693 c number of splits: 433 s UNSATISFIABLE
100-540/output_65.cnf: c total solving time: 1.015105962753296 c number of splits: 407 s UNSATISFIABLE
100-540/output_66.cnf: c total solving time: 0.7722413539886475 c number of splits: 297 s UNSATISFIABLE
100-540/output_67.cnf: c total solving time: 1.0478429794311523 c number of splits: 423 s UNSATISFIABLE
100-540/output_68.cnf: c total solving time: 0.5813415050506592 c number of splits: 229 s UNSATISFIABLE
100-540/output_69.cnf: c total solving time: 0.582287073135376 c number of splits: 227 s UNSATISFIABLE
100-540/output_7.cnf: c total solving time: 1.0294287204742432 c number of splits: 387 s UNSATISFIABLE
100-540/output_70.cnf: c total solving time: 0.6185941696166992 c number of splits: 237 s UNSATISFIABLE
100-540/output_71.cnf: c total solving time: 0.7886452674865723 c number of splits: 315 s UNSATISFIABLE
100-540/output_72.cnf: c total solving time: 1.0244200229644775 c number of splits: 413 s UNSATISFIABLE
100-540/output_73.cnf: c total solving time: 0.9485030174255371 c number of splits: 375 s UNSATISFIABLE
100-540/output_74.cnf: c total solving time: 0.8331878185272217 c number of splits: 321 s UNSATISFIABLE
100-540/output_75.cnf: c total solving time: 1.0694422721862793 c number of splits: 413 s UNSATISFIABLE
100-540/output_76.cnf: c total solving time: 0.7504396438598633 c number of splits: 279 s UNSATISFIABLE
100-540/output_77.cnf: c total solving time: 0.9626262187957764 c number of splits: 373 s UNSATISFIABLE
100-540/output_78.cnf: c total solving time: 1.3753187656402588 c number of splits: 573 s UNSATISFIABLE
100-540/output_79.cnf: c total solving time: 1.0913002490997314 c number of splits: 417 s UNSATISFIABLE
100-540/output_8.cnf: c total solving time: 1.1007490158081055 c number of splits: 417 s UNSATISFIABLE
100-540/output_80.cnf: c total solving time: 1.1654624938964844 c number of splits: 459 s UNSATISFIABLE
100-540/output_81.cnf: c total solving time: 1.2189276218414307 c number of splits: 483 s UNSATISFIABLE
100-540/output_82.cnf: c total solving time: 0.8888838291168213 c number of splits: 343 s UNSATISFIABLE
100-540/output_83.cnf: c total solving time: 1.053091287612915 c number of splits: 401 s UNSATISFIABLE
100-540/output_84.cnf: c total solving time: 0.639085054397583 c number of splits: 241 s UNSATISFIABLE
100-540/output_85.cnf: c total solving time: 0.8379895687103271 c number of splits: 303 s UNSATISFIABLE
100-540/output_86.cnf: c total solving time: 1.5309979915618896 c number of splits: 641 s UNSATISFIABLE
100-540/output_87.cnf: c total solving time: 0.8615949153900146 c number of splits: 343 s UNSATISFIABLE
100-540/output_88.cnf: c total solving time: 0.8972916603088379 c number of splits: 347 s UNSATISFIABLE
100-540/output_89.cnf: c total solving time: 0.8175818920135498 c number of splits: 331 s UNSATISFIABLE
100-540/output_9.cnf: c total solving time: 0.6187882423400879 c number of splits: 235 s UNSATISFIABLE
100-540/output_90.cnf: c total solving time: 0.7520453929901123 c number of splits: 285 s UNSATISFIABLE
100-540/output_91.cnf: c total solving time: 1.2014849185943604 c number of splits: 481 s UNSATISFIABLE
100-540/output_92.cnf: c total solving time: 0.8414003849029541 c number of splits: 329 s UNSATISFIABLE
100-540/output_93.cnf: c total solving time: 0.7878074645996094 c number of splits: 301 s UNSATISFIABLE
100-540/output_94.cnf: c total solving time: 0.8154492378234863 c number of splits: 319 s UNSATISFIABLE
100-540/output_95.cnf: c total solving time: 1.1413888931274414 c number of splits: 447 s UNSATISFIABLE
100-540/output_96.cnf: c total solving time: 0.8124969005584717 c number of splits: 309 s UNSATISFIABLE
100-540/output_97.cnf: c total solving time: 0.898735523223877 c number of splits: 367 s UNSATISFIABLE
100-540/output_98.cnf: c total solving time: 0.6977725028991699 c number of splits: 265 s UNSATISFIABLE
100-540/output_99.cnf: c total solving time: 0.9505126476287842 c number of splits: 383 s UNSATISFIABLE
Total solving time: 92.27238345146179195
Median solving time: .90
Total number of splits: 36206
Median number of splits: 358.00
Number of satisfiable: 0
