c total solving time: 0.7716782093048096 c number of splits: 233 s UNSATISFIABLE
c total solving time: 0.8851428031921387 c number of splits: 293 s UNSATISFIABLE
c total solving time: 0.4366147518157959 c number of splits: 135 s UNSATISFIABLE
c total solving time: 0.8145852088928223 c number of splits: 261 s UNSATISFIABLE
c total solving time: 0.4716918468475342 c number of splits: 143 s UNSATISFIABLE
c total solving time: 1.2547979354858398 c number of splits: 403 s UNSATISFIABLE
c total solving time: 0.9849424362182617 c number of splits: 299 s UNSATISFIABLE
c total solving time: 1.0540611743927002 c number of splits: 333 s UNSATISFIABLE
c total solving time: 1.2587621212005615 c number of splits: 407 s UNSATISFIABLE
c total solving time: 0.6782758235931396 c number of splits: 203 s UNSATISFIABLE
c total solving time: 1.1752629280090332 c number of splits: 371 s UNSATISFIABLE
c total solving time: 1.0986254215240479 c number of splits: 355 s UNSATISFIABLE
c total solving time: 0.7339050769805908 c number of splits: 229 s UNSATISFIABLE
c total solving time: 0.6035897731781006 c number of splits: 179 s UNSATISFIABLE
c total solving time: 0.7626678943634033 c number of splits: 237 s UNSATISFIABLE
c total solving time: 0.47297048568725586 c number of splits: 141 s UNSATISFIABLE
c total solving time: 0.9568526744842529 c number of splits: 309 s UNSATISFIABLE
c total solving time: 1.078406810760498 c number of splits: 345 s UNSATISFIABLE
c total solving time: 1.10597825050354 c number of splits: 347 s UNSATISFIABLE
c total solving time: 0.5960862636566162 c number of splits: 183 s UNSATISFIABLE
c total solving time: 0.907372236251831 c number of splits: 287 s UNSATISFIABLE
c total solving time: 0.8484897613525391 c number of splits: 267 s UNSATISFIABLE
c total solving time: 1.4444844722747803 c number of splits: 475 s UNSATISFIABLE
c total solving time: 1.0837066173553467 c number of splits: 349 s UNSATISFIABLE
c total solving time: 1.5470731258392334 c number of splits: 507 s UNSATISFIABLE
c total solving time: 0.563709020614624 c number of splits: 169 s UNSATISFIABLE
c total solving time: 0.6556248664855957 c number of splits: 201 s UNSATISFIABLE
c total solving time: 0.7913649082183838 c number of splits: 243 s UNSATISFIABLE
c total solving time: 1.3060131072998047 c number of splits: 427 s UNSATISFIABLE
c total solving time: 0.900829553604126 c number of splits: 277 s UNSATISFIABLE
c total solving time: 0.4875006675720215 c number of splits: 137 s UNSATISFIABLE
c total solving time: 0.8140652179718018 c number of splits: 249 s UNSATISFIABLE
c total solving time: 0.6573655605316162 c number of splits: 203 s UNSATISFIABLE
c total solving time: 1.0046377182006836 c number of splits: 317 s UNSATISFIABLE
c total solving time: 0.946918249130249 c number of splits: 281 s UNSATISFIABLE
c total solving time: 1.0023751258850098 c number of splits: 319 s UNSATISFIABLE
c total solving time: 0.6773629188537598 c number of splits: 209 s UNSATISFIABLE
c total solving time: 0.8548674583435059 c number of splits: 279 s UNSATISFIABLE
c total solving time: 0.7219789028167725 c number of splits: 223 s UNSATISFIABLE
c total solving time: 1.0320677757263184 c number of splits: 335 s UNSATISFIABLE
c total solving time: 1.23958158493042 c number of splits: 393 s UNSATISFIABLE
c total solving time: 0.6016309261322021 c number of splits: 171 s UNSATISFIABLE
c total solving time: 0.43744778633117676 c number of splits: 127 s UNSATISFIABLE
c total solving time: 0.701709508895874 c number of splits: 215 s UNSATISFIABLE
c total solving time: 0.6125631332397461 c number of splits: 193 s UNSATISFIABLE
c total solving time: 0.9358417987823486 c number of splits: 301 s UNSATISFIABLE
c total solving time: 0.6797239780426025 c number of splits: 221 s UNSATISFIABLE
c total solving time: 1.2293624877929688 c number of splits: 389 s UNSATISFIABLE
c total solving time: 0.6988191604614258 c number of splits: 211 s UNSATISFIABLE
c total solving time: 0.9123392105102539 c number of splits: 285 s UNSATISFIABLE
c total solving time: 0.7804460525512695 c number of splits: 243 s UNSATISFIABLE
c total solving time: 1.3526837825775146 c number of splits: 461 s UNSATISFIABLE
c total solving time: 1.2235357761383057 c number of splits: 429 s UNSATISFIABLE
c total solving time: 0.5673282146453857 c number of splits: 171 s UNSATISFIABLE
c total solving time: 0.27779436111450195 c number of splits: 83 s UNSATISFIABLE
c total solving time: 0.7990283966064453 c number of splits: 243 s UNSATISFIABLE
c total solving time: 0.8860859870910645 c number of splits: 277 s UNSATISFIABLE
c total solving time: 0.853156566619873 c number of splits: 273 s UNSATISFIABLE
c total solving time: 0.8022840023040771 c number of splits: 253 s UNSATISFIABLE
c total solving time: 0.6057560443878174 c number of splits: 193 s UNSATISFIABLE
c total solving time: 0.8178718090057373 c number of splits: 259 s UNSATISFIABLE
c total solving time: 0.5211524963378906 c number of splits: 165 s UNSATISFIABLE
c total solving time: 0.9962954521179199 c number of splits: 321 s UNSATISFIABLE
c total solving time: 0.5458102226257324 c number of splits: 179 s UNSATISFIABLE
c total solving time: 0.8276052474975586 c number of splits: 265 s UNSATISFIABLE
c total solving time: 0.5970878601074219 c number of splits: 187 s UNSATISFIABLE
c total solving time: 0.7990729808807373 c number of splits: 261 s UNSATISFIABLE
c total solving time: 0.6446058750152588 c number of splits: 207 s UNSATISFIABLE
c total solving time: 0.5900745391845703 c number of splits: 189 s UNSATISFIABLE
c total solving time: 0.5928504467010498 c number of splits: 189 s UNSATISFIABLE
c total solving time: 0.8963503837585449 c number of splits: 279 s UNSATISFIABLE
c total solving time: 0.9242570400238037 c number of splits: 291 s UNSATISFIABLE
c total solving time: 0.7363028526306152 c number of splits: 225 s UNSATISFIABLE
c total solving time: 0.6535379886627197 c number of splits: 195 s UNSATISFIABLE
c total solving time: 1.5610017776489258 c number of splits: 509 s UNSATISFIABLE
c total solving time: 0.9358601570129395 c number of splits: 285 s UNSATISFIABLE
c total solving time: 1.1519277095794678 c number of splits: 369 s UNSATISFIABLE
c total solving time: 0.8731772899627686 c number of splits: 275 s UNSATISFIABLE
c total solving time: 0.809349775314331 c number of splits: 253 s UNSATISFIABLE
c total solving time: 1.0299863815307617 c number of splits: 337 s UNSATISFIABLE
c total solving time: 0.9749882221221924 c number of splits: 305 s UNSATISFIABLE
c total solving time: 0.8306407928466797 c number of splits: 263 s UNSATISFIABLE
c total solving time: 0.899773120880127 c number of splits: 275 s UNSATISFIABLE
c total solving time: 0.6418604850769043 c number of splits: 193 s UNSATISFIABLE
c total solving time: 1.0598118305206299 c number of splits: 349 s UNSATISFIABLE
c total solving time: 0.6513867378234863 c number of splits: 195 s UNSATISFIABLE
c total solving time: 0.7866251468658447 c number of splits: 243 s UNSATISFIABLE
c total solving time: 0.8899753093719482 c number of splits: 281 s UNSATISFIABLE
c total solving time: 0.7529571056365967 c number of splits: 239 s UNSATISFIABLE
c total solving time: 0.5990686416625977 c number of splits: 185 s UNSATISFIABLE
c total solving time: 0.6665270328521729 c number of splits: 199 s UNSATISFIABLE
c total solving time: 0.6864445209503174 c number of splits: 215 s UNSATISFIABLE
c total solving time: 1.2287015914916992 c number of splits: 387 s UNSATISFIABLE
c total solving time: 0.5375683307647705 c number of splits: 155 s UNSATISFIABLE
c total solving time: 0.8572344779968262 c number of splits: 275 s UNSATISFIABLE
c total solving time: 0.8012406826019287 c number of splits: 229 s UNSATISFIABLE
c total solving time: 1.0903778076171875 c number of splits: 359 s UNSATISFIABLE
c total solving time: 0.734034538269043 c number of splits: 239 s UNSATISFIABLE
c total solving time: 0.5763223171234131 c number of splits: 169 s UNSATISFIABLE
c total solving time: 0.8484268188476562 c number of splits: 261 s UNSATISFIABLE
Total solving time: 84.25796771049499517
Median solving time: .81
Total number of splits: 26548
Median number of splits: 260.00
Number of satisfiable: 0
