100-480/output_0.cnf: c total solving time: 1.124556064605713 c number of splits: 515 s UNSATISFIABLE
100-480/output_1.cnf: c total solving time: 1.2444515228271484 c number of splits: 561 s UNSATISFIABLE
100-480/output_10.cnf: c total solving time: 1.043475866317749 c number of splits: 485 s UNSATISFIABLE
100-480/output_11.cnf: c total solving time: 0.7819113731384277 c number of splits: 355 s UNSATISFIABLE
100-480/output_12.cnf: c total solving time: 0.9253294467926025 c number of splits: 429 s UNSATISFIABLE
100-480/output_13.cnf: c total solving time: 1.3202369213104248 c number of splits: 589 s UNSATISFIABLE
100-480/output_14.cnf: c total solving time: 0.661003589630127 c number of splits: 295 s UNSATISFIABLE
100-480/output_15.cnf: c total solving time: 1.5245509147644043 c number of splits: 737 s UNSATISFIABLE
100-480/output_16.cnf: c total solving time: 1.681135654449463 c number of splits: 819 s UNSATISFIABLE
100-480/output_17.cnf: c total solving time: 1.6096577644348145 c number of splits: 765 s UNSATISFIABLE
100-480/output_18.cnf: c total solving time: 2.1065902709960938 c number of splits: 1039 s UNSATISFIABLE
100-480/output_19.cnf: c total solving time: 1.0480272769927979 c number of splits: 475 s UNSATISFIABLE
100-480/output_2.cnf: c total solving time: 0.9154014587402344 c number of splits: 409 s UNSATISFIABLE
100-480/output_20.cnf: c total solving time: 1.2398161888122559 c number of splits: 585 s UNSATISFIABLE
100-480/output_21.cnf: c total solving time: 1.4423942565917969 c number of splits: 695 s UNSATISFIABLE
100-480/output_22.cnf: c total solving time: 2.6266329288482666 c number of splits: 1237 s UNSATISFIABLE
100-480/output_23.cnf: c total solving time: 0.37842702865600586 c number of splits: 191 s SATISFIABLE v -1 -2 3 -4 5 6 7 8 -9 -10 -11 -12 -13 14 -15 16 17 18 -19 20 -21 -22 -23 -24 -25 -26 -27 28 -29 30 31 32 -33 34 35 -36 37 -38 -39 40 -41 -42 43 44 45 46 -47 -48 49 50 -51 -52 -53 54 -55 -56 -57 -58 -59 -60 -61 -62 -63 64 65 -66 67 -68 -69 70 71 72 -73 -74 75 76 77 78 79 80 -81 -82 -83 -84 85 -86 -87 88 -89 90 -91 92 93 94 -95 96 -97 98 -99 100 0
100-480/output_24.cnf: c total solving time: 1.0100669860839844 c number of splits: 469 s UNSATISFIABLE
100-480/output_25.cnf: c total solving time: 1.2806487083435059 c number of splits: 599 s UNSATISFIABLE
100-480/output_26.cnf: c total solving time: 0.9765934944152832 c number of splits: 457 s UNSATISFIABLE
100-480/output_27.cnf: c total solving time: 1.5908303260803223 c number of splits: 773 s UNSATISFIABLE
100-480/output_28.cnf: c total solving time: 1.2476370334625244 c number of splits: 595 s UNSATISFIABLE
100-480/output_29.cnf: c total solving time: 2.7768678665161133 c number of splits: 1323 s UNSATISFIABLE
100-480/output_3.cnf: c total solving time: 0.8387722969055176 c number of splits: 367 s UNSATISFIABLE
100-480/output_30.cnf: c total solving time: 1.7516465187072754 c number of splits: 837 s UNSATISFIABLE
100-480/output_31.cnf: c total solving time: 1.4350736141204834 c number of splits: 681 s UNSATISFIABLE
100-480/output_32.cnf: c total solving time: 2.1739630699157715 c number of splits: 1035 s UNSATISFIABLE
100-480/output_33.cnf: c total solving time: 1.5926570892333984 c number of splits: 741 s UNSATISFIABLE
100-480/output_34.cnf: c total solving time: 1.6201682090759277 c number of splits: 779 s UNSATISFIABLE
100-480/output_35.cnf: c total solving time: 2.7219631671905518 c number of splits: 1289 s UNSATISFIABLE
100-480/output_36.cnf: c total solving time: 1.2731146812438965 c number of splits: 583 s UNSATISFIABLE
100-480/output_37.cnf: c total solving time: 2.153797149658203 c number of splits: 989 s UNSATISFIABLE
100-480/output_38.cnf: c total solving time: 0.5879895687103271 c number of splits: 267 s UNSATISFIABLE
100-480/output_39.cnf: c total solving time: 1.7075746059417725 c number of splits: 789 s UNSATISFIABLE
100-480/output_4.cnf: c total solving time: 0.9153590202331543 c number of splits: 411 s UNSATISFIABLE
100-480/output_40.cnf: c total solving time: 1.094602346420288 c number of splits: 493 s UNSATISFIABLE
100-480/output_41.cnf: c total solving time: 0.8471765518188477 c number of splits: 383 s UNSATISFIABLE
100-480/output_42.cnf: c total solving time: 2.9103100299835205 c number of splits: 1613 s UNSATISFIABLE
100-480/output_43.cnf: c total solving time: 0.6670663356781006 c number of splits: 287 s UNSATISFIABLE
100-480/output_44.cnf: c total solving time: 0.9701521396636963 c number of splits: 431 s UNSATISFIABLE
100-480/output_45.cnf: c total solving time: 1.4724042415618896 c number of splits: 701 s UNSATISFIABLE
100-480/output_46.cnf: c total solving time: 0.7950191497802734 c number of splits: 371 s UNSATISFIABLE
100-480/output_47.cnf: c total solving time: 1.6282694339752197 c number of splits: 831 s UNSATISFIABLE
100-480/output_48.cnf: c total solving time: 1.5998225212097168 c number of splits: 773 s UNSATISFIABLE
100-480/output_49.cnf: c total solving time: 1.4460303783416748 c number of splits: 689 s UNSATISFIABLE
100-480/output_5.cnf: c total solving time: 0.8778567314147949 c number of splits: 391 s UNSATISFIABLE
100-480/output_50.cnf: c total solving time: 1.5813381671905518 c number of splits: 699 s UNSATISFIABLE
100-480/output_51.cnf: c total solving time: 1.3962557315826416 c number of splits: 731 s UNSATISFIABLE
100-480/output_52.cnf: c total solving time: 1.240861177444458 c number of splits: 557 s UNSATISFIABLE
100-480/output_53.cnf: c total solving time: 1.9063832759857178 c number of splits: 917 s UNSATISFIABLE
100-480/output_54.cnf: c total solving time: 1.9467840194702148 c number of splits: 883 s UNSATISFIABLE
100-480/output_55.cnf: c total solving time: 1.1791539192199707 c number of splits: 517 s UNSATISFIABLE
100-480/output_56.cnf: c total solving time: 0.931957483291626 c number of splits: 449 s UNSATISFIABLE
100-480/output_57.cnf: c total solving time: 0.9668853282928467 c number of splits: 447 s UNSATISFIABLE
100-480/output_58.cnf: c total solving time: 0.6239349842071533 c number of splits: 261 s UNSATISFIABLE
100-480/output_59.cnf: c total solving time: 1.1202080249786377 c number of splits: 511 s UNSATISFIABLE
100-480/output_6.cnf: c total solving time: 1.0995278358459473 c number of splits: 481 s UNSATISFIABLE
100-480/output_60.cnf: c total solving time: 0.9402804374694824 c number of splits: 443 s UNSATISFIABLE
100-480/output_61.cnf: c total solving time: 1.6595630645751953 c number of splits: 773 s UNSATISFIABLE
100-480/output_62.cnf: c total solving time: 1.6733765602111816 c number of splits: 815 s UNSATISFIABLE
100-480/output_63.cnf: c total solving time: 0.9157369136810303 c number of splits: 425 s UNSATISFIABLE
100-480/output_64.cnf: c total solving time: 1.5121428966522217 c number of splits: 695 s UNSATISFIABLE
100-480/output_65.cnf: c total solving time: 0.9875662326812744 c number of splits: 423 s UNSATISFIABLE
100-480/output_66.cnf: c total solving time: 1.721238613128662 c number of splits: 853 s SATISFIABLE v -1 2 3 4 5 6 7 -8 9 -10 -11 -12 13 14 -15 16 -17 -18 19 -20 -21 -22 23 -24 -25 26 -27 28 29 30 31 32 -33 -34 35 36 37 38 -39 40 41 42 -43 44 -45 -46 -47 -48 -49 50 -51 52 -53 54 55 56 57 -58 -59 -60 -61 62 63 64 -65 66 67 68 -69 70 -71 -72 73 74 75 -76 77 -78 79 80 -81 82 -83 84 -85 86 87 -88 -89 90 -91 -92 -93 -94 95 -96 97 -98 99 -100 0
100-480/output_67.cnf: c total solving time: 1.3247151374816895 c number of splits: 635 s UNSATISFIABLE
100-480/output_68.cnf: c total solving time: 1.274174451828003 c number of splits: 615 s UNSATISFIABLE
100-480/output_69.cnf: c total solving time: 0.9889700412750244 c number of splits: 425 s UNSATISFIABLE
100-480/output_7.cnf: c total solving time: 2.4652748107910156 c number of splits: 1125 s UNSATISFIABLE
100-480/output_70.cnf: c total solving time: 0.9335060119628906 c number of splits: 415 s UNSATISFIABLE
100-480/output_71.cnf: c total solving time: 1.1971514225006104 c number of splits: 569 s UNSATISFIABLE
100-480/output_72.cnf: c total solving time: 1.3033819198608398 c number of splits: 603 s UNSATISFIABLE
100-480/output_73.cnf: c total solving time: 1.448737621307373 c number of splits: 659 s UNSATISFIABLE
100-480/output_74.cnf: c total solving time: 2.0519750118255615 c number of splits: 969 s UNSATISFIABLE
100-480/output_75.cnf: c total solving time: 1.3135905265808105 c number of splits: 601 s UNSATISFIABLE
100-480/output_76.cnf: c total solving time: 1.302560806274414 c number of splits: 601 s UNSATISFIABLE
100-480/output_77.cnf: c total solving time: 1.4509410858154297 c number of splits: 691 s UNSATISFIABLE
100-480/output_78.cnf: c total solving time: 1.7007255554199219 c number of splits: 799 s UNSATISFIABLE
100-480/output_79.cnf: c total solving time: 0.8378946781158447 c number of splits: 369 s UNSATISFIABLE
100-480/output_8.cnf: c total solving time: 1.6269729137420654 c number of splits: 767 s UNSATISFIABLE
100-480/output_80.cnf: c total solving time: 1.1792500019073486 c number of splits: 565 s UNSATISFIABLE
100-480/output_81.cnf: c total solving time: 2.2549099922180176 c number of splits: 1085 s UNSATISFIABLE
100-480/output_82.cnf: c total solving time: 1.715881586074829 c number of splits: 805 s UNSATISFIABLE
100-480/output_83.cnf: c total solving time: 1.523179292678833 c number of splits: 727 s UNSATISFIABLE
100-480/output_84.cnf: c total solving time: 2.0666894912719727 c number of splits: 1005 s UNSATISFIABLE
100-480/output_85.cnf: c total solving time: 1.3257596492767334 c number of splits: 637 s UNSATISFIABLE
100-480/output_86.cnf: c total solving time: 0.853442907333374 c number of splits: 385 s UNSATISFIABLE
100-480/output_87.cnf: c total solving time: 1.6276252269744873 c number of splits: 805 s UNSATISFIABLE
100-480/output_88.cnf: c total solving time: 2.2049803733825684 c number of splits: 1043 s UNSATISFIABLE
100-480/output_89.cnf: c total solving time: 1.3121445178985596 c number of splits: 609 s UNSATISFIABLE
100-480/output_9.cnf: c total solving time: 0.9840965270996094 c number of splits: 488 s SATISFIABLE v 1 -2 3 4 5 6 -7 8 -9 -10 11 12 -13 14 15 -16 17 -18 19 -20 -21 22 23 -24 25 26 -27 28 -29 30 -31 32 -33 -34 35 36 -37 38 39 -40 41 42 43 44 -45 -46 47 -48 -49 50 -51 -52 53 54 -55 56 57 -58 59 60 -61 62 -63 64 65 -66 67 -68 -69 70 -71 -72 73 -74 -75 76 77 78 -79 -80 81 -82 -83 84 85 -86 -87 -88 89 90 -91 92 -93 94 -95 96 97 98 99 -100 0
100-480/output_90.cnf: c total solving time: 2.123607873916626 c number of splits: 1003 s UNSATISFIABLE
100-480/output_91.cnf: c total solving time: 1.5761525630950928 c number of splits: 741 s UNSATISFIABLE
100-480/output_92.cnf: c total solving time: 2.705993175506592 c number of splits: 1245 s UNSATISFIABLE
100-480/output_93.cnf: c total solving time: 0.9995865821838379 c number of splits: 465 s UNSATISFIABLE
100-480/output_94.cnf: c total solving time: 1.137157917022705 c number of splits: 509 s UNSATISFIABLE
100-480/output_95.cnf: c total solving time: 1.0118825435638428 c number of splits: 469 s UNSATISFIABLE
100-480/output_96.cnf: c total solving time: 1.3373045921325684 c number of splits: 637 s UNSATISFIABLE
100-480/output_97.cnf: c total solving time: 1.6051719188690186 c number of splits: 771 s UNSATISFIABLE
100-480/output_98.cnf: c total solving time: 1.6899595260620117 c number of splits: 781 s UNSATISFIABLE
100-480/output_99.cnf: c total solving time: 1.137610673904419 c number of splits: 515 s UNSATISFIABLE
Total solving time: 140.63318538665771516
Median solving time: 1.31
Total number of splits: 66141
Median number of splits: 606.00
Number of satisfiable: 3
