100-440/output_0.cnf: c total solving time: 1.9101877212524414 c number of splits: 973 s UNSATISFIABLE
100-440/output_1.cnf: c total solving time: 3.3961751461029053 c number of splits: 1971 s UNSATISFIABLE
100-440/output_10.cnf: c total solving time: 0.1531078815460205 c number of splits: 80 s SATISFIABLE v -1 -2 3 -4 5 -6 -7 8 -9 -10 11 12 13 14 15 16 17 18 -19 20 -21 -22 23 24 25 26 27 28 -29 30 -31 -32 33 -34 35 -36 -37 -38 39 40 -41 42 43 44 45 -46 47 -48 49 -50 -51 -52 53 -54 -55 56 -57 -58 59 60 -61 -62 -63 -64 65 66 -67 -68 69 -70 -71 -72 -73 -74 75 76 77 78 -79 -80 -81 -82 -83 84 -85 -86 -87 -88 89 90 91 -92 -93 94 95 96 97 -98 99 100 0
100-440/output_11.cnf: c total solving time: 1.3203036785125732 c number of splits: 715 s UNSATISFIABLE
100-440/output_12.cnf: c total solving time: 1.1630699634552002 c number of splits: 621 s UNSATISFIABLE
100-440/output_13.cnf: c total solving time: 1.7274723052978516 c number of splits: 893 s UNSATISFIABLE
100-440/output_14.cnf: c total solving time: 3.5609264373779297 c number of splits: 1929 s UNSATISFIABLE
100-440/output_15.cnf: c total solving time: 0.9053835868835449 c number of splits: 447 s UNSATISFIABLE
100-440/output_16.cnf: c total solving time: 0.846165657043457 c number of splits: 423 s UNSATISFIABLE
100-440/output_17.cnf: c total solving time: 2.5508830547332764 c number of splits: 1519 s UNSATISFIABLE
100-440/output_18.cnf: c total solving time: 2.9972712993621826 c number of splits: 1587 s UNSATISFIABLE
100-440/output_19.cnf: c total solving time: 3.420283555984497 c number of splits: 1933 s UNSATISFIABLE
100-440/output_2.cnf: c total solving time: 0.3230476379394531 c number of splits: 170 s SATISFIABLE v -1 2 3 -4 -5 6 7 8 -9 10 11 -12 13 -14 15 16 17 -18 19 -20 -21 -22 -23 -24 25 26 27 28 29 -30 31 32 33 -34 35 36 37 38 -39 -40 -41 -42 43 44 45 46 47 48 -49 -50 -51 52 53 54 55 -56 -57 58 59 60 61 -62 63 64 -65 -66 -67 -68 69 70 -71 72 -73 74 -75 -76 77 -78 -79 80 -81 82 -83 -84 85 -86 87 88 89 -90 -91 92 93 94 95 -96 -97 98 -99 100 0
100-440/output_20.cnf: c total solving time: 1.814584493637085 c number of splits: 929 s UNSATISFIABLE
100-440/output_21.cnf: c total solving time: 2.128965377807617 c number of splits: 1167 s UNSATISFIABLE
100-440/output_22.cnf: c total solving time: 2.57865834236145 c number of splits: 1527 s UNSATISFIABLE
100-440/output_23.cnf: c total solving time: 0.9776294231414795 c number of splits: 484 s SATISFIABLE v 1 2 -3 -4 5 -6 7 8 9 10 -11 12 13 -14 -15 16 -17 18 19 20 21 -22 23 24 25 26 -27 28 -29 30 -31 32 33 34 35 36 -37 -38 39 -40 -41 42 -43 -44 -45 46 47 48 49 50 -51 52 53 54 -55 56 57 58 59 60 -61 62 63 64 -65 66 -67 -68 69 70 -71 -72 -73 74 -75 76 77 -78 -79 -80 -81 -82 83 84 -85 -86 87 88 89 -90 91 92 -93 94 95 -96 -97 -98 -99 100 0
100-440/output_24.cnf: c total solving time: 3.119074583053589 c number of splits: 1699 s UNSATISFIABLE
100-440/output_25.cnf: c total solving time: 2.7982213497161865 c number of splits: 1519 s UNSATISFIABLE
100-440/output_26.cnf: c total solving time: 1.849931240081787 c number of splits: 999 s UNSATISFIABLE
100-440/output_27.cnf: c total solving time: 2.3776416778564453 c number of splits: 1249 s UNSATISFIABLE
100-440/output_28.cnf: c total solving time: 1.6004321575164795 c number of splits: 797 s UNSATISFIABLE
100-440/output_29.cnf: c total solving time: 2.4550716876983643 c number of splits: 1315 s UNSATISFIABLE
100-440/output_3.cnf: c total solving time: 1.554661750793457 c number of splits: 827 s UNSATISFIABLE
100-440/output_30.cnf: c total solving time: 1.4604523181915283 c number of splits: 841 s UNSATISFIABLE
100-440/output_31.cnf: c total solving time: 2.2241029739379883 c number of splits: 1231 s UNSATISFIABLE
100-440/output_32.cnf: c total solving time: 2.0474791526794434 c number of splits: 1139 s UNSATISFIABLE
100-440/output_33.cnf: c total solving time: 2.049025058746338 c number of splits: 1125 s UNSATISFIABLE
100-440/output_34.cnf: c total solving time: 1.0055603981018066 c number of splits: 593 s SATISFIABLE v -1 2 3 -4 5 -6 -7 8 -9 10 -11 12 13 -14 -15 16 -17 18 19 20 -21 22 -23 -24 25 26 27 -28 29 -30 31 -32 33 34 -35 36 -37 -38 -39 -40 -41 42 -43 44 -45 46 47 -48 49 50 -51 52 53 54 55 56 57 58 59 -60 61 -62 -63 -64 -65 -66 -67 -68 69 -70 -71 72 -73 -74 -75 76 77 78 79 -80 81 82 83 84 -85 86 -87 -88 89 -90 -91 -92 93 94 95 96 -97 -98 99 100 0
100-440/output_35.cnf: c total solving time: 0.5090570449829102 c number of splits: 293 s SATISFIABLE v 1 2 -3 4 -5 6 -7 8 9 10 11 -12 13 -14 15 16 17 18 -19 20 21 22 -23 24 25 -26 27 -28 29 -30 31 -32 -33 34 35 36 -37 -38 39 40 -41 -42 43 -44 -45 46 -47 -48 -49 50 -51 52 -53 54 55 -56 -57 -58 -59 -60 -61 62 -63 64 -65 66 67 -68 -69 70 -71 72 73 74 75 -76 -77 -78 79 -80 -81 -82 83 -84 85 86 87 88 -89 90 91 92 -93 94 -95 96 97 -98 -99 100 0
100-440/output_36.cnf: c total solving time: 2.7306571006774902 c number of splits: 1535 s UNSATISFIABLE
100-440/output_37.cnf: c total solving time: 2.5532045364379883 c number of splits: 1427 s UNSATISFIABLE
100-440/output_38.cnf: c total solving time: 1.661773443222046 c number of splits: 855 s UNSATISFIABLE
100-440/output_39.cnf: c total solving time: 1.4212102890014648 c number of splits: 704 s SATISFIABLE v -1 2 -3 -4 5 -6 7 -8 -9 10 11 -12 -13 -14 -15 16 -17 18 19 -20 21 -22 -23 -24 -25 -26 27 -28 -29 30 -31 -32 -33 34 -35 36 -37 -38 -39 40 41 -42 -43 44 45 -46 47 48 49 -50 51 52 53 54 55 56 57 58 -59 -60 -61 62 63 -64 -65 66 -67 68 69 70 71 -72 73 -74 75 76 -77 -78 79 80 81 -82 -83 -84 -85 -86 -87 -88 89 90 91 92 93 -94 -95 -96 -97 98 99 100 0
100-440/output_4.cnf: c total solving time: 1.3443987369537354 c number of splits: 695 s UNSATISFIABLE
100-440/output_40.cnf: c total solving time: 0.7928614616394043 c number of splits: 434 s SATISFIABLE v 1 2 3 4 5 6 7 -8 9 10 -11 -12 13 -14 15 -16 -17 -18 19 20 -21 -22 -23 -24 25 26 27 -28 -29 -30 -31 32 33 -34 35 -36 37 38 39 40 41 -42 43 44 -45 -46 -47 -48 -49 -50 51 52 -53 54 -55 -56 -57 58 -59 -60 -61 62 -63 64 -65 -66 -67 68 69 70 71 -72 -73 -74 -75 76 -77 -78 79 80 -81 -82 -83 84 -85 -86 87 88 89 -90 -91 92 -93 -94 -95 96 97 98 -99 100 0
100-440/output_41.cnf: c total solving time: 1.8498356342315674 c number of splits: 985 s UNSATISFIABLE
100-440/output_42.cnf: c total solving time: 1.4331088066101074 c number of splits: 731 s UNSATISFIABLE
100-440/output_43.cnf: c total solving time: 2.997328042984009 c number of splits: 1635 s UNSATISFIABLE
100-440/output_44.cnf: c total solving time: 1.7814555168151855 c number of splits: 961 s UNSATISFIABLE
100-440/output_45.cnf: c total solving time: 2.3851428031921387 c number of splits: 1249 s UNSATISFIABLE
100-440/output_46.cnf: c total solving time: 0.5351235866546631 c number of splits: 308 s SATISFIABLE v -1 2 -3 4 -5 6 -7 8 -9 -10 -11 -12 -13 -14 15 -16 17 -18 -19 -20 -21 22 -23 -24 25 26 -27 28 29 -30 31 32 33 34 -35 36 37 38 -39 40 41 -42 43 44 45 46 47 -48 -49 -50 -51 52 53 54 55 56 -57 58 59 -60 61 62 -63 -64 65 66 67 68 -69 -70 -71 -72 73 74 75 -76 -77 -78 -79 80 81 82 83 84 -85 86 87 88 -89 90 -91 -92 -93 94 -95 96 97 -98 99 100 0
100-440/output_47.cnf: c total solving time: 0.8850045204162598 c number of splits: 469 s UNSATISFIABLE
100-440/output_48.cnf: c total solving time: 2.0377564430236816 c number of splits: 1093 s UNSATISFIABLE
100-440/output_49.cnf: c total solving time: 1.8981294631958008 c number of splits: 999 s UNSATISFIABLE
100-440/output_5.cnf: c total solving time: 1.8213114738464355 c number of splits: 939 s UNSATISFIABLE
100-440/output_50.cnf: c total solving time: 1.5026047229766846 c number of splits: 787 s UNSATISFIABLE
100-440/output_51.cnf: c total solving time: 2.3702144622802734 c number of splits: 1365 s UNSATISFIABLE
100-440/output_52.cnf: c total solving time: 2.9846889972686768 c number of splits: 1673 s UNSATISFIABLE
100-440/output_53.cnf: c total solving time: 2.138695478439331 c number of splits: 1165 s UNSATISFIABLE
100-440/output_54.cnf: c total solving time: 0.43433284759521484 c number of splits: 268 s SATISFIABLE v 1 -2 -3 -4 -5 6 -7 8 9 10 -11 -12 13 -14 -15 16 -17 18 -19 20 -21 22 -23 24 -25 -26 27 28 -29 30 -31 32 -33 34 -35 36 -37 38 39 -40 -41 -42 -43 -44 45 46 47 -48 49 50 51 52 -53 -54 -55 -56 -57 -58 59 -60 61 -62 -63 -64 65 -66 -67 68 69 -70 71 -72 73 74 -75 76 -77 -78 79 80 81 -82 83 -84 85 86 87 -88 -89 -90 91 -92 -93 94 -95 96 97 -98 -99 100 0
100-440/output_55.cnf: c total solving time: 1.87910795211792 c number of splits: 1083 s UNSATISFIABLE
100-440/output_56.cnf: c total solving time: 0.20035457611083984 c number of splits: 141 s SATISFIABLE v -1 -2 -3 -4 5 6 7 -8 -9 -10 11 12 -13 14 15 16 -17 -18 -19 20 21 -22 23 24 25 26 -27 -28 -29 30 31 -32 33 34 -35 36 -37 38 39 40 -41 42 43 -44 45 46 47 48 49 -50 51 -52 -53 -54 55 56 57 58 59 60 -61 62 -63 64 -65 -66 67 -68 69 70 -71 72 73 -74 75 -76 -77 -78 -79 -80 81 82 -83 -84 -85 -86 -87 88 89 90 91 92 93 -94 95 -96 -97 98 99 100 0
100-440/output_57.cnf: c total solving time: 0.4096086025238037 c number of splits: 186 s SATISFIABLE v -1 -2 3 4 -5 -6 7 -8 -9 -10 11 -12 13 14 15 -16 -17 18 -19 -20 -21 22 -23 -24 -25 -26 27 28 29 -30 -31 32 -33 34 35 -36 37 38 -39 40 41 42 43 44 45 -46 -47 48 -49 50 -51 52 53 -54 55 56 57 58 59 -60 -61 62 63 64 65 66 67 68 -69 70 -71 72 -73 -74 -75 76 -77 78 -79 80 81 -82 83 84 85 -86 87 -88 89 -90 -91 92 93 94 95 -96 -97 98 -99 100 0
100-440/output_58.cnf: c total solving time: 1.932316780090332 c number of splits: 981 s UNSATISFIABLE
100-440/output_59.cnf: c total solving time: 2.759791374206543 c number of splits: 1483 s UNSATISFIABLE
100-440/output_6.cnf: c total solving time: 1.0741097927093506 c number of splits: 573 s UNSATISFIABLE
100-440/output_60.cnf: c total solving time: 1.1507916450500488 c number of splits: 569 s UNSATISFIABLE
100-440/output_61.cnf: c total solving time: 0.6336958408355713 c number of splits: 325 s SATISFIABLE v 1 -2 -3 4 5 6 7 8 9 -10 11 -12 13 -14 -15 -16 -17 -18 19 -20 -21 -22 -23 -24 -25 -26 -27 28 -29 -30 31 32 33 -34 35 -36 -37 38 39 40 -41 -42 43 -44 45 -46 -47 48 49 -50 -51 52 -53 54 -55 56 57 58 -59 60 61 62 63 -64 -65 66 -67 -68 -69 -70 71 -72 73 74 75 -76 77 78 79 -80 -81 -82 83 84 85 -86 87 -88 -89 -90 91 92 93 -94 95 96 97 98 99 100 0
100-440/output_62.cnf: c total solving time: 2.1885006427764893 c number of splits: 1249 s UNSATISFIABLE
100-440/output_63.cnf: c total solving time: 0.2826042175292969 c number of splits: 163 s SATISFIABLE v 1 2 3 4 5 6 7 -8 9 -10 11 12 -13 14 -15 -16 -17 18 19 20 21 22 -23 24 -25 26 27 28 -29 -30 31 -32 33 -34 -35 36 -37 38 39 40 41 42 -43 44 45 -46 47 48 49 -50 -51 -52 53 -54 55 -56 -57 58 -59 -60 61 62 63 -64 65 66 -67 68 69 -70 -71 72 73 74 -75 -76 -77 78 -79 80 81 82 -83 -84 85 86 87 88 -89 90 91 -92 -93 94 -95 -96 97 98 99 100 0
100-440/output_64.cnf: c total solving time: 1.681706428527832 c number of splits: 881 s UNSATISFIABLE
100-440/output_65.cnf: c total solving time: 0.0295562744140625 c number of splits: 17 s SATISFIABLE v 1 -2 3 -4 -5 -6 -7 -8 -9 -10 -11 -12 -13 -14 15 16 -17 18 -19 20 -21 -22 23 -24 25 26 27 28 29 30 31 32 33 34 -35 -36 37 -38 39 40 41 42 -43 44 45 -46 -47 -48 49 50 -51 -52 -53 54 -55 56 57 -58 -59 -60 -61 -62 63 64 65 -66 67 -68 69 70 -71 -72 -73 -74 -75 -76 77 -78 79 80 -81 82 83 84 85 -86 87 88 -89 90 -91 -92 -93 -94 -95 96 97 98 99 100 0
100-440/output_66.cnf: c total solving time: 2.9274678230285645 c number of splits: 1655 s UNSATISFIABLE
100-440/output_67.cnf: c total solving time: 0.4814491271972656 c number of splits: 235 s SATISFIABLE v -1 -2 -3 4 -5 6 -7 8 -9 10 -11 12 13 14 15 -16 17 -18 19 -20 21 22 -23 -24 25 26 27 28 29 -30 -31 32 -33 -34 35 36 37 38 -39 -40 -41 42 43 44 -45 46 47 48 -49 -50 -51 52 -53 54 55 -56 -57 58 59 60 -61 62 63 64 65 -66 67 -68 -69 70 71 -72 73 74 75 76 77 -78 79 80 -81 82 83 84 85 -86 -87 -88 -89 90 -91 -92 93 94 -95 -96 -97 -98 -99 -100 0
100-440/output_68.cnf: c total solving time: 0.5962316989898682 c number of splits: 360 s SATISFIABLE v 1 2 -3 4 5 -6 -7 8 9 10 -11 -12 -13 -14 -15 16 17 -18 19 -20 21 22 23 24 -25 -26 -27 -28 -29 -30 -31 -32 33 34 35 36 -37 38 -39 40 41 -42 43 44 45 46 47 48 49 -50 -51 -52 53 54 -55 -56 57 58 59 60 -61 -62 63 -64 -65 66 67 -68 -69 -70 71 72 -73 74 75 76 -77 -78 -79 80 81 -82 83 84 85 86 87 -88 -89 90 91 -92 93 94 95 -96 97 98 99 -100 0
100-440/output_69.cnf: c total solving time: 2.2167956829071045 c number of splits: 1209 s UNSATISFIABLE
100-440/output_7.cnf: c total solving time: 2.745375871658325 c number of splits: 1575 s UNSATISFIABLE
100-440/output_70.cnf: c total solving time: 2.757314920425415 c number of splits: 1557 s UNSATISFIABLE
100-440/output_71.cnf: c total solving time: 1.498368501663208 c number of splits: 763 s UNSATISFIABLE
100-440/output_72.cnf: c total solving time: 2.7506871223449707 c number of splits: 1564 s SATISFIABLE v -1 -2 3 4 5 6 7 8 9 -10 -11 -12 13 14 -15 16 17 -18 19 -20 -21 -22 23 -24 25 26 -27 28 29 30 31 32 -33 -34 35 36 37 -38 -39 40 41 42 -43 44 -45 -46 -47 -48 -49 50 -51 52 -53 54 55 56 57 -58 -59 -60 -61 62 63 64 -65 66 67 68 -69 70 -71 -72 73 74 75 -76 77 78 -79 80 -81 82 -83 84 -85 86 87 -88 -89 90 -91 -92 -93 -94 95 -96 97 -98 99 -100 0
100-440/output_73.cnf: c total solving time: 0.4758884906768799 c number of splits: 280 s SATISFIABLE v -1 -2 -3 4 -5 -6 7 8 9 -10 11 12 -13 14 15 16 17 -18 19 20 -21 22 23 -24 25 -26 27 -28 29 30 -31 -32 -33 -34 35 36 -37 38 -39 -40 41 42 -43 -44 45 46 47 48 -49 50 51 52 53 54 55 -56 -57 58 -59 -60 -61 62 -63 -64 65 66 67 -68 69 -70 -71 72 73 74 75 -76 77 78 79 -80 81 -82 83 84 85 -86 -87 -88 -89 -90 -91 -92 93 -94 -95 -96 97 -98 99 -100 0
100-440/output_74.cnf: c total solving time: 0.46173644065856934 c number of splits: 296 s SATISFIABLE v 1 -2 -3 -4 5 -6 -7 8 9 -10 11 -12 13 14 15 -16 17 18 -19 -20 -21 22 -23 24 25 -26 27 -28 29 -30 31 -32 33 -34 35 -36 37 38 39 40 -41 42 -43 44 45 -46 47 -48 -49 50 -51 52 53 54 -55 56 -57 58 59 60 -61 62 -63 64 -65 -66 67 68 -69 -70 71 72 73 -74 -75 76 77 -78 79 80 -81 -82 83 84 85 -86 -87 88 89 90 91 -92 93 -94 95 -96 -97 -98 -99 100 0
100-440/output_75.cnf: c total solving time: 2.571758985519409 c number of splits: 1357 s UNSATISFIABLE
100-440/output_76.cnf: c total solving time: 2.1366333961486816 c number of splits: 1171 s UNSATISFIABLE
100-440/output_77.cnf: c total solving time: 1.0033555030822754 c number of splits: 632 s SATISFIABLE v 1 -2 -3 -4 5 6 -7 -8 -9 10 11 -12 -13 14 -15 16 17 18 19 -20 21 -22 23 -24 -25 26 27 28 -29 30 31 32 -33 -34 35 -36 37 38 39 -40 -41 -42 43 44 45 46 -47 -48 49 -50 -51 52 53 54 55 56 57 -58 59 60 61 62 63 -64 -65 66 67 -68 69 70 71 -72 -73 -74 75 76 -77 78 -79 80 -81 -82 -83 84 85 -86 87 -88 89 90 -91 -92 93 94 95 96 97 98 -99 -100 0
100-440/output_78.cnf: c total solving time: 1.4450883865356445 c number of splits: 757 s UNSATISFIABLE
100-440/output_79.cnf: c total solving time: 2.409152030944824 c number of splits: 1319 s UNSATISFIABLE
100-440/output_8.cnf: c total solving time: 3.4529314041137695 c number of splits: 1871 s UNSATISFIABLE
100-440/output_80.cnf: c total solving time: 0.6870846748352051 c number of splits: 371 s SATISFIABLE v -1 -2 -3 -4 -5 6 -7 -8 -9 10 11 12 -13 -14 15 16 17 18 19 -20 21 -22 23 -24 25 26 -27 28 -29 30 31 -32 -33 -34 35 36 -37 -38 -39 -40 41 42 -43 -44 45 46 -47 48 49 50 51 -52 -53 54 -55 -56 57 -58 59 60 61 62 63 -64 -65 -66 -67 68 -69 70 -71 72 -73 74 75 -76 77 -78 79 -80 -81 82 -83 -84 85 86 -87 -88 -89 -90 -91 -92 93 -94 95 96 97 98 99 100 0
100-440/output_81.cnf: c total solving time: 2.2023284435272217 c number of splits: 1155 s UNSATISFIABLE
100-440/output_82.cnf: c total solving time: 1.735703706741333 c number of splits: 953 s UNSATISFIABLE
100-440/output_83.cnf: c total solving time: 0.5346353054046631 c number of splits: 285 s SATISFIABLE v -1 2 -3 4 5 -6 -7 -8 -9 -10 -11 -12 13 14 -15 16 17 18 19 -20 21 22 23 24 -25 -26 -27 28 -29 30 -31 32 33 34 35 -36 37 38 39 -40 -41 -42 43 44 -45 -46 -47 48 49 50 51 52 53 -54 -55 56 57 58 59 -60 -61 62 63 64 65 -66 -67 -68 69 -70 -71 72 -73 74 75 -76 77 78 79 -80 81 -82 -83 -84 85 86 87 88 89 -90 -91 -92 93 -94 95 96 -97 -98 -99 100 0
100-440/output_84.cnf: c total solving time: 1.3900766372680664 c number of splits: 715 s UNSATISFIABLE
100-440/output_85.cnf: c total solving time: 1.538682222366333 c number of splits: 821 s UNSATISFIABLE
100-440/output_86.cnf: c total solving time: 1.5796723365783691 c number of splits: 833 s UNSATISFIABLE
100-440/output_87.cnf: c total solving time: 1.3082976341247559 c number of splits: 699 s UNSATISFIABLE
100-440/output_88.cnf: c total solving time: 2.275315523147583 c number of splits: 1235 s UNSATISFIABLE
100-440/output_89.cnf: c total solving time: 0.9557287693023682 c number of splits: 547 s SATISFIABLE v 1 -2 -3 -4 5 -6 7 -8 9 -10 11 12 13 -14 -15 16 17 18 19 20 -21 22 -23 24 -25 26 27 28 29 -30 -31 -32 -33 34 -35 36 37 -38 -39 40 -41 -42 -43 -44 45 -46 47 -48 -49 -50 -51 -52 -53 -54 -55 -56 -57 58 -59 -60 61 62 -63 -64 65 -66 -67 68 -69 70 71 72 73 74 -75 76 77 -78 -79 -80 -81 -82 83 84 -85 -86 -87 88 -89 -90 -91 -92 -93 -94 -95 -96 97 -98 -99 -100 0
100-440/output_9.cnf: c total solving time: 2.0320653915405273 c number of splits: 1139 s UNSATISFIABLE
100-440/output_90.cnf: c total solving time: 1.0500738620758057 c number of splits: 497 s UNSATISFIABLE
100-440/output_91.cnf: c total solving time: 1.6833503246307373 c number of splits: 929 s UNSATISFIABLE
100-440/output_92.cnf: c total solving time: 0.583827018737793 c number of splits: 317 s SATISFIABLE v -1 2 -3 -4 -5 -6 -7 8 9 -10 11 -12 13 -14 15 16 17 18 19 -20 -21 22 23 -24 25 -26 27 28 -29 30 31 -32 33 34 35 -36 37 38 -39 40 -41 -42 43 44 45 46 -47 -48 49 50 -51 52 53 -54 -55 56 -57 58 59 60 -61 62 63 -64 65 66 -67 -68 -69 70 71 -72 73 74 75 -76 77 78 -79 -80 -81 -82 83 -84 85 -86 87 88 89 -90 91 92 -93 -94 95 -96 97 98 99 -100 0
100-440/output_93.cnf: c total solving time: 0.30263304710388184 c number of splits: 201 s SATISFIABLE v 1 -2 -3 -4 -5 -6 -7 8 -9 10 -11 12 13 14 15 -16 -17 18 -19 20 21 -22 23 24 25 26 -27 28 29 -30 -31 -32 -33 -34 35 -36 -37 38 -39 -40 41 -42 43 -44 -45 46 -47 -48 49 50 51 52 -53 54 55 56 57 -58 59 60 -61 -62 -63 -64 65 -66 -67 68 69 -70 -71 -72 -73 -74 -75 76 77 78 -79 -80 81 -82 -83 -84 -85 86 -87 -88 89 90 91 -92 -93 -94 95 96 97 98 -99 100 0
100-440/output_94.cnf: c total solving time: 1.434523582458496 c number of splits: 733 s UNSATISFIABLE
100-440/output_95.cnf: c total solving time: 1.9244616031646729 c number of splits: 1037 s UNSATISFIABLE
100-440/output_96.cnf: c total solving time: 0.49291324615478516 c number of splits: 297 s SATISFIABLE v 1 2 -3 -4 -5 6 -7 8 -9 10 11 -12 13 -14 15 16 -17 -18 -19 -20 -21 22 -23 24 25 26 -27 28 29 -30 31 -32 -33 -34 35 -36 -37 -38 39 -40 -41 -42 -43 44 45 46 47 -48 49 -50 -51 52 -53 -54 -55 56 57 -58 -59 60 -61 62 -63 -64 65 -66 67 -68 69 70 -71 -72 -73 -74 -75 -76 77 78 -79 80 81 -82 83 84 85 86 87 88 89 -90 -91 92 -93 -94 95 -96 97 98 -99 100 0
100-440/output_97.cnf: c total solving time: 2.0684077739715576 c number of splits: 1031 s UNSATISFIABLE
100-440/output_98.cnf: c total solving time: 3.4000837802886963 c number of splits: 1959 s UNSATISFIABLE
100-440/output_99.cnf: c total solving time: 0.7470884323120117 c number of splits: 399 s SATISFIABLE v 1 -2 -3 4 -5 6 7 -8 9 10 11 -12 13 14 15 -16 17 -18 -19 20 21 22 -23 -24 25 -26 27 28 -29 30 31 32 33 34 -35 -36 -37 -38 -39 40 41 42 43 -44 45 -46 47 -48 -49 50 -51 52 53 -54 55 56 57 58 -59 60 -61 -62 -63 64 -65 -66 -67 68 69 70 -71 72 73 74 75 76 -77 78 79 -80 -81 -82 83 -84 -85 -86 -87 88 89 90 91 -92 93 94 -95 96 97 98 -99 100 0
Total solving time: 168.46299815177917422
Median solving time: 1.70
Total number of splits: 91677
Median number of splits: 887.00
Number of satisfiable: 27
