c total solving time: 0.5886812210083008 c number of splits: 185 s UNSATISFIABLE
c total solving time: 1.1890981197357178 c number of splits: 395 s UNSATISFIABLE
c total solving time: 0.7817766666412354 c number of splits: 261 s UNSATISFIABLE
c total solving time: 1.09187650680542 c number of splits: 359 s UNSATISFIABLE
c total solving time: 0.5639476776123047 c number of splits: 181 s UNSATISFIABLE
c total solving time: 0.6775274276733398 c number of splits: 221 s UNSATISFIABLE
c total solving time: 1.2873332500457764 c number of splits: 441 s UNSATISFIABLE
c total solving time: 0.8048801422119141 c number of splits: 263 s UNSATISFIABLE
c total solving time: 0.7397758960723877 c number of splits: 233 s UNSATISFIABLE
c total solving time: 0.9135866165161133 c number of splits: 313 s UNSATISFIABLE
c total solving time: 1.3826160430908203 c number of splits: 457 s UNSATISFIABLE
c total solving time: 1.182654619216919 c number of splits: 383 s UNSATISFIABLE
c total solving time: 0.7792351245880127 c number of splits: 261 s UNSATISFIABLE
c total solving time: 1.256899118423462 c number of splits: 419 s UNSATISFIABLE
c total solving time: 1.04069185256958 c number of splits: 349 s UNSATISFIABLE
c total solving time: 0.5817039012908936 c number of splits: 177 s UNSATISFIABLE
c total solving time: 0.6459360122680664 c number of splits: 199 s UNSATISFIABLE
c total solving time: 0.7415404319763184 c number of splits: 243 s UNSATISFIABLE
c total solving time: 1.3291501998901367 c number of splits: 441 s UNSATISFIABLE
c total solving time: 1.086355209350586 c number of splits: 353 s UNSATISFIABLE
c total solving time: 0.49910569190979004 c number of splits: 155 s UNSATISFIABLE
c total solving time: 0.9996044635772705 c number of splits: 321 s UNSATISFIABLE
c total solving time: 0.6991357803344727 c number of splits: 221 s UNSATISFIABLE
c total solving time: 0.9660592079162598 c number of splits: 323 s UNSATISFIABLE
c total solving time: 1.7304096221923828 c number of splits: 593 s UNSATISFIABLE
c total solving time: 1.3212018013000488 c number of splits: 447 s UNSATISFIABLE
c total solving time: 1.1050844192504883 c number of splits: 371 s UNSATISFIABLE
c total solving time: 0.8857829570770264 c number of splits: 301 s UNSATISFIABLE
c total solving time: 0.691857099533081 c number of splits: 221 s UNSATISFIABLE
c total solving time: 0.6161282062530518 c number of splits: 207 s UNSATISFIABLE
c total solving time: 1.5123281478881836 c number of splits: 529 s UNSATISFIABLE
c total solving time: 0.6842849254608154 c number of splits: 223 s UNSATISFIABLE
c total solving time: 0.7516818046569824 c number of splits: 247 s UNSATISFIABLE
c total solving time: 0.5620770454406738 c number of splits: 165 s UNSATISFIABLE
c total solving time: 0.8118762969970703 c number of splits: 259 s UNSATISFIABLE
c total solving time: 0.8164396286010742 c number of splits: 261 s UNSATISFIABLE
c total solving time: 0.87552809715271 c number of splits: 275 s UNSATISFIABLE
c total solving time: 0.9671545028686523 c number of splits: 329 s UNSATISFIABLE
c total solving time: 0.952949047088623 c number of splits: 303 s UNSATISFIABLE
c total solving time: 0.795579195022583 c number of splits: 281 s UNSATISFIABLE
c total solving time: 0.8004457950592041 c number of splits: 259 s UNSATISFIABLE
c total solving time: 2.14624285697937 c number of splits: 731 s UNSATISFIABLE
c total solving time: 0.7018322944641113 c number of splits: 223 s UNSATISFIABLE
c total solving time: 0.9292857646942139 c number of splits: 299 s UNSATISFIABLE
c total solving time: 0.8518145084381104 c number of splits: 275 s UNSATISFIABLE
c total solving time: 0.5594267845153809 c number of splits: 173 s UNSATISFIABLE
c total solving time: 0.770005464553833 c number of splits: 257 s UNSATISFIABLE
c total solving time: 1.0483129024505615 c number of splits: 331 s UNSATISFIABLE
c total solving time: 0.811725378036499 c number of splits: 263 s UNSATISFIABLE
c total solving time: 1.10654878616333 c number of splits: 379 s UNSATISFIABLE
c total solving time: 1.170039415359497 c number of splits: 389 s UNSATISFIABLE
c total solving time: 0.7483518123626709 c number of splits: 247 s UNSATISFIABLE
c total solving time: 0.8139581680297852 c number of splits: 267 s UNSATISFIABLE
c total solving time: 1.204451322555542 c number of splits: 411 s UNSATISFIABLE
c total solving time: 0.97670578956604 c number of splits: 335 s UNSATISFIABLE
c total solving time: 0.44003868103027344 c number of splits: 131 s UNSATISFIABLE
c total solving time: 1.068734884262085 c number of splits: 347 s UNSATISFIABLE
c total solving time: 0.925581693649292 c number of splits: 305 s UNSATISFIABLE
c total solving time: 0.6435544490814209 c number of splits: 211 s UNSATISFIABLE
c total solving time: 1.0022661685943604 c number of splits: 325 s UNSATISFIABLE
c total solving time: 0.9387896060943604 c number of splits: 317 s UNSATISFIABLE
c total solving time: 1.3326914310455322 c number of splits: 445 s UNSATISFIABLE
c total solving time: 0.4588017463684082 c number of splits: 141 s UNSATISFIABLE
c total solving time: 0.509068489074707 c number of splits: 169 s UNSATISFIABLE
c total solving time: 0.7353425025939941 c number of splits: 237 s UNSATISFIABLE
c total solving time: 0.4401865005493164 c number of splits: 137 s UNSATISFIABLE
c total solving time: 1.6471521854400635 c number of splits: 557 s UNSATISFIABLE
c total solving time: 1.035599708557129 c number of splits: 361 s UNSATISFIABLE
c total solving time: 1.2420399188995361 c number of splits: 403 s UNSATISFIABLE
c total solving time: 0.9031267166137695 c number of splits: 303 s UNSATISFIABLE
c total solving time: 1.3042330741882324 c number of splits: 449 s UNSATISFIABLE
c total solving time: 0.9803214073181152 c number of splits: 325 s UNSATISFIABLE
c total solving time: 0.7137322425842285 c number of splits: 239 s UNSATISFIABLE
c total solving time: 1.4388928413391113 c number of splits: 511 s UNSATISFIABLE
c total solving time: 0.8142354488372803 c number of splits: 247 s UNSATISFIABLE
c total solving time: 1.3660132884979248 c number of splits: 477 s UNSATISFIABLE
c total solving time: 0.7814123630523682 c number of splits: 263 s UNSATISFIABLE
c total solving time: 1.068502426147461 c number of splits: 343 s UNSATISFIABLE
c total solving time: 0.7236216068267822 c number of splits: 245 s UNSATISFIABLE
c total solving time: 0.9045627117156982 c number of splits: 283 s UNSATISFIABLE
c total solving time: 0.7561745643615723 c number of splits: 255 s UNSATISFIABLE
c total solving time: 1.1616532802581787 c number of splits: 365 s UNSATISFIABLE
c total solving time: 0.9146242141723633 c number of splits: 313 s UNSATISFIABLE
c total solving time: 1.494234323501587 c number of splits: 507 s UNSATISFIABLE
c total solving time: 0.8673882484436035 c number of splits: 291 s UNSATISFIABLE
c total solving time: 0.7892072200775146 c number of splits: 261 s UNSATISFIABLE
c total solving time: 0.7430870532989502 c number of splits: 229 s UNSATISFIABLE
c total solving time: 1.0602855682373047 c number of splits: 369 s UNSATISFIABLE
c total solving time: 0.8142149448394775 c number of splits: 249 s UNSATISFIABLE
c total solving time: 0.5078463554382324 c number of splits: 155 s UNSATISFIABLE
c total solving time: 1.2726778984069824 c number of splits: 445 s UNSATISFIABLE
c total solving time: 0.929410457611084 c number of splits: 305 s UNSATISFIABLE
c total solving time: 0.9349329471588135 c number of splits: 313 s UNSATISFIABLE
c total solving time: 0.7362496852874756 c number of splits: 245 s UNSATISFIABLE
c total solving time: 0.8546249866485596 c number of splits: 291 s UNSATISFIABLE
c total solving time: 1.0879487991333008 c number of splits: 365 s UNSATISFIABLE
c total solving time: 0.7465794086456299 c number of splits: 235 s UNSATISFIABLE
c total solving time: 1.1213312149047852 c number of splits: 363 s UNSATISFIABLE
c total solving time: 0.9459950923919678 c number of splits: 307 s UNSATISFIABLE
c total solving time: 0.84755539894104 c number of splits: 291 s UNSATISFIABLE
Total solving time: 93.55320477485656768
Median solving time: .89
Total number of splits: 30930
Median number of splits: 291.00
Number of satisfiable: 0
