100-600/output_0.cnf: c total solving time: 0.4843122959136963 c number of splits: 159 s UNSATISFIABLE
100-600/output_1.cnf: c total solving time: 0.5165195465087891 c number of splits: 165 s UNSATISFIABLE
100-600/output_10.cnf: c total solving time: 0.6262340545654297 c number of splits: 195 s UNSATISFIABLE
100-600/output_11.cnf: c total solving time: 0.4896082878112793 c number of splits: 153 s UNSATISFIABLE
100-600/output_12.cnf: c total solving time: 1.02687406539917 c number of splits: 347 s UNSATISFIABLE
100-600/output_13.cnf: c total solving time: 1.1195852756500244 c number of splits: 403 s UNSATISFIABLE
100-600/output_14.cnf: c total solving time: 0.6922988891601562 c number of splits: 235 s UNSATISFIABLE
100-600/output_15.cnf: c total solving time: 0.8506119251251221 c number of splits: 289 s UNSATISFIABLE
100-600/output_16.cnf: c total solving time: 0.6066102981567383 c number of splits: 205 s UNSATISFIABLE
100-600/output_17.cnf: c total solving time: 0.6141092777252197 c number of splits: 201 s UNSATISFIABLE
100-600/output_18.cnf: c total solving time: 0.5270774364471436 c number of splits: 169 s UNSATISFIABLE
100-600/output_19.cnf: c total solving time: 0.6052145957946777 c number of splits: 203 s UNSATISFIABLE
100-600/output_2.cnf: c total solving time: 0.5343184471130371 c number of splits: 193 s UNSATISFIABLE
100-600/output_20.cnf: c total solving time: 0.6109137535095215 c number of splits: 209 s UNSATISFIABLE
100-600/output_21.cnf: c total solving time: 0.3724353313446045 c number of splits: 121 s UNSATISFIABLE
100-600/output_22.cnf: c total solving time: 0.7719659805297852 c number of splits: 245 s UNSATISFIABLE
100-600/output_23.cnf: c total solving time: 1.2393090724945068 c number of splits: 445 s UNSATISFIABLE
100-600/output_24.cnf: c total solving time: 0.6640818119049072 c number of splits: 239 s UNSATISFIABLE
100-600/output_25.cnf: c total solving time: 0.5243015289306641 c number of splits: 175 s UNSATISFIABLE
100-600/output_26.cnf: c total solving time: 0.671107292175293 c number of splits: 241 s UNSATISFIABLE
100-600/output_27.cnf: c total solving time: 0.7589359283447266 c number of splits: 251 s UNSATISFIABLE
100-600/output_28.cnf: c total solving time: 1.2131199836730957 c number of splits: 425 s UNSATISFIABLE
100-600/output_29.cnf: c total solving time: 1.3811867237091064 c number of splits: 493 s UNSATISFIABLE
100-600/output_3.cnf: c total solving time: 0.6075112819671631 c number of splits: 205 s UNSATISFIABLE
100-600/output_30.cnf: c total solving time: 0.49533510208129883 c number of splits: 171 s UNSATISFIABLE
100-600/output_31.cnf: c total solving time: 0.4684162139892578 c number of splits: 163 s UNSATISFIABLE
100-600/output_32.cnf: c total solving time: 0.6250782012939453 c number of splits: 231 s UNSATISFIABLE
100-600/output_33.cnf: c total solving time: 0.5914778709411621 c number of splits: 197 s UNSATISFIABLE
100-600/output_34.cnf: c total solving time: 0.5210514068603516 c number of splits: 167 s UNSATISFIABLE
100-600/output_35.cnf: c total solving time: 0.6699144840240479 c number of splits: 219 s UNSATISFIABLE
100-600/output_36.cnf: c total solving time: 0.6397411823272705 c number of splits: 211 s UNSATISFIABLE
100-600/output_37.cnf: c total solving time: 1.0585758686065674 c number of splits: 389 s UNSATISFIABLE
100-600/output_38.cnf: c total solving time: 0.7318263053894043 c number of splits: 253 s UNSATISFIABLE
100-600/output_39.cnf: c total solving time: 0.8010544776916504 c number of splits: 285 s UNSATISFIABLE
100-600/output_4.cnf: c total solving time: 0.4519791603088379 c number of splits: 147 s UNSATISFIABLE
100-600/output_40.cnf: c total solving time: 0.7111756801605225 c number of splits: 225 s UNSATISFIABLE
100-600/output_41.cnf: c total solving time: 0.5769400596618652 c number of splits: 205 s UNSATISFIABLE
100-600/output_42.cnf: c total solving time: 0.60544753074646 c number of splits: 205 s UNSATISFIABLE
100-600/output_43.cnf: c total solving time: 0.9328510761260986 c number of splits: 305 s UNSATISFIABLE
100-600/output_44.cnf: c total solving time: 0.7334916591644287 c number of splits: 241 s UNSATISFIABLE
100-600/output_45.cnf: c total solving time: 0.8323254585266113 c number of splits: 279 s UNSATISFIABLE
100-600/output_46.cnf: c total solving time: 0.7130329608917236 c number of splits: 257 s UNSATISFIABLE
100-600/output_47.cnf: c total solving time: 0.36792826652526855 c number of splits: 123 s UNSATISFIABLE
100-600/output_48.cnf: c total solving time: 0.6304426193237305 c number of splits: 233 s UNSATISFIABLE
100-600/output_49.cnf: c total solving time: 1.4397318363189697 c number of splits: 519 s UNSATISFIABLE
100-600/output_5.cnf: c total solving time: 0.6908354759216309 c number of splits: 237 s UNSATISFIABLE
100-600/output_50.cnf: c total solving time: 0.8742976188659668 c number of splits: 291 s UNSATISFIABLE
100-600/output_51.cnf: c total solving time: 0.9471962451934814 c number of splits: 321 s UNSATISFIABLE
100-600/output_52.cnf: c total solving time: 0.8564732074737549 c number of splits: 313 s UNSATISFIABLE
100-600/output_53.cnf: c total solving time: 1.056624174118042 c number of splits: 377 s UNSATISFIABLE
100-600/output_54.cnf: c total solving time: 1.1009418964385986 c number of splits: 423 s UNSATISFIABLE
100-600/output_55.cnf: c total solving time: 0.4929378032684326 c number of splits: 165 s UNSATISFIABLE
100-600/output_56.cnf: c total solving time: 0.5709824562072754 c number of splits: 193 s UNSATISFIABLE
100-600/output_57.cnf: c total solving time: 0.6392974853515625 c number of splits: 217 s UNSATISFIABLE
100-600/output_58.cnf: c total solving time: 0.7483274936676025 c number of splits: 275 s UNSATISFIABLE
100-600/output_59.cnf: c total solving time: 0.6217713356018066 c number of splits: 213 s UNSATISFIABLE
100-600/output_6.cnf: c total solving time: 0.8961193561553955 c number of splits: 313 s UNSATISFIABLE
100-600/output_60.cnf: c total solving time: 0.40036678314208984 c number of splits: 127 s UNSATISFIABLE
100-600/output_61.cnf: c total solving time: 0.43332958221435547 c number of splits: 139 s UNSATISFIABLE
100-600/output_62.cnf: c total solving time: 0.5285882949829102 c number of splits: 171 s UNSATISFIABLE
100-600/output_63.cnf: c total solving time: 0.530738353729248 c number of splits: 159 s UNSATISFIABLE
100-600/output_64.cnf: c total solving time: 0.6256468296051025 c number of splits: 215 s UNSATISFIABLE
100-600/output_65.cnf: c total solving time: 0.6863381862640381 c number of splits: 239 s UNSATISFIABLE
100-600/output_66.cnf: c total solving time: 0.485645055770874 c number of splits: 165 s UNSATISFIABLE
100-600/output_67.cnf: c total solving time: 0.9298586845397949 c number of splits: 321 s UNSATISFIABLE
100-600/output_68.cnf: c total solving time: 0.5981407165527344 c number of splits: 203 s UNSATISFIABLE
100-600/output_69.cnf: c total solving time: 0.5673675537109375 c number of splits: 205 s UNSATISFIABLE
100-600/output_7.cnf: c total solving time: 0.689612865447998 c number of splits: 231 s UNSATISFIABLE
100-600/output_70.cnf: c total solving time: 0.6266613006591797 c number of splits: 217 s UNSATISFIABLE
100-600/output_71.cnf: c total solving time: 0.49680447578430176 c number of splits: 167 s UNSATISFIABLE
100-600/output_72.cnf: c total solving time: 0.7962450981140137 c number of splits: 259 s UNSATISFIABLE
100-600/output_73.cnf: c total solving time: 0.885704755783081 c number of splits: 321 s UNSATISFIABLE
100-600/output_74.cnf: c total solving time: 0.7031688690185547 c number of splits: 257 s UNSATISFIABLE
100-600/output_75.cnf: c total solving time: 0.6432476043701172 c number of splits: 205 s UNSATISFIABLE
100-600/output_76.cnf: c total solving time: 0.5387036800384521 c number of splits: 181 s UNSATISFIABLE
100-600/output_77.cnf: c total solving time: 1.0960307121276855 c number of splits: 381 s UNSATISFIABLE
100-600/output_78.cnf: c total solving time: 0.5288357734680176 c number of splits: 201 s UNSATISFIABLE
100-600/output_79.cnf: c total solving time: 0.5395939350128174 c number of splits: 185 s UNSATISFIABLE
100-600/output_8.cnf: c total solving time: 0.5188169479370117 c number of splits: 171 s UNSATISFIABLE
100-600/output_80.cnf: c total solving time: 0.4388711452484131 c number of splits: 147 s UNSATISFIABLE
100-600/output_81.cnf: c total solving time: 0.5801992416381836 c number of splits: 195 s UNSATISFIABLE
100-600/output_82.cnf: c total solving time: 0.9658098220825195 c number of splits: 333 s UNSATISFIABLE
100-600/output_83.cnf: c total solving time: 0.5938255786895752 c number of splits: 199 s UNSATISFIABLE
100-600/output_84.cnf: c total solving time: 0.612962007522583 c number of splits: 207 s UNSATISFIABLE
100-600/output_85.cnf: c total solving time: 0.763979434967041 c number of splits: 257 s UNSATISFIABLE
100-600/output_86.cnf: c total solving time: 0.6661815643310547 c number of splits: 233 s UNSATISFIABLE
100-600/output_87.cnf: c total solving time: 0.6506996154785156 c number of splits: 221 s UNSATISFIABLE
100-600/output_88.cnf: c total solving time: 0.5392241477966309 c number of splits: 191 s UNSATISFIABLE
100-600/output_89.cnf: c total solving time: 0.7206766605377197 c number of splits: 241 s UNSATISFIABLE
100-600/output_9.cnf: c total solving time: 0.5310037136077881 c number of splits: 179 s UNSATISFIABLE
100-600/output_90.cnf: c total solving time: 0.4590275287628174 c number of splits: 161 s UNSATISFIABLE
100-600/output_91.cnf: c total solving time: 0.7205469608306885 c number of splits: 245 s UNSATISFIABLE
100-600/output_92.cnf: c total solving time: 0.4195103645324707 c number of splits: 139 s UNSATISFIABLE
100-600/output_93.cnf: c total solving time: 0.7105231285095215 c number of splits: 235 s UNSATISFIABLE
100-600/output_94.cnf: c total solving time: 0.5874667167663574 c number of splits: 201 s UNSATISFIABLE
100-600/output_95.cnf: c total solving time: 0.6736774444580078 c number of splits: 235 s UNSATISFIABLE
100-600/output_96.cnf: c total solving time: 0.9567751884460449 c number of splits: 337 s UNSATISFIABLE
100-600/output_97.cnf: c total solving time: 0.7516460418701172 c number of splits: 263 s UNSATISFIABLE
100-600/output_98.cnf: c total solving time: 0.6089560985565186 c number of splits: 201 s UNSATISFIABLE
100-600/output_99.cnf: c total solving time: 0.7129127979278564 c number of splits: 253 s UNSATISFIABLE
Total solving time: 69.11578631401062005
Median solving time: .63
Total number of splits: 23722
Median number of splits: 217.00
Number of satisfiable: 0
