c total solving time: 21.682705402374268 c number of splits: 8571 s UNSATISFIABLE
c total solving time: 22.468075275421143 c number of splits: 8411 s UNSATISFIABLE
c total solving time: 16.47941780090332 c number of splits: 6087 s UNSATISFIABLE
c total solving time: 13.129322290420532 c number of splits: 4487 s UNSATISFIABLE
c total solving time: 6.3109869956970215 c number of splits: 2099 s UNSATISFIABLE
c total solving time: 21.463371515274048 c number of splits: 8181 s UNSATISFIABLE
c total solving time: 22.748902082443237 c number of splits: 8577 s UNSATISFIABLE
c total solving time: 11.17281985282898 c number of splits: 3855 s UNSATISFIABLE
c total solving time: 31.26495933532715 c number of splits: 11605 s UNSATISFIABLE
c total solving time: 10.830406904220581 c number of splits: 3929 s UNSATISFIABLE
c total solving time: 17.064455032348633 c number of splits: 5971 s UNSATISFIABLE
c total solving time: 13.163082361221313 c number of splits: 4577 s UNSATISFIABLE
c total solving time: 12.441722869873047 c number of splits: 4461 s UNSATISFIABLE
c total solving time: 19.02312707901001 c number of splits: 6871 s UNSATISFIABLE
c total solving time: 13.554359912872314 c number of splits: 4783 s UNSATISFIABLE
c total solving time: 33.14121222496033 c number of splits: 12549 s UNSATISFIABLE
c total solving time: 14.144972562789917 c number of splits: 5285 s UNSATISFIABLE
c total solving time: 13.29827332496643 c number of splits: 4975 s UNSATISFIABLE
c total solving time: 15.818283319473267 c number of splits: 6059 s UNSATISFIABLE
c total solving time: 18.735113382339478 c number of splits: 6919 s UNSATISFIABLE
c total solving time: 21.370481729507446 c number of splits: 7967 s UNSATISFIABLE
c total solving time: 9.282299995422363 c number of splits: 3405 s UNSATISFIABLE
c total solving time: 20.451276540756226 c number of splits: 7805 s UNSATISFIABLE
c total solving time: 26.063477993011475 c number of splits: 10383 s UNSATISFIABLE
c total solving time: 16.670080184936523 c number of splits: 6609 s UNSATISFIABLE
c total solving time: 22.149544715881348 c number of splits: 8399 s UNSATISFIABLE
c total solving time: 15.195216417312622 c number of splits: 5867 s UNSATISFIABLE
c total solving time: 14.83163857460022 c number of splits: 5901 s UNSATISFIABLE
c total solving time: 15.511579990386963 c number of splits: 6103 s UNSATISFIABLE
c total solving time: 18.36146354675293 c number of splits: 7425 s UNSATISFIABLE
c total solving time: 19.471195459365845 c number of splits: 7689 s UNSATISFIABLE
c total solving time: 11.764211416244507 c number of splits: 4347 s UNSATISFIABLE
c total solving time: 6.817596673965454 c number of splits: 2525 s UNSATISFIABLE
c total solving time: 20.72773504257202 c number of splits: 8805 s UNSATISFIABLE
c total solving time: 18.573373556137085 c number of splits: 6595 s UNSATISFIABLE
c total solving time: 24.887078046798706 c number of splits: 9085 s UNSATISFIABLE
c total solving time: 11.68683934211731 c number of splits: 4171 s UNSATISFIABLE
c total solving time: 22.537004232406616 c number of splits: 8401 s UNSATISFIABLE
c total solving time: 14.356432437896729 c number of splits: 5419 s UNSATISFIABLE
c total solving time: 21.817488193511963 c number of splits: 7945 s UNSATISFIABLE
c total solving time: 22.47361993789673 c number of splits: 8367 s UNSATISFIABLE
c total solving time: 6.960303068161011 c number of splits: 2421 s UNSATISFIABLE
c total solving time: 11.908727169036865 c number of splits: 4079 s UNSATISFIABLE
c total solving time: 6.152028322219849 c number of splits: 2247 s UNSATISFIABLE
c total solving time: 28.97968077659607 c number of splits: 10919 s UNSATISFIABLE
c total solving time: 11.689457416534424 c number of splits: 4165 s UNSATISFIABLE
c total solving time: 11.923293113708496 c number of splits: 4383 s UNSATISFIABLE
c total solving time: 17.79069209098816 c number of splits: 6833 s UNSATISFIABLE
c total solving time: 23.059990644454956 c number of splits: 8581 s UNSATISFIABLE
c total solving time: 10.819797992706299 c number of splits: 3683 s UNSATISFIABLE
c total solving time: 9.279986381530762 c number of splits: 3377 s UNSATISFIABLE
c total solving time: 8.473875284194946 c number of splits: 3101 s UNSATISFIABLE
c total solving time: 8.942314863204956 c number of splits: 3225 s UNSATISFIABLE
c total solving time: 12.704200983047485 c number of splits: 4877 s UNSATISFIABLE
c total solving time: 13.091597080230713 c number of splits: 4731 s UNSATISFIABLE
c total solving time: 15.282172441482544 c number of splits: 5565 s UNSATISFIABLE
c total solving time: 12.302017450332642 c number of splits: 3627 s UNSATISFIABLE
c total solving time: 7.5627617835998535 c number of splits: 2585 s UNSATISFIABLE
c total solving time: 23.178985834121704 c number of splits: 8409 s UNSATISFIABLE
c total solving time: 4.8026063442230225 c number of splits: 1609 s UNSATISFIABLE
c total solving time: 15.255886316299438 c number of splits: 5809 s UNSATISFIABLE
c total solving time: 6.754826307296753 c number of splits: 2315 s UNSATISFIABLE
c total solving time: 11.450227737426758 c number of splits: 4103 s UNSATISFIABLE
c total solving time: 12.541967391967773 c number of splits: 4699 s UNSATISFIABLE
c total solving time: 17.75998306274414 c number of splits: 6567 s UNSATISFIABLE
c total solving time: 20.963785409927368 c number of splits: 7767 s UNSATISFIABLE
c total solving time: 6.58967661857605 c number of splits: 2381 s UNSATISFIABLE
c total solving time: 14.636965990066528 c number of splits: 5315 s UNSATISFIABLE
c total solving time: 10.901955842971802 c number of splits: 3963 s UNSATISFIABLE
c total solving time: 17.02887988090515 c number of splits: 6037 s UNSATISFIABLE
c total solving time: 7.56740140914917 c number of splits: 2599 s UNSATISFIABLE
c total solving time: 9.50702691078186 c number of splits: 3239 s UNSATISFIABLE
c total solving time: 14.830121040344238 c number of splits: 5487 s UNSATISFIABLE
c total solving time: 20.61125373840332 c number of splits: 8033 s UNSATISFIABLE
c total solving time: 15.848272562026978 c number of splits: 5823 s UNSATISFIABLE
c total solving time: 15.69402527809143 c number of splits: 5729 s UNSATISFIABLE
c total solving time: 15.158585548400879 c number of splits: 5551 s UNSATISFIABLE
c total solving time: 14.293858289718628 c number of splits: 5127 s UNSATISFIABLE
c total solving time: 10.104424953460693 c number of splits: 3611 s UNSATISFIABLE
c total solving time: 26.877769947052002 c number of splits: 10153 s UNSATISFIABLE
c total solving time: 21.890504837036133 c number of splits: 8283 s UNSATISFIABLE
c total solving time: 29.118600130081177 c number of splits: 10721 s UNSATISFIABLE
c total solving time: 23.941630125045776 c number of splits: 8919 s UNSATISFIABLE
c total solving time: 12.710745573043823 c number of splits: 4657 s UNSATISFIABLE
c total solving time: 30.151268243789673 c number of splits: 11499 s UNSATISFIABLE
c total solving time: 20.83881139755249 c number of splits: 7657 s UNSATISFIABLE
c total solving time: 8.064754009246826 c number of splits: 2913 s UNSATISFIABLE
c total solving time: 21.492936611175537 c number of splits: 8271 s UNSATISFIABLE
c total solving time: 21.287893295288086 c number of splits: 8345 s UNSATISFIABLE
c total solving time: 11.791742324829102 c number of splits: 4579 s UNSATISFIABLE
c total solving time: 11.222972393035889 c number of splits: 4331 s UNSATISFIABLE
c total solving time: 10.705438375473022 c number of splits: 4301 s UNSATISFIABLE
c total solving time: 11.49940538406372 c number of splits: 4429 s UNSATISFIABLE
c total solving time: 16.43927812576294 c number of splits: 6155 s UNSATISFIABLE
c total solving time: 10.796329736709595 c number of splits: 3989 s UNSATISFIABLE
c total solving time: 14.552907228469849 c number of splits: 5519 s UNSATISFIABLE
c total solving time: 15.788308382034302 c number of splits: 5939 s UNSATISFIABLE
c total solving time: 23.912803649902344 c number of splits: 9805 s UNSATISFIABLE
c total solving time: 14.49977707862854 c number of splits: 5513 s UNSATISFIABLE
c total solving time: 17.7304744720459 c number of splits: 7025 s UNSATISFIABLE
Total solving time: 1600.6531682014465405
Median solving time: 15.17
Total number of splits: 597040
Median number of splits: 5647.00
Number of satisfiable: 0
