c total solving time: 4.758209943771362 c number of splits: 1051 s UNSATISFIABLE
c total solving time: 3.8070528507232666 c number of splits: 885 s UNSATISFIABLE
c total solving time: 6.62744402885437 c number of splits: 1505 s UNSATISFIABLE
c total solving time: 4.4097394943237305 c number of splits: 1037 s UNSATISFIABLE
c total solving time: 4.6337714195251465 c number of splits: 1095 s UNSATISFIABLE
c total solving time: 4.693420648574829 c number of splits: 1059 s UNSATISFIABLE
c total solving time: 3.707209825515747 c number of splits: 865 s UNSATISFIABLE
c total solving time: 3.679976463317871 c number of splits: 871 s UNSATISFIABLE
c total solving time: 7.116657972335815 c number of splits: 1585 s UNSATISFIABLE
c total solving time: 7.950744390487671 c number of splits: 1433 s UNSATISFIABLE
c total solving time: 5.199105978012085 c number of splits: 1005 s UNSATISFIABLE
c total solving time: 4.215454578399658 c number of splits: 969 s UNSATISFIABLE
c total solving time: 6.384149789810181 c number of splits: 1453 s UNSATISFIABLE
c total solving time: 6.6790947914123535 c number of splits: 1435 s UNSATISFIABLE
c total solving time: 5.961347579956055 c number of splits: 1413 s UNSATISFIABLE
c total solving time: 3.9246416091918945 c number of splits: 965 s UNSATISFIABLE
c total solving time: 4.811314821243286 c number of splits: 1125 s UNSATISFIABLE
c total solving time: 5.168476343154907 c number of splits: 1247 s UNSATISFIABLE
c total solving time: 5.275768756866455 c number of splits: 1209 s UNSATISFIABLE
c total solving time: 3.6672985553741455 c number of splits: 869 s UNSATISFIABLE
c total solving time: 4.085527420043945 c number of splits: 991 s UNSATISFIABLE
c total solving time: 5.592446565628052 c number of splits: 1361 s UNSATISFIABLE
c total solving time: 4.072801113128662 c number of splits: 925 s UNSATISFIABLE
c total solving time: 5.420371055603027 c number of splits: 1325 s UNSATISFIABLE
c total solving time: 8.43160104751587 c number of splits: 2111 s UNSATISFIABLE
c total solving time: 2.839578151702881 c number of splits: 657 s UNSATISFIABLE
c total solving time: 4.346385478973389 c number of splits: 1023 s UNSATISFIABLE
c total solving time: 3.476950168609619 c number of splits: 783 s UNSATISFIABLE
c total solving time: 5.33818507194519 c number of splits: 1237 s UNSATISFIABLE
c total solving time: 4.969167947769165 c number of splits: 1171 s UNSATISFIABLE
c total solving time: 4.57984733581543 c number of splits: 1069 s UNSATISFIABLE
c total solving time: 7.923367977142334 c number of splits: 1943 s UNSATISFIABLE
c total solving time: 6.677011728286743 c number of splits: 1659 s UNSATISFIABLE
c total solving time: 2.5582222938537598 c number of splits: 569 s UNSATISFIABLE
c total solving time: 6.158779621124268 c number of splits: 1525 s UNSATISFIABLE
c total solving time: 6.625385284423828 c number of splits: 1465 s UNSATISFIABLE
c total solving time: 7.288955450057983 c number of splits: 1547 s UNSATISFIABLE
c total solving time: 6.551468849182129 c number of splits: 1519 s UNSATISFIABLE
c total solving time: 3.27238130569458 c number of splits: 767 s UNSATISFIABLE
c total solving time: 4.698503732681274 c number of splits: 1119 s UNSATISFIABLE
c total solving time: 4.655673980712891 c number of splits: 1097 s UNSATISFIABLE
c total solving time: 3.5158560276031494 c number of splits: 833 s UNSATISFIABLE
c total solving time: 4.053297281265259 c number of splits: 935 s UNSATISFIABLE
c total solving time: 3.943303108215332 c number of splits: 889 s UNSATISFIABLE
c total solving time: 6.055347442626953 c number of splits: 1461 s UNSATISFIABLE
c total solving time: 4.557904958724976 c number of splits: 1061 s UNSATISFIABLE
c total solving time: 4.06382155418396 c number of splits: 975 s UNSATISFIABLE
c total solving time: 5.255885362625122 c number of splits: 1275 s UNSATISFIABLE
c total solving time: 4.7035253047943115 c number of splits: 1229 s UNSATISFIABLE
c total solving time: 4.110159635543823 c number of splits: 1001 s UNSATISFIABLE
c total solving time: 4.3352837562561035 c number of splits: 1013 s UNSATISFIABLE
c total solving time: 2.8714544773101807 c number of splits: 631 s UNSATISFIABLE
c total solving time: 7.343824863433838 c number of splits: 1863 s UNSATISFIABLE
c total solving time: 4.626605272293091 c number of splits: 1119 s UNSATISFIABLE
c total solving time: 5.088745594024658 c number of splits: 1223 s UNSATISFIABLE
c total solving time: 4.548843622207642 c number of splits: 1041 s UNSATISFIABLE
c total solving time: 3.2114391326904297 c number of splits: 773 s UNSATISFIABLE
c total solving time: 2.633389711380005 c number of splits: 655 s UNSATISFIABLE
c total solving time: 4.162810564041138 c number of splits: 1057 s UNSATISFIABLE
c total solving time: 3.6415534019470215 c number of splits: 905 s UNSATISFIABLE
c total solving time: 4.419463634490967 c number of splits: 1091 s UNSATISFIABLE
c total solving time: 4.201563119888306 c number of splits: 1001 s UNSATISFIABLE
c total solving time: 5.257630109786987 c number of splits: 1267 s UNSATISFIABLE
c total solving time: 3.953824043273926 c number of splits: 807 s UNSATISFIABLE
c total solving time: 6.558161973953247 c number of splits: 1619 s UNSATISFIABLE
c total solving time: 3.9221763610839844 c number of splits: 909 s UNSATISFIABLE
c total solving time: 6.7238218784332275 c number of splits: 1703 s UNSATISFIABLE
c total solving time: 4.759976625442505 c number of splits: 1089 s UNSATISFIABLE
c total solving time: 5.297027349472046 c number of splits: 1357 s UNSATISFIABLE
c total solving time: 4.717329025268555 c number of splits: 1201 s UNSATISFIABLE
c total solving time: 4.340382099151611 c number of splits: 1115 s UNSATISFIABLE
c total solving time: 4.334229230880737 c number of splits: 1023 s UNSATISFIABLE
c total solving time: 5.7116405963897705 c number of splits: 1427 s UNSATISFIABLE
c total solving time: 2.570521354675293 c number of splits: 613 s UNSATISFIABLE
c total solving time: 4.0638427734375 c number of splits: 1015 s UNSATISFIABLE
c total solving time: 6.358859539031982 c number of splits: 1567 s UNSATISFIABLE
c total solving time: 5.8023295402526855 c number of splits: 1435 s UNSATISFIABLE
c total solving time: 5.583507061004639 c number of splits: 1301 s UNSATISFIABLE
c total solving time: 4.668086767196655 c number of splits: 1063 s UNSATISFIABLE
c total solving time: 2.557612180709839 c number of splits: 623 s UNSATISFIABLE
c total solving time: 3.2146122455596924 c number of splits: 817 s UNSATISFIABLE
c total solving time: 3.695068836212158 c number of splits: 883 s UNSATISFIABLE
c total solving time: 4.878953456878662 c number of splits: 1205 s UNSATISFIABLE
c total solving time: 3.932724952697754 c number of splits: 923 s UNSATISFIABLE
c total solving time: 4.837482690811157 c number of splits: 1133 s UNSATISFIABLE
c total solving time: 5.844032526016235 c number of splits: 1491 s UNSATISFIABLE
c total solving time: 2.9499642848968506 c number of splits: 747 s UNSATISFIABLE
c total solving time: 2.633127212524414 c number of splits: 685 s UNSATISFIABLE
c total solving time: 4.637290716171265 c number of splits: 1201 s UNSATISFIABLE
c total solving time: 5.429860353469849 c number of splits: 1369 s UNSATISFIABLE
c total solving time: 4.173155784606934 c number of splits: 901 s UNSATISFIABLE
c total solving time: 3.86320161819458 c number of splits: 945 s UNSATISFIABLE
c total solving time: 4.5983521938323975 c number of splits: 1205 s UNSATISFIABLE
c total solving time: 6.0593976974487305 c number of splits: 1549 s UNSATISFIABLE
c total solving time: 4.146690845489502 c number of splits: 1035 s UNSATISFIABLE
c total solving time: 2.1731762886047363 c number of splits: 549 s UNSATISFIABLE
c total solving time: 4.6976706981658936 c number of splits: 1139 s UNSATISFIABLE
c total solving time: 3.622873067855835 c number of splits: 951 s UNSATISFIABLE
c total solving time: 2.419661521911621 c number of splits: 617 s UNSATISFIABLE
c total solving time: 9.529149293899536 c number of splits: 2379 s UNSATISFIABLE
Total solving time: 478.0949740409851080
Median solving time: 4.63
Total number of splits: 113828
Median number of splits: 1079.00
Number of satisfiable: 0
