c total solving time: 21.269954204559326 c number of splits: 11785 s SATISFIABLE v 1 2 3 4 5 -6 -7 -8 -9 -10 11 -12 -13 -14 15 -16 -17 -18 -19 20 -21 22 23 -24 -25 -26 27 28 -29 -30 -31 -32 33 34 35 36 -37 38 39 -40 -41 42 43 44 -45 46 47 48 -49 -50 -51 52 -53 54 55 56 57 58 -59 -60 -61 62 63 -64 65 66 -67 -68 -69 -70 71 71 71 71 -72 -73 74 75 76 77 78 -79 80 81 82 83 84 85 -86 87 87 88 89 90 91 92 92 -93 -94 -95 96 97 98 -99 100 101 102 -103 104 105 106 107 -108 -109 110 -111 -112 -113 114 115 116 -117 -118 -119 -120 121 122 123 124 -125 -126 -127 128 129 -130 -131 -132 133 -134 -135 136 -137 -138 139 -140 -141 142 143 144 145 146 147 148 149 150 0
c total solving time: 2.5974385738372803 c number of splits: 1478 s SATISFIABLE v -1 2 3 -4 -5 6 -7 8 -9 -10 11 12 13 -14 -15 16 16 16 16 17 -18 -19 -20 21 22 23 -24 -25 -26 27 28 -29 30 31 32 33 -34 35 -36 -37 38 -39 -40 41 -42 43 44 45 -46 -47 -48 49 50 -51 -52 53 -54 55 56 57 58 -59 -60 -61 62 -63 -64 65 66 -67 -68 -69 70 -71 72 73 73 73 74 75 76 -77 78 -79 -80 -81 -82 -83 -84 85 86 -87 -88 -89 90 -91 92 -93 -94 -95 96 -97 98 99 -100 -101 -102 -103 104 105 -106 107 -108 -109 -110 -111 -112 -113 -114 115 116 116 116 -117 -118 -119 120 121 -122 -123 -124 125 126 -127 -128 -129 130 131 132 133 134 134 -135 -136 137 -138 139 -140 -141 -142 -143 144 145 -146 147 -148 -149 150 0
c total solving time: 32.130313873291016 c number of splits: 15799 s UNSATISFIABLE
c total solving time: 42.21658658981323 c number of splits: 20827 s UNSATISFIABLE
c total solving time: 36.92067217826843 c number of splits: 18715 s UNSATISFIABLE
c total solving time: 23.421555757522583 c number of splits: 11473 s UNSATISFIABLE
c total solving time: 32.27511405944824 c number of splits: 15589 s UNSATISFIABLE
c total solving time: 62.189961194992065 c number of splits: 32507 s UNSATISFIABLE
c total solving time: 60.38796520233154 c number of splits: 31159 s UNSATISFIABLE
c total solving time: 27.06421685218811 c number of splits: 12641 s UNSATISFIABLE
c total solving time: 33.56083798408508 c number of splits: 16493 s UNSATISFIABLE
c total solving time: 28.225022315979004 c number of splits: 13225 s UNSATISFIABLE
c total solving time: 41.24614477157593 c number of splits: 20355 s UNSATISFIABLE
c total solving time: 52.652048110961914 c number of splits: 25441 s UNSATISFIABLE
c total solving time: 31.753517389297485 c number of splits: 15461 s UNSATISFIABLE
c total solving time: 5.594965696334839 c number of splits: 2611 s UNSATISFIABLE
c total solving time: 5.040916442871094 c number of splits: 2469 s SATISFIABLE v 1 2 -3 -4 -5 6 -7 -8 -9 -10 11 12 13 14 14 14 -15 16 -17 -18 -19 20 21 22 -23 -24 -25 -26 -27 28 -29 -30 31 -32 -33 -34 35 -36 -37 -38 39 40 41 41 41 -42 -43 44 45 46 47 -48 49 50 -51 -52 53 54 55 -56 -57 -58 -59 60 61 -62 -63 64 65 66 -67 -68 69 -70 71 -72 73 -74 75 76 76 77 78 -79 -80 -81 82 -83 84 85 86 -87 88 -89 90 91 -92 93 -94 95 -96 -97 -98 99 -100 -101 -102 -103 104 104 105 106 -107 108 -109 110 -111 -112 113 -114 115 116 -117 -118 119 120 -121 122 -123 -124 125 126 127 128 129 -130 131 -132 -133 -134 -135 136 -137 -138 139 -140 141 -142 143 -144 145 -146 -147 -148 -149 150 0
c total solving time: 37.85159635543823 c number of splits: 18763 s UNSATISFIABLE
c total solving time: 32.953028440475464 c number of splits: 17664 s SATISFIABLE v 1 2 3 -4 5 6 7 8 9 -10 -11 -12 13 14 15 -16 -17 -18 19 -20 21 22 23 24 -25 -26 27 -28 29 30 31 -32 33 -34 -35 -36 37 -38 -39 -40 41 -42 -43 -44 45 -46 -47 48 -49 -50 -51 -52 53 -54 -55 -56 57 -58 59 60 61 62 -63 -64 65 66 67 -68 69 70 71 71 71 -72 73 74 -75 76 -77 78 79 -80 -81 -82 -83 -84 -85 -86 87 88 89 90 -91 92 93 93 93 93 93 93 94 -95 -96 -97 -98 99 -100 101 -102 -103 -104 105 -106 107 -108 -109 -110 -111 -112 -113 -114 -115 116 117 118 -119 120 121 -122 123 -124 125 126 127 128 129 -130 -131 -132 133 134 -135 136 137 138 -139 -140 -141 -142 143 -144 -145 -146 -147 -148 149 150 0
c total solving time: 7.554383754730225 c number of splits: 3891 s SATISFIABLE v -1 -2 3 4 5 6 -7 -8 9 -10 -11 -12 13 14 15 -16 -17 -18 19 20 -21 -22 -23 -24 25 26 27 28 29 -30 31 32 -33 34 -35 -36 -37 38 39 40 -41 -42 43 -44 45 -46 47 48 49 -50 51 52 53 -54 -55 -56 57 58 -59 -60 -61 62 -63 64 -65 -66 67 68 -69 70 71 -72 73 -74 -75 -76 -77 -78 -79 -80 -81 82 -83 84 -85 -86 87 -88 89 90 91 -92 93 94 -95 96 97 98 -99 -100 101 -102 -103 -104 105 -106 -107 108 -109 110 -111 112 113 -114 115 -116 117 118 -119 -120 -121 122 123 124 125 126 127 128 -129 130 -131 132 -133 -134 -135 -136 137 -138 -139 -140 141 -142 -143 144 145 146 -147 -148 149 150 0
c total solving time: 48.572426080703735 c number of splits: 23813 s UNSATISFIABLE
c total solving time: 23.653347492218018 c number of splits: 11323 s UNSATISFIABLE
c total solving time: 2.8784255981445312 c number of splits: 1412 s SATISFIABLE v 1 2 3 -4 5 -6 7 -8 -9 -10 11 -12 13 14 -15 16 17 -18 19 -20 -21 22 23 -24 25 26 -27 -28 29 -30 -31 -32 33 34 -35 -36 -37 38 39 40 41 42 43 44 -45 46 -47 -48 49 50 51 52 -53 54 55 -56 57 58 59 -60 61 -62 63 64 -65 66 67 -68 69 -70 -71 -72 73 74 -75 76 77 -78 79 80 81 -82 83 -84 -85 86 87 88 89 -90 -91 -92 93 94 -95 96 -97 98 99 -100 101 102 103 -104 105 -106 -107 108 -109 110 -111 -112 113 113 -114 115 -116 117 -118 119 120 -121 122 123 124 -125 -126 127 -128 -129 -130 -131 132 -133 134 -135 -136 -137 138 -139 -140 141 -142 143 144 -145 -146 147 148 149 150 0
c total solving time: 34.5295569896698 c number of splits: 17317 s UNSATISFIABLE
c total solving time: 40.21992778778076 c number of splits: 20063 s UNSATISFIABLE
c total solving time: 11.348180055618286 c number of splits: 5473 s UNSATISFIABLE
c total solving time: 35.57269859313965 c number of splits: 17757 s UNSATISFIABLE
c total solving time: 8.111151456832886 c number of splits: 4416 s SATISFIABLE v 1 2 -3 4 5 6 -7 -8 9 10 -11 12 13 -14 15 -16 17 -18 19 -20 -21 22 -23 24 -25 26 -27 -28 29 30 -31 32 33 34 -35 -36 37 37 37 37 38 39 40 -41 42 43 44 45 46 -47 -48 49 50 -51 -52 53 54 54 54 54 54 54 -55 56 -57 -58 59 -60 61 62 -63 64 -65 66 -67 68 69 -70 -71 72 -73 74 -75 -76 77 -78 -79 80 81 -82 -83 -84 85 -86 -87 -88 -89 -90 91 -92 93 94 -95 96 -97 -98 99 -100 101 -102 103 104 -105 -106 -107 -108 109 110 -111 112 113 114 -115 -116 117 118 119 120 -121 -122 123 -124 125 126 -127 128 129 130 131 -132 133 -134 -135 -136 137 138 139 -140 -141 142 -143 -144 -145 146 -147 148 -149 150 0
c total solving time: 2.3715097904205322 c number of splits: 1494 s SATISFIABLE v 1 -2 -3 -4 5 6 7 8 -9 -10 -11 12 13 14 15 16 17 18 19 -20 21 -22 23 -24 -25 -26 -27 -28 -29 -30 31 -32 33 -34 35 -36 37 38 39 40 41 -42 43 44 45 46 -47 48 -49 50 -51 -52 -53 -54 55 -56 57 -58 -59 60 61 -62 -63 64 65 66 67 68 69 -70 71 72 -73 -74 75 76 77 78 79 80 -81 82 -83 -84 -85 -86 87 88 89 -90 91 -92 -93 94 95 96 -97 -98 99 100 101 102 -103 -104 -105 -106 107 -108 109 110 111 112 113 114 115 116 -117 -118 119 -120 121 122 -123 124 -125 -126 -127 -128 129 -130 131 132 133 134 -135 -136 137 138 139 -140 141 142 143 -144 -145 146 147 -148 149 -150 0
c total solving time: 19.008059978485107 c number of splits: 9053 s UNSATISFIABLE
c total solving time: 12.287832975387573 c number of splits: 6255 s SATISFIABLE v 1 2 3 -4 5 6 7 8 9 -10 11 12 -13 -14 -15 -16 17 18 -19 -20 -21 -22 -23 24 25 26 -27 28 -29 -30 31 32 33 34 -35 36 37 38 -39 40 -41 -42 43 44 -45 -46 -47 48 49 -50 -51 -52 53 -54 -55 -56 57 -58 59 59 -60 61 -62 63 64 -65 -66 67 -68 69 69 69 69 69 69 70 71 72 -73 74 75 76 76 -77 -78 79 80 81 81 81 81 -82 -83 -84 85 -86 87 -88 89 90 91 92 -93 -94 -95 96 97 98 -99 -100 101 -102 103 104 -105 106 -107 -108 109 110 111 112 113 114 115 -116 -117 118 -119 120 121 122 -123 -124 -125 -126 127 128 129 130 -131 132 133 134 135 136 137 -138 139 139 139 139 140 141 -142 143 144 -145 -146 -147 -148 149 150 0
c total solving time: 14.118868350982666 c number of splits: 6749 s UNSATISFIABLE
c total solving time: 8.604445934295654 c number of splits: 4489 s SATISFIABLE v -1 -2 -3 -4 5 -6 -7 -8 9 -10 11 -12 -13 -14 15 16 17 -18 -19 20 -21 22 -23 -24 -25 26 27 -28 29 -30 31 32 -33 34 -35 -36 37 38 39 -40 -41 42 -43 -44 -45 46 47 -48 -49 50 51 52 53 -54 55 56 -57 -58 -59 60 61 62 63 64 65 65 65 -66 67 -68 69 -70 71 72 -73 74 -75 -76 -77 78 79 80 81 82 -83 84 -85 -86 -87 -88 -89 -90 -91 92 93 -94 -95 96 -97 -98 99 -100 -101 102 103 104 -105 -106 107 108 109 110 111 -112 113 114 115 -116 117 -118 119 120 -121 122 123 124 -125 126 -127 128 129 130 -131 -132 133 -134 135 136 137 138 -139 140 141 142 -143 144 -145 146 147 148 149 -150 0
c total solving time: 1.8795809745788574 c number of splits: 1049 s SATISFIABLE v -1 -2 3 4 -5 6 -7 8 -9 10 11 12 -13 14 15 -16 17 -18 -19 -20 21 -22 -23 24 -25 26 -27 28 -29 30 31 32 -33 34 -35 36 37 -38 -39 -40 -41 42 -43 44 45 46 47 -48 49 50 51 -52 53 -54 55 -56 -57 -58 59 60 -61 62 -63 -64 -65 -66 -67 68 69 -70 71 -72 -73 74 75 76 77 -78 -79 -80 -81 82 83 84 -85 86 -87 88 89 90 91 92 -93 -94 -95 -96 97 98 99 -100 101 102 103 104 105 -106 107 -108 -109 110 111 112 -113 -114 -115 116 -117 118 119 120 121 122 -123 124 -125 126 -127 128 129 -130 131 -132 -133 -134 -135 -136 137 138 -139 -140 -141 -142 143 144 145 146 147 148 149 -150 0
c total solving time: 8.983692169189453 c number of splits: 4572 s SATISFIABLE v 1 -2 -3 4 5 5 5 6 -7 8 -9 -10 -11 12 12 12 12 12 13 -14 -15 16 17 18 19 20 -21 -22 -23 24 25 -26 -27 28 29 -30 31 -32 33 -34 35 -36 -37 -38 -39 40 41 -42 43 -44 45 -46 47 48 49 50 -51 -52 -53 -54 55 56 -57 58 -59 60 -61 62 -63 -64 65 -66 67 68 -69 -70 -71 -72 -73 74 75 76 -77 78 -79 -80 -81 -82 83 -84 -85 86 87 88 89 90 90 90 90 -91 92 93 -94 95 96 -97 -98 99 -100 -101 -102 -103 -104 -105 106 107 -108 109 -110 -111 112 113 114 115 116 -117 118 -119 120 121 -122 -123 124 125 -126 -127 -128 129 130 131 -132 -133 134 135 -136 137 138 -139 140 -141 -142 -143 -144 -145 -146 147 -148 -149 -150 0
c total solving time: 13.045278549194336 c number of splits: 6093 s UNSATISFIABLE
c total solving time: 2.9981985092163086 c number of splits: 1313 s UNSATISFIABLE
c total solving time: 8.722994327545166 c number of splits: 4458 s SATISFIABLE v -1 -2 3 4 -5 -6 7 8 -9 -10 11 -12 13 -14 -15 16 17 -18 19 20 21 -22 23 24 -25 26 -27 -28 -29 -30 -31 -32 33 -34 -35 36 37 -38 -39 -40 -41 42 -43 44 45 -46 -47 48 -49 50 51 -52 -53 54 55 -56 -57 -58 59 -60 -61 -62 63 -64 65 -66 67 68 -69 70 -71 -72 -73 -74 75 -76 -77 -78 79 80 81 -82 -83 -84 -85 -86 -87 88 -89 -90 -91 -92 93 -94 -95 -96 -97 98 -99 -100 -101 102 103 104 105 106 107 108 -109 110 111 -112 113 114 115 116 -117 118 -119 120 121 -122 123 124 125 -126 127 -128 129 130 131 132 -133 -134 135 136 -137 -138 139 -140 141 142 143 -144 145 -146 147 148 149 150 0
c total solving time: 10.974069356918335 c number of splits: 5127 s UNSATISFIABLE
c total solving time: 13.131691932678223 c number of splits: 7101 s SATISFIABLE v -1 -2 -3 4 5 -6 -7 8 9 10 11 -12 13 14 -15 16 -17 18 19 -20 21 22 -23 -24 25 -26 27 -28 -29 30 -31 32 -33 34 -35 36 -37 -38 39 -40 -41 42 43 -44 -45 -46 47 -48 -49 50 51 52 53 -54 55 56 -57 58 -59 -60 -61 -62 -63 -64 -65 66 67 68 69 -70 71 72 -73 74 -75 -76 -77 78 79 80 81 82 -83 84 -85 -86 87 88 -89 -90 91 92 93 -94 95 96 -97 98 -99 100 -101 -102 103 -104 105 106 -107 -108 109 110 -111 -112 -113 -114 115 -116 -117 118 119 120 121 122 -123 -124 -125 126 -127 128 129 -130 -131 -132 -133 134 134 134 134 134 134 -135 136 137 -138 139 140 141 142 143 -144 -145 -146 147 -148 -149 -150 0
c total solving time: 42.90543079376221 c number of splits: 22172 s SATISFIABLE v 1 2 3 -4 5 6 7 8 -9 10 11 -12 13 -14 -15 -16 17 18 -19 20 -21 22 23 -24 25 26 27 28 -29 -30 31 31 -32 33 34 35 36 -37 -38 -39 40 -41 42 -43 -44 -45 46 -47 -48 49 -50 51 52 53 -54 55 -56 -57 -58 59 60 61 62 63 -64 -65 66 -67 68 69 70 71 72 -73 -74 75 -76 -77 78 -79 -80 -81 -82 83 84 -85 86 87 -88 89 -90 91 -92 93 94 -95 -96 -97 -98 -99 100 101 102 103 104 -105 106 -107 108 109 -110 -111 112 -113 114 -115 -116 -117 -118 -119 120 -121 -122 -123 124 125 -126 127 128 -129 -130 131 132 -133 134 -135 -136 137 138 -139 -140 -141 -142 -143 144 -145 -146 147 148 149 150 0
c total solving time: 6.893129110336304 c number of splits: 4001 s SATISFIABLE v 1 2 3 -4 -5 6 -7 -8 9 -10 11 -12 13 14 15 -16 -17 -18 19 20 21 -22 23 -24 25 26 -27 -28 -29 30 -31 32 -33 34 35 -36 -37 -38 -39 40 41 -42 43 -44 -45 46 47 -48 49 -50 -51 52 -53 54 -55 -56 -57 58 -59 -60 -61 62 63 64 65 -66 67 68 -69 70 71 72 -73 74 75 76 77 -78 -79 -80 -81 82 83 -84 85 -86 -87 88 89 90 91 -92 93 94 -95 -96 -97 -98 -99 100 101 -102 103 -104 -105 -106 107 108 109 -110 111 -112 113 -114 -115 -116 117 118 -119 -120 121 122 123 -124 -125 -126 -127 -128 -129 130 -131 132 133 133 133 133 133 -134 -135 -136 -137 -138 139 140 -141 142 143 144 145 -146 147 -148 -149 150 0
c total solving time: 51.99086928367615 c number of splits: 26623 s UNSATISFIABLE
c total solving time: 0.06371188163757324 c number of splits: 33 s SATISFIABLE v 1 2 3 4 5 6 7 8 -9 -10 -11 -12 13 14 15 -16 17 18 19 20 21 -22 23 -24 25 26 27 -28 29 -30 -31 32 -33 34 35 -36 37 -38 39 -40 41 -42 -43 -44 -45 46 47 48 49 50 -51 -52 -53 54 -55 56 57 -58 59 60 -61 -62 63 64 -65 66 67 -68 -69 70 -71 -72 73 -74 -75 76 -77 -78 79 80 -81 82 83 84 -85 86 87 -88 89 90 91 -92 93 94 -95 96 97 98 99 -100 -101 102 103 103 104 105 -106 107 107 107 107 107 107 -108 -109 -110 -111 112 -113 -114 -115 -116 117 118 -119 120 121 122 -123 -124 -125 126 127 -128 -129 -130 -131 -132 -133 -134 -135 -136 137 -138 -139 -140 141 142 143 -144 -145 146 -147 148 149 -150 0
c total solving time: 30.61777138710022 c number of splits: 15257 s UNSATISFIABLE
c total solving time: 3.6027567386627197 c number of splits: 1965 s SATISFIABLE v 1 2 -3 -4 -5 -6 -7 8 -9 -10 -11 12 -13 -14 -15 16 17 18 -19 -20 21 22 -23 -24 -25 26 27 -28 29 30 -31 -32 -33 34 35 36 -37 -38 -39 40 41 -42 -43 44 -45 -46 -47 -48 49 50 51 52 -53 54 -55 -56 -57 58 59 -60 61 -62 63 64 -65 66 67 68 69 -70 71 72 -73 -74 75 76 77 78 79 -80 -81 82 83 84 85 86 -87 88 89 -90 -91 -92 -93 94 -95 -96 -97 -98 -99 -100 -101 102 -103 104 -105 -106 -107 108 -109 -110 -111 112 -113 -114 -115 -116 -117 -118 -119 120 -121 122 -123 124 125 -126 -127 -128 129 -130 131 -132 133 134 135 136 137 -138 139 140 -141 -142 143 144 -145 146 -147 148 149 -150 0
c total solving time: 44.818705558776855 c number of splits: 22831 s UNSATISFIABLE
c total solving time: 19.95743179321289 c number of splits: 9591 s UNSATISFIABLE
c total solving time: 30.636719226837158 c number of splits: 15037 s UNSATISFIABLE
c total solving time: 52.88292407989502 c number of splits: 26771 s UNSATISFIABLE
c total solving time: 34.24170422554016 c number of splits: 17217 s UNSATISFIABLE
c total solving time: 14.431331634521484 c number of splits: 6761 s UNSATISFIABLE
c total solving time: 9.05180287361145 c number of splits: 4972 s SATISFIABLE v 1 -2 -3 4 5 -6 -7 8 9 10 11 11 11 11 11 11 12 13 14 15 16 -17 -18 -19 -20 21 22 -23 24 25 26 27 -28 29 -30 -31 -32 -33 -34 35 -36 37 -38 39 40 -41 -42 -43 44 -45 46 -47 -48 -49 50 51 -52 -53 54 55 56 -57 -58 59 60 61 -62 63 63 64 -65 66 -67 -68 -69 70 -71 -72 73 -74 75 -76 -77 -78 -79 -80 81 -82 83 84 -85 86 87 -88 89 90 91 -92 -93 94 -95 96 97 -98 -99 -100 101 -102 103 104 105 -106 107 108 -109 110 111 112 -113 -114 115 116 117 -118 -119 120 121 122 123 -124 -125 126 127 128 129 -130 -131 -132 -133 -134 135 136 137 138 -139 140 141 142 143 144 145 146 -147 148 -149 150 0
c total solving time: 18.100826501846313 c number of splits: 8751 s UNSATISFIABLE
c total solving time: 24.779597520828247 c number of splits: 12857 s SATISFIABLE v 1 -2 3 -4 5 6 -7 8 9 -10 -11 -12 -13 14 -15 -16 -17 -18 -19 -20 -21 -22 -23 24 25 26 -27 -28 -29 30 31 32 -33 -34 35 -36 37 38 -39 -40 -41 42 -43 44 -45 46 -47 48 49 -50 -51 -52 53 54 55 56 -57 -58 -59 60 -61 62 -63 -64 65 -66 -67 -68 -69 70 71 -72 -73 -74 75 76 77 78 -79 80 81 82 83 -84 -85 86 87 88 89 90 91 92 93 -94 95 96 97 -98 99 -100 -101 102 103 104 -105 106 -107 -108 109 110 -111 112 113 -114 115 -116 117 118 -119 120 -121 122 -123 -124 -125 -126 127 -128 129 -130 131 -132 -133 134 135 -136 137 138 139 -140 -141 142 -143 -144 -145 146 146 146 -147 -148 -149 150 0
c total solving time: 22.334104299545288 c number of splits: 10955 s UNSATISFIABLE
c total solving time: 45.09738254547119 c number of splits: 21729 s UNSATISFIABLE
c total solving time: 6.360941648483276 c number of splits: 3082 s SATISFIABLE v 1 -2 -3 -4 5 6 -7 -8 9 -10 -11 12 13 -14 -15 -16 17 18 -19 -20 -21 -22 23 24 25 26 27 -28 -29 -30 31 32 33 -34 35 36 37 38 38 38 -39 40 41 -42 -43 44 -45 46 47 48 -49 50 51 -52 -53 -54 55 56 57 -58 59 60 60 60 60 60 -61 62 63 63 63 63 63 63 63 63 63 63 63 63 -64 65 -66 -67 -68 69 70 -71 72 73 74 -75 -76 -77 78 -79 80 81 82 -83 84 85 86 -87 -88 89 90 91 92 -93 94 -95 96 97 -98 -99 100 101 -102 103 104 -105 106 107 108 -109 110 111 112 113 -114 -115 -116 117 117 117 -118 -119 120 -121 -122 123 -124 -125 126 127 128 129 -130 -131 -132 -133 134 -135 -136 137 138 139 -140 141 142 -143 144 145 -146 -147 148 149 -150 0
c total solving time: 46.834073305130005 c number of splits: 23611 s UNSATISFIABLE
c total solving time: 24.762195110321045 c number of splits: 12787 s UNSATISFIABLE
c total solving time: 37.92400932312012 c number of splits: 19171 s UNSATISFIABLE
c total solving time: 13.261475563049316 c number of splits: 7091 s SATISFIABLE v -1 -2 -3 4 5 -6 7 -8 -9 10 11 12 13 -14 15 16 17 -18 -19 20 -21 22 -23 -24 25 26 -27 28 -29 -30 -31 32 -33 -34 -35 -36 37 -38 39 40 -41 -42 -43 44 -45 -46 -47 -48 49 -50 -51 -52 53 54 -55 -56 57 -58 59 -60 -61 -62 63 -64 65 -66 -67 68 69 70 71 72 -73 -74 75 76 -77 78 79 -80 81 82 83 84 -85 86 -87 88 -89 -90 91 -92 -93 94 -95 96 97 98 -99 100 -101 102 103 104 105 -106 -107 -108 -109 110 -111 112 113 114 115 116 -117 118 119 120 -121 -122 -123 -124 -125 126 -127 -128 129 -130 131 -132 133 -134 -135 136 137 138 138 138 139 -140 -141 142 143 -144 -145 -146 -147 148 -149 150 0
c total solving time: 24.944042205810547 c number of splits: 12269 s UNSATISFIABLE
c total solving time: 10.125470399856567 c number of splits: 5240 s SATISFIABLE v 1 2 3 -4 5 -6 7 8 -9 10 11 -12 13 14 15 16 -17 18 19 20 -21 -22 23 -24 25 -26 -27 -28 29 30 -31 32 33 34 35 36 37 38 39 40 41 42 43 -44 -45 -46 47 48 -49 -50 -51 -52 53 -54 55 -56 -57 58 -59 -60 61 62 63 64 -65 66 67 68 -69 70 -71 -72 73 -74 -75 76 -77 78 -79 80 81 82 -83 -84 85 86 -87 -88 -89 90 -91 -92 93 -94 -95 -96 97 98 -99 -100 101 102 103 104 105 -106 107 -108 -109 110 -111 112 113 -114 -115 116 -117 118 119 119 -120 121 122 -123 124 125 126 127 -128 -129 -130 131 -132 133 -134 -135 136 137 138 -139 140 -141 142 -143 144 -145 146 -147 148 149 -150 0
c total solving time: 37.58510231971741 c number of splits: 18193 s UNSATISFIABLE
c total solving time: 4.690480709075928 c number of splits: 2123 s UNSATISFIABLE
c total solving time: 0.22422003746032715 c number of splits: 124 s SATISFIABLE v 1 2 3 4 -5 -6 7 8 -9 10 11 12 -13 14 15 16 17 18 19 -20 -21 -22 -23 24 25 26 27 -28 -29 30 -31 -32 -33 -34 35 -36 -37 38 -39 40 -41 42 -43 44 45 46 47 48 49 50 -51 52 -53 54 -55 -56 57 58 59 -60 61 62 -63 -64 -65 -66 -67 -68 69 70 -71 72 73 -74 -75 -76 -77 -78 79 -80 -81 82 83 -84 85 86 87 88 89 90 90 90 91 -92 -93 94 -95 -96 97 98 -99 -100 101 -102 -103 104 -105 106 107 108 -109 110 -111 112 -113 -114 -115 116 -117 -118 119 -120 121 122 123 124 -125 126 127 128 -129 130 131 -132 -133 134 135 -136 -137 -138 139 -140 141 142 -143 -144 145 146 -147 -148 149 150 0
c total solving time: 26.01451802253723 c number of splits: 12949 s UNSATISFIABLE
c total solving time: 22.371021032333374 c number of splits: 11605 s SATISFIABLE v -1 -2 3 4 5 -6 -7 8 9 10 -11 12 13 -14 -15 16 17 18 19 20 -21 -22 -23 -24 25 -26 27 -28 29 -30 31 -32 -33 34 -35 36 37 38 39 40 41 42 43 -44 -45 46 47 -48 49 -50 51 52 53 54 55 -56 57 -58 -59 60 -61 62 63 64 65 66 -67 68 69 70 71 72 73 74 75 76 -77 -78 -79 80 81 81 82 -83 84 -85 -86 -87 88 -89 90 -91 92 93 94 95 -96 -97 98 99 -100 -101 102 103 104 -105 106 -107 -108 -109 -110 111 -112 -113 -114 115 -116 117 118 -119 120 121 122 123 -124 -125 126 127 128 129 130 -131 -132 -133 134 -135 -136 -137 138 -139 140 141 142 -143 144 145 146 147 -148 149 149 149 150 0
c total solving time: 7.871545791625977 c number of splits: 3699 s UNSATISFIABLE
c total solving time: 8.181109189987183 c number of splits: 4330 s SATISFIABLE v 1 1 1 1 1 1 2 -3 4 5 6 7 8 9 10 -11 12 13 -14 -15 -16 -17 -18 19 20 21 22 -23 24 25 -26 27 28 -29 -30 -31 -32 33 -34 35 -36 37 -38 39 -40 -41 42 -43 -44 45 46 -47 -48 -49 -50 -51 52 -53 -54 55 56 57 57 57 -58 59 -60 -61 -62 63 -64 -65 66 67 68 -69 -70 -71 -72 73 -74 75 -76 77 -78 79 79 79 80 -81 -82 83 84 -85 86 -87 -88 -89 90 91 92 -93 94 -95 -96 -97 98 99 100 101 101 101 101 101 101 -102 103 104 104 104 105 106 -107 -108 -109 110 -111 -112 113 114 115 -116 -117 118 119 -120 121 -122 -123 -124 -125 126 126 126 126 126 126 126 127 128 -129 130 -131 132 -133 134 135 -136 -137 138 139 -140 -141 142 -143 -144 -145 146 -147 148 149 -150 0
c total solving time: 5.978037595748901 c number of splits: 3607 s SATISFIABLE v -1 2 3 4 5 -6 7 8 9 10 11 12 -13 14 15 16 17 18 19 -20 -21 22 23 24 -25 -26 27 28 29 30 31 -32 -33 -34 -35 36 37 -38 39 -40 41 -42 43 -44 -45 -46 -47 -48 49 -50 51 52 -53 54 -55 -56 -57 -58 59 60 61 -62 63 -64 -65 66 67 -68 69 70 -71 -72 73 -74 75 -76 -77 -78 -79 -80 81 82 83 83 -84 -85 86 -87 88 89 -90 -91 -92 -93 94 -95 96 97 98 -99 100 101 -102 103 -104 -105 -106 -107 -108 109 110 111 112 113 -114 115 -116 -117 -118 119 -120 121 122 -123 -124 -125 126 -127 128 129 130 131 -132 -133 -134 -135 136 137 138 -139 -140 141 142 -143 -144 145 146 147 -148 -149 -150 0
c total solving time: 39.02098035812378 c number of splits: 19717 s UNSATISFIABLE
c total solving time: 11.729049921035767 c number of splits: 5483 s UNSATISFIABLE
c total solving time: 33.28625464439392 c number of splits: 16613 s UNSATISFIABLE
c total solving time: 32.844117403030396 c number of splits: 15939 s UNSATISFIABLE
c total solving time: 6.619300603866577 c number of splits: 3410 s SATISFIABLE v 1 -2 -3 -4 5 6 7 -8 -9 -10 -11 -12 13 14 15 -16 -17 18 19 -20 21 -22 -23 -24 25 25 26 -27 -28 29 -30 -31 32 33 -34 35 -36 -37 38 39 40 41 42 43 44 44 45 -46 -47 48 49 50 -51 -52 -53 -54 55 56 57 58 59 60 61 -62 -63 -64 65 -66 -67 -68 -69 -70 71 -72 -73 74 75 76 77 -78 -79 80 81 82 83 84 -85 -86 87 -88 -89 90 -91 -92 -93 94 -95 96 97 -98 99 100 -101 -102 103 104 104 104 104 -105 -106 -107 108 109 110 -111 -112 -113 114 -115 116 -117 -118 -119 -120 -121 -122 -123 124 125 126 -127 128 -129 130 131 132 -133 134 -135 136 -137 -138 139 140 141 -142 -143 -144 -145 146 -147 -148 149 -150 0
c total solving time: 47.933769941329956 c number of splits: 24475 s UNSATISFIABLE
c total solving time: 2.3887579441070557 c number of splits: 1069 s SATISFIABLE v 1 -2 -3 -4 -5 6 -7 8 -9 10 11 -12 -13 14 -15 16 17 -18 -19 -20 -21 22 23 24 25 26 27 -28 -29 -30 31 32 -33 -34 -35 -36 -37 -38 -39 40 -41 42 -43 -44 45 46 47 -48 49 50 -51 -52 -53 -54 55 56 -57 58 59 -60 -61 -62 -63 64 -65 -66 67 -68 69 -70 -71 -72 73 74 -75 -76 77 -78 79 -80 -81 -82 83 84 -85 -86 87 88 88 89 -90 91 -92 93 94 -95 -96 -97 98 -99 100 101 -102 -103 104 105 106 107 108 -109 -110 111 -112 113 -114 115 -116 117 -118 -119 120 -121 -122 -123 124 -125 126 127 -128 129 -130 131 -132 133 -134 -135 -136 -137 138 -139 -140 -141 142 -143 -144 145 -146 -147 148 149 150 0
c total solving time: 31.226151943206787 c number of splits: 16819 s UNSATISFIABLE
c total solving time: 24.642619371414185 c number of splits: 13523 s SATISFIABLE v 1 2 -3 -4 5 -6 -7 -8 -9 10 11 -12 13 -14 -15 16 17 -18 -19 -20 -21 22 -23 24 -25 -26 -27 28 -29 -30 -31 -32 33 34 35 36 -37 38 -39 -40 -41 42 43 -44 -45 -46 47 48 -49 -50 51 -52 53 54 55 56 57 58 -59 60 61 -62 63 -64 -65 -66 67 68 -69 -70 71 -72 73 74 -75 76 -77 -78 -79 80 -81 82 83 -84 85 86 87 88 89 89 89 89 90 91 92 -93 -94 -95 96 97 98 99 -100 101 102 103 104 105 106 107 108 109 -110 111 -112 -113 -114 115 116 -117 -118 119 120 -121 -122 -123 124 125 126 127 -128 -129 130 -131 -132 133 -134 135 -136 -137 138 -139 140 -141 -142 143 144 145 146 147 148 -149 -150 0
c total solving time: 17.91278600692749 c number of splits: 10427 s SATISFIABLE v 1 -2 -3 -4 -5 6 -7 8 -9 10 11 -12 -13 14 15 16 -17 18 -19 -20 -21 22 22 22 22 23 -24 -25 -26 -27 -28 -29 30 -31 32 33 34 35 36 37 -38 39 -40 -41 -42 43 -44 -45 46 -47 -48 49 50 50 -51 -52 -53 -54 55 56 57 -58 59 -60 61 62 -63 -64 -65 66 -67 -68 69 70 71 -72 73 74 -75 76 77 77 78 -79 -80 81 82 83 84 -85 -86 87 -88 89 90 91 -92 93 -94 95 -96 -97 -98 -99 100 101 -102 103 -104 -105 -106 -107 -108 -109 110 -111 -112 113 -114 -115 -116 117 118 -119 -120 121 122 -123 -124 -125 126 127 -128 129 130 130 130 -131 -132 133 134 135 -136 137 -138 -139 140 -141 -142 -143 144 145 -146 147 148 -149 -150 0
c total solving time: 14.745661497116089 c number of splits: 7788 s SATISFIABLE v 1 -2 3 -4 -5 6 -7 8 9 -10 -11 12 -13 14 15 16 -17 -18 19 -20 -21 -22 23 24 -25 26 -27 -28 29 -30 -31 -32 33 34 -35 -36 -37 -38 39 40 41 42 43 44 -45 -46 47 48 -49 -50 -51 -52 -53 -54 -55 56 -57 58 59 60 61 62 63 -64 65 -66 67 68 69 70 -71 72 -73 -74 75 -76 77 -78 -79 80 -81 -82 83 -84 -85 -86 87 -88 -89 -90 -91 92 -93 94 95 -96 -97 -98 99 100 101 102 103 104 -105 -106 107 108 -109 -110 -111 -112 -113 114 -115 -116 -117 118 -119 120 -121 122 -123 124 125 -126 127 128 129 130 -131 -132 133 134 -135 136 137 138 139 139 140 141 142 143 -144 -145 146 147 148 149 150 0
c total solving time: 18.88406753540039 c number of splits: 8859 s UNSATISFIABLE
c total solving time: 17.27460789680481 c number of splits: 8653 s UNSATISFIABLE
c total solving time: 12.284014463424683 c number of splits: 5987 s UNSATISFIABLE
c total solving time: 42.56881666183472 c number of splits: 21111 s UNSATISFIABLE
c total solving time: 44.51275634765625 c number of splits: 22633 s UNSATISFIABLE
c total solving time: 52.988038301467896 c number of splits: 28637 s SATISFIABLE v 1 2 -3 -4 -5 -6 7 -8 -9 10 11 12 13 14 -15 16 17 18 19 -20 -21 -22 -23 24 25 -26 -27 -28 -29 -30 -31 -32 33 34 -35 36 37 38 -39 -40 -41 42 43 44 45 46 -47 48 -49 50 51 -52 53 54 -55 -56 -57 58 -59 60 61 62 -63 -64 65 66 -67 68 69 -70 -71 72 -73 -74 75 76 77 78 79 80 -81 82 83 84 -85 86 -87 88 89 90 91 92 93 -94 -95 96 97 98 99 -100 101 102 103 -104 -105 106 107 -108 109 110 -111 112 113 114 115 116 117 -118 119 120 121 -122 123 -124 125 126 127 -128 129 -130 131 132 133 134 -135 -136 137 -138 -139 -140 141 -142 -143 144 145 146 -147 -148 149 -150 0
c total solving time: 7.638096809387207 c number of splits: 3938 s SATISFIABLE v -1 2 -3 4 5 -6 -7 8 -9 -10 -11 12 13 14 15 -16 17 -18 -19 -20 21 22 23 -24 -25 -26 -27 -28 29 29 29 -30 -31 32 33 34 35 -36 -37 -38 39 39 40 -41 -42 -43 -44 -45 46 47 -48 49 -50 51 -52 -53 -54 55 -56 57 58 59 -60 -61 62 -63 -64 -65 66 67 68 69 -70 71 -72 -73 74 -75 76 77 -78 -79 80 81 -82 83 -84 85 -86 87 -88 89 -90 91 -92 93 -94 95 -96 97 -98 99 100 101 -102 -103 104 105 106 107 -108 109 -110 111 -112 -113 -114 -115 -116 -117 -118 119 -120 -121 -122 123 -124 -125 -126 -127 128 129 130 -131 132 -133 134 135 136 137 -138 139 140 141 142 143 -144 -145 -146 147 147 148 -149 -150 0
c total solving time: 0.09041786193847656 c number of splits: 48 s SATISFIABLE v 1 2 -3 -4 -5 6 7 8 -9 -10 11 -12 13 14 -15 16 -17 -18 -19 20 -21 -22 23 -24 -25 -26 27 28 -29 30 -31 -32 -33 -34 35 36 37 -38 39 40 -41 42 42 42 42 -43 -44 45 -46 -47 -48 49 50 50 51 52 -53 54 -55 -56 57 58 -59 60 -61 62 63 64 65 66 -67 68 69 -70 -71 72 -73 74 -75 -76 -77 78 79 -80 81 82 83 -84 85 86 -87 -88 -89 90 -91 92 93 94 95 96 97 -98 -99 100 100 100 100 100 100 100 100 101 -102 103 -104 -105 106 107 108 -109 110 -111 -112 -113 114 -115 116 -117 118 119 -120 121 -122 123 -124 -125 126 127 128 129 130 -131 132 -133 134 135 -136 -137 -138 -139 140 141 142 -143 144 -145 146 147 148 149 150 0
c total solving time: 0.8529534339904785 c number of splits: 420 s SATISFIABLE v -1 -2 3 -4 5 -6 -7 8 -9 10 -11 12 -13 14 15 -16 17 -18 19 -20 21 -22 -23 24 -25 26 27 28 29 -30 -31 -32 -33 34 35 -36 37 38 39 40 41 -42 43 44 -45 46 47 -48 -49 50 51 -52 53 54 55 56 -57 -58 59 -60 -61 62 63 -64 65 -66 -67 -68 69 -70 -71 -72 73 -74 75 76 77 -78 79 -80 -81 82 -83 -84 85 86 87 88 89 -90 91 92 93 94 -95 -96 97 -98 -99 -100 -101 102 -103 104 -105 106 -107 108 -109 -110 -111 -112 -113 -114 115 -116 117 -118 -119 120 121 -122 123 124 125 126 127 128 -129 -130 -131 132 -133 134 -135 -136 -137 -138 -139 -140 -141 -142 143 144 145 146 -147 148 149 -150 0
c total solving time: 11.794183731079102 c number of splits: 5667 s UNSATISFIABLE
c total solving time: 46.76852583885193 c number of splits: 24423 s UNSATISFIABLE
c total solving time: 12.550201654434204 c number of splits: 5903 s UNSATISFIABLE
c total solving time: 11.485154151916504 c number of splits: 5173 s UNSATISFIABLE
c total solving time: 15.878974199295044 c number of splits: 7711 s UNSATISFIABLE
c total solving time: 29.13432002067566 c number of splits: 14081 s UNSATISFIABLE
c total solving time: 7.334778308868408 c number of splits: 3950 s SATISFIABLE v 1 -2 -3 4 -5 6 -7 8 9 -10 -11 12 -13 -14 -15 16 -17 18 -19 -20 21 -22 23 24 -25 -26 -27 28 -29 -30 -31 -32 33 34 35 -36 -37 38 -39 -40 -41 -42 43 -44 -45 46 47 -48 -49 50 51 51 -52 53 54 55 -56 57 -58 59 -60 61 62 -63 -64 65 -66 67 68 -69 70 -71 72 73 74 -75 -76 -77 -78 79 -80 -81 -82 83 -84 -85 -86 87 -88 89 -90 91 -92 93 94 95 95 95 96 97 -98 -99 100 -101 -102 -103 -104 105 106 -107 108 109 110 111 112 -113 -114 -115 -116 117 -118 -119 -120 121 -122 -123 124 125 126 127 128 129 -130 131 132 -133 -134 -135 -136 -137 138 -139 140 -141 142 143 -144 -145 -146 147 -148 149 -150 0
c total solving time: 1.0726463794708252 c number of splits: 520 s SATISFIABLE v 1 -2 3 4 5 6 -7 8 -9 -10 11 12 -13 -14 15 16 17 -18 -19 -20 -21 22 22 22 22 22 22 22 22 23 23 -24 -25 26 -27 -28 29 -30 -31 32 33 -34 35 -36 -37 38 -39 -40 41 42 43 -44 -45 -46 -47 -48 -49 50 -51 -52 53 54 -55 56 -57 -58 -59 60 61 -62 -63 64 65 -66 -67 -68 -69 -70 -71 72 -73 74 75 -76 -77 -78 79 80 80 80 80 80 81 82 -83 84 85 -86 87 88 88 88 88 89 90 91 -92 -93 94 95 -96 97 -98 99 -100 101 102 -103 104 -105 106 107 -108 109 -110 -111 112 -113 114 115 -116 -117 -118 -119 120 -121 122 123 124 -125 -126 127 128 129 130 131 132 133 -134 -135 -136 -137 -138 -139 -140 -141 -142 -143 144 145 -146 -147 148 149 -150 0
Total solving time: 2262.91462159156799175
Median solving time: 19.48
Total number of splits: 1138054
Median number of splits: 9322.00
Number of satisfiable: 38
