c total solving time: 9.433306217193604 c number of splits: 4221 s UNSATISFIABLE
c total solving time: 11.364592790603638 c number of splits: 5083 s UNSATISFIABLE
c total solving time: 27.906798124313354 c number of splits: 12571 s UNSATISFIABLE
c total solving time: 30.943737506866455 c number of splits: 14381 s UNSATISFIABLE
c total solving time: 0.11616969108581543 c number of splits: 58 s SATISFIABLE v -1 2 3 4 5 -6 -7 -8 -9 -10 11 12 -13 -14 -15 16 17 18 19 20 -21 -22 -23 -24 25 -26 27 -28 -29 -30 31 -32 -33 -34 35 -36 -37 -38 39 40 41 -42 43 -44 45 46 -47 -48 49 50 -51 -52 53 54 55 56 57 -58 -59 60 61 -62 -63 -64 65 -66 -67 -68 69 -70 71 72 73 -74 75 -76 -77 78 -79 -80 81 82 83 -84 -85 86 -87 -88 89 90 91 -92 -93 94 95 -96 -97 -98 99 100 101 102 103 104 105 106 -107 108 109 110 111 112 -113 -114 -115 -116 -117 118 119 119 119 -120 121 -122 123 124 -125 126 127 128 -129 -130 131 -132 133 134 135 -136 137 -138 139 -140 141 142 -143 -144 -145 -146 147 148 -149 150 0
c total solving time: 46.35701775550842 c number of splits: 22711 s UNSATISFIABLE
c total solving time: 17.84311866760254 c number of splits: 7873 s UNSATISFIABLE
c total solving time: 19.742886543273926 c number of splits: 8881 s UNSATISFIABLE
c total solving time: 22.599007606506348 c number of splits: 9983 s UNSATISFIABLE
c total solving time: 16.728013038635254 c number of splits: 7485 s UNSATISFIABLE
c total solving time: 40.68306612968445 c number of splits: 19473 s UNSATISFIABLE
c total solving time: 40.695636510849 c number of splits: 19535 s UNSATISFIABLE
c total solving time: 12.484625816345215 c number of splits: 5537 s UNSATISFIABLE
c total solving time: 30.47732663154602 c number of splits: 14289 s UNSATISFIABLE
c total solving time: 9.826846599578857 c number of splits: 4225 s UNSATISFIABLE
c total solving time: 11.635525941848755 c number of splits: 5081 s UNSATISFIABLE
c total solving time: 27.48080587387085 c number of splits: 12977 s UNSATISFIABLE
c total solving time: 30.362050533294678 c number of splits: 14073 s UNSATISFIABLE
c total solving time: 5.87229585647583 c number of splits: 2391 s UNSATISFIABLE
c total solving time: 13.35368824005127 c number of splits: 5811 s UNSATISFIABLE
c total solving time: 17.04275870323181 c number of splits: 7701 s UNSATISFIABLE
c total solving time: 23.799531936645508 c number of splits: 10965 s UNSATISFIABLE
c total solving time: 15.576313734054565 c number of splits: 6067 s UNSATISFIABLE
c total solving time: 1.0501129627227783 c number of splits: 518 s SATISFIABLE v 1 -2 -3 4 -5 -6 7 -8 9 -10 -11 -12 -13 -14 -15 -16 -17 18 19 -20 21 -22 -23 24 -25 -26 -27 -28 -29 -30 31 -32 33 -34 -35 36 -37 38 -39 40 40 40 40 -41 -42 -43 44 45 -46 -47 48 -49 50 51 -52 53 54 -55 -56 57 -58 59 -60 61 62 63 -64 65 66 -67 68 69 -70 71 72 -73 74 -75 76 -77 -78 79 -80 81 -82 -83 84 -85 -86 -87 -88 89 90 -91 -92 -93 -94 95 -96 97 -98 -99 -100 -101 -102 -103 -104 105 -106 107 108 109 110 111 112 -113 114 -115 116 -117 -118 119 -120 -121 -122 123 124 -125 126 -127 -128 129 130 -131 -132 133 134 -135 -136 -137 138 139 -140 141 -142 143 144 145 146 -147 148 -149 -150 0
c total solving time: 7.781158208847046 c number of splits: 3365 s UNSATISFIABLE
c total solving time: 25.748979806900024 c number of splits: 11257 s UNSATISFIABLE
c total solving time: 34.359830379486084 c number of splits: 14917 s UNSATISFIABLE
c total solving time: 17.211777925491333 c number of splits: 7235 s UNSATISFIABLE
c total solving time: 22.356013298034668 c number of splits: 9509 s UNSATISFIABLE
c total solving time: 36.65265464782715 c number of splits: 16523 s UNSATISFIABLE
c total solving time: 8.595897197723389 c number of splits: 3511 s UNSATISFIABLE
c total solving time: 13.86581563949585 c number of splits: 5717 s UNSATISFIABLE
c total solving time: 24.393054723739624 c number of splits: 9585 s UNSATISFIABLE
c total solving time: 21.69213318824768 c number of splits: 8343 s UNSATISFIABLE
c total solving time: 9.612476825714111 c number of splits: 3543 s UNSATISFIABLE
c total solving time: 38.135504484176636 c number of splits: 15817 s UNSATISFIABLE
c total solving time: 6.060734987258911 c number of splits: 2317 s UNSATISFIABLE
c total solving time: 37.31053137779236 c number of splits: 15573 s UNSATISFIABLE
c total solving time: 21.283292055130005 c number of splits: 8601 s UNSATISFIABLE
c total solving time: 10.940530061721802 c number of splits: 4219 s UNSATISFIABLE
c total solving time: 26.994763374328613 c number of splits: 10769 s UNSATISFIABLE
c total solving time: 24.922821283340454 c number of splits: 9905 s UNSATISFIABLE
c total solving time: 22.255515336990356 c number of splits: 8969 s UNSATISFIABLE
c total solving time: 17.93593740463257 c number of splits: 7571 s UNSATISFIABLE
c total solving time: 6.553833723068237 c number of splits: 2411 s UNSATISFIABLE
c total solving time: 26.40435528755188 c number of splits: 10791 s UNSATISFIABLE
c total solving time: 25.273656606674194 c number of splits: 9259 s UNSATISFIABLE
c total solving time: 31.376753330230713 c number of splits: 12547 s UNSATISFIABLE
c total solving time: 33.827141761779785 c number of splits: 14631 s UNSATISFIABLE
c total solving time: 29.224453926086426 c number of splits: 12067 s UNSATISFIABLE
c total solving time: 14.95360255241394 c number of splits: 6269 s UNSATISFIABLE
c total solving time: 16.44048309326172 c number of splits: 7011 s UNSATISFIABLE
c total solving time: 26.5831937789917 c number of splits: 11391 s UNSATISFIABLE
c total solving time: 21.11068344116211 c number of splits: 8735 s UNSATISFIABLE
c total solving time: 31.944767713546753 c number of splits: 13341 s UNSATISFIABLE
c total solving time: 18.448352813720703 c number of splits: 7129 s UNSATISFIABLE
c total solving time: 38.73620080947876 c number of splits: 16345 s UNSATISFIABLE
c total solving time: 13.9951012134552 c number of splits: 5707 s UNSATISFIABLE
c total solving time: 21.09303092956543 c number of splits: 9073 s UNSATISFIABLE
c total solving time: 35.07659840583801 c number of splits: 14957 s UNSATISFIABLE
c total solving time: 16.37295174598694 c number of splits: 6539 s UNSATISFIABLE
c total solving time: 35.367555379867554 c number of splits: 14281 s UNSATISFIABLE
c total solving time: 9.513055086135864 c number of splits: 3899 s UNSATISFIABLE
c total solving time: 1.5254313945770264 c number of splits: 732 s SATISFIABLE v 1 2 3 4 5 -6 -7 -8 9 10 11 -12 -13 -14 15 16 17 18 -19 20 21 22 23 -24 -25 -26 -27 -28 -29 30 -31 32 33 34 35 -36 37 -38 -39 40 -41 42 -43 -44 -45 -46 -47 48 -49 -50 51 52 53 54 -55 56 -57 -58 59 -60 -61 -62 -63 64 -65 66 -67 68 -69 70 71 72 -73 -74 -75 76 -77 78 -79 80 -81 -82 83 -84 -85 86 87 88 -89 90 91 -92 -93 -94 95 -96 -97 98 99 -100 -101 102 103 104 105 -106 107 -108 109 110 -111 112 -113 114 -115 116 -117 -118 119 -120 121 -122 123 124 125 -126 127 -128 -129 -130 -131 -132 133 134 135 136 137 -138 -139 140 141 142 143 144 145 146 -147 148 -149 -150 0
c total solving time: 19.856844186782837 c number of splits: 7675 s UNSATISFIABLE
c total solving time: 26.131885290145874 c number of splits: 10813 s UNSATISFIABLE
c total solving time: 42.49944233894348 c number of splits: 18379 s UNSATISFIABLE
c total solving time: 27.081300735473633 c number of splits: 10941 s UNSATISFIABLE
c total solving time: 20.682986736297607 c number of splits: 8651 s UNSATISFIABLE
c total solving time: 23.48923110961914 c number of splits: 9849 s UNSATISFIABLE
c total solving time: 64.45411467552185 c number of splits: 26541 s UNSATISFIABLE
c total solving time: 10.485444784164429 c number of splits: 4192 s SATISFIABLE v 1 -2 -3 -4 5 -6 7 8 -9 10 11 12 -13 -14 15 16 17 18 19 -20 -21 -22 -23 -24 25 26 27 28 29 30 -31 -32 -33 34 -35 -36 -37 38 -39 40 41 -42 43 -44 45 -46 -47 48 49 -50 51 -52 53 -54 55 56 -57 -58 59 60 -61 62 -63 64 65 -66 67 -68 -69 70 71 72 73 74 -75 -76 77 78 79 80 -81 82 83 84 85 86 87 -88 -89 -90 -91 -92 93 94 -95 -96 97 -98 -99 100 -101 102 -103 -104 105 106 -107 -108 109 -110 111 112 113 114 115 116 -117 118 -119 120 -121 122 -123 124 125 126 -127 128 129 130 131 132 -133 -134 -135 -136 137 -138 139 140 -141 142 -143 -144 -145 146 147 -148 -149 -150 0
c total solving time: 9.398233413696289 c number of splits: 3773 s UNSATISFIABLE
c total solving time: 40.735007762908936 c number of splits: 17237 s UNSATISFIABLE
c total solving time: 26.492012977600098 c number of splits: 10955 s UNSATISFIABLE
c total solving time: 16.20436191558838 c number of splits: 6635 s UNSATISFIABLE
c total solving time: 0.6187748908996582 c number of splits: 278 s SATISFIABLE v -1 -2 3 4 -5 -6 7 8 -9 -10 11 -12 -13 -14 -15 -16 17 18 19 -20 -21 -22 23 24 25 26 -27 -28 29 30 31 -32 33 -34 -35 36 -37 -38 39 40 41 -42 -43 -44 45 -46 47 48 -49 -50 51 52 53 54 55 -56 57 58 59 60 61 -62 -63 -64 65 -66 67 -68 -69 -70 -71 -72 73 74 -75 -76 -77 78 -79 -80 -81 82 -83 84 -85 -86 87 88 -89 90 91 -92 -93 94 -95 -96 -97 -98 -99 -100 -101 -102 -103 104 105 -106 -107 -108 109 -110 -111 -112 113 -114 115 116 117 -118 -119 120 -121 122 -123 -124 125 -126 -127 -128 -129 130 -131 132 133 134 135 -136 -137 -138 -139 140 -141 142 143 144 -145 -146 -147 -148 149 150 0
c total solving time: 16.99412202835083 c number of splits: 6785 s UNSATISFIABLE
c total solving time: 30.370985746383667 c number of splits: 12543 s UNSATISFIABLE
c total solving time: 31.701305150985718 c number of splits: 13249 s UNSATISFIABLE
c total solving time: 21.34343981742859 c number of splits: 8549 s UNSATISFIABLE
c total solving time: 13.04759407043457 c number of splits: 5481 s UNSATISFIABLE
c total solving time: 19.089089155197144 c number of splits: 7819 s UNSATISFIABLE
c total solving time: 11.439142942428589 c number of splits: 5517 s SATISFIABLE v 1 -2 -3 4 4 5 -6 7 8 9 -10 -11 12 13 -14 15 16 -17 -18 19 20 -21 22 23 -24 -25 26 -27 -28 29 30 31 32 33 -34 -35 -36 37 -38 -39 -40 -41 -42 -43 44 45 -46 47 -48 -49 -50 51 -52 53 54 -55 56 -57 -58 59 59 -60 61 -62 63 64 65 -66 67 -68 -69 -70 -71 72 73 74 75 -76 77 -78 -79 -80 81 82 -83 84 -85 86 -87 88 -89 90 91 92 93 -94 -95 -96 -97 -98 99 -100 -101 102 -103 -104 105 -106 107 108 -109 -110 111 112 -113 -114 -115 -116 -117 -118 119 -120 121 -122 -123 124 125 -126 127 128 -129 130 -131 -132 133 -134 135 -136 -137 138 -139 -140 141 142 -143 144 -145 -146 -147 148 -149 150 0
c total solving time: 55.27236890792847 c number of splits: 26099 s UNSATISFIABLE
c total solving time: 27.76832914352417 c number of splits: 12425 s UNSATISFIABLE
c total solving time: 15.679356336593628 c number of splits: 6221 s UNSATISFIABLE
c total solving time: 34.868154525756836 c number of splits: 14647 s UNSATISFIABLE
c total solving time: 8.654244422912598 c number of splits: 3337 s UNSATISFIABLE
c total solving time: 45.15337681770325 c number of splits: 18771 s UNSATISFIABLE
c total solving time: 16.97029185295105 c number of splits: 7051 s UNSATISFIABLE
c total solving time: 35.60057544708252 c number of splits: 14561 s UNSATISFIABLE
c total solving time: 22.41628384590149 c number of splits: 9495 s UNSATISFIABLE
c total solving time: 32.01636457443237 c number of splits: 13339 s UNSATISFIABLE
c total solving time: 60.566447257995605 c number of splits: 27415 s UNSATISFIABLE
c total solving time: 0.07637619972229004 c number of splits: 36 s SATISFIABLE v -1 -2 3 -4 5 6 -7 8 9 -10 -11 -12 -13 -14 -15 16 -17 18 -19 -20 -21 22 -23 24 25 26 -27 28 29 30 31 32 -33 -34 35 -36 37 38 39 -40 -41 -42 43 44 -45 46 -47 48 49 -50 -51 52 -53 -54 -55 56 -57 58 59 -60 -61 -62 -63 64 -65 66 -67 -68 -69 70 -71 72 -73 -74 75 76 -77 -78 -79 -80 -81 -82 83 -84 85 -86 87 -88 89 90 -91 92 93 94 -95 96 -97 98 99 -100 101 102 103 104 -105 106 107 -108 109 -110 -111 112 -113 -114 -115 116 117 118 -119 -120 121 -122 -123 -124 -125 126 127 -128 -129 130 131 132 -133 -134 135 -136 137 -138 -139 140 141 142 143 -144 145 146 -147 148 149 150 0
c total solving time: 21.277382135391235 c number of splits: 8203 s UNSATISFIABLE
c total solving time: 10.159709692001343 c number of splits: 3113 s UNSATISFIABLE
c total solving time: 22.882137298583984 c number of splits: 7865 s UNSATISFIABLE
c total solving time: 18.132369995117188 c number of splits: 6631 s UNSATISFIABLE
Total solving time: 2264.91494679450989837
Median solving time: 21.31
Total number of splits: 961322
Median number of splits: 8626.00
Number of satisfiable: 7
