c total solving time: 5.152238607406616 c number of splits: 1483 s UNSATISFIABLE
c total solving time: 5.028825998306274 c number of splits: 1441 s UNSATISFIABLE
c total solving time: 3.3894248008728027 c number of splits: 945 s UNSATISFIABLE
c total solving time: 7.126480579376221 c number of splits: 2089 s UNSATISFIABLE
c total solving time: 5.568036079406738 c number of splits: 1611 s UNSATISFIABLE
c total solving time: 4.2644102573394775 c number of splits: 1223 s UNSATISFIABLE
c total solving time: 6.070187568664551 c number of splits: 1719 s UNSATISFIABLE
c total solving time: 5.725444316864014 c number of splits: 1625 s UNSATISFIABLE
c total solving time: 5.748806953430176 c number of splits: 1655 s UNSATISFIABLE
c total solving time: 6.584769248962402 c number of splits: 1883 s UNSATISFIABLE
c total solving time: 5.377708911895752 c number of splits: 1583 s UNSATISFIABLE
c total solving time: 2.8599681854248047 c number of splits: 799 s UNSATISFIABLE
c total solving time: 2.5427122116088867 c number of splits: 677 s UNSATISFIABLE
c total solving time: 5.7005455493927 c number of splits: 1665 s UNSATISFIABLE
c total solving time: 5.457732677459717 c number of splits: 1535 s UNSATISFIABLE
c total solving time: 5.143303155899048 c number of splits: 1415 s UNSATISFIABLE
c total solving time: 4.60374641418457 c number of splits: 1301 s UNSATISFIABLE
c total solving time: 4.354707479476929 c number of splits: 1247 s UNSATISFIABLE
c total solving time: 5.155489444732666 c number of splits: 1479 s UNSATISFIABLE
c total solving time: 3.7606558799743652 c number of splits: 1059 s UNSATISFIABLE
c total solving time: 5.596904516220093 c number of splits: 1587 s UNSATISFIABLE
c total solving time: 4.9768102169036865 c number of splits: 1437 s UNSATISFIABLE
c total solving time: 2.701853036880493 c number of splits: 767 s UNSATISFIABLE
c total solving time: 3.9682037830352783 c number of splits: 1085 s UNSATISFIABLE
c total solving time: 4.599378824234009 c number of splits: 1285 s UNSATISFIABLE
c total solving time: 6.121636390686035 c number of splits: 1739 s UNSATISFIABLE
c total solving time: 3.7526540756225586 c number of splits: 1045 s UNSATISFIABLE
c total solving time: 4.434473276138306 c number of splits: 1275 s UNSATISFIABLE
c total solving time: 2.857353448867798 c number of splits: 783 s UNSATISFIABLE
c total solving time: 7.704128265380859 c number of splits: 2197 s UNSATISFIABLE
c total solving time: 6.190147638320923 c number of splits: 1751 s UNSATISFIABLE
c total solving time: 3.3772130012512207 c number of splits: 919 s UNSATISFIABLE
c total solving time: 4.502295255661011 c number of splits: 1265 s UNSATISFIABLE
c total solving time: 3.901132583618164 c number of splits: 1087 s UNSATISFIABLE
c total solving time: 8.068689107894897 c number of splits: 2389 s UNSATISFIABLE
c total solving time: 6.7087016105651855 c number of splits: 1877 s UNSATISFIABLE
c total solving time: 3.7053496837615967 c number of splits: 1043 s UNSATISFIABLE
c total solving time: 3.5826361179351807 c number of splits: 961 s UNSATISFIABLE
c total solving time: 5.020373821258545 c number of splits: 1403 s UNSATISFIABLE
c total solving time: 4.783456325531006 c number of splits: 1285 s UNSATISFIABLE
c total solving time: 3.5499935150146484 c number of splits: 907 s UNSATISFIABLE
c total solving time: 3.8243672847747803 c number of splits: 1069 s UNSATISFIABLE
c total solving time: 5.115856170654297 c number of splits: 1449 s UNSATISFIABLE
c total solving time: 3.6350226402282715 c number of splits: 1011 s UNSATISFIABLE
c total solving time: 4.066237926483154 c number of splits: 1151 s UNSATISFIABLE
c total solving time: 3.086477756500244 c number of splits: 869 s UNSATISFIABLE
c total solving time: 5.29826807975769 c number of splits: 1499 s UNSATISFIABLE
c total solving time: 3.6763906478881836 c number of splits: 1015 s UNSATISFIABLE
c total solving time: 5.019679069519043 c number of splits: 1505 s UNSATISFIABLE
c total solving time: 4.250152826309204 c number of splits: 1191 s UNSATISFIABLE
c total solving time: 6.395509243011475 c number of splits: 1861 s UNSATISFIABLE
c total solving time: 6.2892982959747314 c number of splits: 1811 s UNSATISFIABLE
c total solving time: 7.736574649810791 c number of splits: 2265 s UNSATISFIABLE
c total solving time: 3.936725378036499 c number of splits: 1109 s UNSATISFIABLE
c total solving time: 5.948631048202515 c number of splits: 1735 s UNSATISFIABLE
c total solving time: 2.329000949859619 c number of splits: 641 s UNSATISFIABLE
c total solving time: 6.13542366027832 c number of splits: 1747 s UNSATISFIABLE
c total solving time: 6.074905633926392 c number of splits: 1725 s UNSATISFIABLE
c total solving time: 3.4444026947021484 c number of splits: 955 s UNSATISFIABLE
c total solving time: 5.486664772033691 c number of splits: 1667 s UNSATISFIABLE
c total solving time: 4.28298807144165 c number of splits: 1231 s UNSATISFIABLE
c total solving time: 4.715997219085693 c number of splits: 1317 s UNSATISFIABLE
c total solving time: 3.9723880290985107 c number of splits: 1009 s UNSATISFIABLE
c total solving time: 5.916144847869873 c number of splits: 1431 s UNSATISFIABLE
c total solving time: 4.612035274505615 c number of splits: 1083 s UNSATISFIABLE
c total solving time: 6.860796689987183 c number of splits: 1543 s UNSATISFIABLE
c total solving time: 6.611738681793213 c number of splits: 1403 s UNSATISFIABLE
c total solving time: 4.797120094299316 c number of splits: 1173 s UNSATISFIABLE
c total solving time: 5.73208212852478 c number of splits: 1193 s UNSATISFIABLE
c total solving time: 6.572401285171509 c number of splits: 1489 s UNSATISFIABLE
c total solving time: 6.836987018585205 c number of splits: 1253 s UNSATISFIABLE
c total solving time: 3.7502877712249756 c number of splits: 765 s UNSATISFIABLE
c total solving time: 4.400189638137817 c number of splits: 1017 s UNSATISFIABLE
c total solving time: 3.8076539039611816 c number of splits: 919 s UNSATISFIABLE
c total solving time: 9.86385703086853 c number of splits: 2471 s UNSATISFIABLE
c total solving time: 7.00798773765564 c number of splits: 1691 s UNSATISFIABLE
c total solving time: 5.083901882171631 c number of splits: 1221 s UNSATISFIABLE
c total solving time: 3.8349273204803467 c number of splits: 891 s UNSATISFIABLE
c total solving time: 5.465993404388428 c number of splits: 1267 s UNSATISFIABLE
c total solving time: 7.874509334564209 c number of splits: 1977 s UNSATISFIABLE
c total solving time: 5.199524879455566 c number of splits: 1225 s UNSATISFIABLE
c total solving time: 9.947999477386475 c number of splits: 2441 s UNSATISFIABLE
c total solving time: 4.619829177856445 c number of splits: 1167 s UNSATISFIABLE
c total solving time: 4.549803256988525 c number of splits: 1055 s UNSATISFIABLE
c total solving time: 6.261908769607544 c number of splits: 1551 s UNSATISFIABLE
c total solving time: 4.263408660888672 c number of splits: 1003 s UNSATISFIABLE
c total solving time: 4.786408424377441 c number of splits: 1149 s UNSATISFIABLE
c total solving time: 5.843135595321655 c number of splits: 1423 s UNSATISFIABLE
c total solving time: 5.567820072174072 c number of splits: 1357 s UNSATISFIABLE
c total solving time: 4.984800577163696 c number of splits: 1207 s UNSATISFIABLE
c total solving time: 5.777827739715576 c number of splits: 1381 s UNSATISFIABLE
c total solving time: 8.236488342285156 c number of splits: 1823 s UNSATISFIABLE
c total solving time: 7.398557901382446 c number of splits: 1405 s UNSATISFIABLE
c total solving time: 6.719571828842163 c number of splits: 1417 s UNSATISFIABLE
c total solving time: 6.1616575717926025 c number of splits: 1393 s UNSATISFIABLE
c total solving time: 10.075964450836182 c number of splits: 2585 s UNSATISFIABLE
c total solving time: 6.0504045486450195 c number of splits: 1431 s UNSATISFIABLE
c total solving time: 7.351325750350952 c number of splits: 1693 s UNSATISFIABLE
c total solving time: 6.144063949584961 c number of splits: 1427 s UNSATISFIABLE
c total solving time: 5.201262474060059 c number of splits: 1115 s UNSATISFIABLE
Total solving time: 528.6099183559417690
Median solving time: 5.14
Total number of splits: 138388
Median number of splits: 1337.00
Number of satisfiable: 0
