c total solving time: 8.504961252212524 c number of splits: 2823 s UNSATISFIABLE
c total solving time: 9.436841487884521 c number of splits: 3245 s UNSATISFIABLE
c total solving time: 6.964038372039795 c number of splits: 2277 s UNSATISFIABLE
c total solving time: 8.288594007492065 c number of splits: 2737 s UNSATISFIABLE
c total solving time: 9.20624303817749 c number of splits: 3071 s UNSATISFIABLE
c total solving time: 8.124154090881348 c number of splits: 2729 s UNSATISFIABLE
c total solving time: 13.646976947784424 c number of splits: 4627 s UNSATISFIABLE
c total solving time: 9.547297239303589 c number of splits: 3187 s UNSATISFIABLE
c total solving time: 5.690883636474609 c number of splits: 1821 s UNSATISFIABLE
c total solving time: 10.57826828956604 c number of splits: 3433 s UNSATISFIABLE
c total solving time: 3.6684837341308594 c number of splits: 1141 s UNSATISFIABLE
c total solving time: 8.236746549606323 c number of splits: 2671 s UNSATISFIABLE
c total solving time: 6.489391565322876 c number of splits: 2063 s UNSATISFIABLE
c total solving time: 5.839493751525879 c number of splits: 1769 s UNSATISFIABLE
c total solving time: 4.290550947189331 c number of splits: 1399 s UNSATISFIABLE
c total solving time: 5.686114072799683 c number of splits: 1821 s UNSATISFIABLE
c total solving time: 9.728616952896118 c number of splits: 3301 s UNSATISFIABLE
c total solving time: 8.051748514175415 c number of splits: 2695 s UNSATISFIABLE
c total solving time: 4.28410530090332 c number of splits: 1379 s UNSATISFIABLE
c total solving time: 11.116347551345825 c number of splits: 3739 s UNSATISFIABLE
c total solving time: 5.391483783721924 c number of splits: 1811 s UNSATISFIABLE
c total solving time: 6.640331745147705 c number of splits: 2105 s UNSATISFIABLE
c total solving time: 8.356245994567871 c number of splits: 2833 s UNSATISFIABLE
c total solving time: 11.756909608840942 c number of splits: 3823 s UNSATISFIABLE
c total solving time: 16.324803590774536 c number of splits: 5639 s UNSATISFIABLE
c total solving time: 10.42521357536316 c number of splits: 3503 s UNSATISFIABLE
c total solving time: 12.541237592697144 c number of splits: 4163 s UNSATISFIABLE
c total solving time: 8.712475061416626 c number of splits: 2873 s UNSATISFIABLE
c total solving time: 9.803098678588867 c number of splits: 3351 s UNSATISFIABLE
c total solving time: 8.202641725540161 c number of splits: 2671 s UNSATISFIABLE
c total solving time: 8.654191255569458 c number of splits: 2829 s UNSATISFIABLE
c total solving time: 10.202960968017578 c number of splits: 3431 s UNSATISFIABLE
c total solving time: 8.022016286849976 c number of splits: 2687 s UNSATISFIABLE
c total solving time: 6.790954351425171 c number of splits: 2149 s UNSATISFIABLE
c total solving time: 6.363598108291626 c number of splits: 1837 s UNSATISFIABLE
c total solving time: 11.364626169204712 c number of splits: 3383 s UNSATISFIABLE
c total solving time: 17.807780027389526 c number of splits: 5253 s UNSATISFIABLE
c total solving time: 11.889925479888916 c number of splits: 3903 s UNSATISFIABLE
c total solving time: 10.331368207931519 c number of splits: 3151 s UNSATISFIABLE
c total solving time: 14.724952220916748 c number of splits: 4285 s UNSATISFIABLE
c total solving time: 8.036829471588135 c number of splits: 2429 s UNSATISFIABLE
c total solving time: 6.616177558898926 c number of splits: 1983 s UNSATISFIABLE
c total solving time: 11.424839735031128 c number of splits: 3665 s UNSATISFIABLE
c total solving time: 7.963285446166992 c number of splits: 2625 s UNSATISFIABLE
c total solving time: 6.987411260604858 c number of splits: 2143 s UNSATISFIABLE
c total solving time: 11.49330735206604 c number of splits: 3595 s UNSATISFIABLE
c total solving time: 11.336127996444702 c number of splits: 3769 s UNSATISFIABLE
c total solving time: 8.212414979934692 c number of splits: 2657 s UNSATISFIABLE
c total solving time: 8.682306289672852 c number of splits: 2817 s UNSATISFIABLE
c total solving time: 10.356600046157837 c number of splits: 3307 s UNSATISFIABLE
c total solving time: 8.897589921951294 c number of splits: 2955 s UNSATISFIABLE
c total solving time: 6.363431215286255 c number of splits: 1945 s UNSATISFIABLE
c total solving time: 5.397515535354614 c number of splits: 1737 s UNSATISFIABLE
c total solving time: 10.87464690208435 c number of splits: 3515 s UNSATISFIABLE
c total solving time: 11.247080087661743 c number of splits: 3771 s UNSATISFIABLE
c total solving time: 13.557653665542603 c number of splits: 4479 s UNSATISFIABLE
c total solving time: 5.324691534042358 c number of splits: 1669 s UNSATISFIABLE
c total solving time: 8.337011337280273 c number of splits: 2665 s UNSATISFIABLE
c total solving time: 6.430212497711182 c number of splits: 1989 s UNSATISFIABLE
c total solving time: 8.264254808425903 c number of splits: 2529 s UNSATISFIABLE
c total solving time: 7.1032021045684814 c number of splits: 2337 s UNSATISFIABLE
c total solving time: 12.808900833129883 c number of splits: 4471 s UNSATISFIABLE
c total solving time: 8.968453168869019 c number of splits: 3193 s UNSATISFIABLE
c total solving time: 7.61287260055542 c number of splits: 2497 s UNSATISFIABLE
c total solving time: 8.105518817901611 c number of splits: 2745 s UNSATISFIABLE
c total solving time: 16.519561290740967 c number of splits: 5859 s UNSATISFIABLE
c total solving time: 10.068042039871216 c number of splits: 3403 s UNSATISFIABLE
c total solving time: 7.304974317550659 c number of splits: 2361 s UNSATISFIABLE
c total solving time: 7.221259832382202 c number of splits: 2375 s UNSATISFIABLE
c total solving time: 9.124626636505127 c number of splits: 3067 s UNSATISFIABLE
c total solving time: 7.506108522415161 c number of splits: 2463 s UNSATISFIABLE
c total solving time: 12.208639144897461 c number of splits: 4091 s UNSATISFIABLE
c total solving time: 16.81116247177124 c number of splits: 5397 s UNSATISFIABLE
c total solving time: 12.081673622131348 c number of splits: 3907 s UNSATISFIABLE
c total solving time: 8.944745063781738 c number of splits: 2855 s UNSATISFIABLE
c total solving time: 7.305756568908691 c number of splits: 2245 s UNSATISFIABLE
c total solving time: 6.94858193397522 c number of splits: 2323 s UNSATISFIABLE
c total solving time: 6.765498876571655 c number of splits: 2231 s UNSATISFIABLE
c total solving time: 13.425865173339844 c number of splits: 4493 s UNSATISFIABLE
c total solving time: 4.020150184631348 c number of splits: 1313 s UNSATISFIABLE
c total solving time: 6.7575523853302 c number of splits: 2159 s UNSATISFIABLE
c total solving time: 12.193629026412964 c number of splits: 3895 s UNSATISFIABLE
c total solving time: 12.288083553314209 c number of splits: 3967 s UNSATISFIABLE
c total solving time: 6.156711101531982 c number of splits: 2025 s UNSATISFIABLE
c total solving time: 7.118520498275757 c number of splits: 2297 s UNSATISFIABLE
c total solving time: 11.403930425643921 c number of splits: 3733 s UNSATISFIABLE
c total solving time: 8.156642198562622 c number of splits: 2731 s UNSATISFIABLE
c total solving time: 8.18821382522583 c number of splits: 2773 s UNSATISFIABLE
c total solving time: 7.1049864292144775 c number of splits: 1991 s UNSATISFIABLE
c total solving time: 17.650752782821655 c number of splits: 5613 s UNSATISFIABLE
c total solving time: 9.131247520446777 c number of splits: 2873 s UNSATISFIABLE
c total solving time: 12.808682441711426 c number of splits: 4275 s UNSATISFIABLE
c total solving time: 8.968140125274658 c number of splits: 2775 s UNSATISFIABLE
c total solving time: 9.537013530731201 c number of splits: 3005 s UNSATISFIABLE
c total solving time: 8.55800747871399 c number of splits: 2697 s UNSATISFIABLE
c total solving time: 6.391633749008179 c number of splits: 2011 s UNSATISFIABLE
c total solving time: 11.57825517654419 c number of splits: 3825 s UNSATISFIABLE
c total solving time: 5.648809909820557 c number of splits: 1845 s UNSATISFIABLE
c total solving time: 6.951660871505737 c number of splits: 2187 s UNSATISFIABLE
c total solving time: 8.432466268539429 c number of splits: 2755 s UNSATISFIABLE
Total solving time: 913.3705918788909903
Median solving time: 8.46
Total number of splits: 296910
Median number of splits: 2764.00
Number of satisfiable: 0
