c total solving time: 36.51388764381409 c number of splits: 13373 s UNSATISFIABLE
c total solving time: 20.713040351867676 c number of splits: 7583 s UNSATISFIABLE
c total solving time: 22.55061388015747 c number of splits: 9105 s UNSATISFIABLE
c total solving time: 21.51312255859375 c number of splits: 7773 s UNSATISFIABLE
c total solving time: 12.97325086593628 c number of splits: 4525 s UNSATISFIABLE
c total solving time: 8.956239938735962 c number of splits: 3141 s UNSATISFIABLE
c total solving time: 8.452016592025757 c number of splits: 2541 s UNSATISFIABLE
c total solving time: 24.019376754760742 c number of splits: 8533 s UNSATISFIABLE
c total solving time: 16.02774214744568 c number of splits: 5571 s UNSATISFIABLE
c total solving time: 21.743045330047607 c number of splits: 8257 s UNSATISFIABLE
c total solving time: 9.413393020629883 c number of splits: 3405 s UNSATISFIABLE
c total solving time: 24.153064250946045 c number of splits: 8821 s UNSATISFIABLE
c total solving time: 9.318287134170532 c number of splits: 3475 s UNSATISFIABLE
c total solving time: 14.791501760482788 c number of splits: 5311 s UNSATISFIABLE
c total solving time: 33.5709753036499 c number of splits: 12833 s UNSATISFIABLE
c total solving time: 13.442432403564453 c number of splits: 4843 s UNSATISFIABLE
c total solving time: 7.430742025375366 c number of splits: 2621 s UNSATISFIABLE
c total solving time: 14.239155530929565 c number of splits: 4917 s UNSATISFIABLE
c total solving time: 27.951748609542847 c number of splits: 11061 s UNSATISFIABLE
c total solving time: 35.239158153533936 c number of splits: 14371 s UNSATISFIABLE
c total solving time: 12.38280963897705 c number of splits: 4821 s UNSATISFIABLE
c total solving time: 38.47201728820801 c number of splits: 16869 s UNSATISFIABLE
c total solving time: 11.696943283081055 c number of splits: 4685 s UNSATISFIABLE
c total solving time: 12.840964317321777 c number of splits: 5173 s UNSATISFIABLE
c total solving time: 21.277146577835083 c number of splits: 8203 s UNSATISFIABLE
c total solving time: 14.689512491226196 c number of splits: 5727 s UNSATISFIABLE
c total solving time: 30.189608573913574 c number of splits: 12379 s UNSATISFIABLE
c total solving time: 35.419251918792725 c number of splits: 14747 s UNSATISFIABLE
c total solving time: 30.907336950302124 c number of splits: 13301 s UNSATISFIABLE
c total solving time: 22.619874715805054 c number of splits: 9551 s UNSATISFIABLE
c total solving time: 13.666951656341553 c number of splits: 5509 s UNSATISFIABLE
c total solving time: 22.187803983688354 c number of splits: 8973 s UNSATISFIABLE
c total solving time: 22.268705129623413 c number of splits: 8875 s UNSATISFIABLE
c total solving time: 14.08629560470581 c number of splits: 5891 s UNSATISFIABLE
c total solving time: 21.61906361579895 c number of splits: 8537 s UNSATISFIABLE
c total solving time: 23.70910143852234 c number of splits: 9433 s UNSATISFIABLE
c total solving time: 19.055975914001465 c number of splits: 7255 s UNSATISFIABLE
c total solving time: 27.13637137413025 c number of splits: 10899 s UNSATISFIABLE
c total solving time: 14.112742185592651 c number of splits: 5807 s UNSATISFIABLE
c total solving time: 12.47248911857605 c number of splits: 5003 s UNSATISFIABLE
c total solving time: 20.333693027496338 c number of splits: 8389 s UNSATISFIABLE
c total solving time: 8.591658353805542 c number of splits: 3281 s UNSATISFIABLE
c total solving time: 8.979372262954712 c number of splits: 3149 s UNSATISFIABLE
c total solving time: 25.653677940368652 c number of splits: 10309 s UNSATISFIABLE
c total solving time: 13.218084573745728 c number of splits: 5435 s UNSATISFIABLE
c total solving time: 20.30601167678833 c number of splits: 8353 s UNSATISFIABLE
c total solving time: 11.77424430847168 c number of splits: 4965 s UNSATISFIABLE
c total solving time: 20.634734630584717 c number of splits: 8189 s UNSATISFIABLE
c total solving time: 18.342820644378662 c number of splits: 7733 s UNSATISFIABLE
c total solving time: 26.175567626953125 c number of splits: 11655 s UNSATISFIABLE
c total solving time: 11.134843826293945 c number of splits: 4347 s UNSATISFIABLE
c total solving time: 29.182931661605835 c number of splits: 12083 s UNSATISFIABLE
c total solving time: 22.30493402481079 c number of splits: 9221 s UNSATISFIABLE
c total solving time: 30.456424236297607 c number of splits: 12079 s UNSATISFIABLE
c total solving time: 19.493306159973145 c number of splits: 7653 s UNSATISFIABLE
c total solving time: 16.16902232170105 c number of splits: 6629 s UNSATISFIABLE
c total solving time: 21.99299645423889 c number of splits: 9251 s UNSATISFIABLE
c total solving time: 23.472033262252808 c number of splits: 10243 s UNSATISFIABLE
c total solving time: 15.99728536605835 c number of splits: 6929 s UNSATISFIABLE
c total solving time: 8.368821382522583 c number of splits: 3357 s UNSATISFIABLE
c total solving time: 16.73492693901062 c number of splits: 6981 s UNSATISFIABLE
c total solving time: 15.097184181213379 c number of splits: 5901 s UNSATISFIABLE
c total solving time: 35.170177698135376 c number of splits: 15005 s UNSATISFIABLE
c total solving time: 18.00340485572815 c number of splits: 7435 s UNSATISFIABLE
c total solving time: 32.64024090766907 c number of splits: 13655 s UNSATISFIABLE
c total solving time: 14.301490306854248 c number of splits: 5385 s UNSATISFIABLE
c total solving time: 41.48722434043884 c number of splits: 17857 s UNSATISFIABLE
c total solving time: 20.004851818084717 c number of splits: 8005 s UNSATISFIABLE
c total solving time: 6.720027446746826 c number of splits: 2287 s SATISFIABLE v -1 -2 3 3 4 -5 -6 -7 8 -9 -10 -11 -12 13 14 -15 16 -17 -18 19 20 -21 22 -23 24 -25 -26 -27 -28 29 30 31 -32 33 33 33 33 33 33 -34 35 -36 -37 38 39 -40 41 42 -43 44 45 -46 -47 48 49 -50 -51 52 53 -54 -55 -56 57 58 59 -60 61 62 63 64 -65 -66 67 -68 69 70 71 72 73 -74 75 -76 77 78 -79 80 -81 -82 83 84 -85 86 87 -88 89 90 91 -92 93 -94 95 -96 97 98 -99 100 101 -102 103 104 -105 106 -107 -108 -109 110 -111 112 113 114 115 116 -117 118 -119 120 121 122 -123 -124 125 -126 127 -128 -129 130 131 -132 133 134 135 136 -137 138 -139 -140 141 -142 143 -144 -145 -146 147 148 149 150 0
c total solving time: 21.814522743225098 c number of splits: 8231 s UNSATISFIABLE
c total solving time: 13.957467317581177 c number of splits: 4699 s UNSATISFIABLE
c total solving time: 21.05152177810669 c number of splits: 8557 s UNSATISFIABLE
c total solving time: 11.138381481170654 c number of splits: 4395 s UNSATISFIABLE
c total solving time: 29.090659379959106 c number of splits: 11371 s UNSATISFIABLE
c total solving time: 15.735982656478882 c number of splits: 6387 s UNSATISFIABLE
c total solving time: 29.81012773513794 c number of splits: 12425 s UNSATISFIABLE
c total solving time: 14.541638612747192 c number of splits: 5511 s UNSATISFIABLE
c total solving time: 11.700386047363281 c number of splits: 4129 s UNSATISFIABLE
c total solving time: 5.534140586853027 c number of splits: 2051 s UNSATISFIABLE
c total solving time: 21.46291184425354 c number of splits: 8427 s UNSATISFIABLE
c total solving time: 10.661543369293213 c number of splits: 4233 s UNSATISFIABLE
c total solving time: 16.75753140449524 c number of splits: 6949 s UNSATISFIABLE
c total solving time: 12.506941556930542 c number of splits: 4959 s UNSATISFIABLE
c total solving time: 22.104633331298828 c number of splits: 9123 s UNSATISFIABLE
c total solving time: 15.920832872390747 c number of splits: 6739 s UNSATISFIABLE
c total solving time: 16.88976287841797 c number of splits: 7243 s UNSATISFIABLE
c total solving time: 16.627917289733887 c number of splits: 6553 s UNSATISFIABLE
c total solving time: 5.914961576461792 c number of splits: 2315 s UNSATISFIABLE
c total solving time: 14.932772397994995 c number of splits: 6155 s UNSATISFIABLE
c total solving time: 31.12929916381836 c number of splits: 13645 s UNSATISFIABLE
c total solving time: 20.47266912460327 c number of splits: 8615 s UNSATISFIABLE
c total solving time: 13.908530950546265 c number of splits: 5655 s UNSATISFIABLE
c total solving time: 15.070401668548584 c number of splits: 5981 s UNSATISFIABLE
c total solving time: 29.786337852478027 c number of splits: 12425 s UNSATISFIABLE
c total solving time: 19.027913093566895 c number of splits: 7395 s UNSATISFIABLE
c total solving time: 26.799753427505493 c number of splits: 11281 s UNSATISFIABLE
c total solving time: 25.287279844284058 c number of splits: 9965 s UNSATISFIABLE
c total solving time: 28.594383716583252 c number of splits: 11395 s UNSATISFIABLE
c total solving time: 23.91859197616577 c number of splits: 9577 s UNSATISFIABLE
c total solving time: 26.759021520614624 c number of splits: 11247 s UNSATISFIABLE
Total solving time: 1965.474571466445927
Median solving time: 19.27
Total number of splits: 787092
Median number of splits: 7618.00
Number of satisfiable: 1
