c total solving time: 6.792726993560791 c number of splits: 2091 s UNSATISFIABLE
c total solving time: 10.683639287948608 c number of splits: 3209 s UNSATISFIABLE
c total solving time: 5.374925136566162 c number of splits: 1579 s UNSATISFIABLE
c total solving time: 5.415198087692261 c number of splits: 1621 s UNSATISFIABLE
c total solving time: 7.412286281585693 c number of splits: 2277 s UNSATISFIABLE
c total solving time: 6.721030950546265 c number of splits: 1999 s UNSATISFIABLE
c total solving time: 6.511974573135376 c number of splits: 1857 s UNSATISFIABLE
c total solving time: 5.715436220169067 c number of splits: 1569 s UNSATISFIABLE
c total solving time: 4.682435750961304 c number of splits: 1183 s UNSATISFIABLE
c total solving time: 5.574097156524658 c number of splits: 1377 s UNSATISFIABLE
c total solving time: 6.202676296234131 c number of splits: 1667 s UNSATISFIABLE
c total solving time: 6.839043855667114 c number of splits: 2109 s UNSATISFIABLE
c total solving time: 5.590630054473877 c number of splits: 1623 s UNSATISFIABLE
c total solving time: 7.228837013244629 c number of splits: 2171 s UNSATISFIABLE
c total solving time: 4.106703519821167 c number of splits: 1185 s UNSATISFIABLE
c total solving time: 2.986173629760742 c number of splits: 851 s UNSATISFIABLE
c total solving time: 5.9669270515441895 c number of splits: 1743 s UNSATISFIABLE
c total solving time: 5.312794208526611 c number of splits: 1583 s UNSATISFIABLE
c total solving time: 6.456442356109619 c number of splits: 1877 s UNSATISFIABLE
c total solving time: 6.06920313835144 c number of splits: 1639 s UNSATISFIABLE
c total solving time: 4.2484047412872314 c number of splits: 1217 s UNSATISFIABLE
c total solving time: 5.607969522476196 c number of splits: 1643 s UNSATISFIABLE
c total solving time: 8.487426519393921 c number of splits: 2361 s UNSATISFIABLE
c total solving time: 4.241496562957764 c number of splits: 1251 s UNSATISFIABLE
c total solving time: 4.476797103881836 c number of splits: 1309 s UNSATISFIABLE
c total solving time: 5.090426445007324 c number of splits: 1407 s UNSATISFIABLE
c total solving time: 6.493457794189453 c number of splits: 2007 s UNSATISFIABLE
c total solving time: 1.8825852870941162 c number of splits: 537 s UNSATISFIABLE
c total solving time: 4.414978742599487 c number of splits: 1345 s UNSATISFIABLE
c total solving time: 5.53466010093689 c number of splits: 1595 s UNSATISFIABLE
c total solving time: 4.853053569793701 c number of splits: 1449 s UNSATISFIABLE
c total solving time: 5.491913557052612 c number of splits: 1639 s UNSATISFIABLE
c total solving time: 7.611641883850098 c number of splits: 2329 s UNSATISFIABLE
c total solving time: 11.196248531341553 c number of splits: 3547 s UNSATISFIABLE
c total solving time: 5.5286054611206055 c number of splits: 1675 s UNSATISFIABLE
c total solving time: 4.680418968200684 c number of splits: 1389 s UNSATISFIABLE
c total solving time: 1.3795502185821533 c number of splits: 381 s UNSATISFIABLE
c total solving time: 4.829078435897827 c number of splits: 1405 s UNSATISFIABLE
c total solving time: 3.3762173652648926 c number of splits: 1013 s UNSATISFIABLE
c total solving time: 5.162465810775757 c number of splits: 1547 s UNSATISFIABLE
c total solving time: 7.363161325454712 c number of splits: 2201 s UNSATISFIABLE
c total solving time: 5.686323165893555 c number of splits: 1713 s UNSATISFIABLE
c total solving time: 7.695868968963623 c number of splits: 2389 s UNSATISFIABLE
c total solving time: 7.6163904666900635 c number of splits: 2247 s UNSATISFIABLE
c total solving time: 7.407169342041016 c number of splits: 2233 s UNSATISFIABLE
c total solving time: 8.873393535614014 c number of splits: 2677 s UNSATISFIABLE
c total solving time: 4.860410928726196 c number of splits: 1481 s UNSATISFIABLE
c total solving time: 8.193108558654785 c number of splits: 2575 s UNSATISFIABLE
c total solving time: 5.7772791385650635 c number of splits: 1717 s UNSATISFIABLE
c total solving time: 6.4325337409973145 c number of splits: 2069 s UNSATISFIABLE
c total solving time: 6.342443466186523 c number of splits: 1915 s UNSATISFIABLE
c total solving time: 3.784177303314209 c number of splits: 1105 s UNSATISFIABLE
c total solving time: 7.280785083770752 c number of splits: 2185 s UNSATISFIABLE
c total solving time: 4.861593246459961 c number of splits: 1461 s UNSATISFIABLE
c total solving time: 7.686364650726318 c number of splits: 2329 s UNSATISFIABLE
c total solving time: 4.190213203430176 c number of splits: 1239 s UNSATISFIABLE
c total solving time: 6.24537205696106 c number of splits: 1955 s UNSATISFIABLE
c total solving time: 6.953330993652344 c number of splits: 2073 s UNSATISFIABLE
c total solving time: 3.3815882205963135 c number of splits: 995 s UNSATISFIABLE
c total solving time: 6.9916768074035645 c number of splits: 2113 s UNSATISFIABLE
c total solving time: 5.774456024169922 c number of splits: 1739 s UNSATISFIABLE
c total solving time: 5.183173179626465 c number of splits: 1531 s UNSATISFIABLE
c total solving time: 9.649688243865967 c number of splits: 2989 s UNSATISFIABLE
c total solving time: 6.135358095169067 c number of splits: 1793 s UNSATISFIABLE
c total solving time: 7.643243312835693 c number of splits: 2371 s UNSATISFIABLE
c total solving time: 6.0681562423706055 c number of splits: 1873 s UNSATISFIABLE
c total solving time: 3.3385119438171387 c number of splits: 969 s UNSATISFIABLE
c total solving time: 3.5459389686584473 c number of splits: 1013 s UNSATISFIABLE
c total solving time: 9.520572662353516 c number of splits: 2931 s UNSATISFIABLE
c total solving time: 6.048729181289673 c number of splits: 1813 s UNSATISFIABLE
c total solving time: 4.437094449996948 c number of splits: 1311 s UNSATISFIABLE
c total solving time: 4.343303918838501 c number of splits: 1265 s UNSATISFIABLE
c total solving time: 6.52912449836731 c number of splits: 1943 s UNSATISFIABLE
c total solving time: 4.764343023300171 c number of splits: 1385 s UNSATISFIABLE
c total solving time: 4.228257417678833 c number of splits: 1273 s UNSATISFIABLE
c total solving time: 4.635125398635864 c number of splits: 1379 s UNSATISFIABLE
c total solving time: 5.112040042877197 c number of splits: 1515 s UNSATISFIABLE
c total solving time: 5.81874418258667 c number of splits: 1741 s UNSATISFIABLE
c total solving time: 7.429761171340942 c number of splits: 2275 s UNSATISFIABLE
c total solving time: 5.093854904174805 c number of splits: 1471 s UNSATISFIABLE
c total solving time: 6.799904823303223 c number of splits: 2051 s UNSATISFIABLE
c total solving time: 4.683716773986816 c number of splits: 1397 s UNSATISFIABLE
c total solving time: 6.366559028625488 c number of splits: 1919 s UNSATISFIABLE
c total solving time: 7.021563529968262 c number of splits: 2129 s UNSATISFIABLE
c total solving time: 7.299888372421265 c number of splits: 2267 s UNSATISFIABLE
c total solving time: 3.3978676795959473 c number of splits: 989 s UNSATISFIABLE
c total solving time: 6.2741172313690186 c number of splits: 1921 s UNSATISFIABLE
c total solving time: 4.1672258377075195 c number of splits: 1203 s UNSATISFIABLE
c total solving time: 3.8930511474609375 c number of splits: 1161 s UNSATISFIABLE
c total solving time: 9.077393770217896 c number of splits: 2811 s UNSATISFIABLE
c total solving time: 6.045694589614868 c number of splits: 1865 s UNSATISFIABLE
c total solving time: 6.3675150871276855 c number of splits: 1905 s UNSATISFIABLE
c total solving time: 5.544631481170654 c number of splits: 1675 s UNSATISFIABLE
c total solving time: 3.5744059085845947 c number of splits: 1013 s UNSATISFIABLE
c total solving time: 4.65941858291626 c number of splits: 1359 s UNSATISFIABLE
c total solving time: 7.272543668746948 c number of splits: 2149 s UNSATISFIABLE
c total solving time: 2.926515817642212 c number of splits: 827 s UNSATISFIABLE
c total solving time: 5.410881996154785 c number of splits: 1597 s UNSATISFIABLE
c total solving time: 3.125671625137329 c number of splits: 893 s UNSATISFIABLE
c total solving time: 3.2737205028533936 c number of splits: 937 s UNSATISFIABLE
Total solving time: 576.3355267047882082
Median solving time: 5.64
Total number of splits: 171576
Median number of splits: 1641.00
Number of satisfiable: 0
