c total solving time: 6.164345979690552 c number of splits: 1861 s UNSATISFIABLE
c total solving time: 8.849534273147583 c number of splits: 2741 s UNSATISFIABLE
c total solving time: 4.920639753341675 c number of splits: 1459 s UNSATISFIABLE
c total solving time: 7.665625333786011 c number of splits: 2185 s UNSATISFIABLE
c total solving time: 4.991814374923706 c number of splits: 1353 s UNSATISFIABLE
c total solving time: 6.046766757965088 c number of splits: 1803 s UNSATISFIABLE
c total solving time: 8.911699771881104 c number of splits: 2797 s UNSATISFIABLE
c total solving time: 6.9974541664123535 c number of splits: 2137 s UNSATISFIABLE
c total solving time: 6.470231771469116 c number of splits: 1911 s UNSATISFIABLE
c total solving time: 6.8176000118255615 c number of splits: 2209 s UNSATISFIABLE
c total solving time: 6.615471839904785 c number of splits: 2053 s UNSATISFIABLE
c total solving time: 4.840005874633789 c number of splits: 1473 s UNSATISFIABLE
c total solving time: 10.74321436882019 c number of splits: 3241 s UNSATISFIABLE
c total solving time: 5.362072467803955 c number of splits: 1527 s UNSATISFIABLE
c total solving time: 8.260232210159302 c number of splits: 2467 s UNSATISFIABLE
c total solving time: 11.750746011734009 c number of splits: 3271 s UNSATISFIABLE
c total solving time: 6.699731349945068 c number of splits: 1743 s UNSATISFIABLE
c total solving time: 7.17670464515686 c number of splits: 2053 s UNSATISFIABLE
c total solving time: 8.282314538955688 c number of splits: 2441 s UNSATISFIABLE
c total solving time: 7.016642332077026 c number of splits: 1815 s UNSATISFIABLE
c total solving time: 6.149583101272583 c number of splits: 1661 s UNSATISFIABLE
c total solving time: 4.3534016609191895 c number of splits: 1211 s UNSATISFIABLE
c total solving time: 1.717585802078247 c number of splits: 465 s UNSATISFIABLE
c total solving time: 7.53455924987793 c number of splits: 2255 s UNSATISFIABLE
c total solving time: 6.7918455600738525 c number of splits: 1957 s UNSATISFIABLE
c total solving time: 10.043773651123047 c number of splits: 2815 s UNSATISFIABLE
c total solving time: 4.784260988235474 c number of splits: 1521 s UNSATISFIABLE
c total solving time: 6.555213689804077 c number of splits: 2009 s UNSATISFIABLE
c total solving time: 6.8435399532318115 c number of splits: 2209 s UNSATISFIABLE
c total solving time: 10.442085027694702 c number of splits: 3459 s UNSATISFIABLE
c total solving time: 6.540135383605957 c number of splits: 2021 s UNSATISFIABLE
c total solving time: 4.675079584121704 c number of splits: 1481 s UNSATISFIABLE
c total solving time: 10.904042482376099 c number of splits: 3693 s UNSATISFIABLE
c total solving time: 10.67636251449585 c number of splits: 3499 s UNSATISFIABLE
c total solving time: 11.176661968231201 c number of splits: 3675 s UNSATISFIABLE
c total solving time: 8.51134967803955 c number of splits: 2737 s UNSATISFIABLE
c total solving time: 4.751728057861328 c number of splits: 1525 s UNSATISFIABLE
c total solving time: 6.597583293914795 c number of splits: 2093 s UNSATISFIABLE
c total solving time: 8.562583923339844 c number of splits: 2659 s UNSATISFIABLE
c total solving time: 9.590748071670532 c number of splits: 3105 s UNSATISFIABLE
c total solving time: 8.177892684936523 c number of splits: 2603 s UNSATISFIABLE
c total solving time: 5.662788391113281 c number of splits: 1853 s UNSATISFIABLE
c total solving time: 7.391175746917725 c number of splits: 2461 s UNSATISFIABLE
c total solving time: 2.905186176300049 c number of splits: 889 s UNSATISFIABLE
c total solving time: 9.197320222854614 c number of splits: 3023 s UNSATISFIABLE
c total solving time: 5.233626365661621 c number of splits: 1617 s UNSATISFIABLE
c total solving time: 6.600316524505615 c number of splits: 2037 s UNSATISFIABLE
c total solving time: 7.763713359832764 c number of splits: 2445 s UNSATISFIABLE
c total solving time: 7.198684215545654 c number of splits: 2357 s UNSATISFIABLE
c total solving time: 4.275997877120972 c number of splits: 1311 s UNSATISFIABLE
c total solving time: 3.1037304401397705 c number of splits: 911 s UNSATISFIABLE
c total solving time: 3.9683921337127686 c number of splits: 1201 s UNSATISFIABLE
c total solving time: 4.887558460235596 c number of splits: 1583 s UNSATISFIABLE
c total solving time: 9.5927255153656 c number of splits: 3039 s UNSATISFIABLE
c total solving time: 6.718103885650635 c number of splits: 2099 s UNSATISFIABLE
c total solving time: 4.220739364624023 c number of splits: 1393 s UNSATISFIABLE
c total solving time: 3.7840077877044678 c number of splits: 1147 s UNSATISFIABLE
c total solving time: 6.028150320053101 c number of splits: 1915 s UNSATISFIABLE
c total solving time: 6.463955640792847 c number of splits: 1997 s UNSATISFIABLE
c total solving time: 7.094526052474976 c number of splits: 2229 s UNSATISFIABLE
c total solving time: 12.173313856124878 c number of splits: 3977 s UNSATISFIABLE
c total solving time: 12.24537467956543 c number of splits: 4037 s UNSATISFIABLE
c total solving time: 6.117235898971558 c number of splits: 1925 s UNSATISFIABLE
c total solving time: 8.601009607315063 c number of splits: 2773 s UNSATISFIABLE
c total solving time: 8.010550022125244 c number of splits: 2611 s UNSATISFIABLE
c total solving time: 4.05679178237915 c number of splits: 1283 s UNSATISFIABLE
c total solving time: 7.403135061264038 c number of splits: 2425 s UNSATISFIABLE
c total solving time: 11.205158948898315 c number of splits: 3683 s UNSATISFIABLE
c total solving time: 6.059033632278442 c number of splits: 1919 s UNSATISFIABLE
c total solving time: 7.787594795227051 c number of splits: 2419 s UNSATISFIABLE
c total solving time: 5.858059883117676 c number of splits: 1813 s UNSATISFIABLE
c total solving time: 5.404013395309448 c number of splits: 1703 s UNSATISFIABLE
c total solving time: 6.3246588706970215 c number of splits: 1979 s UNSATISFIABLE
c total solving time: 7.379918813705444 c number of splits: 2355 s UNSATISFIABLE
c total solving time: 4.881437063217163 c number of splits: 1513 s UNSATISFIABLE
c total solving time: 7.533690452575684 c number of splits: 2359 s UNSATISFIABLE
c total solving time: 7.342915058135986 c number of splits: 2405 s UNSATISFIABLE
c total solving time: 5.926088333129883 c number of splits: 1843 s UNSATISFIABLE
c total solving time: 2.059082508087158 c number of splits: 655 s UNSATISFIABLE
c total solving time: 4.8078155517578125 c number of splits: 1515 s UNSATISFIABLE
c total solving time: 11.695740938186646 c number of splits: 3781 s UNSATISFIABLE
c total solving time: 4.535855293273926 c number of splits: 1379 s UNSATISFIABLE
c total solving time: 5.063835859298706 c number of splits: 1557 s UNSATISFIABLE
c total solving time: 8.462741374969482 c number of splits: 2737 s UNSATISFIABLE
c total solving time: 10.345741271972656 c number of splits: 3375 s UNSATISFIABLE
c total solving time: 5.387883186340332 c number of splits: 1705 s UNSATISFIABLE
c total solving time: 5.815220832824707 c number of splits: 1795 s UNSATISFIABLE
c total solving time: 6.185541391372681 c number of splits: 1925 s UNSATISFIABLE
c total solving time: 4.691166400909424 c number of splits: 1445 s UNSATISFIABLE
c total solving time: 7.874157190322876 c number of splits: 2505 s UNSATISFIABLE
c total solving time: 4.926101207733154 c number of splits: 1607 s UNSATISFIABLE
c total solving time: 7.059296369552612 c number of splits: 2181 s UNSATISFIABLE
c total solving time: 6.511924505233765 c number of splits: 2041 s UNSATISFIABLE
c total solving time: 9.676172733306885 c number of splits: 3145 s UNSATISFIABLE
c total solving time: 3.991611957550049 c number of splits: 1185 s UNSATISFIABLE
c total solving time: 9.335692405700684 c number of splits: 2987 s UNSATISFIABLE
c total solving time: 7.331926345825195 c number of splits: 2277 s UNSATISFIABLE
c total solving time: 5.631964683532715 c number of splits: 1737 s UNSATISFIABLE
c total solving time: 4.330764293670654 c number of splits: 1343 s UNSATISFIABLE
c total solving time: 7.553990125656128 c number of splits: 2411 s UNSATISFIABLE
Total solving time: 689.6377692222595204
Median solving time: 6.65
Total number of splits: 215010
Median number of splits: 2039.00
Number of satisfiable: 0
