c total solving time: 6.974490165710449 c number of splits: 2567 s UNSATISFIABLE
c total solving time: 5.0058794021606445 c number of splits: 1741 s UNSATISFIABLE
c total solving time: 11.114591121673584 c number of splits: 3993 s UNSATISFIABLE
c total solving time: 10.445552349090576 c number of splits: 3619 s UNSATISFIABLE
c total solving time: 11.734537124633789 c number of splits: 4053 s UNSATISFIABLE
c total solving time: 13.923524379730225 c number of splits: 4275 s UNSATISFIABLE
c total solving time: 10.607953786849976 c number of splits: 3633 s UNSATISFIABLE
c total solving time: 9.826158046722412 c number of splits: 3201 s UNSATISFIABLE
c total solving time: 5.756470203399658 c number of splits: 1615 s UNSATISFIABLE
c total solving time: 7.3462512493133545 c number of splits: 2305 s UNSATISFIABLE
c total solving time: 17.131150484085083 c number of splits: 6191 s UNSATISFIABLE
c total solving time: 7.4008142948150635 c number of splits: 2575 s UNSATISFIABLE
c total solving time: 9.97517204284668 c number of splits: 3509 s UNSATISFIABLE
c total solving time: 13.858492374420166 c number of splits: 5141 s UNSATISFIABLE
c total solving time: 6.461365222930908 c number of splits: 2277 s UNSATISFIABLE
c total solving time: 6.315304517745972 c number of splits: 2199 s UNSATISFIABLE
c total solving time: 14.039532899856567 c number of splits: 5151 s UNSATISFIABLE
c total solving time: 13.190696239471436 c number of splits: 4885 s UNSATISFIABLE
c total solving time: 6.878853797912598 c number of splits: 2453 s UNSATISFIABLE
c total solving time: 14.115742444992065 c number of splits: 5065 s UNSATISFIABLE
c total solving time: 9.723952054977417 c number of splits: 3569 s UNSATISFIABLE
c total solving time: 16.059244871139526 c number of splits: 5781 s UNSATISFIABLE
c total solving time: 14.539658784866333 c number of splits: 4897 s UNSATISFIABLE
c total solving time: 7.934762477874756 c number of splits: 2617 s UNSATISFIABLE
c total solving time: 11.600220918655396 c number of splits: 3761 s UNSATISFIABLE
c total solving time: 11.912148237228394 c number of splits: 3921 s UNSATISFIABLE
c total solving time: 9.674255847930908 c number of splits: 3281 s UNSATISFIABLE
c total solving time: 13.080113649368286 c number of splits: 4381 s UNSATISFIABLE
c total solving time: 8.66836142539978 c number of splits: 2875 s UNSATISFIABLE
c total solving time: 12.893695831298828 c number of splits: 3871 s UNSATISFIABLE
c total solving time: 20.74249815940857 c number of splits: 6793 s UNSATISFIABLE
c total solving time: 17.100423336029053 c number of splits: 5535 s UNSATISFIABLE
c total solving time: 5.549861431121826 c number of splits: 1463 s UNSATISFIABLE
c total solving time: 10.000236749649048 c number of splits: 3473 s UNSATISFIABLE
c total solving time: 11.530832529067993 c number of splits: 4089 s UNSATISFIABLE
c total solving time: 16.13235068321228 c number of splits: 5615 s UNSATISFIABLE
c total solving time: 13.237582445144653 c number of splits: 4411 s UNSATISFIABLE
c total solving time: 15.712537050247192 c number of splits: 5171 s UNSATISFIABLE
c total solving time: 16.55953812599182 c number of splits: 5755 s UNSATISFIABLE
c total solving time: 9.673896551132202 c number of splits: 3341 s UNSATISFIABLE
c total solving time: 8.586604356765747 c number of splits: 2895 s UNSATISFIABLE
c total solving time: 12.150755167007446 c number of splits: 4207 s UNSATISFIABLE
c total solving time: 12.459784269332886 c number of splits: 4323 s UNSATISFIABLE
c total solving time: 5.534053087234497 c number of splits: 1873 s UNSATISFIABLE
c total solving time: 2.7186334133148193 c number of splits: 909 s UNSATISFIABLE
c total solving time: 7.82768702507019 c number of splits: 2633 s UNSATISFIABLE
c total solving time: 9.243139028549194 c number of splits: 3137 s UNSATISFIABLE
c total solving time: 16.570545434951782 c number of splits: 5533 s UNSATISFIABLE
c total solving time: 15.670265436172485 c number of splits: 4987 s UNSATISFIABLE
c total solving time: 8.228679656982422 c number of splits: 2769 s UNSATISFIABLE
c total solving time: 10.481760740280151 c number of splits: 3605 s UNSATISFIABLE
c total solving time: 14.583190679550171 c number of splits: 4815 s UNSATISFIABLE
c total solving time: 3.4853081703186035 c number of splits: 1105 s UNSATISFIABLE
c total solving time: 18.871833324432373 c number of splits: 6539 s UNSATISFIABLE
c total solving time: 7.152677774429321 c number of splits: 2331 s UNSATISFIABLE
c total solving time: 20.740073919296265 c number of splits: 7231 s UNSATISFIABLE
c total solving time: 9.631088018417358 c number of splits: 2969 s UNSATISFIABLE
c total solving time: 5.9789862632751465 c number of splits: 2093 s UNSATISFIABLE
c total solving time: 14.653257846832275 c number of splits: 5253 s UNSATISFIABLE
c total solving time: 18.20315670967102 c number of splits: 6561 s UNSATISFIABLE
c total solving time: 8.495079040527344 c number of splits: 3019 s UNSATISFIABLE
c total solving time: 4.4048171043396 c number of splits: 1545 s UNSATISFIABLE
c total solving time: 7.7361414432525635 c number of splits: 2577 s UNSATISFIABLE
c total solving time: 5.827223062515259 c number of splits: 1939 s UNSATISFIABLE
c total solving time: 10.871193170547485 c number of splits: 3713 s UNSATISFIABLE
c total solving time: 8.402231693267822 c number of splits: 2939 s UNSATISFIABLE
c total solving time: 12.624374389648438 c number of splits: 4289 s UNSATISFIABLE
c total solving time: 13.950164318084717 c number of splits: 5001 s UNSATISFIABLE
c total solving time: 5.042628526687622 c number of splits: 1749 s UNSATISFIABLE
c total solving time: 19.108564376831055 c number of splits: 6757 s UNSATISFIABLE
c total solving time: 12.53079891204834 c number of splits: 4423 s UNSATISFIABLE
c total solving time: 22.13621711730957 c number of splits: 7947 s UNSATISFIABLE
c total solving time: 7.762070178985596 c number of splits: 2707 s UNSATISFIABLE
c total solving time: 10.256711721420288 c number of splits: 3447 s UNSATISFIABLE
c total solving time: 14.134882926940918 c number of splits: 4869 s UNSATISFIABLE
c total solving time: 5.108448505401611 c number of splits: 1667 s UNSATISFIABLE
c total solving time: 17.02933430671692 c number of splits: 6101 s UNSATISFIABLE
c total solving time: 13.490090608596802 c number of splits: 4617 s UNSATISFIABLE
c total solving time: 11.682855129241943 c number of splits: 4019 s UNSATISFIABLE
c total solving time: 9.937618017196655 c number of splits: 3327 s UNSATISFIABLE
c total solving time: 9.750673770904541 c number of splits: 3171 s UNSATISFIABLE
c total solving time: 11.69799280166626 c number of splits: 4127 s UNSATISFIABLE
c total solving time: 9.755500078201294 c number of splits: 3445 s UNSATISFIABLE
c total solving time: 4.801870822906494 c number of splits: 1539 s UNSATISFIABLE
c total solving time: 4.752391338348389 c number of splits: 1577 s UNSATISFIABLE
c total solving time: 10.730390071868896 c number of splits: 3671 s UNSATISFIABLE
c total solving time: 15.042766332626343 c number of splits: 5181 s UNSATISFIABLE
c total solving time: 11.473172426223755 c number of splits: 3931 s UNSATISFIABLE
c total solving time: 16.562931299209595 c number of splits: 5809 s UNSATISFIABLE
c total solving time: 14.131460428237915 c number of splits: 4537 s UNSATISFIABLE
c total solving time: 9.759911060333252 c number of splits: 3109 s UNSATISFIABLE
c total solving time: 11.841354131698608 c number of splits: 4095 s UNSATISFIABLE
c total solving time: 11.853036880493164 c number of splits: 4183 s UNSATISFIABLE
c total solving time: 15.550103187561035 c number of splits: 5487 s UNSATISFIABLE
c total solving time: 12.9662504196167 c number of splits: 4553 s UNSATISFIABLE
c total solving time: 9.187576293945312 c number of splits: 2965 s UNSATISFIABLE
c total solving time: 11.541845321655273 c number of splits: 3953 s UNSATISFIABLE
c total solving time: 4.616714715957642 c number of splits: 1561 s UNSATISFIABLE
c total solving time: 7.236867189407349 c number of splits: 2573 s UNSATISFIABLE
c total solving time: 12.745847225189209 c number of splits: 4553 s UNSATISFIABLE
Total solving time: 1113.7302839756011943
Median solving time: 10.99
Total number of splits: 381488
Median number of splits: 3737.00
Number of satisfiable: 0
